This is pdfTeX, Version 3.14159265-2.6-1.40.19 (TeX Live 2019/dev/Debian) (preloaded format=pdflatex 2020.7.6)  27 SEP 2020 19:41
entering extended mode
 restricted \write18 enabled.
 %&-line parsing enabled.
**MainDocLFA3438figures.tex
(./MainDocLFA3438figures.tex
LaTeX2e <2018-12-01>
(/usr/share/texlive/texmf-dist/tex/latex/base/article.cls
Document Class: article 2018/09/03 v1.4i Standard LaTeX document class
(/usr/share/texlive/texmf-dist/tex/latex/base/size11.clo
File: size11.clo 2018/09/03 v1.4i Standard LaTeX file (size option)
)
\c@part=\count80
\c@section=\count81
\c@subsection=\count82
\c@subsubsection=\count83
\c@paragraph=\count84
\c@subparagraph=\count85
\c@figure=\count86
\c@table=\count87
\abovecaptionskip=\skip41
\belowcaptionskip=\skip42
\bibindent=\dimen102
)
(/usr/share/texlive/texmf-dist/tex/latex/graphics/graphicx.sty
Package: graphicx 2017/06/01 v1.1a Enhanced LaTeX Graphics (DPC,SPQR)

(/usr/share/texlive/texmf-dist/tex/latex/graphics/keyval.sty
Package: keyval 2014/10/28 v1.15 key=value parser (DPC)
\KV@toks@=\toks14
)
(/usr/share/texlive/texmf-dist/tex/latex/graphics/graphics.sty
Package: graphics 2017/06/25 v1.2c Standard LaTeX Graphics (DPC,SPQR)

(/usr/share/texlive/texmf-dist/tex/latex/graphics/trig.sty
Package: trig 2016/01/03 v1.10 sin cos tan (DPC)
)
(/usr/share/texlive/texmf-dist/tex/latex/graphics-cfg/graphics.cfg
File: graphics.cfg 2016/06/04 v1.11 sample graphics configuration
)
Package graphics Info: Driver file: pdftex.def on input line 99.

(/usr/share/texlive/texmf-dist/tex/latex/graphics-def/pdftex.def
File: pdftex.def 2018/01/08 v1.0l Graphics/color driver for pdftex
))
\Gin@req@height=\dimen103
\Gin@req@width=\dimen104
)
(/usr/share/texlive/texmf-dist/tex/latex/subfig/subfig.sty
Package: subfig 2005/06/28 ver: 1.3 subfig package

(/usr/share/texlive/texmf-dist/tex/latex/caption/caption.sty
Package: caption 2018/10/06 v3.3-154 Customizing captions (AR)

(/usr/share/texlive/texmf-dist/tex/latex/caption/caption3.sty
Package: caption3 2018/09/12 v1.8c caption3 kernel (AR)
Package caption3 Info: TeX engine: e-TeX on input line 64.
\captionmargin=\dimen105
\captionmargin@=\dimen106
\captionwidth=\dimen107
\caption@tempdima=\dimen108
\caption@indent=\dimen109
\caption@parindent=\dimen110
\caption@hangindent=\dimen111
)
\c@caption@flags=\count88
\c@ContinuedFloat=\count89
)
\c@KVtest=\count90
\sf@farskip=\skip43
\sf@captopadj=\dimen112
\sf@capskip=\skip44
\sf@nearskip=\skip45
\c@subfigure=\count91
\c@subfigure@save=\count92
\c@lofdepth=\count93
\c@subtable=\count94
\c@subtable@save=\count95
\c@lotdepth=\count96
\sf@top=\skip46
\sf@bottom=\skip47
)
(/usr/share/texlive/texmf-dist/tex/latex/pdfcomment/pdfcomment.sty
Package: pdfcomment 2018/11/01 pdfcomment.sty v2.4a - Josef Kleber (C) 2008-201
2, 2015-2016, 2018

(/usr/share/texlive/texmf-dist/tex/latex/xkeyval/xkeyval.sty
Package: xkeyval 2014/12/03 v2.7a package option processing (HA)

(/usr/share/texlive/texmf-dist/tex/generic/xkeyval/xkeyval.tex
(/usr/share/texlive/texmf-dist/tex/generic/xkeyval/xkvutils.tex
\XKV@toks=\toks15
\XKV@tempa@toks=\toks16
)
\XKV@depth=\count97
File: xkeyval.tex 2014/12/03 v2.7a key=value parser (HA)
))
\c@pc@count@i=\count98
\c@pc@count@ii=\count99
\c@pc@count@iii=\count100
\c@pc@count@iv=\count101
\pc@mathannot@box=\box27
\pc@nullbox=\box28
\pc@dima=\skip48
\pc@dimb=\skip49
\pc@Sposx=\skip50
\pc@Sposy=\skip51
\pc@Eposx=\skip52
\pc@Eposy=\skip53
\pc@column=\skip54
\pc@box@width=\skip55
\pc@box@height=\skip56
\pc@box@depth=\skip57

(/usr/share/texlive/texmf-dist/tex/latex/etoolbox/etoolbox.sty
Package: etoolbox 2018/08/19 v2.5f e-TeX tools for LaTeX (JAW)
\etb@tempcnta=\count102
)
(/usr/share/texlive/texmf-dist/tex/latex/datetime2/datetime2.sty
Package: datetime2 2018/07/20 v1.5.3 (NLCT) date and time formats

(/usr/share/texlive/texmf-dist/tex/latex/tracklang/tracklang.sty
Package: tracklang 2018/05/13 v1.3.6 (NLCT) Track Languages

(/usr/share/texlive/texmf-dist/tex/generic/tracklang/tracklang.tex)))
(/usr/share/texlive/texmf-dist/tex/latex/oberdiek/zref-savepos.sty
Package: zref-savepos 2018/11/21 v2.27 Module savepos for zref (HO)

(/usr/share/texlive/texmf-dist/tex/latex/oberdiek/zref-base.sty
Package: zref-base 2018/11/21 v2.27 Module base for zref (HO)

(/usr/share/texlive/texmf-dist/tex/generic/oberdiek/ltxcmds.sty
Package: ltxcmds 2016/05/16 v1.23 LaTeX kernel commands for general use (HO)
)
(/usr/share/texlive/texmf-dist/tex/generic/oberdiek/infwarerr.sty
Package: infwarerr 2016/05/16 v1.4 Providing info/warning/error messages (HO)
)
(/usr/share/texlive/texmf-dist/tex/generic/oberdiek/kvsetkeys.sty
Package: kvsetkeys 2016/05/16 v1.17 Key value parser (HO)

(/usr/share/texlive/texmf-dist/tex/generic/oberdiek/etexcmds.sty
Package: etexcmds 2016/05/16 v1.6 Avoid name clashes with e-TeX commands (HO)

(/usr/share/texlive/texmf-dist/tex/generic/oberdiek/ifluatex.sty
Package: ifluatex 2016/05/16 v1.4 Provides the ifluatex switch (HO)
Package ifluatex Info: LuaTeX not detected.
)))
(/usr/share/texlive/texmf-dist/tex/generic/oberdiek/kvdefinekeys.sty
Package: kvdefinekeys 2016/05/16 v1.4 Define keys (HO)
)
(/usr/share/texlive/texmf-dist/tex/generic/oberdiek/pdftexcmds.sty
Package: pdftexcmds 2018/09/10 v0.29 Utility functions of pdfTeX for LuaTeX (HO
)

(/usr/share/texlive/texmf-dist/tex/generic/oberdiek/ifpdf.sty
Package: ifpdf 2018/09/07 v3.3 Provides the ifpdf switch
)
Package pdftexcmds Info: LuaTeX not detected.
Package pdftexcmds Info: \pdf@primitive is available.
Package pdftexcmds Info: \pdf@ifprimitive is available.
Package pdftexcmds Info: \pdfdraftmode found.
)
(/usr/share/texlive/texmf-dist/tex/latex/oberdiek/auxhook.sty
Package: auxhook 2016/05/16 v1.4 Hooks for auxiliary files (HO)
)
Package zref Info: New property list: main on input line 759.
Package zref Info: New property: default on input line 760.
Package zref Info: New property: page on input line 761.
)
Package zref Info: New property list: savepos on input line 80.
Package zref Info: New property: posx on input line 81.
Package zref Info: New property: posy on input line 82.
)
\c@zref@unique=\count103

(/usr/share/texlive/texmf-dist/tex/latex/oberdiek/refcount.sty
Package: refcount 2016/05/16 v3.5 Data extraction from label references (HO)
)
(/usr/share/texlive/texmf-dist/tex/latex/base/ifthen.sty
Package: ifthen 2014/09/29 v1.1c Standard LaTeX ifthen package (DPC)
)
(/usr/share/texlive/texmf-dist/tex/latex/tools/calc.sty
Package: calc 2017/05/25 v4.3 Infix arithmetic (KKT,FJ)
\calc@Acount=\count104
\calc@Bcount=\count105
\calc@Adimen=\dimen113
\calc@Bdimen=\dimen114
\calc@Askip=\skip58
\calc@Bskip=\skip59
LaTeX Info: Redefining \setlength on input line 80.
LaTeX Info: Redefining \addtolength on input line 81.
\calc@Ccount=\count106
\calc@Cskip=\skip60
)
(/usr/share/texlive/texmf-dist/tex/latex/marginnote/marginnote.sty
Package: marginnote 2018/08/09 v1.4b non floating margin notes for LaTeX
\c@mn@abspage=\count107
)
(/usr/share/texlive/texmf-dist/tex/latex/bezos/soulpos.sty
Package: soulpos 2012/02/25 v1.1 Fancy underlining
\ulp@subcnt=\count108
\ulp@cnt=\count109
\ulp@out=\write3
\ulp@in=\read1
\ulwidth=\dimen115
)
(/usr/share/texlive/texmf-dist/tex/latex/hyperref/hyperref.sty
Package: hyperref 2018/11/30 v6.88e Hypertext links for LaTeX

(/usr/share/texlive/texmf-dist/tex/generic/oberdiek/hobsub-hyperref.sty
Package: hobsub-hyperref 2016/05/16 v1.14 Bundle oberdiek, subset hyperref (HO)


(/usr/share/texlive/texmf-dist/tex/generic/oberdiek/hobsub-generic.sty
Package: hobsub-generic 2016/05/16 v1.14 Bundle oberdiek, subset generic (HO)
Package: hobsub 2016/05/16 v1.14 Construct package bundles (HO)
Package hobsub Info: Skipping package `infwarerr' (already loaded).
Package hobsub Info: Skipping package `ltxcmds' (already loaded).
Package hobsub Info: Skipping package `ifluatex' (already loaded).
Package: ifvtex 2016/05/16 v1.6 Detect VTeX and its facilities (HO)
Package ifvtex Info: VTeX not detected.
Package: intcalc 2016/05/16 v1.2 Expandable calculations with integers (HO)
Package hobsub Info: Skipping package `ifpdf' (already loaded).
Package hobsub Info: Skipping package `etexcmds' (already loaded).
Package hobsub Info: Skipping package `kvsetkeys' (already loaded).
Package hobsub Info: Skipping package `kvdefinekeys' (already loaded).
Package hobsub Info: Skipping package `pdftexcmds' (already loaded).
Package: pdfescape 2016/05/16 v1.14 Implements pdfTeX's escape features (HO)
Package: bigintcalc 2016/05/16 v1.4 Expandable calculations on big integers (HO
)
Package: bitset 2016/05/16 v1.2 Handle bit-vector datatype (HO)
Package: uniquecounter 2016/05/16 v1.3 Provide unlimited unique counter (HO)
)
Package hobsub Info: Skipping package `hobsub' (already loaded).
Package: letltxmacro 2016/05/16 v1.5 Let assignment for LaTeX macros (HO)
Package: hopatch 2016/05/16 v1.3 Wrapper for package hooks (HO)
Package: xcolor-patch 2016/05/16 xcolor patch
Package: atveryend 2016/05/16 v1.9 Hooks at the very end of document (HO)
Package: atbegshi 2016/06/09 v1.18 At begin shipout hook (HO)
Package hobsub Info: Skipping package `refcount' (already loaded).
Package: hycolor 2016/05/16 v1.8 Color options for hyperref/bookmark (HO)
)
(/usr/share/texlive/texmf-dist/tex/generic/ifxetex/ifxetex.sty
Package: ifxetex 2010/09/12 v0.6 Provides ifxetex conditional
)
(/usr/share/texlive/texmf-dist/tex/latex/oberdiek/kvoptions.sty
Package: kvoptions 2016/05/16 v3.12 Key value format for package options (HO)
)
\@linkdim=\dimen116
\Hy@linkcounter=\count110
\Hy@pagecounter=\count111

(/usr/share/texlive/texmf-dist/tex/latex/hyperref/pd1enc.def
File: pd1enc.def 2018/11/30 v6.88e Hyperref: PDFDocEncoding definition (HO)
Now handling font encoding PD1 ...
... no UTF-8 mapping file for font encoding PD1
)
\Hy@SavedSpaceFactor=\count112

(/usr/share/texlive/texmf-dist/tex/latex/latexconfig/hyperref.cfg
File: hyperref.cfg 2002/06/06 v1.2 hyperref configuration of TeXLive
)
Package hyperref Info: Option `unicode' set `true' on input line 4393.

(/usr/share/texlive/texmf-dist/tex/latex/hyperref/puenc.def
File: puenc.def 2018/11/30 v6.88e Hyperref: PDF Unicode definition (HO)
Now handling font encoding PU ...
... no UTF-8 mapping file for font encoding PU
)
(/usr/share/texlive/texmf-dist/tex/generic/oberdiek/stringenc.sty
Package: stringenc 2016/05/16 v1.11 Convert strings between diff. encodings (HO
)
)
Package hyperref Info: Hyper figures OFF on input line 4519.
Package hyperref Info: Link nesting OFF on input line 4524.
Package hyperref Info: Hyper index ON on input line 4527.
Package hyperref Info: Plain pages OFF on input line 4534.
Package hyperref Info: Backreferencing OFF on input line 4539.
Package hyperref Info: Implicit mode ON; LaTeX internals redefined.
Package hyperref Info: Bookmarks ON on input line 4772.
\c@Hy@tempcnt=\count113

(/usr/share/texlive/texmf-dist/tex/latex/url/url.sty
\Urlmuskip=\muskip10
Package: url 2013/09/16  ver 3.4  Verb mode for urls, etc.
)
LaTeX Info: Redefining \url on input line 5125.
\XeTeXLinkMargin=\dimen117
\Fld@menulength=\count114
\Field@Width=\dimen118
\Fld@charsize=\dimen119
Package hyperref Info: Hyper figures OFF on input line 6380.
Package hyperref Info: Link nesting OFF on input line 6385.
Package hyperref Info: Hyper index ON on input line 6388.
Package hyperref Info: backreferencing OFF on input line 6395.
Package hyperref Info: Link coloring OFF on input line 6400.
Package hyperref Info: Link coloring with OCG OFF on input line 6405.
Package hyperref Info: PDF/A mode OFF on input line 6410.
LaTeX Info: Redefining \ref on input line 6450.
LaTeX Info: Redefining \pageref on input line 6454.
\Hy@abspage=\count115
\c@Item=\count116
\c@Hfootnote=\count117
)
Package hyperref Info: Driver: hpdftex.

(/usr/share/texlive/texmf-dist/tex/latex/hyperref/hpdftex.def
File: hpdftex.def 2018/11/30 v6.88e Hyperref driver for pdfTeX
\Fld@listcount=\count118
\c@bookmark@seq@number=\count119

(/usr/share/texlive/texmf-dist/tex/latex/oberdiek/rerunfilecheck.sty
Package: rerunfilecheck 2016/05/16 v1.8 Rerun checks for auxiliary files (HO)
Package uniquecounter Info: New unique counter `rerunfilecheck' on input line 2
82.
)
\Hy@SectionHShift=\skip61
)
Package zref Info: New property list: pdfcomment on input line 2735.
Package zref Info: New property: PCPDFOBJID on input line 2736.
)
(/usr/share/texlive/texmf-dist/tex/latex/amsmath/amsmath.sty
Package: amsmath 2018/12/01 v2.17b AMS math features
\@mathmargin=\skip62

For additional information on amsmath, use the `?' option.
(/usr/share/texlive/texmf-dist/tex/latex/amsmath/amstext.sty
Package: amstext 2000/06/29 v2.01 AMS text

(/usr/share/texlive/texmf-dist/tex/latex/amsmath/amsgen.sty
File: amsgen.sty 1999/11/30 v2.0 generic functions
\@emptytoks=\toks17
\ex@=\dimen120
))
(/usr/share/texlive/texmf-dist/tex/latex/amsmath/amsbsy.sty
Package: amsbsy 1999/11/29 v1.2d Bold Symbols
\pmbraise@=\dimen121
)
(/usr/share/texlive/texmf-dist/tex/latex/amsmath/amsopn.sty
Package: amsopn 2016/03/08 v2.02 operator names
)
\inf@bad=\count120
LaTeX Info: Redefining \frac on input line 223.
\uproot@=\count121
\leftroot@=\count122
LaTeX Info: Redefining \overline on input line 385.
\classnum@=\count123
\DOTSCASE@=\count124
LaTeX Info: Redefining \ldots on input line 482.
LaTeX Info: Redefining \dots on input line 485.
LaTeX Info: Redefining \cdots on input line 606.
\Mathstrutbox@=\box29
\strutbox@=\box30
\big@size=\dimen122
LaTeX Font Info:    Redeclaring font encoding OML on input line 729.
LaTeX Font Info:    Redeclaring font encoding OMS on input line 730.
\macc@depth=\count125
\c@MaxMatrixCols=\count126
\dotsspace@=\muskip11
\c@parentequation=\count127
\dspbrk@lvl=\count128
\tag@help=\toks18
\row@=\count129
\column@=\count130
\maxfields@=\count131
\andhelp@=\toks19
\eqnshift@=\dimen123
\alignsep@=\dimen124
\tagshift@=\dimen125
\tagwidth@=\dimen126
\totwidth@=\dimen127
\lineht@=\dimen128
\@envbody=\toks20
\multlinegap=\skip63
\multlinetaggap=\skip64
\mathdisplay@stack=\toks21
LaTeX Info: Redefining \[ on input line 2844.
LaTeX Info: Redefining \] on input line 2845.
)
(/usr/share/texlive/texmf-dist/tex/latex/graphics/lscape.sty
Package: lscape 2000/10/22 v3.01 Landscape Pages (DPC)
)
(/usr/share/texlive/texmf-dist/tex/latex/geometry/geometry.sty
Package: geometry 2018/04/16 v5.8 Page Geometry
\Gm@cnth=\count132
\Gm@cntv=\count133
\c@Gm@tempcnt=\count134
\Gm@bindingoffset=\dimen129
\Gm@wd@mp=\dimen130
\Gm@odd@mp=\dimen131
\Gm@even@mp=\dimen132
\Gm@layoutwidth=\dimen133
\Gm@layoutheight=\dimen134
\Gm@layouthoffset=\dimen135
\Gm@layoutvoffset=\dimen136
\Gm@dimlist=\toks22
)
(/usr/share/texlive/texmf-dist/tex/latex/fancyhdr/fancyhdr.sty
Package: fancyhdr 2019/01/31 v3.10 Extensive control of page headers and footer
s
\f@nch@headwidth=\skip65
\f@nch@O@elh=\skip66
\f@nch@O@erh=\skip67
\f@nch@O@olh=\skip68
\f@nch@O@orh=\skip69
\f@nch@O@elf=\skip70
\f@nch@O@erf=\skip71
\f@nch@O@olf=\skip72
\f@nch@O@orf=\skip73
)
(./MainDocLFA3438figures.aux)
\openout1 = `MainDocLFA3438figures.aux'.

LaTeX Font Info:    Checking defaults for OML/cmm/m/it on input line 32.
LaTeX Font Info:    ... okay on input line 32.
LaTeX Font Info:    Checking defaults for T1/cmr/m/n on input line 32.
LaTeX Font Info:    ... okay on input line 32.
LaTeX Font Info:    Checking defaults for OT1/cmr/m/n on input line 32.
LaTeX Font Info:    ... okay on input line 32.
LaTeX Font Info:    Checking defaults for OMS/cmsy/m/n on input line 32.
LaTeX Font Info:    ... okay on input line 32.
LaTeX Font Info:    Checking defaults for OMX/cmex/m/n on input line 32.
LaTeX Font Info:    ... okay on input line 32.
LaTeX Font Info:    Checking defaults for U/cmr/m/n on input line 32.
LaTeX Font Info:    ... okay on input line 32.
LaTeX Font Info:    Checking defaults for PD1/pdf/m/n on input line 32.
LaTeX Font Info:    ... okay on input line 32.
LaTeX Font Info:    Checking defaults for PU/pdf/m/n on input line 32.
LaTeX Font Info:    ... okay on input line 32.

(/usr/share/texlive/texmf-dist/tex/context/base/mkii/supp-pdf.mkii
[Loading MPS to PDF converter (version 2006.09.02).]
\scratchcounter=\count135
\scratchdimen=\dimen137
\scratchbox=\box31
\nofMPsegments=\count136
\nofMParguments=\count137
\everyMPshowfont=\toks23
\MPscratchCnt=\count138
\MPscratchDim=\dimen138
\MPnumerator=\count139
\makeMPintoPDFobject=\count140
\everyMPtoPDFconversion=\toks24
) (/usr/share/texlive/texmf-dist/tex/latex/oberdiek/epstopdf-base.sty
Package: epstopdf-base 2016/05/15 v2.6 Base part for package epstopdf

(/usr/share/texlive/texmf-dist/tex/latex/oberdiek/grfext.sty
Package: grfext 2016/05/16 v1.2 Manage graphics extensions (HO)
)
Package epstopdf-base Info: Redefining graphics rule for `.eps' on input line 4
38.
Package grfext Info: Graphics extension search list:
(grfext)             [.pdf,.png,.jpg,.mps,.jpeg,.jbig2,.jb2,.PDF,.PNG,.JPG,.JPE
G,.JBIG2,.JB2,.eps]
(grfext)             \AppendGraphicsExtensions on input line 456.

(/usr/share/texlive/texmf-dist/tex/latex/latexconfig/epstopdf-sys.cfg
File: epstopdf-sys.cfg 2010/07/13 v1.3 Configuration of (r)epstopdf for TeX Liv
e
))
Package caption Info: Begin \AtBeginDocument code.
Package caption Info: subfig package v1.3 is loaded.
Package caption Info: hyperref package is loaded.
Package caption Info: End \AtBeginDocument code.
Package soulpos Info: Loading soulutf8 on input line 32.

(/usr/share/texlive/texmf-dist/tex/generic/oberdiek/soulutf8.sty
Package: soulutf8 2016/05/16 v1.1 Permit use of UTF-8 characters in soul (HO)

(/usr/share/texlive/texmf-dist/tex/latex/soul/soul.sty
Package: soul 2003/11/17 v2.4 letterspacing/underlining (mf)
\SOUL@word=\toks25
\SOUL@lasttoken=\toks26
\SOUL@cmds=\toks27
\SOUL@buffer=\toks28
\SOUL@token=\toks29
\SOUL@spaceskip=\skip74
\SOUL@ttwidth=\dimen139
\SOUL@uldp=\dimen140
\SOUL@ulht=\dimen141
))
\AtBeginShipoutBox=\box32
Package hyperref Info: Link coloring OFF on input line 32.

(/usr/share/texlive/texmf-dist/tex/latex/hyperref/nameref.sty
Package: nameref 2016/05/21 v2.44 Cross-referencing by name of section

(/usr/share/texlive/texmf-dist/tex/generic/oberdiek/gettitlestring.sty
Package: gettitlestring 2016/05/16 v1.5 Cleanup title references (HO)
)
\c@section@level=\count141
)
LaTeX Info: Redefining \ref on input line 32.
LaTeX Info: Redefining \pageref on input line 32.
LaTeX Info: Redefining \nameref on input line 32.

(./MainDocLFA3438figures.out) (./MainDocLFA3438figures.out)
\@outlinefile=\write4
\openout4 = `MainDocLFA3438figures.out'.


*geometry* driver: auto-detecting
*geometry* detected driver: pdftex
*geometry* verbose mode - [ preamble ] result:
* driver: pdftex
* paper: letterpaper
* layout: <same size as paper>
* layoutoffset:(h,v)=(0.0pt,0.0pt)
* modes: 
* h-part:(L,W,R)=(72.26999pt, 469.75502pt, 72.26999pt)
* v-part:(T,H,B)=(72.26999pt, 650.43001pt, 72.26999pt)
* \paperwidth=614.295pt
* \paperheight=794.96999pt
* \textwidth=469.75502pt
* \textheight=650.43001pt
* \oddsidemargin=0.0pt
* \evensidemargin=0.0pt
* \topmargin=-37.0pt
* \headheight=12.0pt
* \headsep=25.0pt
* \topskip=11.0pt
* \footskip=30.0pt
* \marginparwidth=59.0pt
* \marginparsep=10.0pt
* \columnsep=10.0pt
* \skip\footins=10.0pt plus 4.0pt minus 2.0pt
* \hoffset=0.0pt
* \voffset=0.0pt
* \mag=1000
* \@twocolumnfalse
* \@twosidefalse
* \@mparswitchfalse
* \@reversemarginfalse
* (1in=72.27pt=25.4mm, 1cm=28.453pt)

(/usr/share/texlive/texmf-dist/tex/generic/oberdiek/se-pdfdoc.def
File: se-pdfdoc.def 2016/05/16 v1.11 stringenc: PDFDocEncoding
)
</SpinDr/backup/bio_data/bio.lobster/figures/LFA34Update/LFA34-NEFSCFallCommB.p
ng, id=4, 673.51625pt x 675.52374pt>
File: /SpinDr/backup/bio_data/bio.lobster/figures/LFA34Update/LFA34-NEFSCFallCo
mmB.png Graphic file (type png)
<use /SpinDr/backup/bio_data/bio.lobster/figures/LFA34Update/LFA34-NEFSCFallCom
mB.png>
Package pdftex.def Info: /SpinDr/backup/bio_data/bio.lobster/figures/LFA34Updat
e/LFA34-NEFSCFallCommB.png  used on input line 37.
(pdftex.def)             Requested size: 234.8775pt x 228.55167pt.
</SpinDr/backup/bio_data/bio.lobster/figures/LFA34Update/LFA34-NEFSCSpringCommB
.png, id=6, 673.51625pt x 675.52374pt>
File: /SpinDr/backup/bio_data/bio.lobster/figures/LFA34Update/LFA34-NEFSCSpring
CommB.png Graphic file (type png)
<use /SpinDr/backup/bio_data/bio.lobster/figures/LFA34Update/LFA34-NEFSCSpringC
ommB.png>
Package pdftex.def Info: /SpinDr/backup/bio_data/bio.lobster/figures/LFA34Updat
e/LFA34-NEFSCSpringCommB.png  used on input line 37.
(pdftex.def)             Requested size: 234.8775pt x 228.55167pt.
File: /SpinDr/backup/bio_data/bio.lobster/figures/LFA34Update/LFA34-NEFSCFallCo
mmB.png Graphic file (type png)
<use /SpinDr/backup/bio_data/bio.lobster/figures/LFA34Update/LFA34-NEFSCFallCom
mB.png>
Package pdftex.def Info: /SpinDr/backup/bio_data/bio.lobster/figures/LFA34Updat
e/LFA34-NEFSCFallCommB.png  used on input line 37.
(pdftex.def)             Requested size: 234.8775pt x 228.55167pt.
File: /SpinDr/backup/bio_data/bio.lobster/figures/LFA34Update/LFA34-NEFSCSpring
CommB.png Graphic file (type png)
<use /SpinDr/backup/bio_data/bio.lobster/figures/LFA34Update/LFA34-NEFSCSpringC
ommB.png>
Package pdftex.def Info: /SpinDr/backup/bio_data/bio.lobster/figures/LFA34Updat
e/LFA34-NEFSCSpringCommB.png  used on input line 37.
(pdftex.def)             Requested size: 234.8775pt x 228.55167pt.
File: /SpinDr/backup/bio_data/bio.lobster/figures/LFA34Update/LFA34-NEFSCFallCo
mmB.png Graphic file (type png)
<use /SpinDr/backup/bio_data/bio.lobster/figures/LFA34Update/LFA34-NEFSCFallCom
mB.png>
Package pdftex.def Info: /SpinDr/backup/bio_data/bio.lobster/figures/LFA34Updat
e/LFA34-NEFSCFallCommB.png  used on input line 37.
(pdftex.def)             Requested size: 234.8775pt x 228.55167pt.
File: /SpinDr/backup/bio_data/bio.lobster/figures/LFA34Update/LFA34-NEFSCSpring
CommB.png Graphic file (type png)
<use /SpinDr/backup/bio_data/bio.lobster/figures/LFA34Update/LFA34-NEFSCSpringC
ommB.png>
Package pdftex.def Info: /SpinDr/backup/bio_data/bio.lobster/figures/LFA34Updat
e/LFA34-NEFSCSpringCommB.png  used on input line 37.
(pdftex.def)             Requested size: 234.8775pt x 228.55167pt.
File: /SpinDr/backup/bio_data/bio.lobster/figures/LFA34Update/LFA34-NEFSCFallCo
mmB.png Graphic file (type png)
<use /SpinDr/backup/bio_data/bio.lobster/figures/LFA34Update/LFA34-NEFSCFallCom
mB.png>
Package pdftex.def Info: /SpinDr/backup/bio_data/bio.lobster/figures/LFA34Updat
e/LFA34-NEFSCFallCommB.png  used on input line 37.
(pdftex.def)             Requested size: 234.8775pt x 228.55167pt.
File: /SpinDr/backup/bio_data/bio.lobster/figures/LFA34Update/LFA34-NEFSCSpring
CommB.png Graphic file (type png)
<use /SpinDr/backup/bio_data/bio.lobster/figures/LFA34Update/LFA34-NEFSCSpringC
ommB.png>
Package pdftex.def Info: /SpinDr/backup/bio_data/bio.lobster/figures/LFA34Updat
e/LFA34-NEFSCSpringCommB.png  used on input line 37.
(pdftex.def)             Requested size: 234.8775pt x 228.55167pt.
</SpinDr/backup/bio_data/bio.lobster/figures/LFA34Update/LFA34-DFOCommercialB.p
ng, id=15, 673.51625pt x 675.52374pt>
File: /SpinDr/backup/bio_data/bio.lobster/figures/LFA34Update/LFA34-DFOCommerci
alB.png Graphic file (type png)
<use /SpinDr/backup/bio_data/bio.lobster/figures/LFA34Update/LFA34-DFOCommercia
lB.png>
Package pdftex.def Info: /SpinDr/backup/bio_data/bio.lobster/figures/LFA34Updat
e/LFA34-DFOCommercialB.png  used on input line 38.
(pdftex.def)             Requested size: 234.8775pt x 228.55167pt.
</SpinDr/backup/bio_data/bio.lobster/figures/LFA34Update/LFA34-ILTSCommercialB.
png, id=17, 673.51625pt x 675.52374pt>
File: /SpinDr/backup/bio_data/bio.lobster/figures/LFA34Update/LFA34-ILTSCommerc
ialB.png Graphic file (type png)
<use /SpinDr/backup/bio_data/bio.lobster/figures/LFA34Update/LFA34-ILTSCommerci
alB.png>
Package pdftex.def Info: /SpinDr/backup/bio_data/bio.lobster/figures/LFA34Updat
e/LFA34-ILTSCommercialB.png  used on input line 39.
(pdftex.def)             Requested size: 234.8775pt x 228.55167pt.
</SpinDr/backup/bio_data/bio.lobster/figures/LFA34Update/LFA34-NEFSCFallRelativ
eF.png, id=19, 673.51625pt x 675.52374pt>
File: /SpinDr/backup/bio_data/bio.lobster/figures/LFA34Update/LFA34-NEFSCFallRe
lativeF.png Graphic file (type png)
<use /SpinDr/backup/bio_data/bio.lobster/figures/LFA34Update/LFA34-NEFSCFallRel
ativeF.png>
Package pdftex.def Info: /SpinDr/backup/bio_data/bio.lobster/figures/LFA34Updat
e/LFA34-NEFSCFallRelativeF.png  used on input line 51.
(pdftex.def)             Requested size: 234.8775pt x 228.55167pt.
</SpinDr/backup/bio_data/bio.lobster/figures/LFA34Update/LFA34-NEFSCSpringRelat
iveF.png, id=21, 673.51625pt x 675.52374pt>
File: /SpinDr/backup/bio_data/bio.lobster/figures/LFA34Update/LFA34-NEFSCSpring
RelativeF.png Graphic file (type png)
<use /SpinDr/backup/bio_data/bio.lobster/figures/LFA34Update/LFA34-NEFSCSpringR
elativeF.png>
Package pdftex.def Info: /SpinDr/backup/bio_data/bio.lobster/figures/LFA34Updat
e/LFA34-NEFSCSpringRelativeF.png  used on input line 51.
(pdftex.def)             Requested size: 234.8775pt x 228.55167pt.
File: /SpinDr/backup/bio_data/bio.lobster/figures/LFA34Update/LFA34-NEFSCFallRe
lativeF.png Graphic file (type png)
<use /SpinDr/backup/bio_data/bio.lobster/figures/LFA34Update/LFA34-NEFSCFallRel
ativeF.png>
Package pdftex.def Info: /SpinDr/backup/bio_data/bio.lobster/figures/LFA34Updat
e/LFA34-NEFSCFallRelativeF.png  used on input line 51.
(pdftex.def)             Requested size: 234.8775pt x 228.55167pt.
File: /SpinDr/backup/bio_data/bio.lobster/figures/LFA34Update/LFA34-NEFSCSpring
RelativeF.png Graphic file (type png)
<use /SpinDr/backup/bio_data/bio.lobster/figures/LFA34Update/LFA34-NEFSCSpringR
elativeF.png>
Package pdftex.def Info: /SpinDr/backup/bio_data/bio.lobster/figures/LFA34Updat
e/LFA34-NEFSCSpringRelativeF.png  used on input line 51.
(pdftex.def)             Requested size: 234.8775pt x 228.55167pt.
File: /SpinDr/backup/bio_data/bio.lobster/figures/LFA34Update/LFA34-NEFSCFallRe
lativeF.png Graphic file (type png)
<use /SpinDr/backup/bio_data/bio.lobster/figures/LFA34Update/LFA34-NEFSCFallRel
ativeF.png>
Package pdftex.def Info: /SpinDr/backup/bio_data/bio.lobster/figures/LFA34Updat
e/LFA34-NEFSCFallRelativeF.png  used on input line 51.
(pdftex.def)             Requested size: 234.8775pt x 228.55167pt.
File: /SpinDr/backup/bio_data/bio.lobster/figures/LFA34Update/LFA34-NEFSCSpring
RelativeF.png Graphic file (type png)
<use /SpinDr/backup/bio_data/bio.lobster/figures/LFA34Update/LFA34-NEFSCSpringR
elativeF.png>
Package pdftex.def Info: /SpinDr/backup/bio_data/bio.lobster/figures/LFA34Updat
e/LFA34-NEFSCSpringRelativeF.png  used on input line 51.
(pdftex.def)             Requested size: 234.8775pt x 228.55167pt.
File: /SpinDr/backup/bio_data/bio.lobster/figures/LFA34Update/LFA34-NEFSCFallRe
lativeF.png Graphic file (type png)
<use /SpinDr/backup/bio_data/bio.lobster/figures/LFA34Update/LFA34-NEFSCFallRel
ativeF.png>
Package pdftex.def Info: /SpinDr/backup/bio_data/bio.lobster/figures/LFA34Updat
e/LFA34-NEFSCFallRelativeF.png  used on input line 51.
(pdftex.def)             Requested size: 234.8775pt x 228.55167pt.
File: /SpinDr/backup/bio_data/bio.lobster/figures/LFA34Update/LFA34-NEFSCSpring
RelativeF.png Graphic file (type png)
<use /SpinDr/backup/bio_data/bio.lobster/figures/LFA34Update/LFA34-NEFSCSpringR
elativeF.png>
Package pdftex.def Info: /SpinDr/backup/bio_data/bio.lobster/figures/LFA34Updat
e/LFA34-NEFSCSpringRelativeF.png  used on input line 51.
(pdftex.def)             Requested size: 234.8775pt x 228.55167pt.
</SpinDr/backup/bio_data/bio.lobster/figures/LFA34Update/LFA34RelFDFO.png, id=3
0, 1084.05pt x 867.24pt>
File: /SpinDr/backup/bio_data/bio.lobster/figures/LFA34Update/LFA34RelFDFO.png 
Graphic file (type png)
<use /SpinDr/backup/bio_data/bio.lobster/figures/LFA34Update/LFA34RelFDFO.png>
Package pdftex.def Info: /SpinDr/backup/bio_data/bio.lobster/figures/LFA34Updat
e/LFA34RelFDFO.png  used on input line 52.
(pdftex.def)             Requested size: 234.8775pt x 183.1771pt.
</SpinDr/backup/bio_data/bio.lobster/figures/LFA34Update/ILTSRelFREFS.png, id=3
2, 1084.05pt x 867.24pt>
File: /SpinDr/backup/bio_data/bio.lobster/figures/LFA34Update/ILTSRelFREFS.png 
Graphic file (type png)
<use /SpinDr/backup/bio_data/bio.lobster/figures/LFA34Update/ILTSRelFREFS.png>
Package pdftex.def Info: /SpinDr/backup/bio_data/bio.lobster/figures/LFA34Updat
e/ILTSRelFREFS.png  used on input line 53.
(pdftex.def)             Requested size: 234.8775pt x 183.1771pt.
</SpinDr/backup/bio_data/bio.lobster/figures/LFA34Update/HCRFal.png, id=34, 673
.51625pt x 675.52374pt>
File: /SpinDr/backup/bio_data/bio.lobster/figures/LFA34Update/HCRFal.png Graphi
c file (type png)
<use /SpinDr/backup/bio_data/bio.lobster/figures/LFA34Update/HCRFal.png>
Package pdftex.def Info: /SpinDr/backup/bio_data/bio.lobster/figures/LFA34Updat
e/HCRFal.png  used on input line 65.
(pdftex.def)             Requested size: 234.8775pt x 228.55167pt.
</SpinDr/backup/bio_data/bio.lobster/figures/LFA34Update/HCRNSpr.png, id=36, 67
3.51625pt x 675.52374pt>
File: /SpinDr/backup/bio_data/bio.lobster/figures/LFA34Update/HCRNSpr.png Graph
ic file (type png)
<use /SpinDr/backup/bio_data/bio.lobster/figures/LFA34Update/HCRNSpr.png>
Package pdftex.def Info: /SpinDr/backup/bio_data/bio.lobster/figures/LFA34Updat
e/HCRNSpr.png  used on input line 65.
(pdftex.def)             Requested size: 234.8775pt x 228.55167pt.
File: /SpinDr/backup/bio_data/bio.lobster/figures/LFA34Update/HCRFal.png Graphi
c file (type png)
<use /SpinDr/backup/bio_data/bio.lobster/figures/LFA34Update/HCRFal.png>
Package pdftex.def Info: /SpinDr/backup/bio_data/bio.lobster/figures/LFA34Updat
e/HCRFal.png  used on input line 65.
(pdftex.def)             Requested size: 234.8775pt x 228.55167pt.
File: /SpinDr/backup/bio_data/bio.lobster/figures/LFA34Update/HCRNSpr.png Graph
ic file (type png)
<use /SpinDr/backup/bio_data/bio.lobster/figures/LFA34Update/HCRNSpr.png>
Package pdftex.def Info: /SpinDr/backup/bio_data/bio.lobster/figures/LFA34Updat
e/HCRNSpr.png  used on input line 65.
(pdftex.def)             Requested size: 234.8775pt x 228.55167pt.
File: /SpinDr/backup/bio_data/bio.lobster/figures/LFA34Update/HCRFal.png Graphi
c file (type png)
<use /SpinDr/backup/bio_data/bio.lobster/figures/LFA34Update/HCRFal.png>
Package pdftex.def Info: /SpinDr/backup/bio_data/bio.lobster/figures/LFA34Updat
e/HCRFal.png  used on input line 65.
(pdftex.def)             Requested size: 234.8775pt x 228.55167pt.
File: /SpinDr/backup/bio_data/bio.lobster/figures/LFA34Update/HCRNSpr.png Graph
ic file (type png)
<use /SpinDr/backup/bio_data/bio.lobster/figures/LFA34Update/HCRNSpr.png>
Package pdftex.def Info: /SpinDr/backup/bio_data/bio.lobster/figures/LFA34Updat
e/HCRNSpr.png  used on input line 65.
(pdftex.def)             Requested size: 234.8775pt x 228.55167pt.
File: /SpinDr/backup/bio_data/bio.lobster/figures/LFA34Update/HCRFal.png Graphi
c file (type png)
<use /SpinDr/backup/bio_data/bio.lobster/figures/LFA34Update/HCRFal.png>
Package pdftex.def Info: /SpinDr/backup/bio_data/bio.lobster/figures/LFA34Updat
e/HCRFal.png  used on input line 65.
(pdftex.def)             Requested size: 234.8775pt x 228.55167pt.
File: /SpinDr/backup/bio_data/bio.lobster/figures/LFA34Update/HCRNSpr.png Graph
ic file (type png)
<use /SpinDr/backup/bio_data/bio.lobster/figures/LFA34Update/HCRNSpr.png>
Package pdftex.def Info: /SpinDr/backup/bio_data/bio.lobster/figures/LFA34Updat
e/HCRNSpr.png  used on input line 65.
(pdftex.def)             Requested size: 234.8775pt x 228.55167pt.
</SpinDr/backup/bio_data/bio.lobster/figures/LFA34Update/HCRDFo.png, id=45, 673
.51625pt x 675.52374pt>
File: /SpinDr/backup/bio_data/bio.lobster/figures/LFA34Update/HCRDFo.png Graphi
c file (type png)
<use /SpinDr/backup/bio_data/bio.lobster/figures/LFA34Update/HCRDFo.png>
Package pdftex.def Info: /SpinDr/backup/bio_data/bio.lobster/figures/LFA34Updat
e/HCRDFo.png  used on input line 66.
(pdftex.def)             Requested size: 234.8775pt x 228.55167pt.
</SpinDr/backup/bio_data/bio.lobster/figures/LFA34Update/HCRILTS.png, id=47, 67
3.51625pt x 675.52374pt>
File: /SpinDr/backup/bio_data/bio.lobster/figures/LFA34Update/HCRILTS.png Graph
ic file (type png)
<use /SpinDr/backup/bio_data/bio.lobster/figures/LFA34Update/HCRILTS.png>
Package pdftex.def Info: /SpinDr/backup/bio_data/bio.lobster/figures/LFA34Updat
e/HCRILTS.png  used on input line 67.
(pdftex.def)             Requested size: 234.8775pt x 228.55167pt.
Package atveryend Info: Empty hook `BeforeClearDocument' on input line 77.
 [1{/var/lib/texmf/fonts/map/pdftex/updmap/pdftex.map} </SpinDr/backup/bio_data
/bio.lobster/figures/LFA34Update/LFA34-NEFSCFallCommB.png> </SpinDr/backup/bio_
data/bio.lobster/figures/LFA34Update/LFA34-NEFSCSpringCommB.png> </SpinDr/backu
p/bio_data/bio.lobster/figures/LFA34Update/LFA34-DFOCommercialB.png> </SpinDr/b
ackup/bio_data/bio.lobster/figures/LFA34Update/LFA34-ILTSCommercialB.png>] [2 <
/SpinDr/backup/bio_data/bio.lobster/figures/LFA34Update/LFA34-NEFSCFallRelative
F.png> </SpinDr/backup/bio_data/bio.lobster/figures/LFA34Update/LFA34-NEFSCSpri
ngRelativeF.png> </SpinDr/backup/bio_data/bio.lobster/figures/LFA34Update/LFA34
RelFDFO.png (PNG copy)> </SpinDr/backup/bio_data/bio.lobster/figures/LFA34Updat
e/ILTSRelFREFS.png (PNG copy)>] [3 </SpinDr/backup/bio_data/bio.lobster/figures
/LFA34Update/HCRFal.png> </SpinDr/backup/bio_data/bio.lobster/figures/LFA34Upda
te/HCRNSpr.png> </SpinDr/backup/bio_data/bio.lobster/figures/LFA34Update/HCRDFo
.png> </SpinDr/backup/bio_data/bio.lobster/figures/LFA34Update/HCRILTS.png>]
Package atveryend Info: Empty hook `AfterLastShipout' on input line 77.

(./MainDocLFA3438figures.aux)
Package atveryend Info: Executing hook `AtVeryEndDocument' on input line 77.
Package atveryend Info: Executing hook `AtEndAfterFileList' on input line 77.
Package rerunfilecheck Info: File `MainDocLFA3438figures.out' has not changed.
(rerunfilecheck)             Checksum: D41D8CD98F00B204E9800998ECF8427E;0.
 ) 
Here is how much of TeX's memory you used:
 15697 strings out of 492615
 263759 string characters out of 6131391
 337830 words of memory out of 5000000
 19448 multiletter control sequences out of 15000+600000
 4253 words of font info for 16 fonts, out of 8000000 for 9000
 1141 hyphenation exceptions out of 8191
 44i,7n,77p,825b,521s stack positions out of 5000i,500n,10000p,200000b,80000s
</usr/share/texlive/texmf-dist/fonts/type1/public/amsfonts/cm/cmr10.pfb>
Output written on MainDocLFA3438figures.pdf (3 pages, 623121 bytes).
PDF statistics:
 99 PDF objects out of 1000 (max. 8388607)
 50 compressed objects within 1 object stream
 18 named destinations out of 1000 (max. 500000)
 241 words of extra memory for PDF output out of 10000 (max. 10000000)

