This is pdfTeX, Version 3.14159265-2.6-1.40.17 (TeX Live 2016/Debian) (preloaded format=pdflatex 2020.3.11)  6 APR 2020 09:41
entering extended mode
 restricted \write18 enabled.
 %&-line parsing enabled.
**MainDocLFA3438figures.tex
(./MainDocLFA3438figures.tex
LaTeX2e <2017/01/01> patch level 3
Babel <3.9r> and hyphenation patterns for 5 language(s) loaded.
(/usr/share/texlive/texmf-dist/tex/latex/base/article.cls
Document Class: article 2014/09/29 v1.4h Standard LaTeX document class
(/usr/share/texlive/texmf-dist/tex/latex/base/size11.clo
File: size11.clo 2014/09/29 v1.4h Standard LaTeX file (size option)
)
\c@part=\count79
\c@section=\count80
\c@subsection=\count81
\c@subsubsection=\count82
\c@paragraph=\count83
\c@subparagraph=\count84
\c@figure=\count85
\c@table=\count86
\abovecaptionskip=\skip41
\belowcaptionskip=\skip42
\bibindent=\dimen102
)
(/usr/share/texlive/texmf-dist/tex/latex/graphics/graphicx.sty
Package: graphicx 2014/10/28 v1.0g Enhanced LaTeX Graphics (DPC,SPQR)

(/usr/share/texlive/texmf-dist/tex/latex/graphics/keyval.sty
Package: keyval 2014/10/28 v1.15 key=value parser (DPC)
\KV@toks@=\toks14
)
(/usr/share/texlive/texmf-dist/tex/latex/graphics/graphics.sty
Package: graphics 2016/10/09 v1.0u Standard LaTeX Graphics (DPC,SPQR)

(/usr/share/texlive/texmf-dist/tex/latex/graphics/trig.sty
Package: trig 2016/01/03 v1.10 sin cos tan (DPC)
)
(/usr/share/texlive/texmf-dist/tex/latex/graphics-cfg/graphics.cfg
File: graphics.cfg 2016/06/04 v1.11 sample graphics configuration
)
Package graphics Info: Driver file: pdftex.def on input line 99.

(/usr/share/texlive/texmf-dist/tex/latex/graphics-def/pdftex.def
File: pdftex.def 2017/01/12 v0.06k Graphics/color for pdfTeX

(/usr/share/texlive/texmf-dist/tex/generic/oberdiek/infwarerr.sty
Package: infwarerr 2016/05/16 v1.4 Providing info/warning/error messages (HO)
)
(/usr/share/texlive/texmf-dist/tex/generic/oberdiek/ltxcmds.sty
Package: ltxcmds 2016/05/16 v1.23 LaTeX kernel commands for general use (HO)
)
\Gread@gobject=\count87
))
\Gin@req@height=\dimen103
\Gin@req@width=\dimen104
)
(/usr/share/texlive/texmf-dist/tex/latex/subfig/subfig.sty
Package: subfig 2005/06/28 ver: 1.3 subfig package

(/usr/share/texlive/texmf-dist/tex/latex/caption/caption.sty
Package: caption 2016/02/21 v3.3-144 Customizing captions (AR)

(/usr/share/texlive/texmf-dist/tex/latex/caption/caption3.sty
Package: caption3 2016/05/22 v1.7-166 caption3 kernel (AR)
Package caption3 Info: TeX engine: e-TeX on input line 67.
\captionmargin=\dimen105
\captionmargin@=\dimen106
\captionwidth=\dimen107
\caption@tempdima=\dimen108
\caption@indent=\dimen109
\caption@parindent=\dimen110
\caption@hangindent=\dimen111
)
\c@ContinuedFloat=\count88
)
\c@KVtest=\count89
\sf@farskip=\skip43
\sf@captopadj=\dimen112
\sf@capskip=\skip44
\sf@nearskip=\skip45
\c@subfigure=\count90
\c@subfigure@save=\count91
\c@lofdepth=\count92
\c@subtable=\count93
\c@subtable@save=\count94
\c@lotdepth=\count95
\sf@top=\skip46
\sf@bottom=\skip47
)
(/usr/share/texlive/texmf-dist/tex/latex/pdfcomment/pdfcomment.sty
Package: pdfcomment 2016/06/13 pdfcomment.sty v2.4 - Josef Kleber (C) 2008-2012
, 2015-2016

(/usr/share/texlive/texmf-dist/tex/latex/xkeyval/xkeyval.sty
Package: xkeyval 2014/12/03 v2.7a package option processing (HA)

(/usr/share/texlive/texmf-dist/tex/generic/xkeyval/xkeyval.tex
(/usr/share/texlive/texmf-dist/tex/generic/xkeyval/xkvutils.tex
\XKV@toks=\toks15
\XKV@tempa@toks=\toks16
)
\XKV@depth=\count96
File: xkeyval.tex 2014/12/03 v2.7a key=value parser (HA)
))
\c@pc@count@i=\count97
\c@pc@count@ii=\count98
\c@pc@count@iii=\count99
\c@pc@count@iv=\count100
\pc@mathannot@box=\box26
\pc@nullbox=\box27
\pc@dima=\skip48
\pc@dimb=\skip49
\pc@Sposx=\skip50
\pc@Sposy=\skip51
\pc@Eposx=\skip52
\pc@Eposy=\skip53
\pc@column=\skip54
\pc@box@width=\skip55
\pc@box@height=\skip56
\pc@box@depth=\skip57

(/home/adam/texmf/tex/latex/etoolbox/etoolbox.sty
Package: etoolbox 2018/02/11 v2.5e e-TeX tools for LaTeX (JAW)
\etb@tempcnta=\count101
)
(/usr/share/texlive/texmf-dist/tex/latex/datetime2/datetime2.sty
Package: datetime2 2016/07/12 v1.5.2 (NLCT) date and time formats

(/usr/share/texlive/texmf-dist/tex/latex/tracklang/tracklang.sty
Package: tracklang 2016/11/03 v1.3.3 (NLCT) Track Languages

(/usr/share/texlive/texmf-dist/tex/generic/tracklang/tracklang.tex)))
(/usr/share/texlive/texmf-dist/tex/latex/oberdiek/zref-savepos.sty
Package: zref-savepos 2016/05/21 v2.26 Module savepos for zref (HO)

(/usr/share/texlive/texmf-dist/tex/latex/oberdiek/zref-base.sty
Package: zref-base 2016/05/21 v2.26 Module base for zref (HO)

(/usr/share/texlive/texmf-dist/tex/generic/oberdiek/kvsetkeys.sty
Package: kvsetkeys 2016/05/16 v1.17 Key value parser (HO)

(/usr/share/texlive/texmf-dist/tex/generic/oberdiek/etexcmds.sty
Package: etexcmds 2016/05/16 v1.6 Avoid name clashes with e-TeX commands (HO)

(/usr/share/texlive/texmf-dist/tex/generic/oberdiek/ifluatex.sty
Package: ifluatex 2016/05/16 v1.4 Provides the ifluatex switch (HO)
Package ifluatex Info: LuaTeX not detected.
)
Package etexcmds Info: Could not find \expanded.
(etexcmds)             That can mean that you are not using pdfTeX 1.50 or
(etexcmds)             that some package has redefined \expanded.
(etexcmds)             In the latter case, load this package earlier.
))
(/usr/share/texlive/texmf-dist/tex/generic/oberdiek/kvdefinekeys.sty
Package: kvdefinekeys 2016/05/16 v1.4 Define keys (HO)
)
(/usr/share/texlive/texmf-dist/tex/generic/oberdiek/pdftexcmds.sty
Package: pdftexcmds 2016/05/21 v0.22 Utility functions of pdfTeX for LuaTeX (HO
)

(/usr/share/texlive/texmf-dist/tex/generic/oberdiek/ifpdf.sty
Package: ifpdf 2016/05/14 v3.1 Provides the ifpdf switch
)
Package pdftexcmds Info: LuaTeX not detected.
Package pdftexcmds Info: \pdf@primitive is available.
Package pdftexcmds Info: \pdf@ifprimitive is available.
Package pdftexcmds Info: \pdfdraftmode found.
)
(/usr/share/texlive/texmf-dist/tex/latex/oberdiek/auxhook.sty
Package: auxhook 2016/05/16 v1.4 Hooks for auxiliary files (HO)
)
Package zref Info: New property list: main on input line 759.
Package zref Info: New property: default on input line 760.
Package zref Info: New property: page on input line 761.
)
Package zref Info: New property list: savepos on input line 80.
Package zref Info: New property: posx on input line 81.
Package zref Info: New property: posy on input line 82.
)
\c@zref@unique=\count102

(/usr/share/texlive/texmf-dist/tex/latex/oberdiek/refcount.sty
Package: refcount 2016/05/16 v3.5 Data extraction from label references (HO)
)
(/usr/share/texlive/texmf-dist/tex/latex/base/ifthen.sty
Package: ifthen 2014/09/29 v1.1c Standard LaTeX ifthen package (DPC)
)
(/usr/share/texlive/texmf-dist/tex/latex/tools/calc.sty
Package: calc 2014/10/28 v4.3 Infix arithmetic (KKT,FJ)
\calc@Acount=\count103
\calc@Bcount=\count104
\calc@Adimen=\dimen113
\calc@Bdimen=\dimen114
\calc@Askip=\skip58
\calc@Bskip=\skip59
LaTeX Info: Redefining \setlength on input line 80.
LaTeX Info: Redefining \addtolength on input line 81.
\calc@Ccount=\count105
\calc@Cskip=\skip60
)
(/usr/share/texlive/texmf-dist/tex/latex/marginnote/marginnote.sty
Package: marginnote 2016/10/21 v1.2a non floating margin notes for LaTeX
\c@mn@abspage=\count106
)
(/usr/share/texlive/texmf-dist/tex/latex/bezos/soulpos.sty
Package: soulpos 2012/02/25 v1.0 Fancy underlining
\ulp@subcnt=\count107
\ulp@cnt=\count108
\ulp@out=\write3
\ulp@in=\read1
\ulwidth=\dimen115
)
(/usr/share/texlive/texmf-dist/tex/latex/hyperref/hyperref.sty
Package: hyperref 2016/06/24 v6.83q Hypertext links for LaTeX

(/usr/share/texlive/texmf-dist/tex/generic/oberdiek/hobsub-hyperref.sty
Package: hobsub-hyperref 2016/05/16 v1.14 Bundle oberdiek, subset hyperref (HO)


(/usr/share/texlive/texmf-dist/tex/generic/oberdiek/hobsub-generic.sty
Package: hobsub-generic 2016/05/16 v1.14 Bundle oberdiek, subset generic (HO)
Package: hobsub 2016/05/16 v1.14 Construct package bundles (HO)
Package hobsub Info: Skipping package `infwarerr' (already loaded).
Package hobsub Info: Skipping package `ltxcmds' (already loaded).
Package hobsub Info: Skipping package `ifluatex' (already loaded).
Package: ifvtex 2016/05/16 v1.6 Detect VTeX and its facilities (HO)
Package ifvtex Info: VTeX not detected.
Package: intcalc 2016/05/16 v1.2 Expandable calculations with integers (HO)
Package hobsub Info: Skipping package `ifpdf' (already loaded).
Package hobsub Info: Skipping package `etexcmds' (already loaded).
Package hobsub Info: Skipping package `kvsetkeys' (already loaded).
Package hobsub Info: Skipping package `kvdefinekeys' (already loaded).
Package hobsub Info: Skipping package `pdftexcmds' (already loaded).
Package: pdfescape 2016/05/16 v1.14 Implements pdfTeX's escape features (HO)
Package: bigintcalc 2016/05/16 v1.4 Expandable calculations on big integers (HO
)
Package: bitset 2016/05/16 v1.2 Handle bit-vector datatype (HO)
Package: uniquecounter 2016/05/16 v1.3 Provide unlimited unique counter (HO)
)
Package hobsub Info: Skipping package `hobsub' (already loaded).
Package: letltxmacro 2016/05/16 v1.5 Let assignment for LaTeX macros (HO)
Package: hopatch 2016/05/16 v1.3 Wrapper for package hooks (HO)
Package: xcolor-patch 2016/05/16 xcolor patch
Package: atveryend 2016/05/16 v1.9 Hooks at the very end of document (HO)
Package: atbegshi 2016/06/09 v1.18 At begin shipout hook (HO)
Package hobsub Info: Skipping package `refcount' (already loaded).
Package: hycolor 2016/05/16 v1.8 Color options for hyperref/bookmark (HO)
)
(/usr/share/texlive/texmf-dist/tex/generic/ifxetex/ifxetex.sty
Package: ifxetex 2010/09/12 v0.6 Provides ifxetex conditional
)
(/usr/share/texlive/texmf-dist/tex/latex/oberdiek/kvoptions.sty
Package: kvoptions 2016/05/16 v3.12 Key value format for package options (HO)
)
\@linkdim=\dimen116
\Hy@linkcounter=\count109
\Hy@pagecounter=\count110

(/usr/share/texlive/texmf-dist/tex/latex/hyperref/pd1enc.def
File: pd1enc.def 2016/06/24 v6.83q Hyperref: PDFDocEncoding definition (HO)
)
\Hy@SavedSpaceFactor=\count111

(/usr/share/texlive/texmf-dist/tex/latex/latexconfig/hyperref.cfg
File: hyperref.cfg 2002/06/06 v1.2 hyperref configuration of TeXLive
)
Package hyperref Info: Option `unicode' set `true' on input line 4362.

(/usr/share/texlive/texmf-dist/tex/latex/hyperref/puenc.def
File: puenc.def 2016/06/24 v6.83q Hyperref: PDF Unicode definition (HO)
)
(/usr/share/texlive/texmf-dist/tex/generic/oberdiek/stringenc.sty
Package: stringenc 2016/05/16 v1.11 Convert strings between diff. encodings (HO
)
)
Package hyperref Info: Hyper figures OFF on input line 4486.
Package hyperref Info: Link nesting OFF on input line 4491.
Package hyperref Info: Hyper index ON on input line 4494.
Package hyperref Info: Plain pages OFF on input line 4501.
Package hyperref Info: Backreferencing OFF on input line 4506.
Package hyperref Info: Implicit mode ON; LaTeX internals redefined.
Package hyperref Info: Bookmarks ON on input line 4735.
\c@Hy@tempcnt=\count112

(/usr/share/texlive/texmf-dist/tex/latex/url/url.sty
\Urlmuskip=\muskip10
Package: url 2013/09/16  ver 3.4  Verb mode for urls, etc.
)
LaTeX Info: Redefining \url on input line 5088.
\XeTeXLinkMargin=\dimen117
\Fld@menulength=\count113
\Field@Width=\dimen118
\Fld@charsize=\dimen119
Package hyperref Info: Hyper figures OFF on input line 6342.
Package hyperref Info: Link nesting OFF on input line 6347.
Package hyperref Info: Hyper index ON on input line 6350.
Package hyperref Info: backreferencing OFF on input line 6357.
Package hyperref Info: Link coloring OFF on input line 6362.
Package hyperref Info: Link coloring with OCG OFF on input line 6367.
Package hyperref Info: PDF/A mode OFF on input line 6372.
LaTeX Info: Redefining \ref on input line 6412.
LaTeX Info: Redefining \pageref on input line 6416.
\Hy@abspage=\count114
\c@Item=\count115
\c@Hfootnote=\count116
)

Package hyperref Message: Driver: hpdftex.

(/usr/share/texlive/texmf-dist/tex/latex/hyperref/hpdftex.def
File: hpdftex.def 2016/06/24 v6.83q Hyperref driver for pdfTeX
\Fld@listcount=\count117
\c@bookmark@seq@number=\count118

(/usr/share/texlive/texmf-dist/tex/latex/oberdiek/rerunfilecheck.sty
Package: rerunfilecheck 2016/05/16 v1.8 Rerun checks for auxiliary files (HO)
Package uniquecounter Info: New unique counter `rerunfilecheck' on input line 2
82.
)
\Hy@SectionHShift=\skip61
)
Package zref Info: New property list: pdfcomment on input line 2724.
Package zref Info: New property: PCPDFOBJID on input line 2725.
)
(/home/adam/texmf/tex/latex/amsmath/amsmath.sty
Package: amsmath 2017/09/02 v2.17a AMS math features
\@mathmargin=\skip62

For additional information on amsmath, use the `?' option.
(/home/adam/texmf/tex/latex/amsmath/amstext.sty
Package: amstext 2000/06/29 v2.01 AMS text

(/home/adam/texmf/tex/latex/amsmath/amsgen.sty
File: amsgen.sty 1999/11/30 v2.0 generic functions
\@emptytoks=\toks17
\ex@=\dimen120
))
(/home/adam/texmf/tex/latex/amsmath/amsbsy.sty
Package: amsbsy 1999/11/29 v1.2d Bold Symbols
\pmbraise@=\dimen121
)
(/home/adam/texmf/tex/latex/amsmath/amsopn.sty
Package: amsopn 2016/03/08 v2.02 operator names
)
\inf@bad=\count119
LaTeX Info: Redefining \frac on input line 213.
\uproot@=\count120
\leftroot@=\count121
LaTeX Info: Redefining \overline on input line 375.
\classnum@=\count122
\DOTSCASE@=\count123
LaTeX Info: Redefining \ldots on input line 472.
LaTeX Info: Redefining \dots on input line 475.
LaTeX Info: Redefining \cdots on input line 596.
\Mathstrutbox@=\box28
\strutbox@=\box29
\big@size=\dimen122
LaTeX Font Info:    Redeclaring font encoding OML on input line 712.
LaTeX Font Info:    Redeclaring font encoding OMS on input line 713.
\macc@depth=\count124
\c@MaxMatrixCols=\count125
\dotsspace@=\muskip11
\c@parentequation=\count126
\dspbrk@lvl=\count127
\tag@help=\toks18
\row@=\count128
\column@=\count129
\maxfields@=\count130
\andhelp@=\toks19
\eqnshift@=\dimen123
\alignsep@=\dimen124
\tagshift@=\dimen125
\tagwidth@=\dimen126
\totwidth@=\dimen127
\lineht@=\dimen128
\@envbody=\toks20
\multlinegap=\skip63
\multlinetaggap=\skip64
\mathdisplay@stack=\toks21
LaTeX Info: Redefining \[ on input line 2817.
LaTeX Info: Redefining \] on input line 2818.
)
(/usr/share/texlive/texmf-dist/tex/latex/graphics/lscape.sty
Package: lscape 2000/10/22 v3.01 Landscape Pages (DPC)
)
(/usr/share/texlive/texmf-dist/tex/latex/geometry/geometry.sty
Package: geometry 2010/09/12 v5.6 Page Geometry
\Gm@cnth=\count131
\Gm@cntv=\count132
\c@Gm@tempcnt=\count133
\Gm@bindingoffset=\dimen129
\Gm@wd@mp=\dimen130
\Gm@odd@mp=\dimen131
\Gm@even@mp=\dimen132
\Gm@layoutwidth=\dimen133
\Gm@layoutheight=\dimen134
\Gm@layouthoffset=\dimen135
\Gm@layoutvoffset=\dimen136
\Gm@dimlist=\toks22
)
(/usr/share/texlive/texmf-dist/tex/latex/fancyhdr/fancyhdr.sty
Package: fancyhdr 2016/09/06 3.8 Extensive control of page headers and footers
\fancy@headwidth=\skip65
\f@ncyO@elh=\skip66
\f@ncyO@erh=\skip67
\f@ncyO@olh=\skip68
\f@ncyO@orh=\skip69
\f@ncyO@elf=\skip70
\f@ncyO@erf=\skip71
\f@ncyO@olf=\skip72
\f@ncyO@orf=\skip73
)
(./MainDocLFA3438figures.aux)
\openout1 = `MainDocLFA3438figures.aux'.

LaTeX Font Info:    Checking defaults for OML/cmm/m/it on input line 32.
LaTeX Font Info:    ... okay on input line 32.
LaTeX Font Info:    Checking defaults for T1/cmr/m/n on input line 32.
LaTeX Font Info:    ... okay on input line 32.
LaTeX Font Info:    Checking defaults for OT1/cmr/m/n on input line 32.
LaTeX Font Info:    ... okay on input line 32.
LaTeX Font Info:    Checking defaults for OMS/cmsy/m/n on input line 32.
LaTeX Font Info:    ... okay on input line 32.
LaTeX Font Info:    Checking defaults for OMX/cmex/m/n on input line 32.
LaTeX Font Info:    ... okay on input line 32.
LaTeX Font Info:    Checking defaults for U/cmr/m/n on input line 32.
LaTeX Font Info:    ... okay on input line 32.
LaTeX Font Info:    Checking defaults for PD1/pdf/m/n on input line 32.
LaTeX Font Info:    ... okay on input line 32.
LaTeX Font Info:    Checking defaults for PU/pdf/m/n on input line 32.
LaTeX Font Info:    ... okay on input line 32.

(/usr/share/texlive/texmf-dist/tex/context/base/mkii/supp-pdf.mkii
[Loading MPS to PDF converter (version 2006.09.02).]
\scratchcounter=\count134
\scratchdimen=\dimen137
\scratchbox=\box30
\nofMPsegments=\count135
\nofMParguments=\count136
\everyMPshowfont=\toks23
\MPscratchCnt=\count137
\MPscratchDim=\dimen138
\MPnumerator=\count138
\makeMPintoPDFobject=\count139
\everyMPtoPDFconversion=\toks24
) (/usr/share/texlive/texmf-dist/tex/latex/oberdiek/epstopdf-base.sty
Package: epstopdf-base 2016/05/15 v2.6 Base part for package epstopdf

(/usr/share/texlive/texmf-dist/tex/latex/oberdiek/grfext.sty
Package: grfext 2016/05/16 v1.2 Manage graphics extensions (HO)
)
Package epstopdf-base Info: Redefining graphics rule for `.eps' on input line 4
38.
Package grfext Info: Graphics extension search list:
(grfext)             [.png,.pdf,.jpg,.mps,.jpeg,.jbig2,.jb2,.PNG,.PDF,.JPG,.JPE
G,.JBIG2,.JB2,.eps]
(grfext)             \AppendGraphicsExtensions on input line 456.

(/usr/share/texlive/texmf-dist/tex/latex/latexconfig/epstopdf-sys.cfg
File: epstopdf-sys.cfg 2010/07/13 v1.3 Configuration of (r)epstopdf for TeX Liv
e
))
Package caption Info: Begin \AtBeginDocument code.
Package caption Info: subfig package v1.3 is loaded.
Package caption Info: hyperref package is loaded.
Package caption Info: End \AtBeginDocument code.
Package marginnote Info: \pdfoutput not 0 or unimportant and
(marginnote)             \pdflastxpos or \lastxpos available.
(marginnote)             Extended position detection mode activated.
Package soulpos Info: Loading soulutf8 on input line 32.

(/usr/share/texlive/texmf-dist/tex/generic/oberdiek/soulutf8.sty
Package: soulutf8 2016/05/16 v1.1 Permit use of UTF-8 characters in soul (HO)

(/usr/share/texlive/texmf-dist/tex/latex/soul/soul.sty
Package: soul 2003/11/17 v2.4 letterspacing/underlining (mf)
\SOUL@word=\toks25
\SOUL@lasttoken=\toks26
\SOUL@cmds=\toks27
\SOUL@buffer=\toks28
\SOUL@token=\toks29
\SOUL@spaceskip=\skip74
\SOUL@ttwidth=\dimen139
\SOUL@uldp=\dimen140
\SOUL@ulht=\dimen141
))
\AtBeginShipoutBox=\box31
Package hyperref Info: Link coloring OFF on input line 32.

(/usr/share/texlive/texmf-dist/tex/latex/hyperref/nameref.sty
Package: nameref 2016/05/21 v2.44 Cross-referencing by name of section

(/usr/share/texlive/texmf-dist/tex/generic/oberdiek/gettitlestring.sty
Package: gettitlestring 2016/05/16 v1.5 Cleanup title references (HO)
)
\c@section@level=\count140
)
LaTeX Info: Redefining \ref on input line 32.
LaTeX Info: Redefining \pageref on input line 32.
LaTeX Info: Redefining \nameref on input line 32.

(./MainDocLFA3438figures.out) (./MainDocLFA3438figures.out)
\@outlinefile=\write4
\openout4 = `MainDocLFA3438figures.out'.


*geometry* driver: auto-detecting
*geometry* detected driver: pdftex
*geometry* verbose mode - [ preamble ] result:
* driver: pdftex
* paper: letterpaper
* layout: <same size as paper>
* layoutoffset:(h,v)=(0.0pt,0.0pt)
* modes: 
* h-part:(L,W,R)=(72.26999pt, 469.75502pt, 72.26999pt)
* v-part:(T,H,B)=(72.26999pt, 650.43001pt, 72.26999pt)
* \paperwidth=614.295pt
* \paperheight=794.96999pt
* \textwidth=469.75502pt
* \textheight=650.43001pt
* \oddsidemargin=0.0pt
* \evensidemargin=0.0pt
* \topmargin=-37.0pt
* \headheight=12.0pt
* \headsep=25.0pt
* \topskip=11.0pt
* \footskip=30.0pt
* \marginparwidth=59.0pt
* \marginparsep=10.0pt
* \columnsep=10.0pt
* \skip\footins=10.0pt plus 4.0pt minus 2.0pt
* \hoffset=0.0pt
* \voffset=0.0pt
* \mag=1000
* \@twocolumnfalse
* \@twosidefalse
* \@mparswitchfalse
* \@reversemarginfalse
* (1in=72.27pt=25.4mm, 1cm=28.453pt)

(/usr/share/texlive/texmf-dist/tex/generic/oberdiek/se-pdfdoc.def
File: se-pdfdoc.def 2016/05/16 v1.11 stringenc: PDFDocEncoding
)
</SpinDr/backup/bio_data/bio.lobster/figures/LFA34Assessment/LFA34-NEFSCFallCom
mB.png, id=4, 673.51625pt x 673.51625pt>
File: /SpinDr/backup/bio_data/bio.lobster/figures/LFA34Assessment/LFA34-NEFSCFa
llCommB.png Graphic file (type png)

<use /SpinDr/backup/bio_data/bio.lobster/figures/LFA34Assessment/LFA34-NEFSCFal
lCommB.png>
Package pdftex.def Info: /SpinDr/backup/bio_data/bio.lobster/figures/LFA34Asses
sment/LFA34-NEFSCFallCommB.png used on input line 37.
(pdftex.def)             Requested size: 234.8775pt x 227.8426pt.

</SpinDr/backup/bio_data/bio.lobster/figures/LFA34Assessment/LFA34-NEFSCSpringC
ommB.png, id=6, 673.51625pt x 673.51625pt>
File: /SpinDr/backup/bio_data/bio.lobster/figures/LFA34Assessment/LFA34-NEFSCSp
ringCommB.png Graphic file (type png)

<use /SpinDr/backup/bio_data/bio.lobster/figures/LFA34Assessment/LFA34-NEFSCSpr
ingCommB.png>
Package pdftex.def Info: /SpinDr/backup/bio_data/bio.lobster/figures/LFA34Asses
sment/LFA34-NEFSCSpringCommB.png used on input line 37.
(pdftex.def)             Requested size: 234.8775pt x 227.8426pt.
File: /SpinDr/backup/bio_data/bio.lobster/figures/LFA34Assessment/LFA34-NEFSCFa
llCommB.png Graphic file (type png)

<use /SpinDr/backup/bio_data/bio.lobster/figures/LFA34Assessment/LFA34-NEFSCFal
lCommB.png>
Package pdftex.def Info: /SpinDr/backup/bio_data/bio.lobster/figures/LFA34Asses
sment/LFA34-NEFSCFallCommB.png used on input line 37.
(pdftex.def)             Requested size: 234.8775pt x 227.8426pt.
File: /SpinDr/backup/bio_data/bio.lobster/figures/LFA34Assessment/LFA34-NEFSCSp
ringCommB.png Graphic file (type png)

<use /SpinDr/backup/bio_data/bio.lobster/figures/LFA34Assessment/LFA34-NEFSCSpr
ingCommB.png>
Package pdftex.def Info: /SpinDr/backup/bio_data/bio.lobster/figures/LFA34Asses
sment/LFA34-NEFSCSpringCommB.png used on input line 37.
(pdftex.def)             Requested size: 234.8775pt x 227.8426pt.
File: /SpinDr/backup/bio_data/bio.lobster/figures/LFA34Assessment/LFA34-NEFSCFa
llCommB.png Graphic file (type png)

<use /SpinDr/backup/bio_data/bio.lobster/figures/LFA34Assessment/LFA34-NEFSCFal
lCommB.png>
Package pdftex.def Info: /SpinDr/backup/bio_data/bio.lobster/figures/LFA34Asses
sment/LFA34-NEFSCFallCommB.png used on input line 37.
(pdftex.def)             Requested size: 234.8775pt x 227.8426pt.
File: /SpinDr/backup/bio_data/bio.lobster/figures/LFA34Assessment/LFA34-NEFSCSp
ringCommB.png Graphic file (type png)

<use /SpinDr/backup/bio_data/bio.lobster/figures/LFA34Assessment/LFA34-NEFSCSpr
ingCommB.png>
Package pdftex.def Info: /SpinDr/backup/bio_data/bio.lobster/figures/LFA34Asses
sment/LFA34-NEFSCSpringCommB.png used on input line 37.
(pdftex.def)             Requested size: 234.8775pt x 227.8426pt.
File: /SpinDr/backup/bio_data/bio.lobster/figures/LFA34Assessment/LFA34-NEFSCFa
llCommB.png Graphic file (type png)

<use /SpinDr/backup/bio_data/bio.lobster/figures/LFA34Assessment/LFA34-NEFSCFal
lCommB.png>
Package pdftex.def Info: /SpinDr/backup/bio_data/bio.lobster/figures/LFA34Asses
sment/LFA34-NEFSCFallCommB.png used on input line 37.
(pdftex.def)             Requested size: 234.8775pt x 227.8426pt.
File: /SpinDr/backup/bio_data/bio.lobster/figures/LFA34Assessment/LFA34-NEFSCSp
ringCommB.png Graphic file (type png)

<use /SpinDr/backup/bio_data/bio.lobster/figures/LFA34Assessment/LFA34-NEFSCSpr
ingCommB.png>
Package pdftex.def Info: /SpinDr/backup/bio_data/bio.lobster/figures/LFA34Asses
sment/LFA34-NEFSCSpringCommB.png used on input line 37.
(pdftex.def)             Requested size: 234.8775pt x 227.8426pt.

</SpinDr/backup/bio_data/bio.lobster/figures/LFA34Assessment/LFA34-DFOCommercia
lB.png, id=15, 673.51625pt x 673.51625pt>
File: /SpinDr/backup/bio_data/bio.lobster/figures/LFA34Assessment/LFA34-DFOComm
ercialB.png Graphic file (type png)

<use /SpinDr/backup/bio_data/bio.lobster/figures/LFA34Assessment/LFA34-DFOComme
rcialB.png>
Package pdftex.def Info: /SpinDr/backup/bio_data/bio.lobster/figures/LFA34Asses
sment/LFA34-DFOCommercialB.png used on input line 38.
(pdftex.def)             Requested size: 234.8775pt x 227.8426pt.

</SpinDr/backup/bio_data/bio.lobster/figures/LFA34Assessment/LFA34-ILTSCommerci
alB.png, id=17, 673.51625pt x 673.51625pt>
File: /SpinDr/backup/bio_data/bio.lobster/figures/LFA34Assessment/LFA34-ILTSCom
mercialB.png Graphic file (type png)

<use /SpinDr/backup/bio_data/bio.lobster/figures/LFA34Assessment/LFA34-ILTSComm
ercialB.png>
Package pdftex.def Info: /SpinDr/backup/bio_data/bio.lobster/figures/LFA34Asses
sment/LFA34-ILTSCommercialB.png used on input line 39.
(pdftex.def)             Requested size: 234.8775pt x 227.8426pt.

</SpinDr/backup/bio_data/bio.lobster/figures/LFA34Assessment/NEFSCFallRelFDFO.p
ng, id=19, 1084.05pt x 867.24pt>
File: /SpinDr/backup/bio_data/bio.lobster/figures/LFA34Assessment/NEFSCFallRelF
DFO.png Graphic file (type png)

<use /SpinDr/backup/bio_data/bio.lobster/figures/LFA34Assessment/NEFSCFallRelFD
FO.png>
Package pdftex.def Info: /SpinDr/backup/bio_data/bio.lobster/figures/LFA34Asses
sment/NEFSCFallRelFDFO.png used on input line 51.
(pdftex.def)             Requested size: 234.8775pt x 183.1771pt.

</SpinDr/backup/bio_data/bio.lobster/figures/LFA34Assessment/NEFSCSpringRelFDFO
.png, id=21, 1084.05pt x 867.24pt>
File: /SpinDr/backup/bio_data/bio.lobster/figures/LFA34Assessment/NEFSCSpringRe
lFDFO.png Graphic file (type png)

<use /SpinDr/backup/bio_data/bio.lobster/figures/LFA34Assessment/NEFSCSpringRel
FDFO.png>
Package pdftex.def Info: /SpinDr/backup/bio_data/bio.lobster/figures/LFA34Asses
sment/NEFSCSpringRelFDFO.png used on input line 51.
(pdftex.def)             Requested size: 234.8775pt x 183.1771pt.
File: /SpinDr/backup/bio_data/bio.lobster/figures/LFA34Assessment/NEFSCFallRelF
DFO.png Graphic file (type png)

<use /SpinDr/backup/bio_data/bio.lobster/figures/LFA34Assessment/NEFSCFallRelFD
FO.png>
Package pdftex.def Info: /SpinDr/backup/bio_data/bio.lobster/figures/LFA34Asses
sment/NEFSCFallRelFDFO.png used on input line 51.
(pdftex.def)             Requested size: 234.8775pt x 183.1771pt.
File: /SpinDr/backup/bio_data/bio.lobster/figures/LFA34Assessment/NEFSCSpringRe
lFDFO.png Graphic file (type png)

<use /SpinDr/backup/bio_data/bio.lobster/figures/LFA34Assessment/NEFSCSpringRel
FDFO.png>
Package pdftex.def Info: /SpinDr/backup/bio_data/bio.lobster/figures/LFA34Asses
sment/NEFSCSpringRelFDFO.png used on input line 51.
(pdftex.def)             Requested size: 234.8775pt x 183.1771pt.
File: /SpinDr/backup/bio_data/bio.lobster/figures/LFA34Assessment/NEFSCFallRelF
DFO.png Graphic file (type png)

<use /SpinDr/backup/bio_data/bio.lobster/figures/LFA34Assessment/NEFSCFallRelFD
FO.png>
Package pdftex.def Info: /SpinDr/backup/bio_data/bio.lobster/figures/LFA34Asses
sment/NEFSCFallRelFDFO.png used on input line 51.
(pdftex.def)             Requested size: 234.8775pt x 183.1771pt.
File: /SpinDr/backup/bio_data/bio.lobster/figures/LFA34Assessment/NEFSCSpringRe
lFDFO.png Graphic file (type png)

<use /SpinDr/backup/bio_data/bio.lobster/figures/LFA34Assessment/NEFSCSpringRel
FDFO.png>
Package pdftex.def Info: /SpinDr/backup/bio_data/bio.lobster/figures/LFA34Asses
sment/NEFSCSpringRelFDFO.png used on input line 51.
(pdftex.def)             Requested size: 234.8775pt x 183.1771pt.
File: /SpinDr/backup/bio_data/bio.lobster/figures/LFA34Assessment/NEFSCFallRelF
DFO.png Graphic file (type png)

<use /SpinDr/backup/bio_data/bio.lobster/figures/LFA34Assessment/NEFSCFallRelFD
FO.png>
Package pdftex.def Info: /SpinDr/backup/bio_data/bio.lobster/figures/LFA34Asses
sment/NEFSCFallRelFDFO.png used on input line 51.
(pdftex.def)             Requested size: 234.8775pt x 183.1771pt.
File: /SpinDr/backup/bio_data/bio.lobster/figures/LFA34Assessment/NEFSCSpringRe
lFDFO.png Graphic file (type png)

<use /SpinDr/backup/bio_data/bio.lobster/figures/LFA34Assessment/NEFSCSpringRel
FDFO.png>
Package pdftex.def Info: /SpinDr/backup/bio_data/bio.lobster/figures/LFA34Asses
sment/NEFSCSpringRelFDFO.png used on input line 51.
(pdftex.def)             Requested size: 234.8775pt x 183.1771pt.

</SpinDr/backup/bio_data/bio.lobster/figures/LFA34Assessment/LFA34RelFDFO.png, 
id=30, 1084.05pt x 867.24pt>
File: /SpinDr/backup/bio_data/bio.lobster/figures/LFA34Assessment/LFA34RelFDFO.
png Graphic file (type png)

<use /SpinDr/backup/bio_data/bio.lobster/figures/LFA34Assessment/LFA34RelFDFO.p
ng>
Package pdftex.def Info: /SpinDr/backup/bio_data/bio.lobster/figures/LFA34Asses
sment/LFA34RelFDFO.png used on input line 52.
(pdftex.def)             Requested size: 234.8775pt x 183.1771pt.

</SpinDr/backup/bio_data/bio.lobster/figures/LFA34Assessment/ILTSRelFREFS.png, 
id=32, 1084.05pt x 867.24pt>
File: /SpinDr/backup/bio_data/bio.lobster/figures/LFA34Assessment/ILTSRelFREFS.
png Graphic file (type png)

<use /SpinDr/backup/bio_data/bio.lobster/figures/LFA34Assessment/ILTSRelFREFS.p
ng>
Package pdftex.def Info: /SpinDr/backup/bio_data/bio.lobster/figures/LFA34Asses
sment/ILTSRelFREFS.png used on input line 53.
(pdftex.def)             Requested size: 234.8775pt x 183.1771pt.

</SpinDr/backup/bio_data/bio.lobster/figures/LFA34Assessment/HCRFal.png, id=34,
 673.51625pt x 673.51625pt>
File: /SpinDr/backup/bio_data/bio.lobster/figures/LFA34Assessment/HCRFal.png Gr
aphic file (type png)

<use /SpinDr/backup/bio_data/bio.lobster/figures/LFA34Assessment/HCRFal.png>
Package pdftex.def Info: /SpinDr/backup/bio_data/bio.lobster/figures/LFA34Asses
sment/HCRFal.png used on input line 65.
(pdftex.def)             Requested size: 234.8775pt x 227.8426pt.

</SpinDr/backup/bio_data/bio.lobster/figures/LFA34Assessment/HCRNSpr.png, id=36
, 673.51625pt x 673.51625pt>
File: /SpinDr/backup/bio_data/bio.lobster/figures/LFA34Assessment/HCRNSpr.png G
raphic file (type png)

<use /SpinDr/backup/bio_data/bio.lobster/figures/LFA34Assessment/HCRNSpr.png>
Package pdftex.def Info: /SpinDr/backup/bio_data/bio.lobster/figures/LFA34Asses
sment/HCRNSpr.png used on input line 65.
(pdftex.def)             Requested size: 234.8775pt x 227.8426pt.
File: /SpinDr/backup/bio_data/bio.lobster/figures/LFA34Assessment/HCRFal.png Gr
aphic file (type png)

<use /SpinDr/backup/bio_data/bio.lobster/figures/LFA34Assessment/HCRFal.png>
Package pdftex.def Info: /SpinDr/backup/bio_data/bio.lobster/figures/LFA34Asses
sment/HCRFal.png used on input line 65.
(pdftex.def)             Requested size: 234.8775pt x 227.8426pt.
File: /SpinDr/backup/bio_data/bio.lobster/figures/LFA34Assessment/HCRNSpr.png G
raphic file (type png)

<use /SpinDr/backup/bio_data/bio.lobster/figures/LFA34Assessment/HCRNSpr.png>
Package pdftex.def Info: /SpinDr/backup/bio_data/bio.lobster/figures/LFA34Asses
sment/HCRNSpr.png used on input line 65.
(pdftex.def)             Requested size: 234.8775pt x 227.8426pt.
File: /SpinDr/backup/bio_data/bio.lobster/figures/LFA34Assessment/HCRFal.png Gr
aphic file (type png)

<use /SpinDr/backup/bio_data/bio.lobster/figures/LFA34Assessment/HCRFal.png>
Package pdftex.def Info: /SpinDr/backup/bio_data/bio.lobster/figures/LFA34Asses
sment/HCRFal.png used on input line 65.
(pdftex.def)             Requested size: 234.8775pt x 227.8426pt.
File: /SpinDr/backup/bio_data/bio.lobster/figures/LFA34Assessment/HCRNSpr.png G
raphic file (type png)

<use /SpinDr/backup/bio_data/bio.lobster/figures/LFA34Assessment/HCRNSpr.png>
Package pdftex.def Info: /SpinDr/backup/bio_data/bio.lobster/figures/LFA34Asses
sment/HCRNSpr.png used on input line 65.
(pdftex.def)             Requested size: 234.8775pt x 227.8426pt.
File: /SpinDr/backup/bio_data/bio.lobster/figures/LFA34Assessment/HCRFal.png Gr
aphic file (type png)

<use /SpinDr/backup/bio_data/bio.lobster/figures/LFA34Assessment/HCRFal.png>
Package pdftex.def Info: /SpinDr/backup/bio_data/bio.lobster/figures/LFA34Asses
sment/HCRFal.png used on input line 65.
(pdftex.def)             Requested size: 234.8775pt x 227.8426pt.
File: /SpinDr/backup/bio_data/bio.lobster/figures/LFA34Assessment/HCRNSpr.png G
raphic file (type png)

<use /SpinDr/backup/bio_data/bio.lobster/figures/LFA34Assessment/HCRNSpr.png>
Package pdftex.def Info: /SpinDr/backup/bio_data/bio.lobster/figures/LFA34Asses
sment/HCRNSpr.png used on input line 65.
(pdftex.def)             Requested size: 234.8775pt x 227.8426pt.

</SpinDr/backup/bio_data/bio.lobster/figures/LFA34Assessment/HCRDFo.png, id=45,
 673.51625pt x 673.51625pt>
File: /SpinDr/backup/bio_data/bio.lobster/figures/LFA34Assessment/HCRDFo.png Gr
aphic file (type png)

<use /SpinDr/backup/bio_data/bio.lobster/figures/LFA34Assessment/HCRDFo.png>
Package pdftex.def Info: /SpinDr/backup/bio_data/bio.lobster/figures/LFA34Asses
sment/HCRDFo.png used on input line 66.
(pdftex.def)             Requested size: 234.8775pt x 227.8426pt.

</SpinDr/backup/bio_data/bio.lobster/figures/LFA34Assessment/HCRILTS.png, id=47
, 673.51625pt x 673.51625pt>
File: /SpinDr/backup/bio_data/bio.lobster/figures/LFA34Assessment/HCRILTS.png G
raphic file (type png)

<use /SpinDr/backup/bio_data/bio.lobster/figures/LFA34Assessment/HCRILTS.png>
Package pdftex.def Info: /SpinDr/backup/bio_data/bio.lobster/figures/LFA34Asses
sment/HCRILTS.png used on input line 67.
(pdftex.def)             Requested size: 234.8775pt x 227.8426pt.

</SpinDr/backup/bio_data/bio.lobster/figures/LFA34Assessment/CPUELFA342019.png,
 id=49, 673.51625pt x 675.52374pt>
File: /SpinDr/backup/bio_data/bio.lobster/figures/LFA34Assessment/CPUELFA342019
.png Graphic file (type png)

<use /SpinDr/backup/bio_data/bio.lobster/figures/LFA34Assessment/CPUELFA342019.
png>
Package pdftex.def Info: /SpinDr/backup/bio_data/bio.lobster/figures/LFA34Asses
sment/CPUELFA342019.png used on input line 78.
(pdftex.def)             Requested size: 469.75502pt x 457.10335pt.
File: /SpinDr/backup/bio_data/bio.lobster/figures/LFA34Assessment/CPUELFA342019
.png Graphic file (type png)

<use /SpinDr/backup/bio_data/bio.lobster/figures/LFA34Assessment/CPUELFA342019.
png>
Package pdftex.def Info: /SpinDr/backup/bio_data/bio.lobster/figures/LFA34Asses
sment/CPUELFA342019.png used on input line 78.
(pdftex.def)             Requested size: 469.75502pt x 457.10335pt.
File: /SpinDr/backup/bio_data/bio.lobster/figures/LFA34Assessment/CPUELFA342019
.png Graphic file (type png)

<use /SpinDr/backup/bio_data/bio.lobster/figures/LFA34Assessment/CPUELFA342019.
png>
Package pdftex.def Info: /SpinDr/backup/bio_data/bio.lobster/figures/LFA34Asses
sment/CPUELFA342019.png used on input line 78.
(pdftex.def)             Requested size: 469.75502pt x 457.10335pt.
File: /SpinDr/backup/bio_data/bio.lobster/figures/LFA34Assessment/CPUELFA342019
.png Graphic file (type png)

<use /SpinDr/backup/bio_data/bio.lobster/figures/LFA34Assessment/CPUELFA342019.
png>
Package pdftex.def Info: /SpinDr/backup/bio_data/bio.lobster/figures/LFA34Asses
sment/CPUELFA342019.png used on input line 78.
(pdftex.def)             Requested size: 469.75502pt x 457.10335pt.

</SpinDr/backup/bio_data/bio.lobster/figures/LFA34Assessment/LFA34NEFSCFallrest
ratifiednumbersrecruits.png, id=55, 722.7pt x 578.16pt>
File: /SpinDr/backup/bio_data/bio.lobster/figures/LFA34Assessment/LFA34NEFSCFal
lrestratifiednumbersrecruits.png Graphic file (type png)

<use /SpinDr/backup/bio_data/bio.lobster/figures/LFA34Assessment/LFA34NEFSCFall
restratifiednumbersrecruits.png>
Package pdftex.def Info: /SpinDr/backup/bio_data/bio.lobster/figures/LFA34Asses
sment/LFA34NEFSCFallrestratifiednumbersrecruits.png used on input line 88.
(pdftex.def)             Requested size: 234.8775pt x 180.79164pt.

</SpinDr/backup/bio_data/bio.lobster/figures/LFA34Assessment/LFA34NEFSCSpringre
stratifiednumbersrecruits.png, id=57, 722.7pt x 578.16pt>
File: /SpinDr/backup/bio_data/bio.lobster/figures/LFA34Assessment/LFA34NEFSCSpr
ingrestratifiednumbersrecruits.png Graphic file (type png)

<use /SpinDr/backup/bio_data/bio.lobster/figures/LFA34Assessment/LFA34NEFSCSpri
ngrestratifiednumbersrecruits.png>
Package pdftex.def Info: /SpinDr/backup/bio_data/bio.lobster/figures/LFA34Asses
sment/LFA34NEFSCSpringrestratifiednumbersrecruits.png used on input line 88.
(pdftex.def)             Requested size: 234.8775pt x 180.79164pt.
File: /SpinDr/backup/bio_data/bio.lobster/figures/LFA34Assessment/LFA34NEFSCFal
lrestratifiednumbersrecruits.png Graphic file (type png)

<use /SpinDr/backup/bio_data/bio.lobster/figures/LFA34Assessment/LFA34NEFSCFall
restratifiednumbersrecruits.png>
Package pdftex.def Info: /SpinDr/backup/bio_data/bio.lobster/figures/LFA34Asses
sment/LFA34NEFSCFallrestratifiednumbersrecruits.png used on input line 88.
(pdftex.def)             Requested size: 234.8775pt x 180.79164pt.
File: /SpinDr/backup/bio_data/bio.lobster/figures/LFA34Assessment/LFA34NEFSCSpr
ingrestratifiednumbersrecruits.png Graphic file (type png)

<use /SpinDr/backup/bio_data/bio.lobster/figures/LFA34Assessment/LFA34NEFSCSpri
ngrestratifiednumbersrecruits.png>
Package pdftex.def Info: /SpinDr/backup/bio_data/bio.lobster/figures/LFA34Asses
sment/LFA34NEFSCSpringrestratifiednumbersrecruits.png used on input line 88.
(pdftex.def)             Requested size: 234.8775pt x 180.79164pt.
File: /SpinDr/backup/bio_data/bio.lobster/figures/LFA34Assessment/LFA34NEFSCFal
lrestratifiednumbersrecruits.png Graphic file (type png)

<use /SpinDr/backup/bio_data/bio.lobster/figures/LFA34Assessment/LFA34NEFSCFall
restratifiednumbersrecruits.png>
Package pdftex.def Info: /SpinDr/backup/bio_data/bio.lobster/figures/LFA34Asses
sment/LFA34NEFSCFallrestratifiednumbersrecruits.png used on input line 88.
(pdftex.def)             Requested size: 234.8775pt x 180.79164pt.
File: /SpinDr/backup/bio_data/bio.lobster/figures/LFA34Assessment/LFA34NEFSCSpr
ingrestratifiednumbersrecruits.png Graphic file (type png)

<use /SpinDr/backup/bio_data/bio.lobster/figures/LFA34Assessment/LFA34NEFSCSpri
ngrestratifiednumbersrecruits.png>
Package pdftex.def Info: /SpinDr/backup/bio_data/bio.lobster/figures/LFA34Asses
sment/LFA34NEFSCSpringrestratifiednumbersrecruits.png used on input line 88.
(pdftex.def)             Requested size: 234.8775pt x 180.79164pt.
File: /SpinDr/backup/bio_data/bio.lobster/figures/LFA34Assessment/LFA34NEFSCFal
lrestratifiednumbersrecruits.png Graphic file (type png)

<use /SpinDr/backup/bio_data/bio.lobster/figures/LFA34Assessment/LFA34NEFSCFall
restratifiednumbersrecruits.png>
Package pdftex.def Info: /SpinDr/backup/bio_data/bio.lobster/figures/LFA34Asses
sment/LFA34NEFSCFallrestratifiednumbersrecruits.png used on input line 88.
(pdftex.def)             Requested size: 234.8775pt x 180.79164pt.
File: /SpinDr/backup/bio_data/bio.lobster/figures/LFA34Assessment/LFA34NEFSCSpr
ingrestratifiednumbersrecruits.png Graphic file (type png)

<use /SpinDr/backup/bio_data/bio.lobster/figures/LFA34Assessment/LFA34NEFSCSpri
ngrestratifiednumbersrecruits.png>
Package pdftex.def Info: /SpinDr/backup/bio_data/bio.lobster/figures/LFA34Asses
sment/LFA34NEFSCSpringrestratifiednumbersrecruits.png used on input line 88.
(pdftex.def)             Requested size: 234.8775pt x 180.79164pt.

</SpinDr/backup/bio_data/bio.lobster/figures/LFA34Assessment/LFA34DFOrestratifi
ednumbersrecruits.png, id=66, 722.7pt x 578.16pt>
File: /SpinDr/backup/bio_data/bio.lobster/figures/LFA34Assessment/LFA34DFOrestr
atifiednumbersrecruits.png Graphic file (type png)

<use /SpinDr/backup/bio_data/bio.lobster/figures/LFA34Assessment/LFA34DFOrestra
tifiednumbersrecruits.png>
Package pdftex.def Info: /SpinDr/backup/bio_data/bio.lobster/figures/LFA34Asses
sment/LFA34DFOrestratifiednumbersrecruits.png used on input line 89.
(pdftex.def)             Requested size: 234.8775pt x 180.79164pt.

</SpinDr/backup/bio_data/bio.lobster/figures/LFA34Assessment/ILTSRecruitN.png, 
id=68, 722.7pt x 578.16pt>
File: /SpinDr/backup/bio_data/bio.lobster/figures/LFA34Assessment/ILTSRecruitN.
png Graphic file (type png)

<use /SpinDr/backup/bio_data/bio.lobster/figures/LFA34Assessment/ILTSRecruitN.p
ng>
Package pdftex.def Info: /SpinDr/backup/bio_data/bio.lobster/figures/LFA34Asses
sment/ILTSRecruitN.png used on input line 90.
(pdftex.def)             Requested size: 234.8775pt x 180.79164pt.

</SpinDr/backup/bio_data/bio.lobster/figures/LFA34Assessment/SFA29recruitabund.
png, id=70, 722.7pt x 578.16pt>
File: /SpinDr/backup/bio_data/bio.lobster/figures/LFA34Assessment/SFA29recruita
bund.png Graphic file (type png)

<use /SpinDr/backup/bio_data/bio.lobster/figures/LFA34Assessment/SFA29recruitab
und.png>
Package pdftex.def Info: /SpinDr/backup/bio_data/bio.lobster/figures/LFA34Asses
sment/SFA29recruitabund.png used on input line 91.
(pdftex.def)             Requested size: 234.8775pt x 180.79164pt.

</SpinDr/backup/bio_data/bio.lobster/figures/LFA34Assessment/FSRSLFA34Recruitme
nt.png, id=72, 1084.05pt x 867.24pt>
File: /SpinDr/backup/bio_data/bio.lobster/figures/LFA34Assessment/FSRSLFA34Recr
uitment.png Graphic file (type png)

<use /SpinDr/backup/bio_data/bio.lobster/figures/LFA34Assessment/FSRSLFA34Recru
itment.png>
Package pdftex.def Info: /SpinDr/backup/bio_data/bio.lobster/figures/LFA34Asses
sment/FSRSLFA34Recruitment.png used on input line 92.
(pdftex.def)             Requested size: 234.8775pt x 183.1771pt.

</SpinDr/backup/bio_data/bio.lobster/figures/LFA34Assessment/LFA34DFOrestratifi
ednumbers.png, id=74, 722.7pt x 578.16pt>
File: /SpinDr/backup/bio_data/bio.lobster/figures/LFA34Assessment/LFA34DFOrestr
atifiednumbers.png Graphic file (type png)

<use /SpinDr/backup/bio_data/bio.lobster/figures/LFA34Assessment/LFA34DFOrestra
tifiednumbers.png>
Package pdftex.def Info: /SpinDr/backup/bio_data/bio.lobster/figures/LFA34Asses
sment/LFA34DFOrestratifiednumbers.png used on input line 106.
(pdftex.def)             Requested size: 155.02pt x 119.31711pt.

</SpinDr/backup/bio_data/bio.lobster/figures/LFA34Assessment/LFA34NEFSCSpringre
stratifiednumbersNOY.png, id=76, 722.7pt x 578.16pt>
File: /SpinDr/backup/bio_data/bio.lobster/figures/LFA34Assessment/LFA34NEFSCSpr
ingrestratifiednumbersNOY.png Graphic file (type png)

<use /SpinDr/backup/bio_data/bio.lobster/figures/LFA34Assessment/LFA34NEFSCSpri
ngrestratifiednumbersNOY.png>
Package pdftex.def Info: /SpinDr/backup/bio_data/bio.lobster/figures/LFA34Asses
sment/LFA34NEFSCSpringrestratifiednumbersNOY.png used on input line 107.
(pdftex.def)             Requested size: 155.02pt x 119.31711pt.

</SpinDr/backup/bio_data/bio.lobster/figures/LFA34Assessment/LFA34NEFSCFallrest
ratifiednumbersNOY.png, id=78, 722.7pt x 578.16pt>
File: /SpinDr/backup/bio_data/bio.lobster/figures/LFA34Assessment/LFA34NEFSCFal
lrestratifiednumbersNOY.png Graphic file (type png)

<use /SpinDr/backup/bio_data/bio.lobster/figures/LFA34Assessment/LFA34NEFSCFall
restratifiednumbersNOY.png>
Package pdftex.def Info: /SpinDr/backup/bio_data/bio.lobster/figures/LFA34Asses
sment/LFA34NEFSCFallrestratifiednumbersNOY.png used on input line 108.
(pdftex.def)             Requested size: 155.02pt x 119.31711pt.

</SpinDr/backup/bio_data/bio.lobster/figures/LFA34Assessment/LFA34DFOTemperatur
e.png, id=80, 722.7pt x 578.16pt>
File: /SpinDr/backup/bio_data/bio.lobster/figures/LFA34Assessment/LFA34DFOTempe
rature.png Graphic file (type png)

<use /SpinDr/backup/bio_data/bio.lobster/figures/LFA34Assessment/LFA34DFOTemper
ature.png>
Package pdftex.def Info: /SpinDr/backup/bio_data/bio.lobster/figures/LFA34Asses
sment/LFA34DFOTemperature.png used on input line 110.
(pdftex.def)             Requested size: 155.02pt x 119.31711pt.

</SpinDr/backup/bio_data/bio.lobster/figures/LFA34Assessment/LFA34NEFSCSpringTe
mperature.png, id=82, 722.7pt x 578.16pt>
File: /SpinDr/backup/bio_data/bio.lobster/figures/LFA34Assessment/LFA34NEFSCSpr
ingTemperature.png Graphic file (type png)

<use /SpinDr/backup/bio_data/bio.lobster/figures/LFA34Assessment/LFA34NEFSCSpri
ngTemperature.png>
Package pdftex.def Info: /SpinDr/backup/bio_data/bio.lobster/figures/LFA34Asses
sment/LFA34NEFSCSpringTemperature.png used on input line 111.
(pdftex.def)             Requested size: 155.02pt x 119.31711pt.

</SpinDr/backup/bio_data/bio.lobster/figures/LFA34Assessment/LFA34NEFSCFallTemp
erature.png, id=84, 722.7pt x 578.16pt>
File: /SpinDr/backup/bio_data/bio.lobster/figures/LFA34Assessment/LFA34NEFSCFal
lTemperature.png Graphic file (type png)

<use /SpinDr/backup/bio_data/bio.lobster/figures/LFA34Assessment/LFA34NEFSCFall
Temperature.png>
Package pdftex.def Info: /SpinDr/backup/bio_data/bio.lobster/figures/LFA34Asses
sment/LFA34NEFSCFallTemperature.png used on input line 112.
(pdftex.def)             Requested size: 155.02pt x 119.31711pt.

</SpinDr/backup/bio_data/bio.lobster/figures/LFA34Assessment/LFA34DFOrestratifi
edDWAO.png, id=86, 722.7pt x 578.16pt>
File: /SpinDr/backup/bio_data/bio.lobster/figures/LFA34Assessment/LFA34DFOrestr
atifiedDWAO.png Graphic file (type png)

<use /SpinDr/backup/bio_data/bio.lobster/figures/LFA34Assessment/LFA34DFOrestra
tifiedDWAO.png>
Package pdftex.def Info: /SpinDr/backup/bio_data/bio.lobster/figures/LFA34Asses
sment/LFA34DFOrestratifiedDWAO.png used on input line 114.
(pdftex.def)             Requested size: 155.02pt x 119.31711pt.

</SpinDr/backup/bio_data/bio.lobster/figures/LFA34Assessment/LFA34NEFSCSpringre
stratifiedDWAO.png, id=88, 722.7pt x 578.16pt>
File: /SpinDr/backup/bio_data/bio.lobster/figures/LFA34Assessment/LFA34NEFSCSpr
ingrestratifiedDWAO.png Graphic file (type png)

<use /SpinDr/backup/bio_data/bio.lobster/figures/LFA34Assessment/LFA34NEFSCSpri
ngrestratifiedDWAO.png>
Package pdftex.def Info: /SpinDr/backup/bio_data/bio.lobster/figures/LFA34Asses
sment/LFA34NEFSCSpringrestratifiedDWAO.png used on input line 115.
(pdftex.def)             Requested size: 155.02pt x 119.31711pt.

</SpinDr/backup/bio_data/bio.lobster/figures/LFA34Assessment/LFA34NEFSCFallrest
ratifiedDWAO.png, id=90, 722.7pt x 578.16pt>
File: /SpinDr/backup/bio_data/bio.lobster/figures/LFA34Assessment/LFA34NEFSCFal
lrestratifiedDWAO.png Graphic file (type png)

<use /SpinDr/backup/bio_data/bio.lobster/figures/LFA34Assessment/LFA34NEFSCFall
restratifiedDWAO.png>
Package pdftex.def Info: /SpinDr/backup/bio_data/bio.lobster/figures/LFA34Asses
sment/LFA34NEFSCFallrestratifiedDWAO.png used on input line 116.
(pdftex.def)             Requested size: 155.02pt x 119.31711pt.

</SpinDr/backup/bio_data/bio.lobster/figures/LFA34Assessment/LFA34DFOrestratifi
edgini.png, id=92, 722.7pt x 578.16pt>
File: /SpinDr/backup/bio_data/bio.lobster/figures/LFA34Assessment/LFA34DFOrestr
atifiedgini.png Graphic file (type png)

<use /SpinDr/backup/bio_data/bio.lobster/figures/LFA34Assessment/LFA34DFOrestra
tifiedgini.png>
Package pdftex.def Info: /SpinDr/backup/bio_data/bio.lobster/figures/LFA34Asses
sment/LFA34DFOrestratifiedgini.png used on input line 118.
(pdftex.def)             Requested size: 155.02pt x 119.31711pt.

</SpinDr/backup/bio_data/bio.lobster/figures/LFA34Assessment/LFA34NEFSCSpringre
stratifiedgini.png, id=94, 722.7pt x 578.16pt>
File: /SpinDr/backup/bio_data/bio.lobster/figures/LFA34Assessment/LFA34NEFSCSpr
ingrestratifiedgini.png Graphic file (type png)

<use /SpinDr/backup/bio_data/bio.lobster/figures/LFA34Assessment/LFA34NEFSCSpri
ngrestratifiedgini.png>
Package pdftex.def Info: /SpinDr/backup/bio_data/bio.lobster/figures/LFA34Asses
sment/LFA34NEFSCSpringrestratifiedgini.png used on input line 119.
(pdftex.def)             Requested size: 155.02pt x 119.31711pt.

</SpinDr/backup/bio_data/bio.lobster/figures/LFA34Assessment/LFA34NEFSCFallrest
ratifiedgini.png, id=96, 722.7pt x 578.16pt>
File: /SpinDr/backup/bio_data/bio.lobster/figures/LFA34Assessment/LFA34NEFSCFal
lrestratifiedgini.png Graphic file (type png)

<use /SpinDr/backup/bio_data/bio.lobster/figures/LFA34Assessment/LFA34NEFSCFall
restratifiedgini.png>
Package pdftex.def Info: /SpinDr/backup/bio_data/bio.lobster/figures/LFA34Asses
sment/LFA34NEFSCFallrestratifiedgini.png used on input line 120.
(pdftex.def)             Requested size: 155.02pt x 119.31711pt.

</SpinDr/backup/bio_data/bio.lobster/figures/LFA34Assessment/GiniLandings34.png
, id=98, 722.7pt x 578.16pt>
File: /SpinDr/backup/bio_data/bio.lobster/figures/LFA34Assessment/GiniLandings3
4.png Graphic file (type png)

<use /SpinDr/backup/bio_data/bio.lobster/figures/LFA34Assessment/GiniLandings34
.png>
Package pdftex.def Info: /SpinDr/backup/bio_data/bio.lobster/figures/LFA34Asses
sment/GiniLandings34.png used on input line 122.
(pdftex.def)             Requested size: 155.02pt x 119.31711pt.

</SpinDr/backup/bio_data/bio.lobster/figures/LFA34Assessment/LobPredatorsabunda
nce34.png, id=100, 1084.05pt x 867.24pt>
File: /SpinDr/backup/bio_data/bio.lobster/figures/LFA34Assessment/LobPredatorsa
bundance34.png Graphic file (type png)

<use /SpinDr/backup/bio_data/bio.lobster/figures/LFA34Assessment/LobPredatorsab
undance34.png>
Package pdftex.def Info: /SpinDr/backup/bio_data/bio.lobster/figures/LFA34Asses
sment/LobPredatorsabundance34.png used on input line 123.
(pdftex.def)             Requested size: 155.02pt x 120.8979pt.

</SpinDr/backup/bio_data/bio.lobster/figures/LFA34Assessment/LobPredatorsbiomas
s34.png, id=102, 1084.05pt x 867.24pt>
File: /SpinDr/backup/bio_data/bio.lobster/figures/LFA34Assessment/LobPredatorsb
iomass34.png Graphic file (type png)

<use /SpinDr/backup/bio_data/bio.lobster/figures/LFA34Assessment/LobPredatorsbi
omass34.png>
Package pdftex.def Info: /SpinDr/backup/bio_data/bio.lobster/figures/LFA34Asses
sment/LobPredatorsbiomass34.png used on input line 124.
(pdftex.def)             Requested size: 155.02pt x 120.8979pt.


LaTeX Warning: Float too large for page by 1.73633pt on input line 127.

Package atveryend Info: Empty hook `BeforeClearDocument' on input line 130.
[1{/var/lib/texmf/fonts/map/pdftex/updmap/pdftex.map} </SpinDr/backup/bio_data/
bio.lobster/figures/LFA34Assessment/LFA34-NEFSCFallCommB.png> </SpinDr/backup/b
io_data/bio.lobster/figures/LFA34Assessment/LFA34-NEFSCSpringCommB.png> </SpinD
r/backup/bio_data/bio.lobster/figures/LFA34Assessment/LFA34-DFOCommercialB.png>
 </SpinDr/backup/bio_data/bio.lobster/figures/LFA34Assessment/LFA34-ILTSCommerc
ialB.png>] [2 </SpinDr/backup/bio_data/bio.lobster/figures/LFA34Assessment/NEFS
CFallRelFDFO.png (PNG copy)> </SpinDr/backup/bio_data/bio.lobster/figures/LFA34
Assessment/NEFSCSpringRelFDFO.png (PNG copy)> </SpinDr/backup/bio_data/bio.lobs
ter/figures/LFA34Assessment/LFA34RelFDFO.png (PNG copy)> </SpinDr/backup/bio_da
ta/bio.lobster/figures/LFA34Assessment/ILTSRelFREFS.png (PNG copy)>] [3 </SpinD
r/backup/bio_data/bio.lobster/figures/LFA34Assessment/HCRFal.png> </SpinDr/back
up/bio_data/bio.lobster/figures/LFA34Assessment/HCRNSpr.png> </SpinDr/backup/bi
o_data/bio.lobster/figures/LFA34Assessment/HCRDFo.png> </SpinDr/backup/bio_data
/bio.lobster/figures/LFA34Assessment/HCRILTS.png>] [4 </SpinDr/backup/bio_data/
bio.lobster/figures/LFA34Assessment/CPUELFA342019.png>] [5 </SpinDr/backup/bio_
data/bio.lobster/figures/LFA34Assessment/LFA34NEFSCFallrestratifiednumbersrecru
its.png (PNG copy)> </SpinDr/backup/bio_data/bio.lobster/figures/LFA34Assessmen
t/LFA34NEFSCSpringrestratifiednumbersrecruits.png (PNG copy)> </SpinDr/backup/b
io_data/bio.lobster/figures/LFA34Assessment/LFA34DFOrestratifiednumbersrecruits
.png (PNG copy)> </SpinDr/backup/bio_data/bio.lobster/figures/LFA34Assessment/I
LTSRecruitN.png (PNG copy)> </SpinDr/backup/bio_data/bio.lobster/figures/LFA34A
ssessment/SFA29recruitabund.png (PNG copy)> </SpinDr/backup/bio_data/bio.lobste
r/figures/LFA34Assessment/FSRSLFA34Recruitment.png (PNG copy)>] [6 </SpinDr/bac
kup/bio_data/bio.lobster/figures/LFA34Assessment/LFA34DFOrestratifiednumbers.pn
g (PNG copy)> </SpinDr/backup/bio_data/bio.lobster/figures/LFA34Assessment/LFA3
4NEFSCSpringrestratifiednumbersNOY.png (PNG copy)> </SpinDr/backup/bio_data/bio
.lobster/figures/LFA34Assessment/LFA34NEFSCFallrestratifiednumbersNOY.png (PNG 
copy)> </SpinDr/backup/bio_data/bio.lobster/figures/LFA34Assessment/LFA34DFOTem
perature.png (PNG copy)> </SpinDr/backup/bio_data/bio.lobster/figures/LFA34Asse
ssment/LFA34NEFSCSpringTemperature.png (PNG copy)> </SpinDr/backup/bio_data/bio
.lobster/figures/LFA34Assessment/LFA34NEFSCFallTemperature.png (PNG copy)> </Sp
inDr/backup/bio_data/bio.lobster/figures/LFA34Assessment/LFA34DFOrestratifiedDW
AO.png (PNG copy)> </SpinDr/backup/bio_data/bio.lobster/figures/LFA34Assessment
/LFA34NEFSCSpringrestratifiedDWAO.png (PNG copy)> </SpinDr/backup/bio_data/bio.
lobster/figures/LFA34Assessment/LFA34NEFSCFallrestratifiedDWAO.png (PNG copy)> 
</SpinDr/backup/bio_data/bio.lobster/figures/LFA34Assessment/LFA34DFOrestratifi
edgini.png (PNG copy)> </SpinDr/backup/bio_data/bio.lobster/figures/LFA34Assess
ment/LFA34NEFSCSpringrestratifiedgini.png (PNG copy)> </SpinDr/backup/bio_data/
bio.lobster/figures/LFA34Assessment/LFA34NEFSCFallrestratifiedgini.png (PNG cop
y)> </SpinDr/backup/bio_data/bio.lobster/figures/LFA34Assessment/GiniLandings34
.png (PNG copy)> </SpinDr/backup/bio_data/bio.lobster/figures/LFA34Assessment/L
obPredatorsabundance34.png (PNG copy)> </SpinDr/backup/bio_data/bio.lobster/fig
ures/LFA34Assessment/LobPredatorsbiomass34.png (PNG copy)>]
Package atveryend Info: Empty hook `AfterLastShipout' on input line 130.

(./MainDocLFA3438figures.aux)
Package atveryend Info: Executing hook `AtVeryEndDocument' on input line 130.
Package atveryend Info: Executing hook `AtEndAfterFileList' on input line 130.
Package rerunfilecheck Info: File `MainDocLFA3438figures.out' has not changed.
(rerunfilecheck)             Checksum: D41D8CD98F00B204E9800998ECF8427E;0.
 ) 
Here is how much of TeX's memory you used:
 15842 strings out of 494916
 273036 string characters out of 6179763
 331774 words of memory out of 5000000
 18935 multiletter control sequences out of 15000+600000
 4253 words of font info for 16 fonts, out of 8000000 for 9000
 14 hyphenation exceptions out of 8191
 44i,7n,77p,825b,524s stack positions out of 5000i,500n,10000p,200000b,80000s
</usr/share/texlive/texmf-dist/fonts/type1/public/amsfonts/cm/cmr10.pfb>
Output written on MainDocLFA3438figures.pdf (6 pages, 4154314 bytes).
PDF statistics:
 220 PDF objects out of 1000 (max. 8388607)
 114 compressed objects within 2 object streams
 45 named destinations out of 1000 (max. 500000)
 537 words of extra memory for PDF output out of 10000 (max. 10000000)

