This is pdfTeX, Version 3.14159265-2.6-1.40.17 (TeX Live 2016/Arch Linux) (preloaded format=pdflatex 2016.9.6)  23 NOV 2016 21:04
entering extended mode
 restricted \write18 enabled.
 %&-line parsing enabled.
**LFA41figures.tex
(./LFA41figures.tex
LaTeX2e <2016/03/31> patch level 3
Babel <3.9r> and hyphenation patterns for 83 language(s) loaded.
(/usr/share/texmf-dist/tex/latex/base/article.cls
Document Class: article 2014/09/29 v1.4h Standard LaTeX document class
(/usr/share/texmf-dist/tex/latex/base/size11.clo
File: size11.clo 2014/09/29 v1.4h Standard LaTeX file (size option)
)
\c@part=\count79
\c@section=\count80
\c@subsection=\count81
\c@subsubsection=\count82
\c@paragraph=\count83
\c@subparagraph=\count84
\c@figure=\count85
\c@table=\count86
\abovecaptionskip=\skip41
\belowcaptionskip=\skip42
\bibindent=\dimen102
)
(/usr/share/texmf-dist/tex/latex/graphics/graphicx.sty
Package: graphicx 2014/10/28 v1.0g Enhanced LaTeX Graphics (DPC,SPQR)

(/usr/share/texmf-dist/tex/latex/graphics/keyval.sty
Package: keyval 2014/10/28 v1.15 key=value parser (DPC)
\KV@toks@=\toks14
)
(/usr/share/texmf-dist/tex/latex/graphics/graphics.sty
Package: graphics 2016/07/10 v1.0t Standard LaTeX Graphics (DPC,SPQR)

(/usr/share/texmf-dist/tex/latex/graphics/trig.sty
Package: trig 2016/01/03 v1.10 sin cos tan (DPC)
)
(/usr/share/texmf-dist/tex/latex/graphics-cfg/graphics.cfg
File: graphics.cfg 2016/06/04 v1.11 sample graphics configuration
)
Package graphics Info: Driver file: pdftex.def on input line 99.

(/usr/share/texmf-dist/tex/latex/graphics-def/pdftex.def
File: pdftex.def 2016/07/10 v0.06j Graphics/color for pdfTeX

(/usr/share/texmf-dist/tex/generic/oberdiek/infwarerr.sty
Package: infwarerr 2016/05/16 v1.4 Providing info/warning/error messages (HO)
)
(/usr/share/texmf-dist/tex/generic/oberdiek/ltxcmds.sty
Package: ltxcmds 2016/05/16 v1.23 LaTeX kernel commands for general use (HO)
)
\Gread@gobject=\count87
))
\Gin@req@height=\dimen103
\Gin@req@width=\dimen104
)
(/usr/share/texmf-dist/tex/latex/subfig/subfig.sty
Package: subfig 2005/06/28 ver: 1.3 subfig package

(/usr/share/texmf-dist/tex/latex/caption/caption.sty
Package: caption 2016/02/21 v3.3-144 Customizing captions (AR)

(/usr/share/texmf-dist/tex/latex/caption/caption3.sty
Package: caption3 2016/05/22 v1.7-166 caption3 kernel (AR)
Package caption3 Info: TeX engine: e-TeX on input line 67.
\captionmargin=\dimen105
\captionmargin@=\dimen106
\captionwidth=\dimen107
\caption@tempdima=\dimen108
\caption@indent=\dimen109
\caption@parindent=\dimen110
\caption@hangindent=\dimen111
)
\c@ContinuedFloat=\count88
)
\c@KVtest=\count89
\sf@farskip=\skip43
\sf@captopadj=\dimen112
\sf@capskip=\skip44
\sf@nearskip=\skip45
\c@subfigure=\count90
\c@subfigure@save=\count91
\c@lofdepth=\count92
\c@subtable=\count93
\c@subtable@save=\count94
\c@lotdepth=\count95
\sf@top=\skip46
\sf@bottom=\skip47
)
(/usr/share/texmf-dist/tex/latex/pdfcomment/pdfcomment.sty
Package: pdfcomment 2016/03/26 pdfcomment.sty v2.3b - Josef Kleber (C) 2008-201
2, 2015-2016

(/usr/share/texmf-dist/tex/latex/xkeyval/xkeyval.sty
Package: xkeyval 2014/12/03 v2.7a package option processing (HA)

(/usr/share/texmf-dist/tex/generic/xkeyval/xkeyval.tex
(/usr/share/texmf-dist/tex/generic/xkeyval/xkvutils.tex
\XKV@toks=\toks15
\XKV@tempa@toks=\toks16
)
\XKV@depth=\count96
File: xkeyval.tex 2014/12/03 v2.7a key=value parser (HA)
))
\c@pc@count@i=\count97
\c@pc@count@ii=\count98
\c@pc@count@iii=\count99
\c@pc@count@iv=\count100
\pc@mathannot@box=\box26
\pc@nullbox=\box27
\pc@dima=\skip48
\pc@dimb=\skip49
\pc@Sposx=\skip50
\pc@Sposy=\skip51
\pc@Eposx=\skip52
\pc@Eposy=\skip53
\pc@column=\skip54
\pc@box@width=\skip55
\pc@box@height=\skip56
\pc@box@depth=\skip57

(/usr/share/texmf-dist/tex/latex/oberdiek/zref-savepos.sty
Package: zref-savepos 2016/05/21 v2.26 Module savepos for zref (HO)

(/usr/share/texmf-dist/tex/latex/oberdiek/zref-base.sty
Package: zref-base 2016/05/21 v2.26 Module base for zref (HO)

(/usr/share/texmf-dist/tex/generic/oberdiek/kvsetkeys.sty
Package: kvsetkeys 2016/05/16 v1.17 Key value parser (HO)

(/usr/share/texmf-dist/tex/generic/oberdiek/etexcmds.sty
Package: etexcmds 2016/05/16 v1.6 Avoid name clashes with e-TeX commands (HO)

(/usr/share/texmf-dist/tex/generic/oberdiek/ifluatex.sty
Package: ifluatex 2016/05/16 v1.4 Provides the ifluatex switch (HO)
Package ifluatex Info: LuaTeX not detected.
)
Package etexcmds Info: Could not find \expanded.
(etexcmds)             That can mean that you are not using pdfTeX 1.50 or
(etexcmds)             that some package has redefined \expanded.
(etexcmds)             In the latter case, load this package earlier.
))
(/usr/share/texmf-dist/tex/generic/oberdiek/kvdefinekeys.sty
Package: kvdefinekeys 2016/05/16 v1.4 Define keys (HO)
)
(/usr/share/texmf-dist/tex/generic/oberdiek/pdftexcmds.sty
Package: pdftexcmds 2016/05/21 v0.22 Utility functions of pdfTeX for LuaTeX (HO
)

(/usr/share/texmf-dist/tex/generic/oberdiek/ifpdf.sty
Package: ifpdf 2016/05/14 v3.1 Provides the ifpdf switch
)
Package pdftexcmds Info: LuaTeX not detected.
Package pdftexcmds Info: \pdf@primitive is available.
Package pdftexcmds Info: \pdf@ifprimitive is available.
Package pdftexcmds Info: \pdfdraftmode found.
)
(/usr/share/texmf-dist/tex/latex/oberdiek/auxhook.sty
Package: auxhook 2016/05/16 v1.4 Hooks for auxiliary files (HO)
)
Package zref Info: New property list: main on input line 759.
Package zref Info: New property: default on input line 760.
Package zref Info: New property: page on input line 761.
)
Package zref Info: New property list: savepos on input line 80.
Package zref Info: New property: posx on input line 81.
Package zref Info: New property: posy on input line 82.
)
\c@zref@unique=\count101

(/usr/share/texmf-dist/tex/latex/oberdiek/refcount.sty
Package: refcount 2016/05/16 v3.5 Data extraction from label references (HO)
)
(/usr/share/texmf-dist/tex/latex/base/ifthen.sty
Package: ifthen 2014/09/29 v1.1c Standard LaTeX ifthen package (DPC)
)
(/usr/share/texmf-dist/tex/latex/tools/calc.sty
Package: calc 2014/10/28 v4.3 Infix arithmetic (KKT,FJ)
\calc@Acount=\count102
\calc@Bcount=\count103
\calc@Adimen=\dimen113
\calc@Bdimen=\dimen114
\calc@Askip=\skip58
\calc@Bskip=\skip59
LaTeX Info: Redefining \setlength on input line 80.
LaTeX Info: Redefining \addtolength on input line 81.
\calc@Ccount=\count104
\calc@Cskip=\skip60
)
(/usr/share/texmf-dist/tex/latex/marginnote/marginnote.sty
Package: marginnote 2016/06/02 v1.2 non floating margin notes for LaTeX
\c@mn@abspage=\count105
)
(/usr/share/texmf-dist/tex/latex/datetime/datetime.sty
Package: datetime 2015/03/20 v2.60 Date Time Package

(/usr/share/texmf-dist/tex/latex/etoolbox/etoolbox.sty
Package: etoolbox 2015/08/02 v2.2a e-TeX tools for LaTeX (JAW)
\etb@tempcnta=\count106
)
(/usr/share/texmf-dist/tex/latex/fmtcount/fmtcount.sty
Package: fmtcount 2015/05/05 v3.01

(/usr/share/texmf-dist/tex/latex/fmtcount/fcprefix.sty
Package: fcprefix 2012/09/28

(/usr/share/texmf-dist/tex/latex/fmtcount/fcnumparser.sty
Package: fcnumparser 2012/09/28
\fc@digit@counter=\count107
))
(/usr/share/texmf-dist/tex/generic/ifxetex/ifxetex.sty
Package: ifxetex 2010/09/12 v0.6 Provides ifxetex conditional
)
(/usr/share/texmf-dist/tex/latex/amsmath/amsgen.sty
File: amsgen.sty 1999/11/30 v2.0 generic functions
\@emptytoks=\toks17
\ex@=\dimen115
)
\c@padzeroesN=\count108
\fc@tmpcatcode=\count109
\@DT@modctr=\count110
\@ordinalctr=\count111
\@orgargctr=\count112
\@strctr=\count113
\@tmpstrctr=\count114
\@DT@loopN=\count115
\@DT@X=\count116

(/usr/share/texmf-dist/tex/latex/fmtcount/fc-english.def
File: fc-english.def 2013/08/17
))
(/usr/share/texmf-dist/tex/latex/datetime/datetime-defaults.sty
Package: datetime-defaults 2013/09/10
)
\@day=\count117
\@month=\count118
\@year=\count119
\c@HOUR=\count120
\c@HOURXII=\count121
\c@MINUTE=\count122
\c@TOHOUR=\count123
\c@TOMINUTE=\count124
\c@SECOND=\count125
\currenthour=\count126
\currentminute=\count127
\currentsecond=\count128
Package datetime Info: No datetime.cfg file found, using default settings on in
put line 308.
\@dtctr=\count129
\dayofyear=\count130
\dayofweek=\count131
LaTeX Info: Redefining \today on input line 736.
\dt@a=\toks18
\dt@b=\toks19
)
(/usr/share/texmf-dist/tex/latex/bezos/soulpos.sty
Package: soulpos 2012/02/25 v1.0 Fancy underlining
\ulp@subcnt=\count132
\ulp@cnt=\count133
\ulp@out=\write3
\ulp@in=\read1
\ulwidth=\dimen116
)
(/usr/share/texmf-dist/tex/latex/hyperref/hyperref.sty
Package: hyperref 2016/06/24 v6.83q Hypertext links for LaTeX

(/usr/share/texmf-dist/tex/generic/oberdiek/hobsub-hyperref.sty
Package: hobsub-hyperref 2016/05/16 v1.14 Bundle oberdiek, subset hyperref (HO)


(/usr/share/texmf-dist/tex/generic/oberdiek/hobsub-generic.sty
Package: hobsub-generic 2016/05/16 v1.14 Bundle oberdiek, subset generic (HO)
Package: hobsub 2016/05/16 v1.14 Construct package bundles (HO)
Package hobsub Info: Skipping package `infwarerr' (already loaded).
Package hobsub Info: Skipping package `ltxcmds' (already loaded).
Package hobsub Info: Skipping package `ifluatex' (already loaded).
Package: ifvtex 2016/05/16 v1.6 Detect VTeX and its facilities (HO)
Package ifvtex Info: VTeX not detected.
Package: intcalc 2016/05/16 v1.2 Expandable calculations with integers (HO)
Package hobsub Info: Skipping package `ifpdf' (already loaded).
Package hobsub Info: Skipping package `etexcmds' (already loaded).
Package hobsub Info: Skipping package `kvsetkeys' (already loaded).
Package hobsub Info: Skipping package `kvdefinekeys' (already loaded).
Package hobsub Info: Skipping package `pdftexcmds' (already loaded).
Package: pdfescape 2016/05/16 v1.14 Implements pdfTeX's escape features (HO)
Package: bigintcalc 2016/05/16 v1.4 Expandable calculations on big integers (HO
)
Package: bitset 2016/05/16 v1.2 Handle bit-vector datatype (HO)
Package: uniquecounter 2016/05/16 v1.3 Provide unlimited unique counter (HO)
)
Package hobsub Info: Skipping package `hobsub' (already loaded).
Package: letltxmacro 2016/05/16 v1.5 Let assignment for LaTeX macros (HO)
Package: hopatch 2016/05/16 v1.3 Wrapper for package hooks (HO)
Package: xcolor-patch 2016/05/16 xcolor patch
Package: atveryend 2016/05/16 v1.9 Hooks at the very end of document (HO)
Package: atbegshi 2016/06/09 v1.18 At begin shipout hook (HO)
Package hobsub Info: Skipping package `refcount' (already loaded).
Package: hycolor 2016/05/16 v1.8 Color options for hyperref/bookmark (HO)
)
(/usr/share/texmf-dist/tex/latex/oberdiek/kvoptions.sty
Package: kvoptions 2016/05/16 v3.12 Key value format for package options (HO)
)
\@linkdim=\dimen117
\Hy@linkcounter=\count134
\Hy@pagecounter=\count135

(/usr/share/texmf-dist/tex/latex/hyperref/pd1enc.def
File: pd1enc.def 2016/06/24 v6.83q Hyperref: PDFDocEncoding definition (HO)
)
\Hy@SavedSpaceFactor=\count136

(/usr/share/texmf-dist/tex/latex/latexconfig/hyperref.cfg
File: hyperref.cfg 2002/06/06 v1.2 hyperref configuration of TeXLive
)
Package hyperref Info: Option `unicode' set `true' on input line 4362.

(/usr/share/texmf-dist/tex/latex/hyperref/puenc.def
File: puenc.def 2016/06/24 v6.83q Hyperref: PDF Unicode definition (HO)
)
(/usr/share/texmf-dist/tex/generic/oberdiek/stringenc.sty
Package: stringenc 2016/05/16 v1.11 Convert strings between diff. encodings (HO
)
)
Package hyperref Info: Hyper figures OFF on input line 4486.
Package hyperref Info: Link nesting OFF on input line 4491.
Package hyperref Info: Hyper index ON on input line 4494.
Package hyperref Info: Plain pages OFF on input line 4501.
Package hyperref Info: Backreferencing OFF on input line 4506.
Package hyperref Info: Implicit mode ON; LaTeX internals redefined.
Package hyperref Info: Bookmarks ON on input line 4735.
\c@Hy@tempcnt=\count137

(/usr/share/texmf-dist/tex/latex/url/url.sty
\Urlmuskip=\muskip10
Package: url 2013/09/16  ver 3.4  Verb mode for urls, etc.
)
LaTeX Info: Redefining \url on input line 5088.
\XeTeXLinkMargin=\dimen118
\Fld@menulength=\count138
\Field@Width=\dimen119
\Fld@charsize=\dimen120
Package hyperref Info: Hyper figures OFF on input line 6342.
Package hyperref Info: Link nesting OFF on input line 6347.
Package hyperref Info: Hyper index ON on input line 6350.
Package hyperref Info: backreferencing OFF on input line 6357.
Package hyperref Info: Link coloring OFF on input line 6362.
Package hyperref Info: Link coloring with OCG OFF on input line 6367.
Package hyperref Info: PDF/A mode OFF on input line 6372.
LaTeX Info: Redefining \ref on input line 6412.
LaTeX Info: Redefining \pageref on input line 6416.
\Hy@abspage=\count139
\c@Item=\count140
\c@Hfootnote=\count141
)

Package hyperref Message: Driver: hpdftex.

(/usr/share/texmf-dist/tex/latex/hyperref/hpdftex.def
File: hpdftex.def 2016/06/24 v6.83q Hyperref driver for pdfTeX
\Fld@listcount=\count142
\c@bookmark@seq@number=\count143

(/usr/share/texmf-dist/tex/latex/oberdiek/rerunfilecheck.sty
Package: rerunfilecheck 2016/05/16 v1.8 Rerun checks for auxiliary files (HO)
Package uniquecounter Info: New unique counter `rerunfilecheck' on input line 2
82.
)
\Hy@SectionHShift=\skip61
)
Package zref Info: New property list: pdfcomment on input line 2715.
Package zref Info: New property: PCPDFOBJID on input line 2716.
)
(/usr/share/texmf-dist/tex/latex/amsmath/amsmath.sty
Package: amsmath 2016/06/28 v2.15d AMS math features
\@mathmargin=\skip62

For additional information on amsmath, use the `?' option.
(/usr/share/texmf-dist/tex/latex/amsmath/amstext.sty
Package: amstext 2000/06/29 v2.01 AMS text
)
(/usr/share/texmf-dist/tex/latex/amsmath/amsbsy.sty
Package: amsbsy 1999/11/29 v1.2d Bold Symbols
\pmbraise@=\dimen121
)
(/usr/share/texmf-dist/tex/latex/amsmath/amsopn.sty
Package: amsopn 2016/03/08 v2.02 operator names
)
\inf@bad=\count144
LaTeX Info: Redefining \frac on input line 199.
\uproot@=\count145
\leftroot@=\count146
LaTeX Info: Redefining \overline on input line 297.
\classnum@=\count147
\DOTSCASE@=\count148
LaTeX Info: Redefining \ldots on input line 394.
LaTeX Info: Redefining \dots on input line 397.
LaTeX Info: Redefining \cdots on input line 518.
\Mathstrutbox@=\box28
\strutbox@=\box29
\big@size=\dimen122
LaTeX Font Info:    Redeclaring font encoding OML on input line 634.
LaTeX Font Info:    Redeclaring font encoding OMS on input line 635.
\macc@depth=\count149
\c@MaxMatrixCols=\count150
\dotsspace@=\muskip11
\c@parentequation=\count151
\dspbrk@lvl=\count152
\tag@help=\toks20
\row@=\count153
\column@=\count154
\maxfields@=\count155
\andhelp@=\toks21
\eqnshift@=\dimen123
\alignsep@=\dimen124
\tagshift@=\dimen125
\tagwidth@=\dimen126
\totwidth@=\dimen127
\lineht@=\dimen128
\@envbody=\toks22
\multlinegap=\skip63
\multlinetaggap=\skip64
\mathdisplay@stack=\toks23
LaTeX Info: Redefining \[ on input line 2739.
LaTeX Info: Redefining \] on input line 2740.
)
(/usr/share/texmf-dist/tex/latex/graphics/lscape.sty
Package: lscape 2000/10/22 v3.01 Landscape Pages (DPC)
)
(/usr/share/texmf-dist/tex/latex/geometry/geometry.sty
Package: geometry 2010/09/12 v5.6 Page Geometry
\Gm@cnth=\count156
\Gm@cntv=\count157
\c@Gm@tempcnt=\count158
\Gm@bindingoffset=\dimen129
\Gm@wd@mp=\dimen130
\Gm@odd@mp=\dimen131
\Gm@even@mp=\dimen132
\Gm@layoutwidth=\dimen133
\Gm@layoutheight=\dimen134
\Gm@layouthoffset=\dimen135
\Gm@layoutvoffset=\dimen136
\Gm@dimlist=\toks24
)
(/usr/share/texmf-dist/tex/latex/fancyhdr/fancyhdr.sty
\fancy@headwidth=\skip65
\f@ncyO@elh=\skip66
\f@ncyO@erh=\skip67
\f@ncyO@olh=\skip68
\f@ncyO@orh=\skip69
\f@ncyO@elf=\skip70
\f@ncyO@erf=\skip71
\f@ncyO@olf=\skip72
\f@ncyO@orf=\skip73
) (./LFA41figures.aux)
\openout1 = `LFA41figures.aux'.

LaTeX Font Info:    Checking defaults for OML/cmm/m/it on input line 23.
LaTeX Font Info:    ... okay on input line 23.
LaTeX Font Info:    Checking defaults for T1/cmr/m/n on input line 23.
LaTeX Font Info:    ... okay on input line 23.
LaTeX Font Info:    Checking defaults for OT1/cmr/m/n on input line 23.
LaTeX Font Info:    ... okay on input line 23.
LaTeX Font Info:    Checking defaults for OMS/cmsy/m/n on input line 23.
LaTeX Font Info:    ... okay on input line 23.
LaTeX Font Info:    Checking defaults for OMX/cmex/m/n on input line 23.
LaTeX Font Info:    ... okay on input line 23.
LaTeX Font Info:    Checking defaults for U/cmr/m/n on input line 23.
LaTeX Font Info:    ... okay on input line 23.
LaTeX Font Info:    Checking defaults for PD1/pdf/m/n on input line 23.
LaTeX Font Info:    ... okay on input line 23.
LaTeX Font Info:    Checking defaults for PU/pdf/m/n on input line 23.
LaTeX Font Info:    ... okay on input line 23.

(/usr/share/texmf-dist/tex/context/base/mkii/supp-pdf.mkii
[Loading MPS to PDF converter (version 2006.09.02).]
\scratchcounter=\count159
\scratchdimen=\dimen137
\scratchbox=\box30
\nofMPsegments=\count160
\nofMParguments=\count161
\everyMPshowfont=\toks25
\MPscratchCnt=\count162
\MPscratchDim=\dimen138
\MPnumerator=\count163
\makeMPintoPDFobject=\count164
\everyMPtoPDFconversion=\toks26
) (/usr/share/texmf-dist/tex/latex/oberdiek/epstopdf-base.sty
Package: epstopdf-base 2016/05/15 v2.6 Base part for package epstopdf

(/usr/share/texmf-dist/tex/latex/oberdiek/grfext.sty
Package: grfext 2016/05/16 v1.2 Manage graphics extensions (HO)
)
Package epstopdf-base Info: Redefining graphics rule for `.eps' on input line 4
38.
Package grfext Info: Graphics extension search list:
(grfext)             [.png,.pdf,.jpg,.mps,.jpeg,.jbig2,.jb2,.PNG,.PDF,.JPG,.JPE
G,.JBIG2,.JB2,.eps]
(grfext)             \AppendGraphicsExtensions on input line 456.

(/usr/share/texmf-dist/tex/latex/latexconfig/epstopdf-sys.cfg
File: epstopdf-sys.cfg 2010/07/13 v1.3 Configuration of (r)epstopdf for TeX Liv
e
))
Package caption Info: Begin \AtBeginDocument code.
Package caption Info: subfig package v1.3 is loaded.
Package caption Info: hyperref package is loaded.
Package caption Info: End \AtBeginDocument code.
Package marginnote Info: \pdfoutput not 0 or unimportant and
(marginnote)             \pdflastxpos or \lastxpos available.
(marginnote)             Extended position detection mode activated.
Package soulpos Info: Loading soulutf8 on input line 23.

(/usr/share/texmf-dist/tex/generic/oberdiek/soulutf8.sty
Package: soulutf8 2016/05/16 v1.1 Permit use of UTF-8 characters in soul (HO)

(/usr/share/texmf-dist/tex/latex/soul/soul.sty
Package: soul 2003/11/17 v2.4 letterspacing/underlining (mf)
\SOUL@word=\toks27
\SOUL@lasttoken=\toks28
\SOUL@cmds=\toks29
\SOUL@buffer=\toks30
\SOUL@token=\toks31
\SOUL@spaceskip=\skip74
\SOUL@ttwidth=\dimen139
\SOUL@uldp=\dimen140
\SOUL@ulht=\dimen141
))
\AtBeginShipoutBox=\box31
Package hyperref Info: Link coloring OFF on input line 23.

(/usr/share/texmf-dist/tex/latex/hyperref/nameref.sty
Package: nameref 2016/05/21 v2.44 Cross-referencing by name of section

(/usr/share/texmf-dist/tex/generic/oberdiek/gettitlestring.sty
Package: gettitlestring 2016/05/16 v1.5 Cleanup title references (HO)
)
\c@section@level=\count165
)
LaTeX Info: Redefining \ref on input line 23.
LaTeX Info: Redefining \pageref on input line 23.
LaTeX Info: Redefining \nameref on input line 23.

(./LFA41figures.out) (./LFA41figures.out)
\@outlinefile=\write4
\openout4 = `LFA41figures.out'.


*geometry* driver: auto-detecting
*geometry* detected driver: pdftex
*geometry* verbose mode - [ preamble ] result:
* driver: pdftex
* paper: <default>
* layout: <same size as paper>
* layoutoffset:(h,v)=(0.0pt,0.0pt)
* modes: 
* h-part:(L,W,R)=(85.35826pt, 443.57848pt, 85.35826pt)
* v-part:(T,H,B)=(68.28644pt, 658.39711pt, 68.28644pt)
* \paperwidth=614.295pt
* \paperheight=794.96999pt
* \textwidth=443.57848pt
* \textheight=658.39711pt
* \oddsidemargin=13.08827pt
* \evensidemargin=13.08827pt
* \topmargin=-40.98355pt
* \headheight=12.0pt
* \headsep=25.0pt
* \topskip=11.0pt
* \footskip=30.0pt
* \marginparwidth=59.0pt
* \marginparsep=10.0pt
* \columnsep=10.0pt
* \skip\footins=10.0pt plus 4.0pt minus 2.0pt
* \hoffset=0.0pt
* \voffset=0.0pt
* \mag=1000
* \@twocolumnfalse
* \@twosidefalse
* \@mparswitchfalse
* \@reversemarginfalse
* (1in=72.27pt=25.4mm, 1cm=28.453pt)


</backup/bio_data/bio.lobster/figures/LFAMapATL.jpg, id=4, 1054.6602pt x 690.41
94pt>
File: /backup/bio_data/bio.lobster/figures/LFAMapATL.jpg Graphic file (type jpg
)
 <use /backup/bio_data/bio.lobster/figures/LFAMapATL.jpg>
Package pdftex.def Info: /backup/bio_data/bio.lobster/figures/LFAMapATL.jpg use
d on input line 29.
(pdftex.def)             Requested size: 443.57848pt x 290.3745pt.


Package Fancyhdr Warning: \headheight is too small (12.0pt): 
 Make it at least 13.59999pt.
 We now make it that large for the rest of the document.
 This may cause the page layout to be inconsistent, however.

(/usr/share/texmf-dist/tex/generic/oberdiek/se-pdfdoc.def
File: se-pdfdoc.def 2016/05/16 v1.11 stringenc: PDFDocEncoding
) [1{/var/lib/texmf/fonts/map/pdftex/updmap/pdftex.map} </backup/bio_data/bio.l
obster/figures/LFAMapATL.jpg>]
</backup/bio_data/bio.lobster/figures/oldoffshorebounds.jpg, id=12, 553.31718pt
 x 557.08125pt>
File: /backup/bio_data/bio.lobster/figures/oldoffshorebounds.jpg Graphic file (
type jpg)

<use /backup/bio_data/bio.lobster/figures/oldoffshorebounds.jpg>
Package pdftex.def Info: /backup/bio_data/bio.lobster/figures/oldoffshorebounds
.jpg used on input line 37.
(pdftex.def)             Requested size: 354.86412pt x 357.27882pt.

</backup/bio_data/bio.lobster/figures/newoffshoreareas.jpg, id=13, 438.6233pt x
 519.89581pt>
File: /backup/bio_data/bio.lobster/figures/newoffshoreareas.jpg Graphic file (t
ype jpg)
 <use /backup/bio_data/bio.lobster/figures/newoffshoreareas.jpg>
Package pdftex.def Info: /backup/bio_data/bio.lobster/figures/newoffshoreareas.
jpg used on input line 44.
(pdftex.def)             Requested size: 354.86412pt x 420.63731pt.


Package Fancyhdr Warning: \headheight is too small (12.0pt): 
 Make it at least 13.59999pt.
 We now make it that large for the rest of the document.
 This may cause the page layout to be inconsistent, however.

[2 </backup/bio_data/bio.lobster/figures/oldoffshorebounds.jpg>]

Package Fancyhdr Warning: \headheight is too small (12.0pt): 
 Make it at least 13.59999pt.
 We now make it that large for the rest of the document.
 This may cause the page layout to be inconsistent, however.

[3 </backup/bio_data/bio.lobster/figures/newoffshoreareas.jpg>]
</backup/bio_data/bio.lobster/figures/lfa41Logs.2002.2007..pdf, id=24, 505.89pt
 x 505.89pt>
File: /backup/bio_data/bio.lobster/figures/lfa41Logs.2002.2007..pdf Graphic fil
e (type pdf)

<use /backup/bio_data/bio.lobster/figures/lfa41Logs.2002.2007..pdf>
Package pdftex.def Info: /backup/bio_data/bio.lobster/figures/lfa41Logs.2002.20
07..pdf used on input line 53.
(pdftex.def)             Requested size: 221.78923pt x 221.78947pt.

</backup/bio_data/bio.lobster/figures/lfa41Logs.2007.2012..pdf, id=25, 505.89pt
 x 505.89pt>
File: /backup/bio_data/bio.lobster/figures/lfa41Logs.2007.2012..pdf Graphic fil
e (type pdf)

<use /backup/bio_data/bio.lobster/figures/lfa41Logs.2007.2012..pdf>
Package pdftex.def Info: /backup/bio_data/bio.lobster/figures/lfa41Logs.2007.20
12..pdf used on input line 54.
(pdftex.def)             Requested size: 221.78923pt x 221.78947pt.

</backup/bio_data/bio.lobster/figures/lfa41Logs.2013.2018..pdf, id=26, 505.89pt
 x 505.89pt>
File: /backup/bio_data/bio.lobster/figures/lfa41Logs.2013.2018..pdf Graphic fil
e (type pdf)

<use /backup/bio_data/bio.lobster/figures/lfa41Logs.2013.2018..pdf>
Package pdftex.def Info: /backup/bio_data/bio.lobster/figures/lfa41Logs.2013.20
18..pdf used on input line 55.
(pdftex.def)             Requested size: 221.78923pt x 221.78947pt.


LaTeX Warning: Float too large for page by 71.80048pt on input line 57.


Package Fancyhdr Warning: \headheight is too small (12.0pt): 
 Make it at least 13.59999pt.
 We now make it that large for the rest of the document.
 This may cause the page layout to be inconsistent, however.

[4 </backup/bio_data/bio.lobster/figures/lfa41Logs.2002.2007..pdf> </backup/bio
_data/bio.lobster/figures/lfa41Logs.2007.2012..pdf> </backup/bio_data/bio.lobst
er/figures/lfa41Logs.2013.2018..pdf>]
</backup/bio_data/bio.lobster/figures/summerstratamap.pdf, id=65, 469.755pt x 3
61.35pt>
File: /backup/bio_data/bio.lobster/figures/summerstratamap.pdf Graphic file (ty
pe pdf)
 <use /backup/bio_data/bio.lobster/figures/summerstratamap.pdf>
Package pdftex.def Info: /backup/bio_data/bio.lobster/figures/summerstratamap.p
df used on input line 62.
(pdftex.def)             Requested size: 288.32329pt x 221.78508pt.

</backup/bio_data/bio.lobster/figures/summerstrata41closeup.pdf, id=66, 505.89p
t x 505.89pt>
File: /backup/bio_data/bio.lobster/figures/summerstrata41closeup.pdf Graphic fi
le (type pdf)

<use /backup/bio_data/bio.lobster/figures/summerstrata41closeup.pdf>
Package pdftex.def Info: /backup/bio_data/bio.lobster/figures/summerstrata41clo
seup.pdf used on input line 63.
(pdftex.def)             Requested size: 221.78923pt x 221.78947pt.


Package Fancyhdr Warning: \headheight is too small (12.0pt): 
 Make it at least 13.59999pt.
 We now make it that large for the rest of the document.
 This may cause the page layout to be inconsistent, however.

[5 </backup/bio_data/bio.lobster/figures/summerstratamap.pdf> </backup/bio_data
/bio.lobster/figures/summerstrata41closeup.pdf>]
</backup/bio_data/bio.lobster/figures/georgesmap41.pdf, id=92, 505.89pt x 505.8
9pt>
File: /backup/bio_data/bio.lobster/figures/georgesmap41.pdf Graphic file (type 
pdf)
 <use /backup/bio_data/bio.lobster/figures/georgesmap41.pdf>
Package pdftex.def Info: /backup/bio_data/bio.lobster/figures/georgesmap41.pdf 
used on input line 70.
(pdftex.def)             Requested size: 443.57848pt x 443.58667pt.


Package Fancyhdr Warning: \headheight is too small (12.0pt): 
 Make it at least 13.59999pt.
 We now make it that large for the rest of the document.
 This may cause the page layout to be inconsistent, however.

[6 </backup/bio_data/bio.lobster/figures/georgesmap41.pdf>]
</backup/bio_data/bio.lobster/figures/americanmap41full.pdf, id=107, 505.89pt x
 505.89pt>
File: /backup/bio_data/bio.lobster/figures/americanmap41full.pdf Graphic file (
type pdf)
 <use /backup/bio_data/bio.lobster/figures/americanmap41full.pdf>
Package pdftex.def Info: /backup/bio_data/bio.lobster/figures/americanmap41full
.pdf used on input line 78.
(pdftex.def)             Requested size: 354.86412pt x 354.86934pt.

</backup/bio_data/bio.lobster/figures/americanmap41.pdf, id=108, 505.89pt x 505
.89pt>
File: /backup/bio_data/bio.lobster/figures/americanmap41.pdf Graphic file (type
 pdf)
 <use /backup/bio_data/bio.lobster/figures/americanmap41.pdf>
Package pdftex.def Info: /backup/bio_data/bio.lobster/figures/americanmap41.pdf
 used on input line 79.
(pdftex.def)             Requested size: 354.86412pt x 354.86934pt.

Overfull \hbox (51.33113pt too wide) in paragraph at lines 78--79
 [][][][] 
 []


Package Fancyhdr Warning: \headheight is too small (12.0pt): 
 Make it at least 13.59999pt.
 We now make it that large for the rest of the document.
 This may cause the page layout to be inconsistent, however.

[7 </backup/bio_data/bio.lobster/figures/americanmap41full.pdf> </backup/bio_da
ta/bio.lobster/figures/americanmap41.pdf>]
</backup/bio_data/bio.lobster/figures/surveyBubblesDFOSummer.1970.1974.pdf, id=
136, 505.89pt x 505.89pt>
File: /backup/bio_data/bio.lobster/figures/surveyBubblesDFOSummer.1970.1974.pdf
 Graphic file (type pdf)

<use /backup/bio_data/bio.lobster/figures/surveyBubblesDFOSummer.1970.1974.pdf>
Package pdftex.def Info: /backup/bio_data/bio.lobster/figures/surveyBubblesDFOS
ummer.1970.1974.pdf used on input line 91.
(pdftex.def)             Requested size: 164.12186pt x 127.50256pt.

</backup/bio_data/bio.lobster/figures/surveyBubblesDFOSummer.1975.1979.pdf, id=
138, 505.89pt x 505.89pt>
File: /backup/bio_data/bio.lobster/figures/surveyBubblesDFOSummer.1975.1979.pdf
 Graphic file (type pdf)

<use /backup/bio_data/bio.lobster/figures/surveyBubblesDFOSummer.1975.1979.pdf>
Package pdftex.def Info: /backup/bio_data/bio.lobster/figures/surveyBubblesDFOS
ummer.1975.1979.pdf used on input line 92.
(pdftex.def)             Requested size: 164.12186pt x 127.50256pt.

</backup/bio_data/bio.lobster/figures/surveyBubblesDFOSummer.1980.1984.pdf, id=
140, 505.89pt x 505.89pt>
File: /backup/bio_data/bio.lobster/figures/surveyBubblesDFOSummer.1980.1984.pdf
 Graphic file (type pdf)

<use /backup/bio_data/bio.lobster/figures/surveyBubblesDFOSummer.1980.1984.pdf>
Package pdftex.def Info: /backup/bio_data/bio.lobster/figures/surveyBubblesDFOS
ummer.1980.1984.pdf used on input line 93.
(pdftex.def)             Requested size: 164.12186pt x 127.50256pt.

Overfull \hbox (48.7871pt too wide) in paragraph at lines 91--93
 [][][][][][] 
 []


</backup/bio_data/bio.lobster/figures/surveyBubblesDFOSummer.1985.1989.pdf, id=
142, 505.89pt x 505.89pt>
File: /backup/bio_data/bio.lobster/figures/surveyBubblesDFOSummer.1985.1989.pdf
 Graphic file (type pdf)

<use /backup/bio_data/bio.lobster/figures/surveyBubblesDFOSummer.1985.1989.pdf>
Package pdftex.def Info: /backup/bio_data/bio.lobster/figures/surveyBubblesDFOS
ummer.1985.1989.pdf used on input line 94.
(pdftex.def)             Requested size: 164.12186pt x 127.50256pt.

</backup/bio_data/bio.lobster/figures/surveyBubblesDFOSummer.1990.1994.pdf, id=
144, 505.89pt x 505.89pt>
File: /backup/bio_data/bio.lobster/figures/surveyBubblesDFOSummer.1990.1994.pdf
 Graphic file (type pdf)

<use /backup/bio_data/bio.lobster/figures/surveyBubblesDFOSummer.1990.1994.pdf>
Package pdftex.def Info: /backup/bio_data/bio.lobster/figures/surveyBubblesDFOS
ummer.1990.1994.pdf used on input line 95.
(pdftex.def)             Requested size: 164.12186pt x 127.50256pt.

</backup/bio_data/bio.lobster/figures/surveyBubblesDFOSummer.1995.1999.pdf, id=
146, 505.89pt x 505.89pt>
File: /backup/bio_data/bio.lobster/figures/surveyBubblesDFOSummer.1995.1999.pdf
 Graphic file (type pdf)

<use /backup/bio_data/bio.lobster/figures/surveyBubblesDFOSummer.1995.1999.pdf>
Package pdftex.def Info: /backup/bio_data/bio.lobster/figures/surveyBubblesDFOS
ummer.1995.1999.pdf used on input line 96.
(pdftex.def)             Requested size: 164.12186pt x 127.50256pt.

Overfull \hbox (48.7871pt too wide) in paragraph at lines 94--96
 [][][][][][] 
 []


</backup/bio_data/bio.lobster/figures/surveyBubblesDFOSummer.2000.2004.pdf, id=
148, 505.89pt x 505.89pt>
File: /backup/bio_data/bio.lobster/figures/surveyBubblesDFOSummer.2000.2004.pdf
 Graphic file (type pdf)

<use /backup/bio_data/bio.lobster/figures/surveyBubblesDFOSummer.2000.2004.pdf>
Package pdftex.def Info: /backup/bio_data/bio.lobster/figures/surveyBubblesDFOS
ummer.2000.2004.pdf used on input line 97.
(pdftex.def)             Requested size: 164.12186pt x 127.50256pt.

</backup/bio_data/bio.lobster/figures/surveyBubblesDFOSummer.2005.2009.pdf, id=
150, 505.89pt x 505.89pt>
File: /backup/bio_data/bio.lobster/figures/surveyBubblesDFOSummer.2005.2009.pdf
 Graphic file (type pdf)

<use /backup/bio_data/bio.lobster/figures/surveyBubblesDFOSummer.2005.2009.pdf>
Package pdftex.def Info: /backup/bio_data/bio.lobster/figures/surveyBubblesDFOS
ummer.2005.2009.pdf used on input line 98.
(pdftex.def)             Requested size: 164.12186pt x 127.50256pt.

</backup/bio_data/bio.lobster/figures/surveyBubblesDFOSummer.2010.2014.pdf, id=
152, 505.89pt x 505.89pt>
File: /backup/bio_data/bio.lobster/figures/surveyBubblesDFOSummer.2010.2014.pdf
 Graphic file (type pdf)

<use /backup/bio_data/bio.lobster/figures/surveyBubblesDFOSummer.2010.2014.pdf>
Package pdftex.def Info: /backup/bio_data/bio.lobster/figures/surveyBubblesDFOS
ummer.2010.2014.pdf used on input line 99.
(pdftex.def)             Requested size: 164.12186pt x 127.50256pt.

Overfull \hbox (48.7871pt too wide) in paragraph at lines 97--99
 [][][][][][] 
 []


</backup/bio_data/bio.lobster/figures/surveyBubblesDFOSummer.2015.2015.pdf, id=
154, 505.89pt x 505.89pt>
File: /backup/bio_data/bio.lobster/figures/surveyBubblesDFOSummer.2015.2015.pdf
 Graphic file (type pdf)

<use /backup/bio_data/bio.lobster/figures/surveyBubblesDFOSummer.2015.2015.pdf>
Package pdftex.def Info: /backup/bio_data/bio.lobster/figures/surveyBubblesDFOS
ummer.2015.2015.pdf used on input line 100.
(pdftex.def)             Requested size: 164.12186pt x 127.50256pt.

Package Fancyhdr Warning: \headheight is too small (12.0pt): 
 Make it at least 13.59999pt.
 We now make it that large for the rest of the document.
 This may cause the page layout to be inconsistent, however.

[8 </backup/bio_data/bio.lobster/figures/surveyBubblesDFOSummer.1970.1974.pdf> 
</backup/bio_data/bio.lobster/figures/surveyBubblesDFOSummer.1975.1979.pdf> </b
ackup/bio_data/bio.lobster/figures/surveyBubblesDFOSummer.1980.1984.pdf> </back
up/bio_data/bio.lobster/figures/surveyBubblesDFOSummer.1985.1989.pdf> </backup/
bio_data/bio.lobster/figures/surveyBubblesDFOSummer.1990.1994.pdf> </backup/bio
_data/bio.lobster/figures/surveyBubblesDFOSummer.1995.1999.pdf> </backup/bio_da
ta/bio.lobster/figures/surveyBubblesDFOSummer.2000.2004.pdf> </backup/bio_data/
bio.lobster/figures/surveyBubblesDFOSummer.2005.2009.pdf> </backup/bio_data/bio
.lobster/figures/surveyBubblesDFOSummer.2010.2014.pdf> </backup/bio_data/bio.lo
bster/figures/surveyBubblesDFOSummer.2015.2015.pdf>]
</backup/bio_data/bio.lobster/figures/surveyBubblesNEFSCSpring.1969.1974.pdf, i
d=292, 505.89pt x 505.89pt>
File: /backup/bio_data/bio.lobster/figures/surveyBubblesNEFSCSpring.1969.1974.p
df Graphic file (type pdf)

<use /backup/bio_data/bio.lobster/figures/surveyBubblesNEFSCSpring.1969.1974.pd
f>
Package pdftex.def Info: /backup/bio_data/bio.lobster/figures/surveyBubblesNEFS
CSpring.1969.1974.pdf used on input line 111.
(pdftex.def)             Requested size: 164.12186pt x 127.50256pt.

</backup/bio_data/bio.lobster/figures/surveyBubblesNEFSCSpring.1975.1979.pdf, i
d=294, 505.89pt x 505.89pt>
File: /backup/bio_data/bio.lobster/figures/surveyBubblesNEFSCSpring.1975.1979.p
df Graphic file (type pdf)

<use /backup/bio_data/bio.lobster/figures/surveyBubblesNEFSCSpring.1975.1979.pd
f>
Package pdftex.def Info: /backup/bio_data/bio.lobster/figures/surveyBubblesNEFS
CSpring.1975.1979.pdf used on input line 112.
(pdftex.def)             Requested size: 164.12186pt x 127.50256pt.

</backup/bio_data/bio.lobster/figures/surveyBubblesNEFSCSpring.1980.1984.pdf, i
d=296, 505.89pt x 505.89pt>
File: /backup/bio_data/bio.lobster/figures/surveyBubblesNEFSCSpring.1980.1984.p
df Graphic file (type pdf)

<use /backup/bio_data/bio.lobster/figures/surveyBubblesNEFSCSpring.1980.1984.pd
f>
Package pdftex.def Info: /backup/bio_data/bio.lobster/figures/surveyBubblesNEFS
CSpring.1980.1984.pdf used on input line 113.
(pdftex.def)             Requested size: 164.12186pt x 127.50256pt.

Overfull \hbox (48.7871pt too wide) in paragraph at lines 111--113
 [][][][][][] 
 []


</backup/bio_data/bio.lobster/figures/surveyBubblesNEFSCSpring.1985.1989.pdf, i
d=298, 505.89pt x 505.89pt>
File: /backup/bio_data/bio.lobster/figures/surveyBubblesNEFSCSpring.1985.1989.p
df Graphic file (type pdf)

<use /backup/bio_data/bio.lobster/figures/surveyBubblesNEFSCSpring.1985.1989.pd
f>
Package pdftex.def Info: /backup/bio_data/bio.lobster/figures/surveyBubblesNEFS
CSpring.1985.1989.pdf used on input line 114.
(pdftex.def)             Requested size: 164.12186pt x 127.50256pt.

</backup/bio_data/bio.lobster/figures/surveyBubblesNEFSCSpring.1990.1994.pdf, i
d=300, 505.89pt x 505.89pt>
File: /backup/bio_data/bio.lobster/figures/surveyBubblesNEFSCSpring.1990.1994.p
df Graphic file (type pdf)

<use /backup/bio_data/bio.lobster/figures/surveyBubblesNEFSCSpring.1990.1994.pd
f>
Package pdftex.def Info: /backup/bio_data/bio.lobster/figures/surveyBubblesNEFS
CSpring.1990.1994.pdf used on input line 115.
(pdftex.def)             Requested size: 164.12186pt x 127.50256pt.

</backup/bio_data/bio.lobster/figures/surveyBubblesNEFSCSpring.1995.1999.pdf, i
d=302, 505.89pt x 505.89pt>
File: /backup/bio_data/bio.lobster/figures/surveyBubblesNEFSCSpring.1995.1999.p
df Graphic file (type pdf)

<use /backup/bio_data/bio.lobster/figures/surveyBubblesNEFSCSpring.1995.1999.pd
f>
Package pdftex.def Info: /backup/bio_data/bio.lobster/figures/surveyBubblesNEFS
CSpring.1995.1999.pdf used on input line 116.
(pdftex.def)             Requested size: 164.12186pt x 127.50256pt.

Overfull \hbox (48.7871pt too wide) in paragraph at lines 114--116
 [][][][][][] 
 []


</backup/bio_data/bio.lobster/figures/surveyBubblesNEFSCSpring.2000.2004.pdf, i
d=304, 505.89pt x 505.89pt>
File: /backup/bio_data/bio.lobster/figures/surveyBubblesNEFSCSpring.2000.2004.p
df Graphic file (type pdf)

<use /backup/bio_data/bio.lobster/figures/surveyBubblesNEFSCSpring.2000.2004.pd
f>
Package pdftex.def Info: /backup/bio_data/bio.lobster/figures/surveyBubblesNEFS
CSpring.2000.2004.pdf used on input line 117.
(pdftex.def)             Requested size: 164.12186pt x 127.50256pt.

</backup/bio_data/bio.lobster/figures/surveyBubblesNEFSCSpring.2005.2009.pdf, i
d=306, 505.89pt x 505.89pt>
File: /backup/bio_data/bio.lobster/figures/surveyBubblesNEFSCSpring.2005.2009.p
df Graphic file (type pdf)

<use /backup/bio_data/bio.lobster/figures/surveyBubblesNEFSCSpring.2005.2009.pd
f>
Package pdftex.def Info: /backup/bio_data/bio.lobster/figures/surveyBubblesNEFS
CSpring.2005.2009.pdf used on input line 118.
(pdftex.def)             Requested size: 164.12186pt x 127.50256pt.

</backup/bio_data/bio.lobster/figures/surveyBubblesNEFSCSpring.2010.2014.pdf, i
d=308, 505.89pt x 505.89pt>
File: /backup/bio_data/bio.lobster/figures/surveyBubblesNEFSCSpring.2010.2014.p
df Graphic file (type pdf)

<use /backup/bio_data/bio.lobster/figures/surveyBubblesNEFSCSpring.2010.2014.pd
f>
Package pdftex.def Info: /backup/bio_data/bio.lobster/figures/surveyBubblesNEFS
CSpring.2010.2014.pdf used on input line 119.
(pdftex.def)             Requested size: 164.12186pt x 127.50256pt.

Overfull \hbox (48.7871pt too wide) in paragraph at lines 117--119
 [][][][][][] 
 []


</backup/bio_data/bio.lobster/figures/surveyBubblesNEFSCSpring.2015.2015.pdf, i
d=310, 505.89pt x 505.89pt>
File: /backup/bio_data/bio.lobster/figures/surveyBubblesNEFSCSpring.2015.2015.p
df Graphic file (type pdf)

<use /backup/bio_data/bio.lobster/figures/surveyBubblesNEFSCSpring.2015.2015.pd
f>
Package pdftex.def Info: /backup/bio_data/bio.lobster/figures/surveyBubblesNEFS
CSpring.2015.2015.pdf used on input line 120.
(pdftex.def)             Requested size: 164.12186pt x 127.50256pt.


Package Fancyhdr Warning: \headheight is too small (12.0pt): 
 Make it at least 13.59999pt.
 We now make it that large for the rest of the document.
 This may cause the page layout to be inconsistent, however.

[9 </backup/bio_data/bio.lobster/figures/surveyBubblesNEFSCSpring.1969.1974.pdf
> </backup/bio_data/bio.lobster/figures/surveyBubblesNEFSCSpring.1975.1979.pdf>
 </backup/bio_data/bio.lobster/figures/surveyBubblesNEFSCSpring.1980.1984.pdf> 
</backup/bio_data/bio.lobster/figures/surveyBubblesNEFSCSpring.1985.1989.pdf> <
/backup/bio_data/bio.lobster/figures/surveyBubblesNEFSCSpring.1990.1994.pdf> </
backup/bio_data/bio.lobster/figures/surveyBubblesNEFSCSpring.1995.1999.pdf> </b
ackup/bio_data/bio.lobster/figures/surveyBubblesNEFSCSpring.2000.2004.pdf> </ba
ckup/bio_data/bio.lobster/figures/surveyBubblesNEFSCSpring.2005.2009.pdf> </bac
kup/bio_data/bio.lobster/figures/surveyBubblesNEFSCSpring.2010.2014.pdf> </back
up/bio_data/bio.lobster/figures/surveyBubblesNEFSCSpring.2015.2015.pdf>]
</backup/bio_data/bio.lobster/figures/surveyBubblesNEFSCFall.1969.1974.pdf, id=
448, 505.89pt x 505.89pt>
File: /backup/bio_data/bio.lobster/figures/surveyBubblesNEFSCFall.1969.1974.pdf
 Graphic file (type pdf)

<use /backup/bio_data/bio.lobster/figures/surveyBubblesNEFSCFall.1969.1974.pdf>
Package pdftex.def Info: /backup/bio_data/bio.lobster/figures/surveyBubblesNEFS
CFall.1969.1974.pdf used on input line 130.
(pdftex.def)             Requested size: 164.12186pt x 127.50256pt.

</backup/bio_data/bio.lobster/figures/surveyBubblesNEFSCFall.1975.1979.pdf, id=
450, 505.89pt x 505.89pt>
File: /backup/bio_data/bio.lobster/figures/surveyBubblesNEFSCFall.1975.1979.pdf
 Graphic file (type pdf)

<use /backup/bio_data/bio.lobster/figures/surveyBubblesNEFSCFall.1975.1979.pdf>
Package pdftex.def Info: /backup/bio_data/bio.lobster/figures/surveyBubblesNEFS
CFall.1975.1979.pdf used on input line 131.
(pdftex.def)             Requested size: 164.12186pt x 127.50256pt.

</backup/bio_data/bio.lobster/figures/surveyBubblesNEFSCFall.1980.1984.pdf, id=
452, 505.89pt x 505.89pt>
File: /backup/bio_data/bio.lobster/figures/surveyBubblesNEFSCFall.1980.1984.pdf
 Graphic file (type pdf)

<use /backup/bio_data/bio.lobster/figures/surveyBubblesNEFSCFall.1980.1984.pdf>
Package pdftex.def Info: /backup/bio_data/bio.lobster/figures/surveyBubblesNEFS
CFall.1980.1984.pdf used on input line 132.
(pdftex.def)             Requested size: 164.12186pt x 127.50256pt.

Overfull \hbox (48.7871pt too wide) in paragraph at lines 130--132
 [][][][][][] 
 []


</backup/bio_data/bio.lobster/figures/surveyBubblesNEFSCFall.1985.1989.pdf, id=
454, 505.89pt x 505.89pt>
File: /backup/bio_data/bio.lobster/figures/surveyBubblesNEFSCFall.1985.1989.pdf
 Graphic file (type pdf)

<use /backup/bio_data/bio.lobster/figures/surveyBubblesNEFSCFall.1985.1989.pdf>
Package pdftex.def Info: /backup/bio_data/bio.lobster/figures/surveyBubblesNEFS
CFall.1985.1989.pdf used on input line 133.
(pdftex.def)             Requested size: 164.12186pt x 127.50256pt.

</backup/bio_data/bio.lobster/figures/surveyBubblesNEFSCFall.1990.1994.pdf, id=
456, 505.89pt x 505.89pt>
File: /backup/bio_data/bio.lobster/figures/surveyBubblesNEFSCFall.1990.1994.pdf
 Graphic file (type pdf)

<use /backup/bio_data/bio.lobster/figures/surveyBubblesNEFSCFall.1990.1994.pdf>
Package pdftex.def Info: /backup/bio_data/bio.lobster/figures/surveyBubblesNEFS
CFall.1990.1994.pdf used on input line 134.
(pdftex.def)             Requested size: 164.12186pt x 127.50256pt.

</backup/bio_data/bio.lobster/figures/surveyBubblesNEFSCFall.1995.1999.pdf, id=
458, 505.89pt x 505.89pt>
File: /backup/bio_data/bio.lobster/figures/surveyBubblesNEFSCFall.1995.1999.pdf
 Graphic file (type pdf)

<use /backup/bio_data/bio.lobster/figures/surveyBubblesNEFSCFall.1995.1999.pdf>
Package pdftex.def Info: /backup/bio_data/bio.lobster/figures/surveyBubblesNEFS
CFall.1995.1999.pdf used on input line 135.
(pdftex.def)             Requested size: 164.12186pt x 127.50256pt.

Overfull \hbox (48.7871pt too wide) in paragraph at lines 133--135
 [][][][][][] 
 []


</backup/bio_data/bio.lobster/figures/surveyBubblesNEFSCFall.2000.2004.pdf, id=
460, 505.89pt x 505.89pt>
File: /backup/bio_data/bio.lobster/figures/surveyBubblesNEFSCFall.2000.2004.pdf
 Graphic file (type pdf)

<use /backup/bio_data/bio.lobster/figures/surveyBubblesNEFSCFall.2000.2004.pdf>
Package pdftex.def Info: /backup/bio_data/bio.lobster/figures/surveyBubblesNEFS
CFall.2000.2004.pdf used on input line 136.
(pdftex.def)             Requested size: 164.12186pt x 127.50256pt.

</backup/bio_data/bio.lobster/figures/surveyBubblesNEFSCFall.2005.2009.pdf, id=
462, 505.89pt x 505.89pt>
File: /backup/bio_data/bio.lobster/figures/surveyBubblesNEFSCFall.2005.2009.pdf
 Graphic file (type pdf)

<use /backup/bio_data/bio.lobster/figures/surveyBubblesNEFSCFall.2005.2009.pdf>
Package pdftex.def Info: /backup/bio_data/bio.lobster/figures/surveyBubblesNEFS
CFall.2005.2009.pdf used on input line 137.
(pdftex.def)             Requested size: 164.12186pt x 127.50256pt.

</backup/bio_data/bio.lobster/figures/surveyBubblesNEFSCFall.2010.2014.pdf, id=
464, 505.89pt x 505.89pt>
File: /backup/bio_data/bio.lobster/figures/surveyBubblesNEFSCFall.2010.2014.pdf
 Graphic file (type pdf)

<use /backup/bio_data/bio.lobster/figures/surveyBubblesNEFSCFall.2010.2014.pdf>
Package pdftex.def Info: /backup/bio_data/bio.lobster/figures/surveyBubblesNEFS
CFall.2010.2014.pdf used on input line 138.
(pdftex.def)             Requested size: 164.12186pt x 127.50256pt.

Overfull \hbox (48.7871pt too wide) in paragraph at lines 136--138
 [][][][][][] 
 []


</backup/bio_data/bio.lobster/figures/surveyBubblesNEFSCFall.2015.2015.pdf, id=
466, 505.89pt x 505.89pt>
File: /backup/bio_data/bio.lobster/figures/surveyBubblesNEFSCFall.2015.2015.pdf
 Graphic file (type pdf)

<use /backup/bio_data/bio.lobster/figures/surveyBubblesNEFSCFall.2015.2015.pdf>
Package pdftex.def Info: /backup/bio_data/bio.lobster/figures/surveyBubblesNEFS
CFall.2015.2015.pdf used on input line 139.
(pdftex.def)             Requested size: 164.12186pt x 127.50256pt.

Package Fancyhdr Warning: \headheight is too small (12.0pt): 
 Make it at least 13.59999pt.
 We now make it that large for the rest of the document.
 This may cause the page layout to be inconsistent, however.

[10 </backup/bio_data/bio.lobster/figures/surveyBubblesNEFSCFall.1969.1974.pdf>
 </backup/bio_data/bio.lobster/figures/surveyBubblesNEFSCFall.1975.1979.pdf> </
backup/bio_data/bio.lobster/figures/surveyBubblesNEFSCFall.1980.1984.pdf> </bac
kup/bio_data/bio.lobster/figures/surveyBubblesNEFSCFall.1985.1989.pdf> </backup
/bio_data/bio.lobster/figures/surveyBubblesNEFSCFall.1990.1994.pdf> </backup/bi
o_data/bio.lobster/figures/surveyBubblesNEFSCFall.1995.1999.pdf> </backup/bio_d
ata/bio.lobster/figures/surveyBubblesNEFSCFall.2000.2004.pdf> </backup/bio_data
/bio.lobster/figures/surveyBubblesNEFSCFall.2005.2009.pdf> </backup/bio_data/bi
o.lobster/figures/surveyBubblesNEFSCFall.2010.2014.pdf> </backup/bio_data/bio.l
obster/figures/surveyBubblesNEFSCFall.2015.2015.pdf>]
</backup/bio_data/bio.lobster/figures/surveyBubblesDFOGeorges.1987.1994.pdf, id
=604, 505.89pt x 505.89pt>
File: /backup/bio_data/bio.lobster/figures/surveyBubblesDFOGeorges.1987.1994.pd
f Graphic file (type pdf)

<use /backup/bio_data/bio.lobster/figures/surveyBubblesDFOGeorges.1987.1994.pdf
>
Package pdftex.def Info: /backup/bio_data/bio.lobster/figures/surveyBubblesDFOG
eorges.1987.1994.pdf used on input line 150.
(pdftex.def)             Requested size: 164.12186pt x 127.50256pt.

</backup/bio_data/bio.lobster/figures/surveyBubblesDFOGeorges.1995.1999.pdf, id
=606, 505.89pt x 505.89pt>
File: /backup/bio_data/bio.lobster/figures/surveyBubblesDFOGeorges.1995.1999.pd
f Graphic file (type pdf)

<use /backup/bio_data/bio.lobster/figures/surveyBubblesDFOGeorges.1995.1999.pdf
>
Package pdftex.def Info: /backup/bio_data/bio.lobster/figures/surveyBubblesDFOG
eorges.1995.1999.pdf used on input line 151.
(pdftex.def)             Requested size: 164.12186pt x 127.50256pt.

</backup/bio_data/bio.lobster/figures/surveyBubblesDFOGeorges.2000.2004.pdf, id
=608, 505.89pt x 505.89pt>
File: /backup/bio_data/bio.lobster/figures/surveyBubblesDFOGeorges.2000.2004.pd
f Graphic file (type pdf)

<use /backup/bio_data/bio.lobster/figures/surveyBubblesDFOGeorges.2000.2004.pdf
>
Package pdftex.def Info: /backup/bio_data/bio.lobster/figures/surveyBubblesDFOG
eorges.2000.2004.pdf used on input line 152.
(pdftex.def)             Requested size: 164.12186pt x 127.50256pt.

Overfull \hbox (48.7871pt too wide) in paragraph at lines 150--152
 [][][][][][] 
 []


</backup/bio_data/bio.lobster/figures/surveyBubblesDFOGeorges.2005.2009.pdf, id
=610, 505.89pt x 505.89pt>
File: /backup/bio_data/bio.lobster/figures/surveyBubblesDFOGeorges.2005.2009.pd
f Graphic file (type pdf)

<use /backup/bio_data/bio.lobster/figures/surveyBubblesDFOGeorges.2005.2009.pdf
>
Package pdftex.def Info: /backup/bio_data/bio.lobster/figures/surveyBubblesDFOG
eorges.2005.2009.pdf used on input line 153.
(pdftex.def)             Requested size: 164.12186pt x 127.50256pt.

</backup/bio_data/bio.lobster/figures/surveyBubblesDFOGeorges.2010.2014.pdf, id
=612, 505.89pt x 505.89pt>
File: /backup/bio_data/bio.lobster/figures/surveyBubblesDFOGeorges.2010.2014.pd
f Graphic file (type pdf)

<use /backup/bio_data/bio.lobster/figures/surveyBubblesDFOGeorges.2010.2014.pdf
>
Package pdftex.def Info: /backup/bio_data/bio.lobster/figures/surveyBubblesDFOG
eorges.2010.2014.pdf used on input line 154.
(pdftex.def)             Requested size: 164.12186pt x 127.50256pt.

</backup/bio_data/bio.lobster/figures/surveyBubblesDFOGeorges.2015.2015.pdf, id
=614, 505.89pt x 505.89pt>
File: /backup/bio_data/bio.lobster/figures/surveyBubblesDFOGeorges.2015.2015.pd
f Graphic file (type pdf)

<use /backup/bio_data/bio.lobster/figures/surveyBubblesDFOGeorges.2015.2015.pdf
>
Package pdftex.def Info: /backup/bio_data/bio.lobster/figures/surveyBubblesDFOG
eorges.2015.2015.pdf used on input line 155.
(pdftex.def)             Requested size: 164.12186pt x 127.50256pt.

Overfull \hbox (48.7871pt too wide) in paragraph at lines 153--155
 [][][][][][] 
 []


Package Fancyhdr Warning: \headheight is too small (12.0pt): 
 Make it at least 13.59999pt.
 We now make it that large for the rest of the document.
 This may cause the page layout to be inconsistent, however.

[11 </backup/bio_data/bio.lobster/figures/surveyBubblesDFOGeorges.1987.1994.pdf
> </backup/bio_data/bio.lobster/figures/surveyBubblesDFOGeorges.1995.1999.pdf> 
</backup/bio_data/bio.lobster/figures/surveyBubblesDFOGeorges.2000.2004.pdf> </
backup/bio_data/bio.lobster/figures/surveyBubblesDFOGeorges.2005.2009.pdf> </ba
ckup/bio_data/bio.lobster/figures/surveyBubblesDFOGeorges.2010.2014.pdf> </back
up/bio_data/bio.lobster/figures/surveyBubblesDFOGeorges.2015.2015.pdf>]
</backup/bio_data/bio.lobster/figures/lfa41DFObase.pdf, id=700, 505.89pt x 505.
89pt>
File: /backup/bio_data/bio.lobster/figures/lfa41DFObase.pdf Graphic file (type 
pdf)
 <use /backup/bio_data/bio.lobster/figures/lfa41DFObase.pdf>
Package pdftex.def Info: /backup/bio_data/bio.lobster/figures/lfa41DFObase.pdf 
used on input line 167.
(pdftex.def)             Requested size: 221.78923pt x 221.78947pt.

</backup/bio_data/bio.lobster/figures/lfa41DFOrestratified.pdf, id=701, 505.89p
t x 505.89pt>
File: /backup/bio_data/bio.lobster/figures/lfa41DFOrestratified.pdf Graphic fil
e (type pdf)

<use /backup/bio_data/bio.lobster/figures/lfa41DFOrestratified.pdf>
Package pdftex.def Info: /backup/bio_data/bio.lobster/figures/lfa41DFOrestratif
ied.pdf used on input line 168.
(pdftex.def)             Requested size: 221.78923pt x 221.78947pt.

</backup/bio_data/bio.lobster/figures/lfa41DFOadjrestratified.pdf, id=702, 505.
89pt x 505.89pt>
File: /backup/bio_data/bio.lobster/figures/lfa41DFOadjrestratified.pdf Graphic 
file (type pdf)

<use /backup/bio_data/bio.lobster/figures/lfa41DFOadjrestratified.pdf>
Package pdftex.def Info: /backup/bio_data/bio.lobster/figures/lfa41DFOadjrestra
tified.pdf used on input line 169.
(pdftex.def)             Requested size: 221.78923pt x 221.78947pt.


Package Fancyhdr Warning: \headheight is too small (12.0pt): 
 Make it at least 13.59999pt.
 We now make it that large for the rest of the document.
 This may cause the page layout to be inconsistent, however.

[12 </backup/bio_data/bio.lobster/figures/lfa41DFObase.pdf> </backup/bio_data/b
io.lobster/figures/lfa41DFOrestratified.pdf> </backup/bio_data/bio.lobster/figu
res/lfa41DFOadjrestratified.pdf>]
</backup/bio_data/bio.lobster/figures/lfa41NEFSCspringbase.pdf, id=726, 505.89p
t x 505.89pt>
File: /backup/bio_data/bio.lobster/figures/lfa41NEFSCspringbase.pdf Graphic fil
e (type pdf)

<use /backup/bio_data/bio.lobster/figures/lfa41NEFSCspringbase.pdf>
Package pdftex.def Info: /backup/bio_data/bio.lobster/figures/lfa41NEFSCspringb
ase.pdf used on input line 178.
(pdftex.def)             Requested size: 221.78923pt x 221.78947pt.

</backup/bio_data/bio.lobster/figures/lfa41NEFSCspringrestratified.pdf, id=727,
 505.89pt x 505.89pt>
File: /backup/bio_data/bio.lobster/figures/lfa41NEFSCspringrestratified.pdf Gra
phic file (type pdf)

<use /backup/bio_data/bio.lobster/figures/lfa41NEFSCspringrestratified.pdf>
Package pdftex.def Info: /backup/bio_data/bio.lobster/figures/lfa41NEFSCspringr
estratified.pdf used on input line 179.
(pdftex.def)             Requested size: 221.78923pt x 221.78947pt.

</backup/bio_data/bio.lobster/figures/lfa41NEFSCspringrestratifiedadjacent.pdf,
 id=728, 505.89pt x 505.89pt>
File: /backup/bio_data/bio.lobster/figures/lfa41NEFSCspringrestratifiedadjacent
.pdf Graphic file (type pdf)

<use /backup/bio_data/bio.lobster/figures/lfa41NEFSCspringrestratifiedadjacent.
pdf>
Package pdftex.def Info: /backup/bio_data/bio.lobster/figures/lfa41NEFSCspringr
estratifiedadjacent.pdf used on input line 180.
(pdftex.def)             Requested size: 221.78923pt x 221.78947pt.


Package Fancyhdr Warning: \headheight is too small (12.0pt): 
 Make it at least 13.59999pt.
 We now make it that large for the rest of the document.
 This may cause the page layout to be inconsistent, however.

[13 </backup/bio_data/bio.lobster/figures/lfa41NEFSCspringbase.pdf> </backup/bi
o_data/bio.lobster/figures/lfa41NEFSCspringrestratified.pdf> </backup/bio_data/
bio.lobster/figures/lfa41NEFSCspringrestratifiedadjacent.pdf>]
</backup/bio_data/bio.lobster/figures/lfa41NEFSCfallbase.pdf, id=753, 505.89pt 
x 505.89pt>
File: /backup/bio_data/bio.lobster/figures/lfa41NEFSCfallbase.pdf Graphic file 
(type pdf)
 <use /backup/bio_data/bio.lobster/figures/lfa41NEFSCfallbase.pdf>
Package pdftex.def Info: /backup/bio_data/bio.lobster/figures/lfa41NEFSCfallbas
e.pdf used on input line 188.
(pdftex.def)             Requested size: 221.78923pt x 221.78947pt.

</backup/bio_data/bio.lobster/figures/lfa41NEFSCfalrestratified.pdf, id=754, 50
5.89pt x 505.89pt>
File: /backup/bio_data/bio.lobster/figures/lfa41NEFSCfalrestratified.pdf Graphi
c file (type pdf)

<use /backup/bio_data/bio.lobster/figures/lfa41NEFSCfalrestratified.pdf>
Package pdftex.def Info: /backup/bio_data/bio.lobster/figures/lfa41NEFSCfalrest
ratified.pdf used on input line 189.
(pdftex.def)             Requested size: 221.78923pt x 221.78947pt.

</backup/bio_data/bio.lobster/figures/lfa41NEFSCFallrestratifiedadjacent.pdf, i
d=755, 505.89pt x 505.89pt>
File: /backup/bio_data/bio.lobster/figures/lfa41NEFSCFallrestratifiedadjacent.p
df Graphic file (type pdf)

<use /backup/bio_data/bio.lobster/figures/lfa41NEFSCFallrestratifiedadjacent.pd
f>
Package pdftex.def Info: /backup/bio_data/bio.lobster/figures/lfa41NEFSCFallres
tratifiedadjacent.pdf used on input line 190.
(pdftex.def)             Requested size: 221.78923pt x 221.78947pt.


Package Fancyhdr Warning: \headheight is too small (12.0pt): 
 Make it at least 13.59999pt.
 We now make it that large for the rest of the document.
 This may cause the page layout to be inconsistent, however.

[14 </backup/bio_data/bio.lobster/figures/lfa41NEFSCfallbase.pdf> </backup/bio_
data/bio.lobster/figures/lfa41NEFSCfalrestratified.pdf> </backup/bio_data/bio.l
obster/figures/lfa41NEFSCFallrestratifiedadjacent.pdf>]
</backup/bio_data/bio.lobster/figures/lfa41georgesefficiency.pdf, id=780, 505.8
9pt x 505.89pt>
File: /backup/bio_data/bio.lobster/figures/lfa41georgesefficiency.pdf Graphic f
ile (type pdf)

<use /backup/bio_data/bio.lobster/figures/lfa41georgesefficiency.pdf>
Package pdftex.def Info: /backup/bio_data/bio.lobster/figures/lfa41georgeseffic
iency.pdf used on input line 199.
(pdftex.def)             Requested size: 377.0444pt x 377.05446pt.


Package Fancyhdr Warning: \headheight is too small (12.0pt): 
 Make it at least 13.59999pt.
 We now make it that large for the rest of the document.
 This may cause the page layout to be inconsistent, however.

[15 </backup/bio_data/bio.lobster/figures/lfa41georgesefficiency.pdf>]
</backup/bio_data/bio.lobster/figures/lfa41DFObasenumbers.png, id=792, 1084.05p
t x 867.24pt>
File: /backup/bio_data/bio.lobster/figures/lfa41DFObasenumbers.png Graphic file
 (type png)

<use /backup/bio_data/bio.lobster/figures/lfa41DFObasenumbers.png>
Package pdftex.def Info: /backup/bio_data/bio.lobster/figures/lfa41DFObasenumbe
rs.png used on input line 209.
(pdftex.def)             Requested size: 221.78923pt x 177.42805pt.

</backup/bio_data/bio.lobster/figures/lfa41DFOrestratifiednumbers.png, id=793, 
1084.05pt x 867.24pt>
File: /backup/bio_data/bio.lobster/figures/lfa41DFOrestratifiednumbers.png Grap
hic file (type png)

<use /backup/bio_data/bio.lobster/figures/lfa41DFOrestratifiednumbers.png>
Package pdftex.def Info: /backup/bio_data/bio.lobster/figures/lfa41DFOrestratif
iednumbers.png used on input line 210.
(pdftex.def)             Requested size: 221.78923pt x 177.42805pt.

</backup/bio_data/bio.lobster/figures/adjcentlfa41DFOrestratifiednumbers.png, i
d=794, 1084.05pt x 867.24pt>
File: /backup/bio_data/bio.lobster/figures/adjcentlfa41DFOrestratifiednumbers.p
ng Graphic file (type png)

<use /backup/bio_data/bio.lobster/figures/adjcentlfa41DFOrestratifiednumbers.pn
g>
Package pdftex.def Info: /backup/bio_data/bio.lobster/figures/adjcentlfa41DFOre
stratifiednumbers.png used on input line 211.
(pdftex.def)             Requested size: 221.78923pt x 177.42805pt.

</backup/bio_data/bio.lobster/figures/lfa41DFOrestratifiednumbersNOY.png, id=79
5, 1084.05pt x 867.24pt>
File: /backup/bio_data/bio.lobster/figures/lfa41DFOrestratifiednumbersNOY.png G
raphic file (type png)

<use /backup/bio_data/bio.lobster/figures/lfa41DFOrestratifiednumbersNOY.png>
Package pdftex.def Info: /backup/bio_data/bio.lobster/figures/lfa41DFOrestratif
iednumbersNOY.png used on input line 212.
(pdftex.def)             Requested size: 221.78923pt x 177.42805pt.


Package Fancyhdr Warning: \headheight is too small (12.0pt): 
 Make it at least 13.59999pt.
 We now make it that large for the rest of the document.
 This may cause the page layout to be inconsistent, however.

[16 </backup/bio_data/bio.lobster/figures/lfa41DFObasenumbers.png (PNG copy)> <
/backup/bio_data/bio.lobster/figures/lfa41DFOrestratifiednumbers.png (PNG copy)
> </backup/bio_data/bio.lobster/figures/adjcentlfa41DFOrestratifiednumbers.png 
(PNG copy)> </backup/bio_data/bio.lobster/figures/lfa41DFOrestratifiednumbersNO
Y.png (PNG copy)>]
</backup/bio_data/bio.lobster/figures/lfa41NEFSCSpringbasenumbers.png, id=805, 
1084.05pt x 867.24pt>
File: /backup/bio_data/bio.lobster/figures/lfa41NEFSCSpringbasenumbers.png Grap
hic file (type png)

<use /backup/bio_data/bio.lobster/figures/lfa41NEFSCSpringbasenumbers.png>
Package pdftex.def Info: /backup/bio_data/bio.lobster/figures/lfa41NEFSCSpringb
asenumbers.png used on input line 220.
(pdftex.def)             Requested size: 221.78923pt x 177.42805pt.

</backup/bio_data/bio.lobster/figures/lfa41NEFSCSpringrestratifiednumbers.png, 
id=806, 1084.05pt x 867.24pt>
File: /backup/bio_data/bio.lobster/figures/lfa41NEFSCSpringrestratifiednumbers.
png Graphic file (type png)

<use /backup/bio_data/bio.lobster/figures/lfa41NEFSCSpringrestratifiednumbers.p
ng>
Package pdftex.def Info: /backup/bio_data/bio.lobster/figures/lfa41NEFSCSpringr
estratifiednumbers.png used on input line 221.
(pdftex.def)             Requested size: 221.78923pt x 177.42805pt.

</backup/bio_data/bio.lobster/figures/adjacentlfa41NEFSCSpringrestratifiednumbe
rs.png, id=807, 1084.05pt x 867.24pt>
File: /backup/bio_data/bio.lobster/figures/adjacentlfa41NEFSCSpringrestratified
numbers.png Graphic file (type png)

<use /backup/bio_data/bio.lobster/figures/adjacentlfa41NEFSCSpringrestratifiedn
umbers.png>
Package pdftex.def Info: /backup/bio_data/bio.lobster/figures/adjacentlfa41NEFS
CSpringrestratifiednumbers.png used on input line 222.
(pdftex.def)             Requested size: 221.78923pt x 177.42805pt.

</backup/bio_data/bio.lobster/figures/lfa41NEFSCSpringrestratifiednumbersNOY.pn
g, id=808, 1084.05pt x 867.24pt>
File: /backup/bio_data/bio.lobster/figures/lfa41NEFSCSpringrestratifiednumbersN
OY.png Graphic file (type png)

<use /backup/bio_data/bio.lobster/figures/lfa41NEFSCSpringrestratifiednumbersNO
Y.png>
Package pdftex.def Info: /backup/bio_data/bio.lobster/figures/lfa41NEFSCSpringr
estratifiednumbersNOY.png used on input line 223.
(pdftex.def)             Requested size: 221.78923pt x 177.42805pt.


Package Fancyhdr Warning: \headheight is too small (12.0pt): 
 Make it at least 13.59999pt.
 We now make it that large for the rest of the document.
 This may cause the page layout to be inconsistent, however.

[17 </backup/bio_data/bio.lobster/figures/lfa41NEFSCSpringbasenumbers.png (PNG 
copy)> </backup/bio_data/bio.lobster/figures/lfa41NEFSCSpringrestratifiednumber
s.png (PNG copy)> </backup/bio_data/bio.lobster/figures/adjacentlfa41NEFSCSprin
grestratifiednumbers.png (PNG copy)> </backup/bio_data/bio.lobster/figures/lfa4
1NEFSCSpringrestratifiednumbersNOY.png (PNG copy)>]
</backup/bio_data/bio.lobster/figures/lfa41NEFSCFallbasenumbers.png, id=818, 10
84.05pt x 867.24pt>
File: /backup/bio_data/bio.lobster/figures/lfa41NEFSCFallbasenumbers.png Graphi
c file (type png)

<use /backup/bio_data/bio.lobster/figures/lfa41NEFSCFallbasenumbers.png>
Package pdftex.def Info: /backup/bio_data/bio.lobster/figures/lfa41NEFSCFallbas
enumbers.png used on input line 232.
(pdftex.def)             Requested size: 221.78923pt x 177.42805pt.

</backup/bio_data/bio.lobster/figures/lfa41NEFSCFallrestratifiednumbers.png, id
=819, 1084.05pt x 867.24pt>
File: /backup/bio_data/bio.lobster/figures/lfa41NEFSCFallrestratifiednumbers.pn
g Graphic file (type png)

<use /backup/bio_data/bio.lobster/figures/lfa41NEFSCFallrestratifiednumbers.png
>
Package pdftex.def Info: /backup/bio_data/bio.lobster/figures/lfa41NEFSCFallres
tratifiednumbers.png used on input line 233.
(pdftex.def)             Requested size: 221.78923pt x 177.42805pt.

</backup/bio_data/bio.lobster/figures/adjacentlfa41NEFSCFallrestratifiednumbers
.png, id=820, 1084.05pt x 867.24pt>
File: /backup/bio_data/bio.lobster/figures/adjacentlfa41NEFSCFallrestratifiednu
mbers.png Graphic file (type png)

<use /backup/bio_data/bio.lobster/figures/adjacentlfa41NEFSCFallrestratifiednum
bers.png>
Package pdftex.def Info: /backup/bio_data/bio.lobster/figures/adjacentlfa41NEFS
CFallrestratifiednumbers.png used on input line 234.
(pdftex.def)             Requested size: 221.78923pt x 177.42805pt.

</backup/bio_data/bio.lobster/figures/lfa41NEFSCFallrestratifiednumbersNOY.png,
 id=821, 1084.05pt x 867.24pt>
File: /backup/bio_data/bio.lobster/figures/lfa41NEFSCFallrestratifiednumbersNOY
.png Graphic file (type png)

<use /backup/bio_data/bio.lobster/figures/lfa41NEFSCFallrestratifiednumbersNOY.
png>
Package pdftex.def Info: /backup/bio_data/bio.lobster/figures/lfa41NEFSCFallres
tratifiednumbersNOY.png used on input line 235.
(pdftex.def)             Requested size: 221.78923pt x 177.42805pt.


Package Fancyhdr Warning: \headheight is too small (12.0pt): 
 Make it at least 13.59999pt.
 We now make it that large for the rest of the document.
 This may cause the page layout to be inconsistent, however.

[18 </backup/bio_data/bio.lobster/figures/lfa41NEFSCFallbasenumbers.png (PNG co
py)> </backup/bio_data/bio.lobster/figures/lfa41NEFSCFallrestratifiednumbers.pn
g (PNG copy)> </backup/bio_data/bio.lobster/figures/adjacentlfa41NEFSCFallrestr
atifiednumbers.png (PNG copy)> </backup/bio_data/bio.lobster/figures/lfa41NEFSC
FallrestratifiednumbersNOY.png (PNG copy)>]
</backup/bio_data/bio.lobster/figures/lfa41georgesnumbers.png, id=831, 1084.05p
t x 867.24pt>
File: /backup/bio_data/bio.lobster/figures/lfa41georgesnumbers.png Graphic file
 (type png)

<use /backup/bio_data/bio.lobster/figures/lfa41georgesnumbers.png>
Package pdftex.def Info: /backup/bio_data/bio.lobster/figures/lfa41georgesnumbe
rs.png used on input line 243.
(pdftex.def)             Requested size: 443.57848pt x 354.85612pt.


Package Fancyhdr Warning: \headheight is too small (12.0pt): 
 Make it at least 13.59999pt.
 We now make it that large for the rest of the document.
 This may cause the page layout to be inconsistent, however.

[19 </backup/bio_data/bio.lobster/figures/lfa41georgesnumbers.png (PNG copy)>]
</backup/bio_data/bio.lobster/figures/pezzackRVDFObasenumbers.png, id=838, 1084
.05pt x 867.24pt>
File: /backup/bio_data/bio.lobster/figures/pezzackRVDFObasenumbers.png Graphic 
file (type png)

<use /backup/bio_data/bio.lobster/figures/pezzackRVDFObasenumbers.png>
Package pdftex.def Info: /backup/bio_data/bio.lobster/figures/pezzackRVDFObasen
umbers.png used on input line 251.
(pdftex.def)             Requested size: 257.27632pt x 205.81285pt.

</backup/bio_data/bio.lobster/figures/pezzacksummerstratamap.pdf, id=839, 505.8
9pt x 505.89pt>
File: /backup/bio_data/bio.lobster/figures/pezzacksummerstratamap.pdf Graphic f
ile (type pdf)

<use /backup/bio_data/bio.lobster/figures/pezzacksummerstratamap.pdf>
Package pdftex.def Info: /backup/bio_data/bio.lobster/figures/pezzacksummerstra
tamap.pdf used on input line 252.
(pdftex.def)             Requested size: 257.27632pt x 257.28258pt.


Package Fancyhdr Warning: \headheight is too small (12.0pt): 
 Make it at least 13.59999pt.
 We now make it that large for the rest of the document.
 This may cause the page layout to be inconsistent, however.

[20 </backup/bio_data/bio.lobster/figures/pezzackRVDFObasenumbers.png (PNG copy
)> </backup/bio_data/bio.lobster/figures/pezzacksummerstratamap.pdf>]
</backup/bio_data/bio.lobster/figures/pezzacklfa41georgesnumbers.png, id=854, 1
084.05pt x 867.24pt>
File: /backup/bio_data/bio.lobster/figures/pezzacklfa41georgesnumbers.png Graph
ic file (type png)

<use /backup/bio_data/bio.lobster/figures/pezzacklfa41georgesnumbers.png>
Package pdftex.def Info: /backup/bio_data/bio.lobster/figures/pezzacklfa41georg
esnumbers.png used on input line 263.
(pdftex.def)             Requested size: 257.27632pt x 205.81285pt.

</backup/bio_data/bio.lobster/figures/pezzackgeorgesmap41.pdf, id=855, 505.89pt
 x 505.89pt>
File: /backup/bio_data/bio.lobster/figures/pezzackgeorgesmap41.pdf Graphic file
 (type pdf)

<use /backup/bio_data/bio.lobster/figures/pezzackgeorgesmap41.pdf>
Package pdftex.def Info: /backup/bio_data/bio.lobster/figures/pezzackgeorgesmap
41.pdf used on input line 264.
(pdftex.def)             Requested size: 257.27632pt x 257.28258pt.


Package Fancyhdr Warning: \headheight is too small (12.0pt): 
 Make it at least 13.59999pt.
 We now make it that large for the rest of the document.
 This may cause the page layout to be inconsistent, however.

[21 </backup/bio_data/bio.lobster/figures/pezzacklfa41georgesnumbers.png (PNG c
opy)> </backup/bio_data/bio.lobster/figures/pezzackgeorgesmap41.pdf>]
</backup/bio_data/bio.lobster/figures/lfa41DFObasenumbersrecruits.png, id=870, 
1084.05pt x 867.24pt>
File: /backup/bio_data/bio.lobster/figures/lfa41DFObasenumbersrecruits.png Grap
hic file (type png)

<use /backup/bio_data/bio.lobster/figures/lfa41DFObasenumbersrecruits.png>
Package pdftex.def Info: /backup/bio_data/bio.lobster/figures/lfa41DFObasenumbe
rsrecruits.png used on input line 323.
(pdftex.def)             Requested size: 221.78923pt x 177.42805pt.

</backup/bio_data/bio.lobster/figures/lfa41DFOrestratifiednumbersrecruits.png, 
id=871, 1084.05pt x 867.24pt>
File: /backup/bio_data/bio.lobster/figures/lfa41DFOrestratifiednumbersrecruits.
png Graphic file (type png)

<use /backup/bio_data/bio.lobster/figures/lfa41DFOrestratifiednumbersrecruits.p
ng>
Package pdftex.def Info: /backup/bio_data/bio.lobster/figures/lfa41DFOrestratif
iednumbersrecruits.png used on input line 324.
(pdftex.def)             Requested size: 221.78923pt x 177.42805pt.

</backup/bio_data/bio.lobster/figures/adjcentlfa41DFOrestratifiednumbersrecruit
s.png, id=872, 1084.05pt x 867.24pt>
File: /backup/bio_data/bio.lobster/figures/adjcentlfa41DFOrestratifiednumbersre
cruits.png Graphic file (type png)

<use /backup/bio_data/bio.lobster/figures/adjcentlfa41DFOrestratifiednumbersrec
ruits.png>
Package pdftex.def Info: /backup/bio_data/bio.lobster/figures/adjcentlfa41DFOre
stratifiednumbersrecruits.png used on input line 325.
(pdftex.def)             Requested size: 221.78923pt x 177.42805pt.


Package Fancyhdr Warning: \headheight is too small (12.0pt): 
 Make it at least 13.59999pt.
 We now make it that large for the rest of the document.
 This may cause the page layout to be inconsistent, however.

[22 </backup/bio_data/bio.lobster/figures/lfa41DFObasenumbersrecruits.png (PNG 
copy)> </backup/bio_data/bio.lobster/figures/lfa41DFOrestratifiednumbersrecruit
s.png (PNG copy)> </backup/bio_data/bio.lobster/figures/adjcentlfa41DFOrestrati
fiednumbersrecruits.png (PNG copy)>]
</backup/bio_data/bio.lobster/figures/lfa41NEFSCSpringbasenumbersrecruits.png, 
id=881, 1084.05pt x 867.24pt>
File: /backup/bio_data/bio.lobster/figures/lfa41NEFSCSpringbasenumbersrecruits.
png Graphic file (type png)

<use /backup/bio_data/bio.lobster/figures/lfa41NEFSCSpringbasenumbersrecruits.p
ng>
Package pdftex.def Info: /backup/bio_data/bio.lobster/figures/lfa41NEFSCSpringb
asenumbersrecruits.png used on input line 335.
(pdftex.def)             Requested size: 221.78923pt x 177.42805pt.

</backup/bio_data/bio.lobster/figures/lfa41NEFSCSpringrestratifiednumbersrecrui
ts.png, id=882, 1084.05pt x 867.24pt>
File: /backup/bio_data/bio.lobster/figures/lfa41NEFSCSpringrestratifiednumbersr
ecruits.png Graphic file (type png)

<use /backup/bio_data/bio.lobster/figures/lfa41NEFSCSpringrestratifiednumbersre
cruits.png>
Package pdftex.def Info: /backup/bio_data/bio.lobster/figures/lfa41NEFSCSpringr
estratifiednumbersrecruits.png used on input line 336.
(pdftex.def)             Requested size: 221.78923pt x 177.42805pt.

</backup/bio_data/bio.lobster/figures/adjacentlfa41NEFSCSpringrestratifiednumbe
rsrecruits.png, id=883, 1084.05pt x 867.24pt>
File: /backup/bio_data/bio.lobster/figures/adjacentlfa41NEFSCSpringrestratified
numbersrecruits.png Graphic file (type png)

<use /backup/bio_data/bio.lobster/figures/adjacentlfa41NEFSCSpringrestratifiedn
umbersrecruits.png>
Package pdftex.def Info: /backup/bio_data/bio.lobster/figures/adjacentlfa41NEFS
CSpringrestratifiednumbersrecruits.png used on input line 337.
(pdftex.def)             Requested size: 221.78923pt x 177.42805pt.


Package Fancyhdr Warning: \headheight is too small (12.0pt): 
 Make it at least 13.59999pt.
 We now make it that large for the rest of the document.
 This may cause the page layout to be inconsistent, however.

[23 </backup/bio_data/bio.lobster/figures/lfa41NEFSCSpringbasenumbersrecruits.p
ng (PNG copy)> </backup/bio_data/bio.lobster/figures/lfa41NEFSCSpringrestratifi
ednumbersrecruits.png (PNG copy)> </backup/bio_data/bio.lobster/figures/adjacen
tlfa41NEFSCSpringrestratifiednumbersrecruits.png (PNG copy)>]
</backup/bio_data/bio.lobster/figures/lfa41NEFSCFallbasenumbersrecruits.png, id
=892, 1084.05pt x 867.24pt>
File: /backup/bio_data/bio.lobster/figures/lfa41NEFSCFallbasenumbersrecruits.pn
g Graphic file (type png)

<use /backup/bio_data/bio.lobster/figures/lfa41NEFSCFallbasenumbersrecruits.png
>
Package pdftex.def Info: /backup/bio_data/bio.lobster/figures/lfa41NEFSCFallbas
enumbersrecruits.png used on input line 347.
(pdftex.def)             Requested size: 221.78923pt x 177.42805pt.

</backup/bio_data/bio.lobster/figures/lfa41NEFSCFallrestratifiednumbersrecruits
.png, id=893, 1084.05pt x 867.24pt>
File: /backup/bio_data/bio.lobster/figures/lfa41NEFSCFallrestratifiednumbersrec
ruits.png Graphic file (type png)

<use /backup/bio_data/bio.lobster/figures/lfa41NEFSCFallrestratifiednumbersrecr
uits.png>
Package pdftex.def Info: /backup/bio_data/bio.lobster/figures/lfa41NEFSCFallres
tratifiednumbersrecruits.png used on input line 348.
(pdftex.def)             Requested size: 221.78923pt x 177.42805pt.

</backup/bio_data/bio.lobster/figures/adjacentlfa41NEFSCFallrestratifiednumbers
recruits.png, id=894, 1084.05pt x 867.24pt>
File: /backup/bio_data/bio.lobster/figures/adjacentlfa41NEFSCFallrestratifiednu
mbersrecruits.png Graphic file (type png)

<use /backup/bio_data/bio.lobster/figures/adjacentlfa41NEFSCFallrestratifiednum
bersrecruits.png>
Package pdftex.def Info: /backup/bio_data/bio.lobster/figures/adjacentlfa41NEFS
CFallrestratifiednumbersrecruits.png used on input line 349.
(pdftex.def)             Requested size: 221.78923pt x 177.42805pt.


Package Fancyhdr Warning: \headheight is too small (12.0pt): 
 Make it at least 13.59999pt.
 We now make it that large for the rest of the document.
 This may cause the page layout to be inconsistent, however.

[24 </backup/bio_data/bio.lobster/figures/lfa41NEFSCFallbasenumbersrecruits.png
 (PNG copy)> </backup/bio_data/bio.lobster/figures/lfa41NEFSCFallrestratifiednu
mbersrecruits.png (PNG copy)> </backup/bio_data/bio.lobster/figures/adjacentlfa
41NEFSCFallrestratifiednumbersrecruits.png (PNG copy)>]
</backup/bio_data/bio.lobster/figures/lfa41georgesnumbersrecruits.png, id=903, 
1084.05pt x 867.24pt>
File: /backup/bio_data/bio.lobster/figures/lfa41georgesnumbersrecruits.png Grap
hic file (type png)

<use /backup/bio_data/bio.lobster/figures/lfa41georgesnumbersrecruits.png>
Package pdftex.def Info: /backup/bio_data/bio.lobster/figures/lfa41georgesnumbe
rsrecruits.png used on input line 358.
(pdftex.def)             Requested size: 443.57848pt x 354.85612pt.

</backup/bio_data/bio.lobster/figures/lfa41DFObasenumberscommercial.png, id=904
, 1084.05pt x 867.24pt>
File: /backup/bio_data/bio.lobster/figures/lfa41DFObasenumberscommercial.png Gr
aphic file (type png)

<use /backup/bio_data/bio.lobster/figures/lfa41DFObasenumberscommercial.png>
Package pdftex.def Info: /backup/bio_data/bio.lobster/figures/lfa41DFObasenumbe
rscommercial.png used on input line 369.
(pdftex.def)             Requested size: 221.78923pt x 177.42805pt.

</backup/bio_data/bio.lobster/figures/lfa41DFOrestratifiednumberscommercial.png
, id=905, 1084.05pt x 867.24pt>
File: /backup/bio_data/bio.lobster/figures/lfa41DFOrestratifiednumberscommercia
l.png Graphic file (type png)

<use /backup/bio_data/bio.lobster/figures/lfa41DFOrestratifiednumberscommercial
.png>
Package pdftex.def Info: /backup/bio_data/bio.lobster/figures/lfa41DFOrestratif
iednumberscommercial.png used on input line 370.
(pdftex.def)             Requested size: 221.78923pt x 177.42805pt.

</backup/bio_data/bio.lobster/figures/adjacentlfa41DFOrestratifiednumberscommer
cial.png, id=906, 1084.05pt x 867.24pt>
File: /backup/bio_data/bio.lobster/figures/adjacentlfa41DFOrestratifiednumbersc
ommercial.png Graphic file (type png)

<use /backup/bio_data/bio.lobster/figures/adjacentlfa41DFOrestratifiednumbersco
mmercial.png>
Package pdftex.def Info: /backup/bio_data/bio.lobster/figures/adjacentlfa41DFOr
estratifiednumberscommercial.png used on input line 371.
(pdftex.def)             Requested size: 221.78923pt x 177.42805pt.


Package Fancyhdr Warning: \headheight is too small (12.0pt): 
 Make it at least 13.59999pt.
 We now make it that large for the rest of the document.
 This may cause the page layout to be inconsistent, however.

[25 </backup/bio_data/bio.lobster/figures/lfa41georgesnumbersrecruits.png (PNG 
copy)>]

Package Fancyhdr Warning: \headheight is too small (12.0pt): 
 Make it at least 13.59999pt.
 We now make it that large for the rest of the document.
 This may cause the page layout to be inconsistent, however.

[26 </backup/bio_data/bio.lobster/figures/lfa41DFObasenumberscommercial.png (PN
G copy)> </backup/bio_data/bio.lobster/figures/lfa41DFOrestratifiednumberscomme
rcial.png (PNG copy)> </backup/bio_data/bio.lobster/figures/adjacentlfa41DFOres
tratifiednumberscommercial.png (PNG copy)>]
</backup/bio_data/bio.lobster/figures/lfa41NEFSCSpringbasenumberscommercial.png
, id=922, 1084.05pt x 867.24pt>
File: /backup/bio_data/bio.lobster/figures/lfa41NEFSCSpringbasenumberscommercia
l.png Graphic file (type png)

<use /backup/bio_data/bio.lobster/figures/lfa41NEFSCSpringbasenumberscommercial
.png>
Package pdftex.def Info: /backup/bio_data/bio.lobster/figures/lfa41NEFSCSpringb
asenumberscommercial.png used on input line 378.
(pdftex.def)             Requested size: 221.78923pt x 177.42805pt.

</backup/bio_data/bio.lobster/figures/lfa41NEFSCSpringrestratifiednumberscommer
cial.png, id=923, 1084.05pt x 867.24pt>
File: /backup/bio_data/bio.lobster/figures/lfa41NEFSCSpringrestratifiednumbersc
ommercial.png Graphic file (type png)

<use /backup/bio_data/bio.lobster/figures/lfa41NEFSCSpringrestratifiednumbersco
mmercial.png>
Package pdftex.def Info: /backup/bio_data/bio.lobster/figures/lfa41NEFSCSpringr
estratifiednumberscommercial.png used on input line 379.
(pdftex.def)             Requested size: 221.78923pt x 177.42805pt.

</backup/bio_data/bio.lobster/figures/adjacentlfa41NEFSCSpringrestratifiednumbe
rscommercial.png, id=924, 1084.05pt x 867.24pt>
File: /backup/bio_data/bio.lobster/figures/adjacentlfa41NEFSCSpringrestratified
numberscommercial.png Graphic file (type png)

<use /backup/bio_data/bio.lobster/figures/adjacentlfa41NEFSCSpringrestratifiedn
umberscommercial.png>
Package pdftex.def Info: /backup/bio_data/bio.lobster/figures/adjacentlfa41NEFS
CSpringrestratifiednumberscommercial.png used on input line 380.
(pdftex.def)             Requested size: 221.78923pt x 177.42805pt.


Package Fancyhdr Warning: \headheight is too small (12.0pt): 
 Make it at least 13.59999pt.
 We now make it that large for the rest of the document.
 This may cause the page layout to be inconsistent, however.

[27 </backup/bio_data/bio.lobster/figures/lfa41NEFSCSpringbasenumberscommercial
.png (PNG copy)> </backup/bio_data/bio.lobster/figures/lfa41NEFSCSpringrestrati
fiednumberscommercial.png (PNG copy)> </backup/bio_data/bio.lobster/figures/adj
acentlfa41NEFSCSpringrestratifiednumberscommercial.png (PNG copy)>]
</backup/bio_data/bio.lobster/figures/lfa41NEFSCFallbasenumberscommercial.png, 
id=933, 1084.05pt x 867.24pt>
File: /backup/bio_data/bio.lobster/figures/lfa41NEFSCFallbasenumberscommercial.
png Graphic file (type png)

<use /backup/bio_data/bio.lobster/figures/lfa41NEFSCFallbasenumberscommercial.p
ng>
Package pdftex.def Info: /backup/bio_data/bio.lobster/figures/lfa41NEFSCFallbas
enumberscommercial.png used on input line 388.
(pdftex.def)             Requested size: 221.78923pt x 177.42805pt.

</backup/bio_data/bio.lobster/figures/lfa41NEFSCFallrestratifiednumberscommerci
al.png, id=934, 1084.05pt x 867.24pt>
File: /backup/bio_data/bio.lobster/figures/lfa41NEFSCFallrestratifiednumberscom
mercial.png Graphic file (type png)

<use /backup/bio_data/bio.lobster/figures/lfa41NEFSCFallrestratifiednumberscomm
ercial.png>
Package pdftex.def Info: /backup/bio_data/bio.lobster/figures/lfa41NEFSCFallres
tratifiednumberscommercial.png used on input line 389.
(pdftex.def)             Requested size: 221.78923pt x 177.42805pt.

</backup/bio_data/bio.lobster/figures/adjacentlfa41NEFSCFallrestratifiednumbers
commercial.png, id=935, 1084.05pt x 867.24pt>
File: /backup/bio_data/bio.lobster/figures/adjacentlfa41NEFSCFallrestratifiednu
mberscommercial.png Graphic file (type png)

<use /backup/bio_data/bio.lobster/figures/adjacentlfa41NEFSCFallrestratifiednum
berscommercial.png>
Package pdftex.def Info: /backup/bio_data/bio.lobster/figures/adjacentlfa41NEFS
CFallrestratifiednumberscommercial.png used on input line 390.
(pdftex.def)             Requested size: 221.78923pt x 177.42805pt.


Package Fancyhdr Warning: \headheight is too small (12.0pt): 
 Make it at least 13.59999pt.
 We now make it that large for the rest of the document.
 This may cause the page layout to be inconsistent, however.

[28 </backup/bio_data/bio.lobster/figures/lfa41NEFSCFallbasenumberscommercial.p
ng (PNG copy)> </backup/bio_data/bio.lobster/figures/lfa41NEFSCFallrestratified
numberscommercial.png (PNG copy)> </backup/bio_data/bio.lobster/figures/adjacen
tlfa41NEFSCFallrestratifiednumberscommercial.png (PNG copy)>]
</backup/bio_data/bio.lobster/figures/lfa41georgesnumberscommercial.png, id=944
, 1084.05pt x 867.24pt>
File: /backup/bio_data/bio.lobster/figures/lfa41georgesnumberscommercial.png Gr
aphic file (type png)

<use /backup/bio_data/bio.lobster/figures/lfa41georgesnumberscommercial.png>
Package pdftex.def Info: /backup/bio_data/bio.lobster/figures/lfa41georgesnumbe
rscommercial.png used on input line 397.
(pdftex.def)             Requested size: 443.57848pt x 354.85612pt.
Package atveryend Info: Empty hook `BeforeClearDocument' on input line 402.


Package Fancyhdr Warning: \headheight is too small (12.0pt): 
 Make it at least 13.59999pt.
 We now make it that large for the rest of the document.
 This may cause the page layout to be inconsistent, however.

[29 </backup/bio_data/bio.lobster/figures/lfa41georgesnumberscommercial.png (PN
G copy)>]
Package atveryend Info: Empty hook `AfterLastShipout' on input line 402.
 (./LFA41figures.aux)
Package atveryend Info: Executing hook `AtVeryEndDocument' on input line 402.
Package atveryend Info: Executing hook `AtEndAfterFileList' on input line 402.
Package rerunfilecheck Info: File `LFA41figures.out' has not changed.
(rerunfilecheck)             Checksum: D41D8CD98F00B204E9800998ECF8427E;0.
 ) 
Here is how much of TeX's memory you used:
 14547 strings out of 493013
 245989 string characters out of 6139318
 302005 words of memory out of 5000000
 17713 multiletter control sequences out of 15000+600000
 4561 words of font info for 17 fonts, out of 8000000 for 9000
 1141 hyphenation exceptions out of 8191
 44i,10n,77p,1040b,474s stack positions out of 5000i,500n,10000p,200000b,80000s
</usr/share/texmf-dist/fonts/type1/public/amsfonts/cm/cmbx10.pfb></usr/share/
texmf-dist/fonts/type1/public/amsfonts/cm/cmr10.pfb>
Output written on LFA41figures.pdf (29 pages, 39648988 bytes).
PDF statistics:
 989 PDF objects out of 1000 (max. 8388607)
 762 compressed objects within 8 object streams
 141 named destinations out of 1000 (max. 500000)
 687 words of extra memory for PDF output out of 10000 (max. 10000000)

