This is pdfTeX, Version 3.14159265-2.6-1.40.17 (TeX Live 2016/Arch Linux) (preloaded format=pdflatex 2016.9.6)  5 JAN 2017 10:32
entering extended mode
 restricted \write18 enabled.
 %&-line parsing enabled.
**LFA41Appendix1.tex
(./LFA41Appendix1.tex
LaTeX2e <2016/03/31> patch level 3
Babel <3.9r> and hyphenation patterns for 83 language(s) loaded.
(/usr/share/texmf-dist/tex/latex/base/article.cls
Document Class: article 2014/09/29 v1.4h Standard LaTeX document class
(/usr/share/texmf-dist/tex/latex/base/size11.clo
File: size11.clo 2014/09/29 v1.4h Standard LaTeX file (size option)
)
\c@part=\count79
\c@section=\count80
\c@subsection=\count81
\c@subsubsection=\count82
\c@paragraph=\count83
\c@subparagraph=\count84
\c@figure=\count85
\c@table=\count86
\abovecaptionskip=\skip41
\belowcaptionskip=\skip42
\bibindent=\dimen102
)
(/usr/share/texmf-dist/tex/latex/graphics/graphicx.sty
Package: graphicx 2014/10/28 v1.0g Enhanced LaTeX Graphics (DPC,SPQR)

(/usr/share/texmf-dist/tex/latex/graphics/keyval.sty
Package: keyval 2014/10/28 v1.15 key=value parser (DPC)
\KV@toks@=\toks14
)
(/usr/share/texmf-dist/tex/latex/graphics/graphics.sty
Package: graphics 2016/07/10 v1.0t Standard LaTeX Graphics (DPC,SPQR)

(/usr/share/texmf-dist/tex/latex/graphics/trig.sty
Package: trig 2016/01/03 v1.10 sin cos tan (DPC)
)
(/usr/share/texmf-dist/tex/latex/graphics-cfg/graphics.cfg
File: graphics.cfg 2016/06/04 v1.11 sample graphics configuration
)
Package graphics Info: Driver file: pdftex.def on input line 99.

(/usr/share/texmf-dist/tex/latex/graphics-def/pdftex.def
File: pdftex.def 2016/07/10 v0.06j Graphics/color for pdfTeX

(/usr/share/texmf-dist/tex/generic/oberdiek/infwarerr.sty
Package: infwarerr 2016/05/16 v1.4 Providing info/warning/error messages (HO)
)
(/usr/share/texmf-dist/tex/generic/oberdiek/ltxcmds.sty
Package: ltxcmds 2016/05/16 v1.23 LaTeX kernel commands for general use (HO)
)
\Gread@gobject=\count87
))
\Gin@req@height=\dimen103
\Gin@req@width=\dimen104
)
(/usr/share/texmf-dist/tex/latex/subfig/subfig.sty
Package: subfig 2005/06/28 ver: 1.3 subfig package

(/usr/share/texmf-dist/tex/latex/caption/caption.sty
Package: caption 2016/02/21 v3.3-144 Customizing captions (AR)

(/usr/share/texmf-dist/tex/latex/caption/caption3.sty
Package: caption3 2016/05/22 v1.7-166 caption3 kernel (AR)
Package caption3 Info: TeX engine: e-TeX on input line 67.
\captionmargin=\dimen105
\captionmargin@=\dimen106
\captionwidth=\dimen107
\caption@tempdima=\dimen108
\caption@indent=\dimen109
\caption@parindent=\dimen110
\caption@hangindent=\dimen111
)
\c@ContinuedFloat=\count88
)
\c@KVtest=\count89
\sf@farskip=\skip43
\sf@captopadj=\dimen112
\sf@capskip=\skip44
\sf@nearskip=\skip45
\c@subfigure=\count90
\c@subfigure@save=\count91
\c@lofdepth=\count92
\c@subtable=\count93
\c@subtable@save=\count94
\c@lotdepth=\count95
\sf@top=\skip46
\sf@bottom=\skip47
)
(/usr/share/texmf-dist/tex/latex/pdfcomment/pdfcomment.sty
Package: pdfcomment 2016/03/26 pdfcomment.sty v2.3b - Josef Kleber (C) 2008-201
2, 2015-2016

(/usr/share/texmf-dist/tex/latex/xkeyval/xkeyval.sty
Package: xkeyval 2014/12/03 v2.7a package option processing (HA)

(/usr/share/texmf-dist/tex/generic/xkeyval/xkeyval.tex
(/usr/share/texmf-dist/tex/generic/xkeyval/xkvutils.tex
\XKV@toks=\toks15
\XKV@tempa@toks=\toks16
)
\XKV@depth=\count96
File: xkeyval.tex 2014/12/03 v2.7a key=value parser (HA)
))
\c@pc@count@i=\count97
\c@pc@count@ii=\count98
\c@pc@count@iii=\count99
\c@pc@count@iv=\count100
\pc@mathannot@box=\box26
\pc@nullbox=\box27
\pc@dima=\skip48
\pc@dimb=\skip49
\pc@Sposx=\skip50
\pc@Sposy=\skip51
\pc@Eposx=\skip52
\pc@Eposy=\skip53
\pc@column=\skip54
\pc@box@width=\skip55
\pc@box@height=\skip56
\pc@box@depth=\skip57

(/usr/share/texmf-dist/tex/latex/oberdiek/zref-savepos.sty
Package: zref-savepos 2016/05/21 v2.26 Module savepos for zref (HO)

(/usr/share/texmf-dist/tex/latex/oberdiek/zref-base.sty
Package: zref-base 2016/05/21 v2.26 Module base for zref (HO)

(/usr/share/texmf-dist/tex/generic/oberdiek/kvsetkeys.sty
Package: kvsetkeys 2016/05/16 v1.17 Key value parser (HO)

(/usr/share/texmf-dist/tex/generic/oberdiek/etexcmds.sty
Package: etexcmds 2016/05/16 v1.6 Avoid name clashes with e-TeX commands (HO)

(/usr/share/texmf-dist/tex/generic/oberdiek/ifluatex.sty
Package: ifluatex 2016/05/16 v1.4 Provides the ifluatex switch (HO)
Package ifluatex Info: LuaTeX not detected.
)
Package etexcmds Info: Could not find \expanded.
(etexcmds)             That can mean that you are not using pdfTeX 1.50 or
(etexcmds)             that some package has redefined \expanded.
(etexcmds)             In the latter case, load this package earlier.
))
(/usr/share/texmf-dist/tex/generic/oberdiek/kvdefinekeys.sty
Package: kvdefinekeys 2016/05/16 v1.4 Define keys (HO)
)
(/usr/share/texmf-dist/tex/generic/oberdiek/pdftexcmds.sty
Package: pdftexcmds 2016/05/21 v0.22 Utility functions of pdfTeX for LuaTeX (HO
)

(/usr/share/texmf-dist/tex/generic/oberdiek/ifpdf.sty
Package: ifpdf 2016/05/14 v3.1 Provides the ifpdf switch
)
Package pdftexcmds Info: LuaTeX not detected.
Package pdftexcmds Info: \pdf@primitive is available.
Package pdftexcmds Info: \pdf@ifprimitive is available.
Package pdftexcmds Info: \pdfdraftmode found.
)
(/usr/share/texmf-dist/tex/latex/oberdiek/auxhook.sty
Package: auxhook 2016/05/16 v1.4 Hooks for auxiliary files (HO)
)
Package zref Info: New property list: main on input line 759.
Package zref Info: New property: default on input line 760.
Package zref Info: New property: page on input line 761.
)
Package zref Info: New property list: savepos on input line 80.
Package zref Info: New property: posx on input line 81.
Package zref Info: New property: posy on input line 82.
)
\c@zref@unique=\count101

(/usr/share/texmf-dist/tex/latex/oberdiek/refcount.sty
Package: refcount 2016/05/16 v3.5 Data extraction from label references (HO)
)
(/usr/share/texmf-dist/tex/latex/base/ifthen.sty
Package: ifthen 2014/09/29 v1.1c Standard LaTeX ifthen package (DPC)
)
(/usr/share/texmf-dist/tex/latex/tools/calc.sty
Package: calc 2014/10/28 v4.3 Infix arithmetic (KKT,FJ)
\calc@Acount=\count102
\calc@Bcount=\count103
\calc@Adimen=\dimen113
\calc@Bdimen=\dimen114
\calc@Askip=\skip58
\calc@Bskip=\skip59
LaTeX Info: Redefining \setlength on input line 80.
LaTeX Info: Redefining \addtolength on input line 81.
\calc@Ccount=\count104
\calc@Cskip=\skip60
)
(/usr/share/texmf-dist/tex/latex/marginnote/marginnote.sty
Package: marginnote 2016/06/02 v1.2 non floating margin notes for LaTeX
\c@mn@abspage=\count105
)
(/usr/share/texmf-dist/tex/latex/datetime/datetime.sty
Package: datetime 2015/03/20 v2.60 Date Time Package

(/usr/share/texmf-dist/tex/latex/etoolbox/etoolbox.sty
Package: etoolbox 2015/08/02 v2.2a e-TeX tools for LaTeX (JAW)
\etb@tempcnta=\count106
)
(/usr/share/texmf-dist/tex/latex/fmtcount/fmtcount.sty
Package: fmtcount 2015/05/05 v3.01

(/usr/share/texmf-dist/tex/latex/fmtcount/fcprefix.sty
Package: fcprefix 2012/09/28

(/usr/share/texmf-dist/tex/latex/fmtcount/fcnumparser.sty
Package: fcnumparser 2012/09/28
\fc@digit@counter=\count107
))
(/usr/share/texmf-dist/tex/generic/ifxetex/ifxetex.sty
Package: ifxetex 2010/09/12 v0.6 Provides ifxetex conditional
)
(/usr/share/texmf-dist/tex/latex/amsmath/amsgen.sty
File: amsgen.sty 1999/11/30 v2.0 generic functions
\@emptytoks=\toks17
\ex@=\dimen115
)
\c@padzeroesN=\count108
\fc@tmpcatcode=\count109
\@DT@modctr=\count110
\@ordinalctr=\count111
\@orgargctr=\count112
\@strctr=\count113
\@tmpstrctr=\count114
\@DT@loopN=\count115
\@DT@X=\count116

(/usr/share/texmf-dist/tex/latex/fmtcount/fc-english.def
File: fc-english.def 2013/08/17
))
(/usr/share/texmf-dist/tex/latex/datetime/datetime-defaults.sty
Package: datetime-defaults 2013/09/10
)
\@day=\count117
\@month=\count118
\@year=\count119
\c@HOUR=\count120
\c@HOURXII=\count121
\c@MINUTE=\count122
\c@TOHOUR=\count123
\c@TOMINUTE=\count124
\c@SECOND=\count125
\currenthour=\count126
\currentminute=\count127
\currentsecond=\count128
Package datetime Info: No datetime.cfg file found, using default settings on in
put line 308.
\@dtctr=\count129
\dayofyear=\count130
\dayofweek=\count131
LaTeX Info: Redefining \today on input line 736.
\dt@a=\toks18
\dt@b=\toks19
)
(/usr/share/texmf-dist/tex/latex/bezos/soulpos.sty
Package: soulpos 2012/02/25 v1.0 Fancy underlining
\ulp@subcnt=\count132
\ulp@cnt=\count133
\ulp@out=\write3
\ulp@in=\read1
\ulwidth=\dimen116
)
(/usr/share/texmf-dist/tex/latex/hyperref/hyperref.sty
Package: hyperref 2016/06/24 v6.83q Hypertext links for LaTeX

(/usr/share/texmf-dist/tex/generic/oberdiek/hobsub-hyperref.sty
Package: hobsub-hyperref 2016/05/16 v1.14 Bundle oberdiek, subset hyperref (HO)


(/usr/share/texmf-dist/tex/generic/oberdiek/hobsub-generic.sty
Package: hobsub-generic 2016/05/16 v1.14 Bundle oberdiek, subset generic (HO)
Package: hobsub 2016/05/16 v1.14 Construct package bundles (HO)
Package hobsub Info: Skipping package `infwarerr' (already loaded).
Package hobsub Info: Skipping package `ltxcmds' (already loaded).
Package hobsub Info: Skipping package `ifluatex' (already loaded).
Package: ifvtex 2016/05/16 v1.6 Detect VTeX and its facilities (HO)
Package ifvtex Info: VTeX not detected.
Package: intcalc 2016/05/16 v1.2 Expandable calculations with integers (HO)
Package hobsub Info: Skipping package `ifpdf' (already loaded).
Package hobsub Info: Skipping package `etexcmds' (already loaded).
Package hobsub Info: Skipping package `kvsetkeys' (already loaded).
Package hobsub Info: Skipping package `kvdefinekeys' (already loaded).
Package hobsub Info: Skipping package `pdftexcmds' (already loaded).
Package: pdfescape 2016/05/16 v1.14 Implements pdfTeX's escape features (HO)
Package: bigintcalc 2016/05/16 v1.4 Expandable calculations on big integers (HO
)
Package: bitset 2016/05/16 v1.2 Handle bit-vector datatype (HO)
Package: uniquecounter 2016/05/16 v1.3 Provide unlimited unique counter (HO)
)
Package hobsub Info: Skipping package `hobsub' (already loaded).
Package: letltxmacro 2016/05/16 v1.5 Let assignment for LaTeX macros (HO)
Package: hopatch 2016/05/16 v1.3 Wrapper for package hooks (HO)
Package: xcolor-patch 2016/05/16 xcolor patch
Package: atveryend 2016/05/16 v1.9 Hooks at the very end of document (HO)
Package: atbegshi 2016/06/09 v1.18 At begin shipout hook (HO)
Package hobsub Info: Skipping package `refcount' (already loaded).
Package: hycolor 2016/05/16 v1.8 Color options for hyperref/bookmark (HO)
)
(/usr/share/texmf-dist/tex/latex/oberdiek/kvoptions.sty
Package: kvoptions 2016/05/16 v3.12 Key value format for package options (HO)
)
\@linkdim=\dimen117
\Hy@linkcounter=\count134
\Hy@pagecounter=\count135

(/usr/share/texmf-dist/tex/latex/hyperref/pd1enc.def
File: pd1enc.def 2016/06/24 v6.83q Hyperref: PDFDocEncoding definition (HO)
)
\Hy@SavedSpaceFactor=\count136

(/usr/share/texmf-dist/tex/latex/latexconfig/hyperref.cfg
File: hyperref.cfg 2002/06/06 v1.2 hyperref configuration of TeXLive
)
Package hyperref Info: Option `unicode' set `true' on input line 4362.

(/usr/share/texmf-dist/tex/latex/hyperref/puenc.def
File: puenc.def 2016/06/24 v6.83q Hyperref: PDF Unicode definition (HO)
)
(/usr/share/texmf-dist/tex/generic/oberdiek/stringenc.sty
Package: stringenc 2016/05/16 v1.11 Convert strings between diff. encodings (HO
)
)
Package hyperref Info: Hyper figures OFF on input line 4486.
Package hyperref Info: Link nesting OFF on input line 4491.
Package hyperref Info: Hyper index ON on input line 4494.
Package hyperref Info: Plain pages OFF on input line 4501.
Package hyperref Info: Backreferencing OFF on input line 4506.
Package hyperref Info: Implicit mode ON; LaTeX internals redefined.
Package hyperref Info: Bookmarks ON on input line 4735.
\c@Hy@tempcnt=\count137

(/usr/share/texmf-dist/tex/latex/url/url.sty
\Urlmuskip=\muskip10
Package: url 2013/09/16  ver 3.4  Verb mode for urls, etc.
)
LaTeX Info: Redefining \url on input line 5088.
\XeTeXLinkMargin=\dimen118
\Fld@menulength=\count138
\Field@Width=\dimen119
\Fld@charsize=\dimen120
Package hyperref Info: Hyper figures OFF on input line 6342.
Package hyperref Info: Link nesting OFF on input line 6347.
Package hyperref Info: Hyper index ON on input line 6350.
Package hyperref Info: backreferencing OFF on input line 6357.
Package hyperref Info: Link coloring OFF on input line 6362.
Package hyperref Info: Link coloring with OCG OFF on input line 6367.
Package hyperref Info: PDF/A mode OFF on input line 6372.
LaTeX Info: Redefining \ref on input line 6412.
LaTeX Info: Redefining \pageref on input line 6416.
\Hy@abspage=\count139
\c@Item=\count140
\c@Hfootnote=\count141
)

Package hyperref Message: Driver: hpdftex.

(/usr/share/texmf-dist/tex/latex/hyperref/hpdftex.def
File: hpdftex.def 2016/06/24 v6.83q Hyperref driver for pdfTeX
\Fld@listcount=\count142
\c@bookmark@seq@number=\count143

(/usr/share/texmf-dist/tex/latex/oberdiek/rerunfilecheck.sty
Package: rerunfilecheck 2016/05/16 v1.8 Rerun checks for auxiliary files (HO)
Package uniquecounter Info: New unique counter `rerunfilecheck' on input line 2
82.
)
\Hy@SectionHShift=\skip61
)
Package zref Info: New property list: pdfcomment on input line 2715.
Package zref Info: New property: PCPDFOBJID on input line 2716.
)
(/usr/share/texmf-dist/tex/latex/amsmath/amsmath.sty
Package: amsmath 2016/06/28 v2.15d AMS math features
\@mathmargin=\skip62

For additional information on amsmath, use the `?' option.
(/usr/share/texmf-dist/tex/latex/amsmath/amstext.sty
Package: amstext 2000/06/29 v2.01 AMS text
)
(/usr/share/texmf-dist/tex/latex/amsmath/amsbsy.sty
Package: amsbsy 1999/11/29 v1.2d Bold Symbols
\pmbraise@=\dimen121
)
(/usr/share/texmf-dist/tex/latex/amsmath/amsopn.sty
Package: amsopn 2016/03/08 v2.02 operator names
)
\inf@bad=\count144
LaTeX Info: Redefining \frac on input line 199.
\uproot@=\count145
\leftroot@=\count146
LaTeX Info: Redefining \overline on input line 297.
\classnum@=\count147
\DOTSCASE@=\count148
LaTeX Info: Redefining \ldots on input line 394.
LaTeX Info: Redefining \dots on input line 397.
LaTeX Info: Redefining \cdots on input line 518.
\Mathstrutbox@=\box28
\strutbox@=\box29
\big@size=\dimen122
LaTeX Font Info:    Redeclaring font encoding OML on input line 634.
LaTeX Font Info:    Redeclaring font encoding OMS on input line 635.
\macc@depth=\count149
\c@MaxMatrixCols=\count150
\dotsspace@=\muskip11
\c@parentequation=\count151
\dspbrk@lvl=\count152
\tag@help=\toks20
\row@=\count153
\column@=\count154
\maxfields@=\count155
\andhelp@=\toks21
\eqnshift@=\dimen123
\alignsep@=\dimen124
\tagshift@=\dimen125
\tagwidth@=\dimen126
\totwidth@=\dimen127
\lineht@=\dimen128
\@envbody=\toks22
\multlinegap=\skip63
\multlinetaggap=\skip64
\mathdisplay@stack=\toks23
LaTeX Info: Redefining \[ on input line 2739.
LaTeX Info: Redefining \] on input line 2740.
)
(/usr/share/texmf-dist/tex/latex/graphics/lscape.sty
Package: lscape 2000/10/22 v3.01 Landscape Pages (DPC)
)
(/usr/share/texmf-dist/tex/latex/geometry/geometry.sty
Package: geometry 2010/09/12 v5.6 Page Geometry
\Gm@cnth=\count156
\Gm@cntv=\count157
\c@Gm@tempcnt=\count158
\Gm@bindingoffset=\dimen129
\Gm@wd@mp=\dimen130
\Gm@odd@mp=\dimen131
\Gm@even@mp=\dimen132
\Gm@layoutwidth=\dimen133
\Gm@layoutheight=\dimen134
\Gm@layouthoffset=\dimen135
\Gm@layoutvoffset=\dimen136
\Gm@dimlist=\toks24
)
(/usr/share/texmf-dist/tex/latex/fancyhdr/fancyhdr.sty
\fancy@headwidth=\skip65
\f@ncyO@elh=\skip66
\f@ncyO@erh=\skip67
\f@ncyO@olh=\skip68
\f@ncyO@orh=\skip69
\f@ncyO@elf=\skip70
\f@ncyO@erf=\skip71
\f@ncyO@olf=\skip72
\f@ncyO@orf=\skip73
) (./LFA41Appendix1.aux)
\openout1 = `LFA41Appendix1.aux'.

LaTeX Font Info:    Checking defaults for OML/cmm/m/it on input line 26.
LaTeX Font Info:    ... okay on input line 26.
LaTeX Font Info:    Checking defaults for T1/cmr/m/n on input line 26.
LaTeX Font Info:    ... okay on input line 26.
LaTeX Font Info:    Checking defaults for OT1/cmr/m/n on input line 26.
LaTeX Font Info:    ... okay on input line 26.
LaTeX Font Info:    Checking defaults for OMS/cmsy/m/n on input line 26.
LaTeX Font Info:    ... okay on input line 26.
LaTeX Font Info:    Checking defaults for OMX/cmex/m/n on input line 26.
LaTeX Font Info:    ... okay on input line 26.
LaTeX Font Info:    Checking defaults for U/cmr/m/n on input line 26.
LaTeX Font Info:    ... okay on input line 26.
LaTeX Font Info:    Checking defaults for PD1/pdf/m/n on input line 26.
LaTeX Font Info:    ... okay on input line 26.
LaTeX Font Info:    Checking defaults for PU/pdf/m/n on input line 26.
LaTeX Font Info:    ... okay on input line 26.

(/usr/share/texmf-dist/tex/context/base/mkii/supp-pdf.mkii
[Loading MPS to PDF converter (version 2006.09.02).]
\scratchcounter=\count159
\scratchdimen=\dimen137
\scratchbox=\box30
\nofMPsegments=\count160
\nofMParguments=\count161
\everyMPshowfont=\toks25
\MPscratchCnt=\count162
\MPscratchDim=\dimen138
\MPnumerator=\count163
\makeMPintoPDFobject=\count164
\everyMPtoPDFconversion=\toks26
) (/usr/share/texmf-dist/tex/latex/oberdiek/epstopdf-base.sty
Package: epstopdf-base 2016/05/15 v2.6 Base part for package epstopdf

(/usr/share/texmf-dist/tex/latex/oberdiek/grfext.sty
Package: grfext 2016/05/16 v1.2 Manage graphics extensions (HO)
)
Package epstopdf-base Info: Redefining graphics rule for `.eps' on input line 4
38.
Package grfext Info: Graphics extension search list:
(grfext)             [.png,.pdf,.jpg,.mps,.jpeg,.jbig2,.jb2,.PNG,.PDF,.JPG,.JPE
G,.JBIG2,.JB2,.eps]
(grfext)             \AppendGraphicsExtensions on input line 456.

(/usr/share/texmf-dist/tex/latex/latexconfig/epstopdf-sys.cfg
File: epstopdf-sys.cfg 2010/07/13 v1.3 Configuration of (r)epstopdf for TeX Liv
e
))
Package caption Info: Begin \AtBeginDocument code.
Package caption Info: subfig package v1.3 is loaded.
Package caption Info: hyperref package is loaded.
Package caption Info: End \AtBeginDocument code.
Package marginnote Info: \pdfoutput not 0 or unimportant and
(marginnote)             \pdflastxpos or \lastxpos available.
(marginnote)             Extended position detection mode activated.
Package soulpos Info: Loading soulutf8 on input line 26.

(/usr/share/texmf-dist/tex/generic/oberdiek/soulutf8.sty
Package: soulutf8 2016/05/16 v1.1 Permit use of UTF-8 characters in soul (HO)

(/usr/share/texmf-dist/tex/latex/soul/soul.sty
Package: soul 2003/11/17 v2.4 letterspacing/underlining (mf)
\SOUL@word=\toks27
\SOUL@lasttoken=\toks28
\SOUL@cmds=\toks29
\SOUL@buffer=\toks30
\SOUL@token=\toks31
\SOUL@spaceskip=\skip74
\SOUL@ttwidth=\dimen139
\SOUL@uldp=\dimen140
\SOUL@ulht=\dimen141
))
\AtBeginShipoutBox=\box31
Package hyperref Info: Link coloring OFF on input line 26.

(/usr/share/texmf-dist/tex/latex/hyperref/nameref.sty
Package: nameref 2016/05/21 v2.44 Cross-referencing by name of section

(/usr/share/texmf-dist/tex/generic/oberdiek/gettitlestring.sty
Package: gettitlestring 2016/05/16 v1.5 Cleanup title references (HO)
)
\c@section@level=\count165
)
LaTeX Info: Redefining \ref on input line 26.
LaTeX Info: Redefining \pageref on input line 26.
LaTeX Info: Redefining \nameref on input line 26.

(./LFA41Appendix1.out) (./LFA41Appendix1.out)
\@outlinefile=\write4
\openout4 = `LFA41Appendix1.out'.


*geometry* driver: auto-detecting
*geometry* detected driver: pdftex
*geometry* verbose mode - [ preamble ] result:
* driver: pdftex
* paper: <default>
* layout: <same size as paper>
* layoutoffset:(h,v)=(0.0pt,0.0pt)
* modes: 
* h-part:(L,W,R)=(85.35826pt, 443.57848pt, 85.35826pt)
* v-part:(T,H,B)=(68.28644pt, 658.39711pt, 68.28644pt)
* \paperwidth=614.295pt
* \paperheight=794.96999pt
* \textwidth=443.57848pt
* \textheight=658.39711pt
* \oddsidemargin=13.08827pt
* \evensidemargin=13.08827pt
* \topmargin=-40.98355pt
* \headheight=12.0pt
* \headsep=25.0pt
* \topskip=11.0pt
* \footskip=30.0pt
* \marginparwidth=59.0pt
* \marginparsep=10.0pt
* \columnsep=10.0pt
* \skip\footins=10.0pt plus 4.0pt minus 2.0pt
* \hoffset=0.0pt
* \voffset=0.0pt
* \mag=1000
* \@twocolumnfalse
* \@twosidefalse
* \@mparswitchfalse
* \@reversemarginfalse
* (1in=72.27pt=25.4mm, 1cm=28.453pt)


</backup/bio_data/bio.lobster/figures/lfa41DFObasenumbers.png, id=4, 1084.05pt 
x 867.24pt>
File: /backup/bio_data/bio.lobster/figures/lfa41DFObasenumbers.png Graphic file
 (type png)
 <use /backup/bio_data/bio.lobster/figures/lfa41DFObasenumbers.png>
Package pdftex.def Info: /backup/bio_data/bio.lobster/figures/lfa41DFObasenumbe
rs.png used on input line 32.
(pdftex.def)             Requested size: 221.78923pt x 177.42805pt.

</backup/bio_data/bio.lobster/figures/lfa41DFOrestratifiednumbers.png, id=5, 10
84.05pt x 867.24pt>
File: /backup/bio_data/bio.lobster/figures/lfa41DFOrestratifiednumbers.png Grap
hic file (type png)

<use /backup/bio_data/bio.lobster/figures/lfa41DFOrestratifiednumbers.png>
Package pdftex.def Info: /backup/bio_data/bio.lobster/figures/lfa41DFOrestratif
iednumbers.png used on input line 33.
(pdftex.def)             Requested size: 221.78923pt x 177.42805pt.

</backup/bio_data/bio.lobster/figures/adjcentlfa41DFOrestratifiednumbers.png, i
d=6, 1084.05pt x 867.24pt>
File: /backup/bio_data/bio.lobster/figures/adjcentlfa41DFOrestratifiednumbers.p
ng Graphic file (type png)

<use /backup/bio_data/bio.lobster/figures/adjcentlfa41DFOrestratifiednumbers.pn
g>
Package pdftex.def Info: /backup/bio_data/bio.lobster/figures/adjcentlfa41DFOre
stratifiednumbers.png used on input line 34.
(pdftex.def)             Requested size: 221.78923pt x 177.42805pt.


Package Fancyhdr Warning: \headheight is too small (12.0pt): 
 Make it at least 13.59999pt.
 We now make it that large for the rest of the document.
 This may cause the page layout to be inconsistent, however.

(/usr/share/texmf-dist/tex/generic/oberdiek/se-pdfdoc.def
File: se-pdfdoc.def 2016/05/16 v1.11 stringenc: PDFDocEncoding
) [1{/var/lib/texmf/fonts/map/pdftex/updmap/pdftex.map} </backup/bio_data/bio.l
obster/figures/lfa41DFObasenumbers.png (PNG copy)> </backup/bio_data/bio.lobste
r/figures/lfa41DFOrestratifiednumbers.png (PNG copy)> </backup/bio_data/bio.lob
ster/figures/adjcentlfa41DFOrestratifiednumbers.png (PNG copy)>]
</backup/bio_data/bio.lobster/figures/lfa41NEFSCSpringbasenumbers.png, id=17, 1
084.05pt x 867.24pt>
File: /backup/bio_data/bio.lobster/figures/lfa41NEFSCSpringbasenumbers.png Grap
hic file (type png)

<use /backup/bio_data/bio.lobster/figures/lfa41NEFSCSpringbasenumbers.png>
Package pdftex.def Info: /backup/bio_data/bio.lobster/figures/lfa41NEFSCSpringb
asenumbers.png used on input line 42.
(pdftex.def)             Requested size: 221.78923pt x 177.42805pt.

</backup/bio_data/bio.lobster/figures/lfa41NEFSCSpringrestratifiednumbers.png, 
id=18, 1084.05pt x 867.24pt>
File: /backup/bio_data/bio.lobster/figures/lfa41NEFSCSpringrestratifiednumbers.
png Graphic file (type png)

<use /backup/bio_data/bio.lobster/figures/lfa41NEFSCSpringrestratifiednumbers.p
ng>
Package pdftex.def Info: /backup/bio_data/bio.lobster/figures/lfa41NEFSCSpringr
estratifiednumbers.png used on input line 43.
(pdftex.def)             Requested size: 221.78923pt x 177.42805pt.

</backup/bio_data/bio.lobster/figures/adjacentlfa41NEFSCSpringrestratifiednumbe
rs.png, id=19, 1084.05pt x 867.24pt>
File: /backup/bio_data/bio.lobster/figures/adjacentlfa41NEFSCSpringrestratified
numbers.png Graphic file (type png)

<use /backup/bio_data/bio.lobster/figures/adjacentlfa41NEFSCSpringrestratifiedn
umbers.png>
Package pdftex.def Info: /backup/bio_data/bio.lobster/figures/adjacentlfa41NEFS
CSpringrestratifiednumbers.png used on input line 44.
(pdftex.def)             Requested size: 221.78923pt x 177.42805pt.


Package Fancyhdr Warning: \headheight is too small (12.0pt): 
 Make it at least 13.59999pt.
 We now make it that large for the rest of the document.
 This may cause the page layout to be inconsistent, however.

[2 </backup/bio_data/bio.lobster/figures/lfa41NEFSCSpringbasenumbers.png (PNG c
opy)> </backup/bio_data/bio.lobster/figures/lfa41NEFSCSpringrestratifiednumbers
.png (PNG copy)> </backup/bio_data/bio.lobster/figures/adjacentlfa41NEFSCSpring
restratifiednumbers.png (PNG copy)>]
</backup/bio_data/bio.lobster/figures/lfa41NEFSCFallbasenumbers.png, id=28, 108
4.05pt x 867.24pt>
File: /backup/bio_data/bio.lobster/figures/lfa41NEFSCFallbasenumbers.png Graphi
c file (type png)

<use /backup/bio_data/bio.lobster/figures/lfa41NEFSCFallbasenumbers.png>
Package pdftex.def Info: /backup/bio_data/bio.lobster/figures/lfa41NEFSCFallbas
enumbers.png used on input line 53.
(pdftex.def)             Requested size: 221.78923pt x 177.42805pt.

</backup/bio_data/bio.lobster/figures/lfa41NEFSCFallrestratifiednumbers.png, id
=29, 1084.05pt x 867.24pt>
File: /backup/bio_data/bio.lobster/figures/lfa41NEFSCFallrestratifiednumbers.pn
g Graphic file (type png)

<use /backup/bio_data/bio.lobster/figures/lfa41NEFSCFallrestratifiednumbers.png
>
Package pdftex.def Info: /backup/bio_data/bio.lobster/figures/lfa41NEFSCFallres
tratifiednumbers.png used on input line 54.
(pdftex.def)             Requested size: 221.78923pt x 177.42805pt.

</backup/bio_data/bio.lobster/figures/adjacentlfa41NEFSCFallrestratifiednumbers
.png, id=30, 1084.05pt x 867.24pt>
File: /backup/bio_data/bio.lobster/figures/adjacentlfa41NEFSCFallrestratifiednu
mbers.png Graphic file (type png)

<use /backup/bio_data/bio.lobster/figures/adjacentlfa41NEFSCFallrestratifiednum
bers.png>
Package pdftex.def Info: /backup/bio_data/bio.lobster/figures/adjacentlfa41NEFS
CFallrestratifiednumbers.png used on input line 55.
(pdftex.def)             Requested size: 221.78923pt x 177.42805pt.


Package Fancyhdr Warning: \headheight is too small (12.0pt): 
 Make it at least 13.59999pt.
 We now make it that large for the rest of the document.
 This may cause the page layout to be inconsistent, however.

[3 </backup/bio_data/bio.lobster/figures/lfa41NEFSCFallbasenumbers.png (PNG cop
y)> </backup/bio_data/bio.lobster/figures/lfa41NEFSCFallrestratifiednumbers.png
 (PNG copy)> </backup/bio_data/bio.lobster/figures/adjacentlfa41NEFSCFallrestra
tifiednumbers.png (PNG copy)>]
</backup/bio_data/bio.lobster/figures/lfa41georgesnumbers.png, id=39, 1084.05pt
 x 867.24pt>
File: /backup/bio_data/bio.lobster/figures/lfa41georgesnumbers.png Graphic file
 (type png)

<use /backup/bio_data/bio.lobster/figures/lfa41georgesnumbers.png>
Package pdftex.def Info: /backup/bio_data/bio.lobster/figures/lfa41georgesnumbe
rs.png used on input line 63.
(pdftex.def)             Requested size: 443.57848pt x 354.85612pt.

</backup/bio_data/bio.lobster/figures/lfa41DFObasenumbersrecruits.png, id=40, 1
084.05pt x 867.24pt>
File: /backup/bio_data/bio.lobster/figures/lfa41DFObasenumbersrecruits.png Grap
hic file (type png)

<use /backup/bio_data/bio.lobster/figures/lfa41DFObasenumbersrecruits.png>
Package pdftex.def Info: /backup/bio_data/bio.lobster/figures/lfa41DFObasenumbe
rsrecruits.png used on input line 73.
(pdftex.def)             Requested size: 221.78923pt x 177.42805pt.

</backup/bio_data/bio.lobster/figures/lfa41DFOrestratifiednumbersrecruits.png, 
id=41, 1084.05pt x 867.24pt>
File: /backup/bio_data/bio.lobster/figures/lfa41DFOrestratifiednumbersrecruits.
png Graphic file (type png)

<use /backup/bio_data/bio.lobster/figures/lfa41DFOrestratifiednumbersrecruits.p
ng>
Package pdftex.def Info: /backup/bio_data/bio.lobster/figures/lfa41DFOrestratif
iednumbersrecruits.png used on input line 74.
(pdftex.def)             Requested size: 221.78923pt x 177.42805pt.

</backup/bio_data/bio.lobster/figures/adjcentlfa41DFOrestratifiednumbersrecruit
s.png, id=42, 1084.05pt x 867.24pt>
File: /backup/bio_data/bio.lobster/figures/adjcentlfa41DFOrestratifiednumbersre
cruits.png Graphic file (type png)

<use /backup/bio_data/bio.lobster/figures/adjcentlfa41DFOrestratifiednumbersrec
ruits.png>
Package pdftex.def Info: /backup/bio_data/bio.lobster/figures/adjcentlfa41DFOre
stratifiednumbersrecruits.png used on input line 75.
(pdftex.def)             Requested size: 221.78923pt x 177.42805pt.


Package Fancyhdr Warning: \headheight is too small (12.0pt): 
 Make it at least 13.59999pt.
 We now make it that large for the rest of the document.
 This may cause the page layout to be inconsistent, however.

[4 </backup/bio_data/bio.lobster/figures/lfa41georgesnumbers.png (PNG copy)>]

Package Fancyhdr Warning: \headheight is too small (12.0pt): 
 Make it at least 13.59999pt.
 We now make it that large for the rest of the document.
 This may cause the page layout to be inconsistent, however.

[5 </backup/bio_data/bio.lobster/figures/lfa41DFObasenumbersrecruits.png (PNG c
opy)> </backup/bio_data/bio.lobster/figures/lfa41DFOrestratifiednumbersrecruits
.png (PNG copy)> </backup/bio_data/bio.lobster/figures/adjcentlfa41DFOrestratif
iednumbersrecruits.png (PNG copy)>]
</backup/bio_data/bio.lobster/figures/lfa41NEFSCSpringbasenumbersrecruits.png, 
id=56, 1084.05pt x 867.24pt>
File: /backup/bio_data/bio.lobster/figures/lfa41NEFSCSpringbasenumbersrecruits.
png Graphic file (type png)

<use /backup/bio_data/bio.lobster/figures/lfa41NEFSCSpringbasenumbersrecruits.p
ng>
Package pdftex.def Info: /backup/bio_data/bio.lobster/figures/lfa41NEFSCSpringb
asenumbersrecruits.png used on input line 85.
(pdftex.def)             Requested size: 221.78923pt x 177.42805pt.

</backup/bio_data/bio.lobster/figures/lfa41NEFSCSpringrestratifiednumbersrecrui
ts.png, id=57, 1084.05pt x 867.24pt>
File: /backup/bio_data/bio.lobster/figures/lfa41NEFSCSpringrestratifiednumbersr
ecruits.png Graphic file (type png)

<use /backup/bio_data/bio.lobster/figures/lfa41NEFSCSpringrestratifiednumbersre
cruits.png>
Package pdftex.def Info: /backup/bio_data/bio.lobster/figures/lfa41NEFSCSpringr
estratifiednumbersrecruits.png used on input line 86.
(pdftex.def)             Requested size: 221.78923pt x 177.42805pt.

</backup/bio_data/bio.lobster/figures/adjacentlfa41NEFSCSpringrestratifiednumbe
rsrecruits.png, id=58, 1084.05pt x 867.24pt>
File: /backup/bio_data/bio.lobster/figures/adjacentlfa41NEFSCSpringrestratified
numbersrecruits.png Graphic file (type png)

<use /backup/bio_data/bio.lobster/figures/adjacentlfa41NEFSCSpringrestratifiedn
umbersrecruits.png>
Package pdftex.def Info: /backup/bio_data/bio.lobster/figures/adjacentlfa41NEFS
CSpringrestratifiednumbersrecruits.png used on input line 87.
(pdftex.def)             Requested size: 221.78923pt x 177.42805pt.


Package Fancyhdr Warning: \headheight is too small (12.0pt): 
 Make it at least 13.59999pt.
 We now make it that large for the rest of the document.
 This may cause the page layout to be inconsistent, however.

[6 </backup/bio_data/bio.lobster/figures/lfa41NEFSCSpringbasenumbersrecruits.pn
g (PNG copy)> </backup/bio_data/bio.lobster/figures/lfa41NEFSCSpringrestratifie
dnumbersrecruits.png (PNG copy)> </backup/bio_data/bio.lobster/figures/adjacent
lfa41NEFSCSpringrestratifiednumbersrecruits.png (PNG copy)>]
</backup/bio_data/bio.lobster/figures/lfa41NEFSCFallbasenumbersrecruits.png, id
=67, 1084.05pt x 867.24pt>
File: /backup/bio_data/bio.lobster/figures/lfa41NEFSCFallbasenumbersrecruits.pn
g Graphic file (type png)

<use /backup/bio_data/bio.lobster/figures/lfa41NEFSCFallbasenumbersrecruits.png
>
Package pdftex.def Info: /backup/bio_data/bio.lobster/figures/lfa41NEFSCFallbas
enumbersrecruits.png used on input line 97.
(pdftex.def)             Requested size: 221.78923pt x 177.42805pt.

</backup/bio_data/bio.lobster/figures/lfa41NEFSCFallrestratifiednumbersrecruits
.png, id=68, 1084.05pt x 867.24pt>
File: /backup/bio_data/bio.lobster/figures/lfa41NEFSCFallrestratifiednumbersrec
ruits.png Graphic file (type png)

<use /backup/bio_data/bio.lobster/figures/lfa41NEFSCFallrestratifiednumbersrecr
uits.png>
Package pdftex.def Info: /backup/bio_data/bio.lobster/figures/lfa41NEFSCFallres
tratifiednumbersrecruits.png used on input line 98.
(pdftex.def)             Requested size: 221.78923pt x 177.42805pt.

</backup/bio_data/bio.lobster/figures/adjacentlfa41NEFSCFallrestratifiednumbers
recruits.png, id=69, 1084.05pt x 867.24pt>
File: /backup/bio_data/bio.lobster/figures/adjacentlfa41NEFSCFallrestratifiednu
mbersrecruits.png Graphic file (type png)

<use /backup/bio_data/bio.lobster/figures/adjacentlfa41NEFSCFallrestratifiednum
bersrecruits.png>
Package pdftex.def Info: /backup/bio_data/bio.lobster/figures/adjacentlfa41NEFS
CFallrestratifiednumbersrecruits.png used on input line 99.
(pdftex.def)             Requested size: 221.78923pt x 177.42805pt.


Package Fancyhdr Warning: \headheight is too small (12.0pt): 
 Make it at least 13.59999pt.
 We now make it that large for the rest of the document.
 This may cause the page layout to be inconsistent, however.

[7 </backup/bio_data/bio.lobster/figures/lfa41NEFSCFallbasenumbersrecruits.png 
(PNG copy)> </backup/bio_data/bio.lobster/figures/lfa41NEFSCFallrestratifiednum
bersrecruits.png (PNG copy)> </backup/bio_data/bio.lobster/figures/adjacentlfa4
1NEFSCFallrestratifiednumbersrecruits.png (PNG copy)>]
</backup/bio_data/bio.lobster/figures/lfa41georgesnumbersrecruits.png, id=79, 1
084.05pt x 867.24pt>
File: /backup/bio_data/bio.lobster/figures/lfa41georgesnumbersrecruits.png Grap
hic file (type png)

<use /backup/bio_data/bio.lobster/figures/lfa41georgesnumbersrecruits.png>
Package pdftex.def Info: /backup/bio_data/bio.lobster/figures/lfa41georgesnumbe
rsrecruits.png used on input line 108.
(pdftex.def)             Requested size: 443.57848pt x 354.85612pt.

</backup/bio_data/bio.lobster/figures/lfa41DFObasenumberscommercial.png, id=80,
 1084.05pt x 867.24pt>
File: /backup/bio_data/bio.lobster/figures/lfa41DFObasenumberscommercial.png Gr
aphic file (type png)

<use /backup/bio_data/bio.lobster/figures/lfa41DFObasenumberscommercial.png>
Package pdftex.def Info: /backup/bio_data/bio.lobster/figures/lfa41DFObasenumbe
rscommercial.png used on input line 119.
(pdftex.def)             Requested size: 221.78923pt x 177.42805pt.

</backup/bio_data/bio.lobster/figures/lfa41DFOrestratifiednumberscommercial.png
, id=81, 1084.05pt x 867.24pt>
File: /backup/bio_data/bio.lobster/figures/lfa41DFOrestratifiednumberscommercia
l.png Graphic file (type png)

<use /backup/bio_data/bio.lobster/figures/lfa41DFOrestratifiednumberscommercial
.png>
Package pdftex.def Info: /backup/bio_data/bio.lobster/figures/lfa41DFOrestratif
iednumberscommercial.png used on input line 120.
(pdftex.def)             Requested size: 221.78923pt x 177.42805pt.

</backup/bio_data/bio.lobster/figures/adjacentlfa41DFOrestratifiednumberscommer
cial.png, id=82, 1084.05pt x 867.24pt>
File: /backup/bio_data/bio.lobster/figures/adjacentlfa41DFOrestratifiednumbersc
ommercial.png Graphic file (type png)

<use /backup/bio_data/bio.lobster/figures/adjacentlfa41DFOrestratifiednumbersco
mmercial.png>
Package pdftex.def Info: /backup/bio_data/bio.lobster/figures/adjacentlfa41DFOr
estratifiednumberscommercial.png used on input line 121.
(pdftex.def)             Requested size: 221.78923pt x 177.42805pt.


Package Fancyhdr Warning: \headheight is too small (12.0pt): 
 Make it at least 13.59999pt.
 We now make it that large for the rest of the document.
 This may cause the page layout to be inconsistent, however.

[8 </backup/bio_data/bio.lobster/figures/lfa41georgesnumbersrecruits.png (PNG c
opy)>]

Package Fancyhdr Warning: \headheight is too small (12.0pt): 
 Make it at least 13.59999pt.
 We now make it that large for the rest of the document.
 This may cause the page layout to be inconsistent, however.

[9 </backup/bio_data/bio.lobster/figures/lfa41DFObasenumberscommercial.png (PNG
 copy)> </backup/bio_data/bio.lobster/figures/lfa41DFOrestratifiednumberscommer
cial.png (PNG copy)> </backup/bio_data/bio.lobster/figures/adjacentlfa41DFOrest
ratifiednumberscommercial.png (PNG copy)>]
</backup/bio_data/bio.lobster/figures/lfa41NEFSCSpringbasenumberscommercial.png
, id=96, 1084.05pt x 867.24pt>
File: /backup/bio_data/bio.lobster/figures/lfa41NEFSCSpringbasenumberscommercia
l.png Graphic file (type png)

<use /backup/bio_data/bio.lobster/figures/lfa41NEFSCSpringbasenumberscommercial
.png>
Package pdftex.def Info: /backup/bio_data/bio.lobster/figures/lfa41NEFSCSpringb
asenumberscommercial.png used on input line 128.
(pdftex.def)             Requested size: 221.78923pt x 177.42805pt.

</backup/bio_data/bio.lobster/figures/lfa41NEFSCSpringrestratifiednumberscommer
cial.png, id=97, 1084.05pt x 867.24pt>
File: /backup/bio_data/bio.lobster/figures/lfa41NEFSCSpringrestratifiednumbersc
ommercial.png Graphic file (type png)

<use /backup/bio_data/bio.lobster/figures/lfa41NEFSCSpringrestratifiednumbersco
mmercial.png>
Package pdftex.def Info: /backup/bio_data/bio.lobster/figures/lfa41NEFSCSpringr
estratifiednumberscommercial.png used on input line 129.
(pdftex.def)             Requested size: 221.78923pt x 177.42805pt.

</backup/bio_data/bio.lobster/figures/adjacentlfa41NEFSCSpringrestratifiednumbe
rscommercial.png, id=98, 1084.05pt x 867.24pt>
File: /backup/bio_data/bio.lobster/figures/adjacentlfa41NEFSCSpringrestratified
numberscommercial.png Graphic file (type png)

<use /backup/bio_data/bio.lobster/figures/adjacentlfa41NEFSCSpringrestratifiedn
umberscommercial.png>
Package pdftex.def Info: /backup/bio_data/bio.lobster/figures/adjacentlfa41NEFS
CSpringrestratifiednumberscommercial.png used on input line 130.
(pdftex.def)             Requested size: 221.78923pt x 177.42805pt.


Package Fancyhdr Warning: \headheight is too small (12.0pt): 
 Make it at least 13.59999pt.
 We now make it that large for the rest of the document.
 This may cause the page layout to be inconsistent, however.

[10 </backup/bio_data/bio.lobster/figures/lfa41NEFSCSpringbasenumberscommercial
.png (PNG copy)> </backup/bio_data/bio.lobster/figures/lfa41NEFSCSpringrestrati
fiednumberscommercial.png (PNG copy)> </backup/bio_data/bio.lobster/figures/adj
acentlfa41NEFSCSpringrestratifiednumberscommercial.png (PNG copy)>]
</backup/bio_data/bio.lobster/figures/lfa41NEFSCFallbasenumberscommercial.png, 
id=107, 1084.05pt x 867.24pt>
File: /backup/bio_data/bio.lobster/figures/lfa41NEFSCFallbasenumberscommercial.
png Graphic file (type png)

<use /backup/bio_data/bio.lobster/figures/lfa41NEFSCFallbasenumberscommercial.p
ng>
Package pdftex.def Info: /backup/bio_data/bio.lobster/figures/lfa41NEFSCFallbas
enumberscommercial.png used on input line 138.
(pdftex.def)             Requested size: 221.78923pt x 177.42805pt.

</backup/bio_data/bio.lobster/figures/lfa41NEFSCFallrestratifiednumberscommerci
al.png, id=108, 1084.05pt x 867.24pt>
File: /backup/bio_data/bio.lobster/figures/lfa41NEFSCFallrestratifiednumberscom
mercial.png Graphic file (type png)

<use /backup/bio_data/bio.lobster/figures/lfa41NEFSCFallrestratifiednumberscomm
ercial.png>
Package pdftex.def Info: /backup/bio_data/bio.lobster/figures/lfa41NEFSCFallres
tratifiednumberscommercial.png used on input line 139.
(pdftex.def)             Requested size: 221.78923pt x 177.42805pt.

</backup/bio_data/bio.lobster/figures/adjacentlfa41NEFSCFallrestratifiednumbers
commercial.png, id=109, 1084.05pt x 867.24pt>
File: /backup/bio_data/bio.lobster/figures/adjacentlfa41NEFSCFallrestratifiednu
mberscommercial.png Graphic file (type png)

<use /backup/bio_data/bio.lobster/figures/adjacentlfa41NEFSCFallrestratifiednum
berscommercial.png>
Package pdftex.def Info: /backup/bio_data/bio.lobster/figures/adjacentlfa41NEFS
CFallrestratifiednumberscommercial.png used on input line 140.
(pdftex.def)             Requested size: 221.78923pt x 177.42805pt.


Package Fancyhdr Warning: \headheight is too small (12.0pt): 
 Make it at least 13.59999pt.
 We now make it that large for the rest of the document.
 This may cause the page layout to be inconsistent, however.

[11 </backup/bio_data/bio.lobster/figures/lfa41NEFSCFallbasenumberscommercial.p
ng (PNG copy)> </backup/bio_data/bio.lobster/figures/lfa41NEFSCFallrestratified
numberscommercial.png (PNG copy)> </backup/bio_data/bio.lobster/figures/adjacen
tlfa41NEFSCFallrestratifiednumberscommercial.png (PNG copy)>]
</backup/bio_data/bio.lobster/figures/lfa41georgesnumberscommercial.png, id=118
, 1084.05pt x 867.24pt>
File: /backup/bio_data/bio.lobster/figures/lfa41georgesnumberscommercial.png Gr
aphic file (type png)

<use /backup/bio_data/bio.lobster/figures/lfa41georgesnumberscommercial.png>
Package pdftex.def Info: /backup/bio_data/bio.lobster/figures/lfa41georgesnumbe
rscommercial.png used on input line 147.
(pdftex.def)             Requested size: 443.57848pt x 354.85612pt.

</backup/bio_data/bio.lobster/figures/lfa41DFObasenumberslargefemale.png, id=11
9, 1084.05pt x 867.24pt>
File: /backup/bio_data/bio.lobster/figures/lfa41DFObasenumberslargefemale.png G
raphic file (type png)

<use /backup/bio_data/bio.lobster/figures/lfa41DFObasenumberslargefemale.png>
Package pdftex.def Info: /backup/bio_data/bio.lobster/figures/lfa41DFObasenumbe
rslargefemale.png used on input line 158.
(pdftex.def)             Requested size: 221.78923pt x 177.42805pt.

</backup/bio_data/bio.lobster/figures/lfa41DFOrestratifiednumberslargefemale.pn
g, id=120, 1084.05pt x 867.24pt>
File: /backup/bio_data/bio.lobster/figures/lfa41DFOrestratifiednumberslargefema
le.png Graphic file (type png)

<use /backup/bio_data/bio.lobster/figures/lfa41DFOrestratifiednumberslargefemal
e.png>
Package pdftex.def Info: /backup/bio_data/bio.lobster/figures/lfa41DFOrestratif
iednumberslargefemale.png used on input line 159.
(pdftex.def)             Requested size: 221.78923pt x 177.42805pt.

</backup/bio_data/bio.lobster/figures/adjcentlfa41DFOrestratifiednumberslargefe
male.png, id=121, 1084.05pt x 867.24pt>
File: /backup/bio_data/bio.lobster/figures/adjcentlfa41DFOrestratifiednumbersla
rgefemale.png Graphic file (type png)

<use /backup/bio_data/bio.lobster/figures/adjcentlfa41DFOrestratifiednumberslar
gefemale.png>
Package pdftex.def Info: /backup/bio_data/bio.lobster/figures/adjcentlfa41DFOre
stratifiednumberslargefemale.png used on input line 160.
(pdftex.def)             Requested size: 221.78923pt x 177.42805pt.


Package Fancyhdr Warning: \headheight is too small (12.0pt): 
 Make it at least 13.59999pt.
 We now make it that large for the rest of the document.
 This may cause the page layout to be inconsistent, however.

[12 </backup/bio_data/bio.lobster/figures/lfa41georgesnumberscommercial.png (PN
G copy)>]

Package Fancyhdr Warning: \headheight is too small (12.0pt): 
 Make it at least 13.59999pt.
 We now make it that large for the rest of the document.
 This may cause the page layout to be inconsistent, however.

[13 </backup/bio_data/bio.lobster/figures/lfa41DFObasenumberslargefemale.png (P
NG copy)> </backup/bio_data/bio.lobster/figures/lfa41DFOrestratifiednumberslarg
efemale.png (PNG copy)> </backup/bio_data/bio.lobster/figures/adjcentlfa41DFOre
stratifiednumberslargefemale.png (PNG copy)>]
</backup/bio_data/bio.lobster/figures/lfa41NEFSCSpringbasenumberslargefemale.pn
g, id=137, 1084.05pt x 867.24pt>
File: /backup/bio_data/bio.lobster/figures/lfa41NEFSCSpringbasenumberslargefema
le.png Graphic file (type png)

<use /backup/bio_data/bio.lobster/figures/lfa41NEFSCSpringbasenumberslargefemal
e.png>
Package pdftex.def Info: /backup/bio_data/bio.lobster/figures/lfa41NEFSCSpringb
asenumberslargefemale.png used on input line 167.
(pdftex.def)             Requested size: 221.78923pt x 177.42805pt.

</backup/bio_data/bio.lobster/figures/lfa41NEFSCSpringrestratifiednumberslargef
emale.png, id=138, 1084.05pt x 867.24pt>
File: /backup/bio_data/bio.lobster/figures/lfa41NEFSCSpringrestratifiednumbersl
argefemale.png Graphic file (type png)

<use /backup/bio_data/bio.lobster/figures/lfa41NEFSCSpringrestratifiednumbersla
rgefemale.png>
Package pdftex.def Info: /backup/bio_data/bio.lobster/figures/lfa41NEFSCSpringr
estratifiednumberslargefemale.png used on input line 168.
(pdftex.def)             Requested size: 221.78923pt x 177.42805pt.

</backup/bio_data/bio.lobster/figures/adjacentlfa41NEFSCSpringrestratifiednumbe
rslargefemale.png, id=139, 1084.05pt x 867.24pt>
File: /backup/bio_data/bio.lobster/figures/adjacentlfa41NEFSCSpringrestratified
numberslargefemale.png Graphic file (type png)

<use /backup/bio_data/bio.lobster/figures/adjacentlfa41NEFSCSpringrestratifiedn
umberslargefemale.png>
Package pdftex.def Info: /backup/bio_data/bio.lobster/figures/adjacentlfa41NEFS
CSpringrestratifiednumberslargefemale.png used on input line 169.
(pdftex.def)             Requested size: 221.78923pt x 177.42805pt.


Package Fancyhdr Warning: \headheight is too small (12.0pt): 
 Make it at least 13.59999pt.
 We now make it that large for the rest of the document.
 This may cause the page layout to be inconsistent, however.

[14 </backup/bio_data/bio.lobster/figures/lfa41NEFSCSpringbasenumberslargefemal
e.png (PNG copy)> </backup/bio_data/bio.lobster/figures/lfa41NEFSCSpringrestrat
ifiednumberslargefemale.png (PNG copy)> </backup/bio_data/bio.lobster/figures/a
djacentlfa41NEFSCSpringrestratifiednumberslargefemale.png (PNG copy)>]
</backup/bio_data/bio.lobster/figures/lfa41NEFSCFallbasenumberslargefemale.png,
 id=148, 1084.05pt x 867.24pt>
File: /backup/bio_data/bio.lobster/figures/lfa41NEFSCFallbasenumberslargefemale
.png Graphic file (type png)

<use /backup/bio_data/bio.lobster/figures/lfa41NEFSCFallbasenumberslargefemale.
png>
Package pdftex.def Info: /backup/bio_data/bio.lobster/figures/lfa41NEFSCFallbas
enumberslargefemale.png used on input line 177.
(pdftex.def)             Requested size: 221.78923pt x 177.42805pt.

</backup/bio_data/bio.lobster/figures/lfa41NEFSCFallrestratifiednumberslargefem
ale.png, id=149, 1084.05pt x 867.24pt>
File: /backup/bio_data/bio.lobster/figures/lfa41NEFSCFallrestratifiednumberslar
gefemale.png Graphic file (type png)

<use /backup/bio_data/bio.lobster/figures/lfa41NEFSCFallrestratifiednumberslarg
efemale.png>
Package pdftex.def Info: /backup/bio_data/bio.lobster/figures/lfa41NEFSCFallres
tratifiednumberslargefemale.png used on input line 178.
(pdftex.def)             Requested size: 221.78923pt x 177.42805pt.

</backup/bio_data/bio.lobster/figures/adjacentlfa41NEFSCFallrestratifiednumbers
largefemale.png, id=150, 1084.05pt x 867.24pt>
File: /backup/bio_data/bio.lobster/figures/adjacentlfa41NEFSCFallrestratifiednu
mberslargefemale.png Graphic file (type png)

<use /backup/bio_data/bio.lobster/figures/adjacentlfa41NEFSCFallrestratifiednum
berslargefemale.png>
Package pdftex.def Info: /backup/bio_data/bio.lobster/figures/adjacentlfa41NEFS
CFallrestratifiednumberslargefemale.png used on input line 179.
(pdftex.def)             Requested size: 221.78923pt x 177.42805pt.


Package Fancyhdr Warning: \headheight is too small (12.0pt): 
 Make it at least 13.59999pt.
 We now make it that large for the rest of the document.
 This may cause the page layout to be inconsistent, however.

[15 </backup/bio_data/bio.lobster/figures/lfa41NEFSCFallbasenumberslargefemale.
png (PNG copy)> </backup/bio_data/bio.lobster/figures/lfa41NEFSCFallrestratifie
dnumberslargefemale.png (PNG copy)> </backup/bio_data/bio.lobster/figures/adjac
entlfa41NEFSCFallrestratifiednumberslargefemale.png (PNG copy)>]
</backup/bio_data/bio.lobster/figures/lfa41georgesnumberslargefemale.png, id=15
9, 1084.05pt x 867.24pt>
File: /backup/bio_data/bio.lobster/figures/lfa41georgesnumberslargefemale.png G
raphic file (type png)

<use /backup/bio_data/bio.lobster/figures/lfa41georgesnumberslargefemale.png>
Package pdftex.def Info: /backup/bio_data/bio.lobster/figures/lfa41georgesnumbe
rslargefemale.png used on input line 186.
(pdftex.def)             Requested size: 443.57848pt x 354.85612pt.

</backup/bio_data/bio.lobster/figures/lfa41DFObaseDWAO.png, id=160, 1084.05pt x
 867.24pt>
File: /backup/bio_data/bio.lobster/figures/lfa41DFObaseDWAO.png Graphic file (t
ype png)
 <use /backup/bio_data/bio.lobster/figures/lfa41DFObaseDWAO.png>
Package pdftex.def Info: /backup/bio_data/bio.lobster/figures/lfa41DFObaseDWAO.
png used on input line 195.
(pdftex.def)             Requested size: 221.78923pt x 177.42805pt.

</backup/bio_data/bio.lobster/figures/lfa41DFOrestratifiedDWAO.png, id=161, 108
4.05pt x 867.24pt>
File: /backup/bio_data/bio.lobster/figures/lfa41DFOrestratifiedDWAO.png Graphic
 file (type png)

<use /backup/bio_data/bio.lobster/figures/lfa41DFOrestratifiedDWAO.png>
Package pdftex.def Info: /backup/bio_data/bio.lobster/figures/lfa41DFOrestratif
iedDWAO.png used on input line 196.
(pdftex.def)             Requested size: 221.78923pt x 177.42805pt.

</backup/bio_data/bio.lobster/figures/adjacentlfa41DFOrestratifiedDWAO.png, id=
162, 1084.05pt x 867.24pt>
File: /backup/bio_data/bio.lobster/figures/adjacentlfa41DFOrestratifiedDWAO.png
 Graphic file (type png)

<use /backup/bio_data/bio.lobster/figures/adjacentlfa41DFOrestratifiedDWAO.png>
Package pdftex.def Info: /backup/bio_data/bio.lobster/figures/adjacentlfa41DFOr
estratifiedDWAO.png used on input line 197.
(pdftex.def)             Requested size: 221.78923pt x 177.42805pt.

Package Fancyhdr Warning: \headheight is too small (12.0pt): 
 Make it at least 13.59999pt.
 We now make it that large for the rest of the document.
 This may cause the page layout to be inconsistent, however.

[16 </backup/bio_data/bio.lobster/figures/lfa41georgesnumberslargefemale.png (P
NG copy)>]

Package Fancyhdr Warning: \headheight is too small (12.0pt): 
 Make it at least 13.59999pt.
 We now make it that large for the rest of the document.
 This may cause the page layout to be inconsistent, however.

[17 </backup/bio_data/bio.lobster/figures/lfa41DFObaseDWAO.png (PNG copy)> </ba
ckup/bio_data/bio.lobster/figures/lfa41DFOrestratifiedDWAO.png (PNG copy)> </ba
ckup/bio_data/bio.lobster/figures/adjacentlfa41DFOrestratifiedDWAO.png (PNG cop
y)>]
</backup/bio_data/bio.lobster/figures/lfa41NEFSCSpringbaseDWAO.png, id=177, 108
4.05pt x 867.24pt>
File: /backup/bio_data/bio.lobster/figures/lfa41NEFSCSpringbaseDWAO.png Graphic
 file (type png)

<use /backup/bio_data/bio.lobster/figures/lfa41NEFSCSpringbaseDWAO.png>
Package pdftex.def Info: /backup/bio_data/bio.lobster/figures/lfa41NEFSCSpringb
aseDWAO.png used on input line 205.
(pdftex.def)             Requested size: 221.78923pt x 177.42805pt.

</backup/bio_data/bio.lobster/figures/lfa41NEFSCSpringrestratifiedDWAO.png, id=
178, 1084.05pt x 867.24pt>
File: /backup/bio_data/bio.lobster/figures/lfa41NEFSCSpringrestratifiedDWAO.png
 Graphic file (type png)

<use /backup/bio_data/bio.lobster/figures/lfa41NEFSCSpringrestratifiedDWAO.png>
Package pdftex.def Info: /backup/bio_data/bio.lobster/figures/lfa41NEFSCSpringr
estratifiedDWAO.png used on input line 206.
(pdftex.def)             Requested size: 221.78923pt x 177.42805pt.

</backup/bio_data/bio.lobster/figures/adjacentlfa41NEFSCSpringrestratifiedDWAO.
png, id=179, 1084.05pt x 867.24pt>
File: /backup/bio_data/bio.lobster/figures/adjacentlfa41NEFSCSpringrestratified
DWAO.png Graphic file (type png)

<use /backup/bio_data/bio.lobster/figures/adjacentlfa41NEFSCSpringrestratifiedD
WAO.png>
Package pdftex.def Info: /backup/bio_data/bio.lobster/figures/adjacentlfa41NEFS
CSpringrestratifiedDWAO.png used on input line 207.
(pdftex.def)             Requested size: 221.78923pt x 177.42805pt.


Package Fancyhdr Warning: \headheight is too small (12.0pt): 
 Make it at least 13.59999pt.
 We now make it that large for the rest of the document.
 This may cause the page layout to be inconsistent, however.

[18 </backup/bio_data/bio.lobster/figures/lfa41NEFSCSpringbaseDWAO.png (PNG cop
y)> </backup/bio_data/bio.lobster/figures/lfa41NEFSCSpringrestratifiedDWAO.png 
(PNG copy)> </backup/bio_data/bio.lobster/figures/adjacentlfa41NEFSCSpringrestr
atifiedDWAO.png (PNG copy)>]
</backup/bio_data/bio.lobster/figures/lfa41NEFSCFallbaseDWAO.png, id=188, 1084.
05pt x 867.24pt>
File: /backup/bio_data/bio.lobster/figures/lfa41NEFSCFallbaseDWAO.png Graphic f
ile (type png)

<use /backup/bio_data/bio.lobster/figures/lfa41NEFSCFallbaseDWAO.png>
Package pdftex.def Info: /backup/bio_data/bio.lobster/figures/lfa41NEFSCFallbas
eDWAO.png used on input line 215.
(pdftex.def)             Requested size: 221.78923pt x 177.42805pt.

</backup/bio_data/bio.lobster/figures/lfa41NEFSCFallrestratifiedDWAO.png, id=18
9, 1084.05pt x 867.24pt>
File: /backup/bio_data/bio.lobster/figures/lfa41NEFSCFallrestratifiedDWAO.png G
raphic file (type png)

<use /backup/bio_data/bio.lobster/figures/lfa41NEFSCFallrestratifiedDWAO.png>
Package pdftex.def Info: /backup/bio_data/bio.lobster/figures/lfa41NEFSCFallres
tratifiedDWAO.png used on input line 216.
(pdftex.def)             Requested size: 221.78923pt x 177.42805pt.

</backup/bio_data/bio.lobster/figures/adjacentlfa41NEFSCFallrestratifiedDWAO.pn
g, id=190, 1084.05pt x 867.24pt>
File: /backup/bio_data/bio.lobster/figures/adjacentlfa41NEFSCFallrestratifiedDW
AO.png Graphic file (type png)

<use /backup/bio_data/bio.lobster/figures/adjacentlfa41NEFSCFallrestratifiedDWA
O.png>
Package pdftex.def Info: /backup/bio_data/bio.lobster/figures/adjacentlfa41NEFS
CFallrestratifiedDWAO.png used on input line 217.
(pdftex.def)             Requested size: 221.78923pt x 177.42805pt.


Package Fancyhdr Warning: \headheight is too small (12.0pt): 
 Make it at least 13.59999pt.
 We now make it that large for the rest of the document.
 This may cause the page layout to be inconsistent, however.

[19 </backup/bio_data/bio.lobster/figures/lfa41NEFSCFallbaseDWAO.png (PNG copy)
> </backup/bio_data/bio.lobster/figures/lfa41NEFSCFallrestratifiedDWAO.png (PNG
 copy)> </backup/bio_data/bio.lobster/figures/adjacentlfa41NEFSCFallrestratifie
dDWAO.png (PNG copy)>]
</backup/bio_data/bio.lobster/figures/lfa41georgesDWAO.png, id=200, 1084.05pt x
 867.24pt>
File: /backup/bio_data/bio.lobster/figures/lfa41georgesDWAO.png Graphic file (t
ype png)
 <use /backup/bio_data/bio.lobster/figures/lfa41georgesDWAO.png>
Package pdftex.def Info: /backup/bio_data/bio.lobster/figures/lfa41georgesDWAO.
png used on input line 225.
(pdftex.def)             Requested size: 443.57848pt x 354.85612pt.

</backup/bio_data/bio.lobster/figures/lfa41DFObasegini.png, id=201, 1084.05pt x
 867.24pt>
File: /backup/bio_data/bio.lobster/figures/lfa41DFObasegini.png Graphic file (t
ype png)
 <use /backup/bio_data/bio.lobster/figures/lfa41DFObasegini.png>
Package pdftex.def Info: /backup/bio_data/bio.lobster/figures/lfa41DFObasegini.
png used on input line 235.
(pdftex.def)             Requested size: 221.78923pt x 177.42805pt.

</backup/bio_data/bio.lobster/figures/lfa41DFOrestratifiedgini.png, id=202, 108
4.05pt x 867.24pt>
File: /backup/bio_data/bio.lobster/figures/lfa41DFOrestratifiedgini.png Graphic
 file (type png)

<use /backup/bio_data/bio.lobster/figures/lfa41DFOrestratifiedgini.png>
Package pdftex.def Info: /backup/bio_data/bio.lobster/figures/lfa41DFOrestratif
iedgini.png used on input line 236.
(pdftex.def)             Requested size: 221.78923pt x 177.42805pt.

</backup/bio_data/bio.lobster/figures/adjacentlfa41DFOrestratifiedgini.png, id=
203, 1084.05pt x 867.24pt>
File: /backup/bio_data/bio.lobster/figures/adjacentlfa41DFOrestratifiedgini.png
 Graphic file (type png)

<use /backup/bio_data/bio.lobster/figures/adjacentlfa41DFOrestratifiedgini.png>
Package pdftex.def Info: /backup/bio_data/bio.lobster/figures/adjacentlfa41DFOr
estratifiedgini.png used on input line 237.
(pdftex.def)             Requested size: 221.78923pt x 177.42805pt.

Package Fancyhdr Warning: \headheight is too small (12.0pt): 
 Make it at least 13.59999pt.
 We now make it that large for the rest of the document.
 This may cause the page layout to be inconsistent, however.

[20 </backup/bio_data/bio.lobster/figures/lfa41georgesDWAO.png (PNG copy)>]

Package Fancyhdr Warning: \headheight is too small (12.0pt): 
 Make it at least 13.59999pt.
 We now make it that large for the rest of the document.
 This may cause the page layout to be inconsistent, however.

[21 </backup/bio_data/bio.lobster/figures/lfa41DFObasegini.png (PNG copy)> </ba
ckup/bio_data/bio.lobster/figures/lfa41DFOrestratifiedgini.png (PNG copy)> </ba
ckup/bio_data/bio.lobster/figures/adjacentlfa41DFOrestratifiedgini.png (PNG cop
y)>]
</backup/bio_data/bio.lobster/figures/lfa41NEFSCSpringbasegini.png, id=217, 108
4.05pt x 867.24pt>
File: /backup/bio_data/bio.lobster/figures/lfa41NEFSCSpringbasegini.png Graphic
 file (type png)

<use /backup/bio_data/bio.lobster/figures/lfa41NEFSCSpringbasegini.png>
Package pdftex.def Info: /backup/bio_data/bio.lobster/figures/lfa41NEFSCSpringb
asegini.png used on input line 245.
(pdftex.def)             Requested size: 221.78923pt x 177.42805pt.

</backup/bio_data/bio.lobster/figures/lfa41NEFSCSpringrestratifiedgini.png, id=
218, 1084.05pt x 867.24pt>
File: /backup/bio_data/bio.lobster/figures/lfa41NEFSCSpringrestratifiedgini.png
 Graphic file (type png)

<use /backup/bio_data/bio.lobster/figures/lfa41NEFSCSpringrestratifiedgini.png>
Package pdftex.def Info: /backup/bio_data/bio.lobster/figures/lfa41NEFSCSpringr
estratifiedgini.png used on input line 246.
(pdftex.def)             Requested size: 221.78923pt x 177.42805pt.

</backup/bio_data/bio.lobster/figures/adjacentlfa41NEFSCSpringrestratifiedgini.
png, id=219, 1084.05pt x 867.24pt>
File: /backup/bio_data/bio.lobster/figures/adjacentlfa41NEFSCSpringrestratified
gini.png Graphic file (type png)

<use /backup/bio_data/bio.lobster/figures/adjacentlfa41NEFSCSpringrestratifiedg
ini.png>
Package pdftex.def Info: /backup/bio_data/bio.lobster/figures/adjacentlfa41NEFS
CSpringrestratifiedgini.png used on input line 247.
(pdftex.def)             Requested size: 221.78923pt x 177.42805pt.


Package Fancyhdr Warning: \headheight is too small (12.0pt): 
 Make it at least 13.59999pt.
 We now make it that large for the rest of the document.
 This may cause the page layout to be inconsistent, however.

[22 </backup/bio_data/bio.lobster/figures/lfa41NEFSCSpringbasegini.png (PNG cop
y)> </backup/bio_data/bio.lobster/figures/lfa41NEFSCSpringrestratifiedgini.png 
(PNG copy)> </backup/bio_data/bio.lobster/figures/adjacentlfa41NEFSCSpringrestr
atifiedgini.png (PNG copy)>]
</backup/bio_data/bio.lobster/figures/lfa41NEFSCFallbasegini.png, id=228, 1084.
05pt x 867.24pt>
File: /backup/bio_data/bio.lobster/figures/lfa41NEFSCFallbasegini.png Graphic f
ile (type png)

<use /backup/bio_data/bio.lobster/figures/lfa41NEFSCFallbasegini.png>
Package pdftex.def Info: /backup/bio_data/bio.lobster/figures/lfa41NEFSCFallbas
egini.png used on input line 256.
(pdftex.def)             Requested size: 221.78923pt x 177.42805pt.

</backup/bio_data/bio.lobster/figures/lfa41NEFSCFallrestratifiedgini.png, id=22
9, 1084.05pt x 867.24pt>
File: /backup/bio_data/bio.lobster/figures/lfa41NEFSCFallrestratifiedgini.png G
raphic file (type png)

<use /backup/bio_data/bio.lobster/figures/lfa41NEFSCFallrestratifiedgini.png>
Package pdftex.def Info: /backup/bio_data/bio.lobster/figures/lfa41NEFSCFallres
tratifiedgini.png used on input line 257.
(pdftex.def)             Requested size: 221.78923pt x 177.42805pt.

</backup/bio_data/bio.lobster/figures/adjacentlfa41NEFSCFallrestratifiedgini.pn
g, id=230, 1084.05pt x 867.24pt>
File: /backup/bio_data/bio.lobster/figures/adjacentlfa41NEFSCFallrestratifiedgi
ni.png Graphic file (type png)

<use /backup/bio_data/bio.lobster/figures/adjacentlfa41NEFSCFallrestratifiedgin
i.png>
Package pdftex.def Info: /backup/bio_data/bio.lobster/figures/adjacentlfa41NEFS
CFallrestratifiedgini.png used on input line 258.
(pdftex.def)             Requested size: 221.78923pt x 177.42805pt.


Package Fancyhdr Warning: \headheight is too small (12.0pt): 
 Make it at least 13.59999pt.
 We now make it that large for the rest of the document.
 This may cause the page layout to be inconsistent, however.

[23 </backup/bio_data/bio.lobster/figures/lfa41NEFSCFallbasegini.png (PNG copy)
> </backup/bio_data/bio.lobster/figures/lfa41NEFSCFallrestratifiedgini.png (PNG
 copy)> </backup/bio_data/bio.lobster/figures/adjacentlfa41NEFSCFallrestratifie
dgini.png (PNG copy)>]
</backup/bio_data/bio.lobster/figures/lfa41georgesgini.png, id=239, 1084.05pt x
 867.24pt>
File: /backup/bio_data/bio.lobster/figures/lfa41georgesgini.png Graphic file (t
ype png)
 <use /backup/bio_data/bio.lobster/figures/lfa41georgesgini.png>
Package pdftex.def Info: /backup/bio_data/bio.lobster/figures/lfa41georgesgini.
png used on input line 266.
(pdftex.def)             Requested size: 443.57848pt x 354.85612pt.

</backup/bio_data/bio.lobster/figures/maturesexLFA41baseSummerRV.png, id=240, 1
084.05pt x 867.24pt>
File: /backup/bio_data/bio.lobster/figures/maturesexLFA41baseSummerRV.png Graph
ic file (type png)

<use /backup/bio_data/bio.lobster/figures/maturesexLFA41baseSummerRV.png>
Package pdftex.def Info: /backup/bio_data/bio.lobster/figures/maturesexLFA41bas
eSummerRV.png used on input line 275.
(pdftex.def)             Requested size: 221.78923pt x 177.42805pt.

</backup/bio_data/bio.lobster/figures/maturesexLFA41polygonSummerRV.png, id=241
, 1084.05pt x 867.24pt>
File: /backup/bio_data/bio.lobster/figures/maturesexLFA41polygonSummerRV.png Gr
aphic file (type png)

<use /backup/bio_data/bio.lobster/figures/maturesexLFA41polygonSummerRV.png>
Package pdftex.def Info: /backup/bio_data/bio.lobster/figures/maturesexLFA41pol
ygonSummerRV.png used on input line 276.
(pdftex.def)             Requested size: 221.78923pt x 177.42805pt.

</backup/bio_data/bio.lobster/figures/maturesexLFA41adjacentpolygonSummerRV.png
, id=242, 1084.05pt x 867.24pt>
File: /backup/bio_data/bio.lobster/figures/maturesexLFA41adjacentpolygonSummerR
V.png Graphic file (type png)

<use /backup/bio_data/bio.lobster/figures/maturesexLFA41adjacentpolygonSummerRV
.png>
Package pdftex.def Info: /backup/bio_data/bio.lobster/figures/maturesexLFA41adj
acentpolygonSummerRV.png used on input line 277.
(pdftex.def)             Requested size: 221.78923pt x 177.42805pt.


Package Fancyhdr Warning: \headheight is too small (12.0pt): 
 Make it at least 13.59999pt.
 We now make it that large for the rest of the document.
 This may cause the page layout to be inconsistent, however.

[24 </backup/bio_data/bio.lobster/figures/lfa41georgesgini.png (PNG copy)>]

Package Fancyhdr Warning: \headheight is too small (12.0pt): 
 Make it at least 13.59999pt.
 We now make it that large for the rest of the document.
 This may cause the page layout to be inconsistent, however.

[25 </backup/bio_data/bio.lobster/figures/maturesexLFA41baseSummerRV.png (PNG c
opy)> </backup/bio_data/bio.lobster/figures/maturesexLFA41polygonSummerRV.png (
PNG copy)> </backup/bio_data/bio.lobster/figures/maturesexLFA41adjacentpolygonS
ummerRV.png (PNG copy)>]
</backup/bio_data/bio.lobster/figures/maturesexLFA41NEFSCspringbase.png, id=257
, 1084.05pt x 867.24pt>
File: /backup/bio_data/bio.lobster/figures/maturesexLFA41NEFSCspringbase.png Gr
aphic file (type png)

<use /backup/bio_data/bio.lobster/figures/maturesexLFA41NEFSCspringbase.png>
Package pdftex.def Info: /backup/bio_data/bio.lobster/figures/maturesexLFA41NEF
SCspringbase.png used on input line 285.
(pdftex.def)             Requested size: 221.78923pt x 177.42805pt.

</backup/bio_data/bio.lobster/figures/maturesexLFA41NEFSCspringrestratified.png
, id=258, 1084.05pt x 867.24pt>
File: /backup/bio_data/bio.lobster/figures/maturesexLFA41NEFSCspringrestratifie
d.png Graphic file (type png)

<use /backup/bio_data/bio.lobster/figures/maturesexLFA41NEFSCspringrestratified
.png>
Package pdftex.def Info: /backup/bio_data/bio.lobster/figures/maturesexLFA41NEF
SCspringrestratified.png used on input line 286.
(pdftex.def)             Requested size: 221.78923pt x 177.42805pt.

</backup/bio_data/bio.lobster/figures/maturesexLFA41NEFSCspringadjrestratified.
png, id=259, 1084.05pt x 867.24pt>
File: /backup/bio_data/bio.lobster/figures/maturesexLFA41NEFSCspringadjrestrati
fied.png Graphic file (type png)

<use /backup/bio_data/bio.lobster/figures/maturesexLFA41NEFSCspringadjrestratif
ied.png>
Package pdftex.def Info: /backup/bio_data/bio.lobster/figures/maturesexLFA41NEF
SCspringadjrestratified.png used on input line 287.
(pdftex.def)             Requested size: 221.78923pt x 177.42805pt.


Package Fancyhdr Warning: \headheight is too small (12.0pt): 
 Make it at least 13.59999pt.
 We now make it that large for the rest of the document.
 This may cause the page layout to be inconsistent, however.

[26 </backup/bio_data/bio.lobster/figures/maturesexLFA41NEFSCspringbase.png (PN
G copy)> </backup/bio_data/bio.lobster/figures/maturesexLFA41NEFSCspringrestrat
ified.png (PNG copy)> </backup/bio_data/bio.lobster/figures/maturesexLFA41NEFSC
springadjrestratified.png (PNG copy)>]
</backup/bio_data/bio.lobster/figures/maturesexLFA41NEFSCfallbase.png, id=268, 
1084.05pt x 867.24pt>
File: /backup/bio_data/bio.lobster/figures/maturesexLFA41NEFSCfallbase.png Grap
hic file (type png)

<use /backup/bio_data/bio.lobster/figures/maturesexLFA41NEFSCfallbase.png>
Package pdftex.def Info: /backup/bio_data/bio.lobster/figures/maturesexLFA41NEF
SCfallbase.png used on input line 296.
(pdftex.def)             Requested size: 221.78923pt x 177.42805pt.

</backup/bio_data/bio.lobster/figures/maturesexLFA41NEFSCfallrestratified.png, 
id=269, 1084.05pt x 867.24pt>
File: /backup/bio_data/bio.lobster/figures/maturesexLFA41NEFSCfallrestratified.
png Graphic file (type png)

<use /backup/bio_data/bio.lobster/figures/maturesexLFA41NEFSCfallrestratified.p
ng>
Package pdftex.def Info: /backup/bio_data/bio.lobster/figures/maturesexLFA41NEF
SCfallrestratified.png used on input line 297.
(pdftex.def)             Requested size: 221.78923pt x 177.42805pt.

</backup/bio_data/bio.lobster/figures/maturesexLFA41NEFSCfalladjrestratified.pn
g, id=270, 1084.05pt x 867.24pt>
File: /backup/bio_data/bio.lobster/figures/maturesexLFA41NEFSCfalladjrestratifi
ed.png Graphic file (type png)

<use /backup/bio_data/bio.lobster/figures/maturesexLFA41NEFSCfalladjrestratifie
d.png>
Package pdftex.def Info: /backup/bio_data/bio.lobster/figures/maturesexLFA41NEF
SCfalladjrestratified.png used on input line 298.
(pdftex.def)             Requested size: 221.78923pt x 177.42805pt.


Package Fancyhdr Warning: \headheight is too small (12.0pt): 
 Make it at least 13.59999pt.
 We now make it that large for the rest of the document.
 This may cause the page layout to be inconsistent, however.

[27 </backup/bio_data/bio.lobster/figures/maturesexLFA41NEFSCfallbase.png (PNG 
copy)> </backup/bio_data/bio.lobster/figures/maturesexLFA41NEFSCfallrestratifie
d.png (PNG copy)> </backup/bio_data/bio.lobster/figures/maturesexLFA41NEFSCfall
adjrestratified.png (PNG copy)>]
</backup/bio_data/bio.lobster/figures/maturesexLFA41dfogeorges.png, id=279, 108
4.05pt x 867.24pt>
File: /backup/bio_data/bio.lobster/figures/maturesexLFA41dfogeorges.png Graphic
 file (type png)

<use /backup/bio_data/bio.lobster/figures/maturesexLFA41dfogeorges.png>
Package pdftex.def Info: /backup/bio_data/bio.lobster/figures/maturesexLFA41dfo
georges.png used on input line 306.
(pdftex.def)             Requested size: 443.57848pt x 354.85612pt.

</backup/bio_data/bio.lobster/figures/immaturesexLFA41baseSummerRV.png, id=280,
 1084.05pt x 867.24pt>
File: /backup/bio_data/bio.lobster/figures/immaturesexLFA41baseSummerRV.png Gra
phic file (type png)

<use /backup/bio_data/bio.lobster/figures/immaturesexLFA41baseSummerRV.png>
Package pdftex.def Info: /backup/bio_data/bio.lobster/figures/immaturesexLFA41b
aseSummerRV.png used on input line 316.
(pdftex.def)             Requested size: 221.78923pt x 177.42805pt.

</backup/bio_data/bio.lobster/figures/immaturesexLFA41polygonSummerRV.png, id=2
81, 1084.05pt x 867.24pt>
File: /backup/bio_data/bio.lobster/figures/immaturesexLFA41polygonSummerRV.png 
Graphic file (type png)

<use /backup/bio_data/bio.lobster/figures/immaturesexLFA41polygonSummerRV.png>
Package pdftex.def Info: /backup/bio_data/bio.lobster/figures/immaturesexLFA41p
olygonSummerRV.png used on input line 317.
(pdftex.def)             Requested size: 221.78923pt x 177.42805pt.

</backup/bio_data/bio.lobster/figures/immaturesexLFA41adjacentpolygonSummerRV.p
ng, id=282, 1084.05pt x 867.24pt>
File: /backup/bio_data/bio.lobster/figures/immaturesexLFA41adjacentpolygonSumme
rRV.png Graphic file (type png)

<use /backup/bio_data/bio.lobster/figures/immaturesexLFA41adjacentpolygonSummer
RV.png>
Package pdftex.def Info: /backup/bio_data/bio.lobster/figures/immaturesexLFA41a
djacentpolygonSummerRV.png used on input line 318.
(pdftex.def)             Requested size: 221.78923pt x 177.42805pt.
LaTeX Font Info:    Try loading font information for OML+cmr on input line 319.

 (/usr/share/texmf-dist/tex/latex/base/omlcmr.fd
File: omlcmr.fd 2014/09/29 v2.5h Standard LaTeX font definitions
)
LaTeX Font Info:    Font shape `OML/cmr/m/n' in size <10.95> not available
(Font)              Font shape `OML/cmm/m/it' tried instead on input line 319.


Package Fancyhdr Warning: \headheight is too small (12.0pt): 
 Make it at least 13.59999pt.
 We now make it that large for the rest of the document.
 This may cause the page layout to be inconsistent, however.

[28 </backup/bio_data/bio.lobster/figures/maturesexLFA41dfogeorges.png (PNG cop
y)>]

Package Fancyhdr Warning: \headheight is too small (12.0pt): 
 Make it at least 13.59999pt.
 We now make it that large for the rest of the document.
 This may cause the page layout to be inconsistent, however.

[29 </backup/bio_data/bio.lobster/figures/immaturesexLFA41baseSummerRV.png (PNG
 copy)> </backup/bio_data/bio.lobster/figures/immaturesexLFA41polygonSummerRV.p
ng (PNG copy)> </backup/bio_data/bio.lobster/figures/immaturesexLFA41adjacentpo
lygonSummerRV.png (PNG copy)>]
</backup/bio_data/bio.lobster/figures/immaturesexLFA41NEFSCspringbase.png, id=2
97, 1084.05pt x 867.24pt>
File: /backup/bio_data/bio.lobster/figures/immaturesexLFA41NEFSCspringbase.png 
Graphic file (type png)

<use /backup/bio_data/bio.lobster/figures/immaturesexLFA41NEFSCspringbase.png>
Package pdftex.def Info: /backup/bio_data/bio.lobster/figures/immaturesexLFA41N
EFSCspringbase.png used on input line 326.
(pdftex.def)             Requested size: 221.78923pt x 177.42805pt.

</backup/bio_data/bio.lobster/figures/immaturesexLFA41NEFSCspringrestratified.p
ng, id=298, 1084.05pt x 867.24pt>
File: /backup/bio_data/bio.lobster/figures/immaturesexLFA41NEFSCspringrestratif
ied.png Graphic file (type png)

<use /backup/bio_data/bio.lobster/figures/immaturesexLFA41NEFSCspringrestratifi
ed.png>
Package pdftex.def Info: /backup/bio_data/bio.lobster/figures/immaturesexLFA41N
EFSCspringrestratified.png used on input line 327.
(pdftex.def)             Requested size: 221.78923pt x 177.42805pt.

</backup/bio_data/bio.lobster/figures/immaturesexLFA41NEFSCspringadjrestratifie
d.png, id=299, 1084.05pt x 867.24pt>
File: /backup/bio_data/bio.lobster/figures/immaturesexLFA41NEFSCspringadjrestra
tified.png Graphic file (type png)

<use /backup/bio_data/bio.lobster/figures/immaturesexLFA41NEFSCspringadjrestrat
ified.png>
Package pdftex.def Info: /backup/bio_data/bio.lobster/figures/immaturesexLFA41N
EFSCspringadjrestratified.png used on input line 328.
(pdftex.def)             Requested size: 221.78923pt x 177.42805pt.


Package Fancyhdr Warning: \headheight is too small (12.0pt): 
 Make it at least 13.59999pt.
 We now make it that large for the rest of the document.
 This may cause the page layout to be inconsistent, however.

[30 </backup/bio_data/bio.lobster/figures/immaturesexLFA41NEFSCspringbase.png (
PNG copy)> </backup/bio_data/bio.lobster/figures/immaturesexLFA41NEFSCspringres
tratified.png (PNG copy)> </backup/bio_data/bio.lobster/figures/immaturesexLFA4
1NEFSCspringadjrestratified.png (PNG copy)>]
</backup/bio_data/bio.lobster/figures/immaturesexLFA41NEFSCfallbase.png, id=308
, 1084.05pt x 867.24pt>
File: /backup/bio_data/bio.lobster/figures/immaturesexLFA41NEFSCfallbase.png Gr
aphic file (type png)

<use /backup/bio_data/bio.lobster/figures/immaturesexLFA41NEFSCfallbase.png>
Package pdftex.def Info: /backup/bio_data/bio.lobster/figures/immaturesexLFA41N
EFSCfallbase.png used on input line 337.
(pdftex.def)             Requested size: 221.78923pt x 177.42805pt.

</backup/bio_data/bio.lobster/figures/immaturesexLFA41NEFSCfallrestratified.png
, id=309, 1084.05pt x 867.24pt>
File: /backup/bio_data/bio.lobster/figures/immaturesexLFA41NEFSCfallrestratifie
d.png Graphic file (type png)

<use /backup/bio_data/bio.lobster/figures/immaturesexLFA41NEFSCfallrestratified
.png>
Package pdftex.def Info: /backup/bio_data/bio.lobster/figures/immaturesexLFA41N
EFSCfallrestratified.png used on input line 338.
(pdftex.def)             Requested size: 221.78923pt x 177.42805pt.

</backup/bio_data/bio.lobster/figures/immaturesexLFA41NEFSCfalladjrestratified.
png, id=310, 1084.05pt x 867.24pt>
File: /backup/bio_data/bio.lobster/figures/immaturesexLFA41NEFSCfalladjrestrati
fied.png Graphic file (type png)

<use /backup/bio_data/bio.lobster/figures/immaturesexLFA41NEFSCfalladjrestratif
ied.png>
Package pdftex.def Info: /backup/bio_data/bio.lobster/figures/immaturesexLFA41N
EFSCfalladjrestratified.png used on input line 339.
(pdftex.def)             Requested size: 221.78923pt x 177.42805pt.


Package Fancyhdr Warning: \headheight is too small (12.0pt): 
 Make it at least 13.59999pt.
 We now make it that large for the rest of the document.
 This may cause the page layout to be inconsistent, however.

[31 </backup/bio_data/bio.lobster/figures/immaturesexLFA41NEFSCfallbase.png (PN
G copy)> </backup/bio_data/bio.lobster/figures/immaturesexLFA41NEFSCfallrestrat
ified.png (PNG copy)> </backup/bio_data/bio.lobster/figures/immaturesexLFA41NEF
SCfalladjrestratified.png (PNG copy)>]
</backup/bio_data/bio.lobster/figures/immaturesexLFA41dfogeorges.png, id=320, 1
084.05pt x 867.24pt>
File: /backup/bio_data/bio.lobster/figures/immaturesexLFA41dfogeorges.png Graph
ic file (type png)

<use /backup/bio_data/bio.lobster/figures/immaturesexLFA41dfogeorges.png>
Package pdftex.def Info: /backup/bio_data/bio.lobster/figures/immaturesexLFA41d
fogeorges.png used on input line 347.
(pdftex.def)             Requested size: 443.57848pt x 354.85612pt.

</backup/bio_data/bio.lobster/figures/Fec.maturefemaleLengthFrequenciesLFA41bas
eSummerRV.png, id=321, 1084.05pt x 867.24pt>
File: /backup/bio_data/bio.lobster/figures/Fec.maturefemaleLengthFrequenciesLFA
41baseSummerRV.png Graphic file (type png)

<use /backup/bio_data/bio.lobster/figures/Fec.maturefemaleLengthFrequenciesLFA4
1baseSummerRV.png>
Package pdftex.def Info: /backup/bio_data/bio.lobster/figures/Fec.maturefemaleL
engthFrequenciesLFA41baseSummerRV.png used on input line 356.
(pdftex.def)             Requested size: 221.78923pt x 177.42805pt.

</backup/bio_data/bio.lobster/figures/Fec.maturefemaleLengthFrequenciesLFA41pol
ygonSummerRV.png, id=322, 1084.05pt x 867.24pt>
File: /backup/bio_data/bio.lobster/figures/Fec.maturefemaleLengthFrequenciesLFA
41polygonSummerRV.png Graphic file (type png)

<use /backup/bio_data/bio.lobster/figures/Fec.maturefemaleLengthFrequenciesLFA4
1polygonSummerRV.png>
Package pdftex.def Info: /backup/bio_data/bio.lobster/figures/Fec.maturefemaleL
engthFrequenciesLFA41polygonSummerRV.png used on input line 357.
(pdftex.def)             Requested size: 221.78923pt x 177.42805pt.

</backup/bio_data/bio.lobster/figures/Fec.maturefemaleLengthFrequenciesLFA41adj
acentpolygonSummerRV.png, id=323, 1084.05pt x 867.24pt>
File: /backup/bio_data/bio.lobster/figures/Fec.maturefemaleLengthFrequenciesLFA
41adjacentpolygonSummerRV.png Graphic file (type png)

<use /backup/bio_data/bio.lobster/figures/Fec.maturefemaleLengthFrequenciesLFA4
1adjacentpolygonSummerRV.png>
Package pdftex.def Info: /backup/bio_data/bio.lobster/figures/Fec.maturefemaleL
engthFrequenciesLFA41adjacentpolygonSummerRV.png used on input line 358.
(pdftex.def)             Requested size: 221.78923pt x 177.42805pt.


Package Fancyhdr Warning: \headheight is too small (12.0pt): 
 Make it at least 13.59999pt.
 We now make it that large for the rest of the document.
 This may cause the page layout to be inconsistent, however.

[32 </backup/bio_data/bio.lobster/figures/immaturesexLFA41dfogeorges.png (PNG c
opy)>]

Package Fancyhdr Warning: \headheight is too small (12.0pt): 
 Make it at least 13.59999pt.
 We now make it that large for the rest of the document.
 This may cause the page layout to be inconsistent, however.

[33 </backup/bio_data/bio.lobster/figures/Fec.maturefemaleLengthFrequenciesLFA4
1baseSummerRV.png (PNG copy)> </backup/bio_data/bio.lobster/figures/Fec.maturef
emaleLengthFrequenciesLFA41polygonSummerRV.png (PNG copy)> </backup/bio_data/bi
o.lobster/figures/Fec.maturefemaleLengthFrequenciesLFA41adjacentpolygonSummerRV
.png (PNG copy)>]
</backup/bio_data/bio.lobster/figures/Fec.maturefemaleLengthFrequenciesLFA41NEF
SCspringbase.png, id=338, 1084.05pt x 867.24pt>
File: /backup/bio_data/bio.lobster/figures/Fec.maturefemaleLengthFrequenciesLFA
41NEFSCspringbase.png Graphic file (type png)

<use /backup/bio_data/bio.lobster/figures/Fec.maturefemaleLengthFrequenciesLFA4
1NEFSCspringbase.png>
Package pdftex.def Info: /backup/bio_data/bio.lobster/figures/Fec.maturefemaleL
engthFrequenciesLFA41NEFSCspringbase.png used on input line 366.
(pdftex.def)             Requested size: 221.78923pt x 177.42805pt.

</backup/bio_data/bio.lobster/figures/Fec.maturefemaleLengthFrequenciesLFA41NEF
SCspringrestratified.png, id=339, 1084.05pt x 867.24pt>
File: /backup/bio_data/bio.lobster/figures/Fec.maturefemaleLengthFrequenciesLFA
41NEFSCspringrestratified.png Graphic file (type png)

<use /backup/bio_data/bio.lobster/figures/Fec.maturefemaleLengthFrequenciesLFA4
1NEFSCspringrestratified.png>
Package pdftex.def Info: /backup/bio_data/bio.lobster/figures/Fec.maturefemaleL
engthFrequenciesLFA41NEFSCspringrestratified.png used on input line 367.
(pdftex.def)             Requested size: 221.78923pt x 177.42805pt.

</backup/bio_data/bio.lobster/figures/Fec.maturefemaleLengthFrequenciesLFA41NEF
SCspringadjrestratified.png, id=340, 1084.05pt x 867.24pt>
File: /backup/bio_data/bio.lobster/figures/Fec.maturefemaleLengthFrequenciesLFA
41NEFSCspringadjrestratified.png Graphic file (type png)

<use /backup/bio_data/bio.lobster/figures/Fec.maturefemaleLengthFrequenciesLFA4
1NEFSCspringadjrestratified.png>
Package pdftex.def Info: /backup/bio_data/bio.lobster/figures/Fec.maturefemaleL
engthFrequenciesLFA41NEFSCspringadjrestratified.png used on input line 368.
(pdftex.def)             Requested size: 221.78923pt x 177.42805pt.


Package Fancyhdr Warning: \headheight is too small (12.0pt): 
 Make it at least 13.59999pt.
 We now make it that large for the rest of the document.
 This may cause the page layout to be inconsistent, however.

[34 </backup/bio_data/bio.lobster/figures/Fec.maturefemaleLengthFrequenciesLFA4
1NEFSCspringbase.png (PNG copy)> </backup/bio_data/bio.lobster/figures/Fec.matu
refemaleLengthFrequenciesLFA41NEFSCspringrestratified.png (PNG copy)> </backup/
bio_data/bio.lobster/figures/Fec.maturefemaleLengthFrequenciesLFA41NEFSCspringa
djrestratified.png (PNG copy)>]
</backup/bio_data/bio.lobster/figures/Fec.maturefemaleLengthFrequenciesLFA41NEF
SCfallbase.png, id=349, 1084.05pt x 867.24pt>
File: /backup/bio_data/bio.lobster/figures/Fec.maturefemaleLengthFrequenciesLFA
41NEFSCfallbase.png Graphic file (type png)

<use /backup/bio_data/bio.lobster/figures/Fec.maturefemaleLengthFrequenciesLFA4
1NEFSCfallbase.png>
Package pdftex.def Info: /backup/bio_data/bio.lobster/figures/Fec.maturefemaleL
engthFrequenciesLFA41NEFSCfallbase.png used on input line 377.
(pdftex.def)             Requested size: 221.78923pt x 177.42805pt.

</backup/bio_data/bio.lobster/figures/Fec.maturefemaleLengthFrequenciesLFA41NEF
SCfallrestratified.png, id=350, 1084.05pt x 867.24pt>
File: /backup/bio_data/bio.lobster/figures/Fec.maturefemaleLengthFrequenciesLFA
41NEFSCfallrestratified.png Graphic file (type png)

<use /backup/bio_data/bio.lobster/figures/Fec.maturefemaleLengthFrequenciesLFA4
1NEFSCfallrestratified.png>
Package pdftex.def Info: /backup/bio_data/bio.lobster/figures/Fec.maturefemaleL
engthFrequenciesLFA41NEFSCfallrestratified.png used on input line 378.
(pdftex.def)             Requested size: 221.78923pt x 177.42805pt.

</backup/bio_data/bio.lobster/figures/Fec.maturefemaleLengthFrequenciesLFA41NEF
SCfalladjrestratified.png, id=351, 1084.05pt x 867.24pt>
File: /backup/bio_data/bio.lobster/figures/Fec.maturefemaleLengthFrequenciesLFA
41NEFSCfalladjrestratified.png Graphic file (type png)

<use /backup/bio_data/bio.lobster/figures/Fec.maturefemaleLengthFrequenciesLFA4
1NEFSCfalladjrestratified.png>
Package pdftex.def Info: /backup/bio_data/bio.lobster/figures/Fec.maturefemaleL
engthFrequenciesLFA41NEFSCfalladjrestratified.png used on input line 379.
(pdftex.def)             Requested size: 221.78923pt x 177.42805pt.


Package Fancyhdr Warning: \headheight is too small (12.0pt): 
 Make it at least 13.59999pt.
 We now make it that large for the rest of the document.
 This may cause the page layout to be inconsistent, however.

[35 </backup/bio_data/bio.lobster/figures/Fec.maturefemaleLengthFrequenciesLFA4
1NEFSCfallbase.png (PNG copy)> </backup/bio_data/bio.lobster/figures/Fec.mature
femaleLengthFrequenciesLFA41NEFSCfallrestratified.png (PNG copy)> </backup/bio_
data/bio.lobster/figures/Fec.maturefemaleLengthFrequenciesLFA41NEFSCfalladjrest
ratified.png (PNG copy)>]
</backup/bio_data/bio.lobster/figures/Fec.maturefemaleLengthFrequenciesLFA41dfo
georges.png, id=360, 1084.05pt x 867.24pt>
File: /backup/bio_data/bio.lobster/figures/Fec.maturefemaleLengthFrequenciesLFA
41dfogeorges.png Graphic file (type png)

<use /backup/bio_data/bio.lobster/figures/Fec.maturefemaleLengthFrequenciesLFA4
1dfogeorges.png>
Package pdftex.def Info: /backup/bio_data/bio.lobster/figures/Fec.maturefemaleL
engthFrequenciesLFA41dfogeorges.png used on input line 387.
(pdftex.def)             Requested size: 443.57848pt x 354.85612pt.

</backup/bio_data/bio.lobster/figures/medianL.LengthFrequenciesLFA41baseSummerR
V.png, id=361, 1084.05pt x 867.24pt>
File: /backup/bio_data/bio.lobster/figures/medianL.LengthFrequenciesLFA41baseSu
mmerRV.png Graphic file (type png)

<use /backup/bio_data/bio.lobster/figures/medianL.LengthFrequenciesLFA41baseSum
merRV.png>
Package pdftex.def Info: /backup/bio_data/bio.lobster/figures/medianL.LengthFre
quenciesLFA41baseSummerRV.png used on input line 401.
(pdftex.def)             Requested size: 221.78923pt x 177.42805pt.

</backup/bio_data/bio.lobster/figures/medianL.LengthFrequenciesLFA41polygonSumm
erRV.png, id=362, 1084.05pt x 867.24pt>
File: /backup/bio_data/bio.lobster/figures/medianL.LengthFrequenciesLFA41polygo
nSummerRV.png Graphic file (type png)

<use /backup/bio_data/bio.lobster/figures/medianL.LengthFrequenciesLFA41polygon
SummerRV.png>
Package pdftex.def Info: /backup/bio_data/bio.lobster/figures/medianL.LengthFre
quenciesLFA41polygonSummerRV.png used on input line 402.
(pdftex.def)             Requested size: 221.78923pt x 177.42805pt.

</backup/bio_data/bio.lobster/figures/medianL.LengthFrequenciesLFA41adjacentpol
ygonSummerRV.png, id=363, 1084.05pt x 867.24pt>
File: /backup/bio_data/bio.lobster/figures/medianL.LengthFrequenciesLFA41adjace
ntpolygonSummerRV.png Graphic file (type png)

<use /backup/bio_data/bio.lobster/figures/medianL.LengthFrequenciesLFA41adjacen
tpolygonSummerRV.png>
Package pdftex.def Info: /backup/bio_data/bio.lobster/figures/medianL.LengthFre
quenciesLFA41adjacentpolygonSummerRV.png used on input line 403.
(pdftex.def)             Requested size: 221.78923pt x 177.42805pt.


Package Fancyhdr Warning: \headheight is too small (12.0pt): 
 Make it at least 13.59999pt.
 We now make it that large for the rest of the document.
 This may cause the page layout to be inconsistent, however.

[36 </backup/bio_data/bio.lobster/figures/Fec.maturefemaleLengthFrequenciesLFA4
1dfogeorges.png (PNG copy)>]

Package Fancyhdr Warning: \headheight is too small (12.0pt): 
 Make it at least 13.59999pt.
 We now make it that large for the rest of the document.
 This may cause the page layout to be inconsistent, however.

[37 </backup/bio_data/bio.lobster/figures/medianL.LengthFrequenciesLFA41baseSum
merRV.png (PNG copy)> </backup/bio_data/bio.lobster/figures/medianL.LengthFrequ
enciesLFA41polygonSummerRV.png (PNG copy)> </backup/bio_data/bio.lobster/figure
s/medianL.LengthFrequenciesLFA41adjacentpolygonSummerRV.png (PNG copy)>]
</backup/bio_data/bio.lobster/figures/medianL.LengthFrequenciesLFA41NEFSCspring
base.png, id=378, 1084.05pt x 867.24pt>
File: /backup/bio_data/bio.lobster/figures/medianL.LengthFrequenciesLFA41NEFSCs
pringbase.png Graphic file (type png)

<use /backup/bio_data/bio.lobster/figures/medianL.LengthFrequenciesLFA41NEFSCsp
ringbase.png>
Package pdftex.def Info: /backup/bio_data/bio.lobster/figures/medianL.LengthFre
quenciesLFA41NEFSCspringbase.png used on input line 411.
(pdftex.def)             Requested size: 221.78923pt x 177.42805pt.

</backup/bio_data/bio.lobster/figures/medianL.LengthFrequenciesLFA41NEFSCspring
restratified.png, id=379, 1084.05pt x 867.24pt>
File: /backup/bio_data/bio.lobster/figures/medianL.LengthFrequenciesLFA41NEFSCs
pringrestratified.png Graphic file (type png)

<use /backup/bio_data/bio.lobster/figures/medianL.LengthFrequenciesLFA41NEFSCsp
ringrestratified.png>
Package pdftex.def Info: /backup/bio_data/bio.lobster/figures/medianL.LengthFre
quenciesLFA41NEFSCspringrestratified.png used on input line 412.
(pdftex.def)             Requested size: 221.78923pt x 177.42805pt.

</backup/bio_data/bio.lobster/figures/medianL.LengthFrequenciesLFA41NEFSCspring
adjrestratified.png, id=380, 1084.05pt x 867.24pt>
File: /backup/bio_data/bio.lobster/figures/medianL.LengthFrequenciesLFA41NEFSCs
pringadjrestratified.png Graphic file (type png)

<use /backup/bio_data/bio.lobster/figures/medianL.LengthFrequenciesLFA41NEFSCsp
ringadjrestratified.png>
Package pdftex.def Info: /backup/bio_data/bio.lobster/figures/medianL.LengthFre
quenciesLFA41NEFSCspringadjrestratified.png used on input line 413.
(pdftex.def)             Requested size: 221.78923pt x 177.42805pt.


Package Fancyhdr Warning: \headheight is too small (12.0pt): 
 Make it at least 13.59999pt.
 We now make it that large for the rest of the document.
 This may cause the page layout to be inconsistent, however.

[38 </backup/bio_data/bio.lobster/figures/medianL.LengthFrequenciesLFA41NEFSCsp
ringbase.png (PNG copy)> </backup/bio_data/bio.lobster/figures/medianL.LengthFr
equenciesLFA41NEFSCspringrestratified.png (PNG copy)> </backup/bio_data/bio.lob
ster/figures/medianL.LengthFrequenciesLFA41NEFSCspringadjrestratified.png (PNG 
copy)>]
</backup/bio_data/bio.lobster/figures/medianL.LengthFrequenciesLFA41NEFSCfallba
se.png, id=389, 1084.05pt x 867.24pt>
File: /backup/bio_data/bio.lobster/figures/medianL.LengthFrequenciesLFA41NEFSCf
allbase.png Graphic file (type png)

<use /backup/bio_data/bio.lobster/figures/medianL.LengthFrequenciesLFA41NEFSCfa
llbase.png>
Package pdftex.def Info: /backup/bio_data/bio.lobster/figures/medianL.LengthFre
quenciesLFA41NEFSCfallbase.png used on input line 422.
(pdftex.def)             Requested size: 221.78923pt x 177.42805pt.

</backup/bio_data/bio.lobster/figures/medianL.LengthFrequenciesLFA41NEFSCfallre
stratified.png, id=390, 1084.05pt x 867.24pt>
File: /backup/bio_data/bio.lobster/figures/medianL.LengthFrequenciesLFA41NEFSCf
allrestratified.png Graphic file (type png)

<use /backup/bio_data/bio.lobster/figures/medianL.LengthFrequenciesLFA41NEFSCfa
llrestratified.png>
Package pdftex.def Info: /backup/bio_data/bio.lobster/figures/medianL.LengthFre
quenciesLFA41NEFSCfallrestratified.png used on input line 423.
(pdftex.def)             Requested size: 221.78923pt x 177.42805pt.

</backup/bio_data/bio.lobster/figures/medianL.LengthFrequenciesLFA41NEFSCfallad
jrestratified.png, id=391, 1084.05pt x 867.24pt>
File: /backup/bio_data/bio.lobster/figures/medianL.LengthFrequenciesLFA41NEFSCf
alladjrestratified.png Graphic file (type png)

<use /backup/bio_data/bio.lobster/figures/medianL.LengthFrequenciesLFA41NEFSCfa
lladjrestratified.png>
Package pdftex.def Info: /backup/bio_data/bio.lobster/figures/medianL.LengthFre
quenciesLFA41NEFSCfalladjrestratified.png used on input line 424.
(pdftex.def)             Requested size: 221.78923pt x 177.42805pt.


Package Fancyhdr Warning: \headheight is too small (12.0pt): 
 Make it at least 13.59999pt.
 We now make it that large for the rest of the document.
 This may cause the page layout to be inconsistent, however.

[39 </backup/bio_data/bio.lobster/figures/medianL.LengthFrequenciesLFA41NEFSCfa
llbase.png (PNG copy)> </backup/bio_data/bio.lobster/figures/medianL.LengthFreq
uenciesLFA41NEFSCfallrestratified.png (PNG copy)> </backup/bio_data/bio.lobster
/figures/medianL.LengthFrequenciesLFA41NEFSCfalladjrestratified.png (PNG copy)>
]
</backup/bio_data/bio.lobster/figures/medianL.LengthFrequenciesLFA41dfogeorges.
png, id=400, 1084.05pt x 867.24pt>
File: /backup/bio_data/bio.lobster/figures/medianL.LengthFrequenciesLFA41dfogeo
rges.png Graphic file (type png)

<use /backup/bio_data/bio.lobster/figures/medianL.LengthFrequenciesLFA41dfogeor
ges.png>
Package pdftex.def Info: /backup/bio_data/bio.lobster/figures/medianL.LengthFre
quenciesLFA41dfogeorges.png used on input line 432.
(pdftex.def)             Requested size: 443.57848pt x 354.85612pt.

</backup/bio_data/bio.lobster/figures/max95.LengthFrequenciesLFA41baseSummerRV.
pdf, id=401, 505.89pt x 505.89pt>
File: /backup/bio_data/bio.lobster/figures/max95.LengthFrequenciesLFA41baseSumm
erRV.pdf Graphic file (type pdf)

<use /backup/bio_data/bio.lobster/figures/max95.LengthFrequenciesLFA41baseSumme
rRV.pdf>
Package pdftex.def Info: /backup/bio_data/bio.lobster/figures/max95.LengthFrequ
enciesLFA41baseSummerRV.pdf used on input line 443.
(pdftex.def)             Requested size: 221.78923pt x 221.78947pt.

</backup/bio_data/bio.lobster/figures/max95.LengthFrequenciesLFA41polygonSummer
RV.pdf, id=402, 505.89pt x 505.89pt>
File: /backup/bio_data/bio.lobster/figures/max95.LengthFrequenciesLFA41polygonS
ummerRV.pdf Graphic file (type pdf)

<use /backup/bio_data/bio.lobster/figures/max95.LengthFrequenciesLFA41polygonSu
mmerRV.pdf>
Package pdftex.def Info: /backup/bio_data/bio.lobster/figures/max95.LengthFrequ
enciesLFA41polygonSummerRV.pdf used on input line 444.
(pdftex.def)             Requested size: 221.78923pt x 221.78947pt.

</backup/bio_data/bio.lobster/figures/max95.LengthFrequenciesLFA41adjacentpolyg
onSummerRV.pdf, id=403, 505.89pt x 505.89pt>
File: /backup/bio_data/bio.lobster/figures/max95.LengthFrequenciesLFA41adjacent
polygonSummerRV.pdf Graphic file (type pdf)

<use /backup/bio_data/bio.lobster/figures/max95.LengthFrequenciesLFA41adjacentp
olygonSummerRV.pdf>
Package pdftex.def Info: /backup/bio_data/bio.lobster/figures/max95.LengthFrequ
enciesLFA41adjacentpolygonSummerRV.pdf used on input line 445.
(pdftex.def)             Requested size: 221.78923pt x 221.78947pt.


Package Fancyhdr Warning: \headheight is too small (12.0pt): 
 Make it at least 13.59999pt.
 We now make it that large for the rest of the document.
 This may cause the page layout to be inconsistent, however.

[40 </backup/bio_data/bio.lobster/figures/medianL.LengthFrequenciesLFA41dfogeor
ges.png (PNG copy)>]

Package Fancyhdr Warning: \headheight is too small (12.0pt): 
 Make it at least 13.59999pt.
 We now make it that large for the rest of the document.
 This may cause the page layout to be inconsistent, however.

[41 </backup/bio_data/bio.lobster/figures/max95.LengthFrequenciesLFA41baseSumme
rRV.pdf> </backup/bio_data/bio.lobster/figures/max95.LengthFrequenciesLFA41poly
gonSummerRV.pdf> </backup/bio_data/bio.lobster/figures/max95.LengthFrequenciesL
FA41adjacentpolygonSummerRV.pdf>]
</backup/bio_data/bio.lobster/figures/max95.LengthFrequenciesLFA41NEFSCspringba
se.pdf, id=435, 505.89pt x 505.89pt>
File: /backup/bio_data/bio.lobster/figures/max95.LengthFrequenciesLFA41NEFSCspr
ingbase.pdf Graphic file (type pdf)

<use /backup/bio_data/bio.lobster/figures/max95.LengthFrequenciesLFA41NEFSCspri
ngbase.pdf>
Package pdftex.def Info: /backup/bio_data/bio.lobster/figures/max95.LengthFrequ
enciesLFA41NEFSCspringbase.pdf used on input line 453.
(pdftex.def)             Requested size: 221.78923pt x 221.78947pt.

</backup/bio_data/bio.lobster/figures/max95.LengthFrequenciesLFA41NEFSCspringre
stratified.pdf, id=436, 505.89pt x 505.89pt>
File: /backup/bio_data/bio.lobster/figures/max95.LengthFrequenciesLFA41NEFSCspr
ingrestratified.pdf Graphic file (type pdf)

<use /backup/bio_data/bio.lobster/figures/max95.LengthFrequenciesLFA41NEFSCspri
ngrestratified.pdf>
Package pdftex.def Info: /backup/bio_data/bio.lobster/figures/max95.LengthFrequ
enciesLFA41NEFSCspringrestratified.pdf used on input line 454.
(pdftex.def)             Requested size: 221.78923pt x 221.78947pt.

</backup/bio_data/bio.lobster/figures/max95.LengthFrequenciesLFA41NEFSCspringad
jrestratified.pdf, id=437, 505.89pt x 505.89pt>
File: /backup/bio_data/bio.lobster/figures/max95.LengthFrequenciesLFA41NEFSCspr
ingadjrestratified.pdf Graphic file (type pdf)

<use /backup/bio_data/bio.lobster/figures/max95.LengthFrequenciesLFA41NEFSCspri
ngadjrestratified.pdf>
Package pdftex.def Info: /backup/bio_data/bio.lobster/figures/max95.LengthFrequ
enciesLFA41NEFSCspringadjrestratified.pdf used on input line 455.
(pdftex.def)             Requested size: 221.78923pt x 221.78947pt.


Package Fancyhdr Warning: \headheight is too small (12.0pt): 
 Make it at least 13.59999pt.
 We now make it that large for the rest of the document.
 This may cause the page layout to be inconsistent, however.

[42 </backup/bio_data/bio.lobster/figures/max95.LengthFrequenciesLFA41NEFSCspri
ngbase.pdf> </backup/bio_data/bio.lobster/figures/max95.LengthFrequenciesLFA41N
EFSCspringrestratified.pdf> </backup/bio_data/bio.lobster/figures/max95.LengthF
requenciesLFA41NEFSCspringadjrestratified.pdf>]
</backup/bio_data/bio.lobster/figures/max95.LengthFrequenciesLFA41NEFSCfallbase
.pdf, id=464, 505.89pt x 505.89pt>
File: /backup/bio_data/bio.lobster/figures/max95.LengthFrequenciesLFA41NEFSCfal
lbase.pdf Graphic file (type pdf)

<use /backup/bio_data/bio.lobster/figures/max95.LengthFrequenciesLFA41NEFSCfall
base.pdf>
Package pdftex.def Info: /backup/bio_data/bio.lobster/figures/max95.LengthFrequ
enciesLFA41NEFSCfallbase.pdf used on input line 464.
(pdftex.def)             Requested size: 221.78923pt x 221.78947pt.

</backup/bio_data/bio.lobster/figures/max95.LengthFrequenciesLFA41NEFSCfallrest
ratified.pdf, id=465, 505.89pt x 505.89pt>
File: /backup/bio_data/bio.lobster/figures/max95.LengthFrequenciesLFA41NEFSCfal
lrestratified.pdf Graphic file (type pdf)

<use /backup/bio_data/bio.lobster/figures/max95.LengthFrequenciesLFA41NEFSCfall
restratified.pdf>
Package pdftex.def Info: /backup/bio_data/bio.lobster/figures/max95.LengthFrequ
enciesLFA41NEFSCfallrestratified.pdf used on input line 465.
(pdftex.def)             Requested size: 221.78923pt x 221.78947pt.

</backup/bio_data/bio.lobster/figures/max95.LengthFrequenciesLFA41NEFSCfalladjr
estratified.pdf, id=466, 505.89pt x 505.89pt>
File: /backup/bio_data/bio.lobster/figures/max95.LengthFrequenciesLFA41NEFSCfal
ladjrestratified.pdf Graphic file (type pdf)

<use /backup/bio_data/bio.lobster/figures/max95.LengthFrequenciesLFA41NEFSCfall
adjrestratified.pdf>
Package pdftex.def Info: /backup/bio_data/bio.lobster/figures/max95.LengthFrequ
enciesLFA41NEFSCfalladjrestratified.pdf used on input line 466.
(pdftex.def)             Requested size: 221.78923pt x 221.78947pt.


Package Fancyhdr Warning: \headheight is too small (12.0pt): 
 Make it at least 13.59999pt.
 We now make it that large for the rest of the document.
 This may cause the page layout to be inconsistent, however.

[43 </backup/bio_data/bio.lobster/figures/max95.LengthFrequenciesLFA41NEFSCfall
base.pdf> </backup/bio_data/bio.lobster/figures/max95.LengthFrequenciesLFA41NEF
SCfallrestratified.pdf> </backup/bio_data/bio.lobster/figures/max95.LengthFrequ
enciesLFA41NEFSCfalladjrestratified.pdf>]
</backup/bio_data/bio.lobster/figures/max95.LengthFrequenciesLFA41dfogeorges.pd
f, id=495, 505.89pt x 505.89pt>
File: /backup/bio_data/bio.lobster/figures/max95.LengthFrequenciesLFA41dfogeorg
es.pdf Graphic file (type pdf)

<use /backup/bio_data/bio.lobster/figures/max95.LengthFrequenciesLFA41dfogeorge
s.pdf>
Package pdftex.def Info: /backup/bio_data/bio.lobster/figures/max95.LengthFrequ
enciesLFA41dfogeorges.pdf used on input line 474.
(pdftex.def)             Requested size: 443.57848pt x 443.58667pt.
Package atveryend Info: Empty hook `BeforeClearDocument' on input line 529.


Package Fancyhdr Warning: \headheight is too small (12.0pt): 
 Make it at least 13.59999pt.
 We now make it that large for the rest of the document.
 This may cause the page layout to be inconsistent, however.

[44 </backup/bio_data/bio.lobster/figures/max95.LengthFrequenciesLFA41dfogeorge
s.pdf>]
Package atveryend Info: Empty hook `AfterLastShipout' on input line 529.
 (./LFA41Appendix1.aux)
Package atveryend Info: Executing hook `AtVeryEndDocument' on input line 529.
Package atveryend Info: Executing hook `AtEndAfterFileList' on input line 529.
Package rerunfilecheck Info: File `LFA41Appendix1.out' has not changed.
(rerunfilecheck)             Checksum: D41D8CD98F00B204E9800998ECF8427E;0.
 ) 
Here is how much of TeX's memory you used:
 14708 strings out of 493013
 256860 string characters out of 6139318
 302084 words of memory out of 5000000
 17802 multiletter control sequences out of 15000+600000
 7674 words of font info for 28 fonts, out of 8000000 for 9000
 1141 hyphenation exceptions out of 8191
 44i,10n,77p,1042b,448s stack positions out of 5000i,500n,10000p,200000b,80000s
</usr/share/texmf-dist/fonts/type1/public/amsfonts/cm/cmbx10.pfb></usr/share/
texmf-dist/fonts/type1/public/amsfonts/cm/cmmi10.pfb></usr/share/texmf-dist/fon
ts/type1/public/amsfonts/cm/cmr10.pfb></usr/share/texmf-dist/fonts/type1/public
/amsfonts/cm/cmsy10.pfb>
Output written on LFA41Appendix1.pdf (44 pages, 30652091 bytes).
PDF statistics:
 564 PDF objects out of 1000 (max. 8388607)
 390 compressed objects within 4 object streams
 187 named destinations out of 1000 (max. 500000)
 551 words of extra memory for PDF output out of 10000 (max. 10000000)

