This is pdfTeX, Version 3.14159265-2.6-1.40.17 (TeX Live 2016/Arch Linux) (preloaded format=pdflatex 2016.9.6)  5 JAN 2017 10:32
entering extended mode
 restricted \write18 enabled.
 %&-line parsing enabled.
**LFA41Appendix2.tex
(./LFA41Appendix2.tex
LaTeX2e <2016/03/31> patch level 3
Babel <3.9r> and hyphenation patterns for 83 language(s) loaded.
(/usr/share/texmf-dist/tex/latex/base/article.cls
Document Class: article 2014/09/29 v1.4h Standard LaTeX document class
(/usr/share/texmf-dist/tex/latex/base/size11.clo
File: size11.clo 2014/09/29 v1.4h Standard LaTeX file (size option)
)
\c@part=\count79
\c@section=\count80
\c@subsection=\count81
\c@subsubsection=\count82
\c@paragraph=\count83
\c@subparagraph=\count84
\c@figure=\count85
\c@table=\count86
\abovecaptionskip=\skip41
\belowcaptionskip=\skip42
\bibindent=\dimen102
)
(/usr/share/texmf-dist/tex/latex/graphics/graphicx.sty
Package: graphicx 2014/10/28 v1.0g Enhanced LaTeX Graphics (DPC,SPQR)

(/usr/share/texmf-dist/tex/latex/graphics/keyval.sty
Package: keyval 2014/10/28 v1.15 key=value parser (DPC)
\KV@toks@=\toks14
)
(/usr/share/texmf-dist/tex/latex/graphics/graphics.sty
Package: graphics 2016/07/10 v1.0t Standard LaTeX Graphics (DPC,SPQR)

(/usr/share/texmf-dist/tex/latex/graphics/trig.sty
Package: trig 2016/01/03 v1.10 sin cos tan (DPC)
)
(/usr/share/texmf-dist/tex/latex/graphics-cfg/graphics.cfg
File: graphics.cfg 2016/06/04 v1.11 sample graphics configuration
)
Package graphics Info: Driver file: pdftex.def on input line 99.

(/usr/share/texmf-dist/tex/latex/graphics-def/pdftex.def
File: pdftex.def 2016/07/10 v0.06j Graphics/color for pdfTeX

(/usr/share/texmf-dist/tex/generic/oberdiek/infwarerr.sty
Package: infwarerr 2016/05/16 v1.4 Providing info/warning/error messages (HO)
)
(/usr/share/texmf-dist/tex/generic/oberdiek/ltxcmds.sty
Package: ltxcmds 2016/05/16 v1.23 LaTeX kernel commands for general use (HO)
)
\Gread@gobject=\count87
))
\Gin@req@height=\dimen103
\Gin@req@width=\dimen104
)
(/usr/share/texmf-dist/tex/latex/subfig/subfig.sty
Package: subfig 2005/06/28 ver: 1.3 subfig package

(/usr/share/texmf-dist/tex/latex/caption/caption.sty
Package: caption 2016/02/21 v3.3-144 Customizing captions (AR)

(/usr/share/texmf-dist/tex/latex/caption/caption3.sty
Package: caption3 2016/05/22 v1.7-166 caption3 kernel (AR)
Package caption3 Info: TeX engine: e-TeX on input line 67.
\captionmargin=\dimen105
\captionmargin@=\dimen106
\captionwidth=\dimen107
\caption@tempdima=\dimen108
\caption@indent=\dimen109
\caption@parindent=\dimen110
\caption@hangindent=\dimen111
)
\c@ContinuedFloat=\count88
)
\c@KVtest=\count89
\sf@farskip=\skip43
\sf@captopadj=\dimen112
\sf@capskip=\skip44
\sf@nearskip=\skip45
\c@subfigure=\count90
\c@subfigure@save=\count91
\c@lofdepth=\count92
\c@subtable=\count93
\c@subtable@save=\count94
\c@lotdepth=\count95
\sf@top=\skip46
\sf@bottom=\skip47
)
(/usr/share/texmf-dist/tex/latex/pdfcomment/pdfcomment.sty
Package: pdfcomment 2016/03/26 pdfcomment.sty v2.3b - Josef Kleber (C) 2008-201
2, 2015-2016

(/usr/share/texmf-dist/tex/latex/xkeyval/xkeyval.sty
Package: xkeyval 2014/12/03 v2.7a package option processing (HA)

(/usr/share/texmf-dist/tex/generic/xkeyval/xkeyval.tex
(/usr/share/texmf-dist/tex/generic/xkeyval/xkvutils.tex
\XKV@toks=\toks15
\XKV@tempa@toks=\toks16
)
\XKV@depth=\count96
File: xkeyval.tex 2014/12/03 v2.7a key=value parser (HA)
))
\c@pc@count@i=\count97
\c@pc@count@ii=\count98
\c@pc@count@iii=\count99
\c@pc@count@iv=\count100
\pc@mathannot@box=\box26
\pc@nullbox=\box27
\pc@dima=\skip48
\pc@dimb=\skip49
\pc@Sposx=\skip50
\pc@Sposy=\skip51
\pc@Eposx=\skip52
\pc@Eposy=\skip53
\pc@column=\skip54
\pc@box@width=\skip55
\pc@box@height=\skip56
\pc@box@depth=\skip57

(/usr/share/texmf-dist/tex/latex/oberdiek/zref-savepos.sty
Package: zref-savepos 2016/05/21 v2.26 Module savepos for zref (HO)

(/usr/share/texmf-dist/tex/latex/oberdiek/zref-base.sty
Package: zref-base 2016/05/21 v2.26 Module base for zref (HO)

(/usr/share/texmf-dist/tex/generic/oberdiek/kvsetkeys.sty
Package: kvsetkeys 2016/05/16 v1.17 Key value parser (HO)

(/usr/share/texmf-dist/tex/generic/oberdiek/etexcmds.sty
Package: etexcmds 2016/05/16 v1.6 Avoid name clashes with e-TeX commands (HO)

(/usr/share/texmf-dist/tex/generic/oberdiek/ifluatex.sty
Package: ifluatex 2016/05/16 v1.4 Provides the ifluatex switch (HO)
Package ifluatex Info: LuaTeX not detected.
)
Package etexcmds Info: Could not find \expanded.
(etexcmds)             That can mean that you are not using pdfTeX 1.50 or
(etexcmds)             that some package has redefined \expanded.
(etexcmds)             In the latter case, load this package earlier.
))
(/usr/share/texmf-dist/tex/generic/oberdiek/kvdefinekeys.sty
Package: kvdefinekeys 2016/05/16 v1.4 Define keys (HO)
)
(/usr/share/texmf-dist/tex/generic/oberdiek/pdftexcmds.sty
Package: pdftexcmds 2016/05/21 v0.22 Utility functions of pdfTeX for LuaTeX (HO
)

(/usr/share/texmf-dist/tex/generic/oberdiek/ifpdf.sty
Package: ifpdf 2016/05/14 v3.1 Provides the ifpdf switch
)
Package pdftexcmds Info: LuaTeX not detected.
Package pdftexcmds Info: \pdf@primitive is available.
Package pdftexcmds Info: \pdf@ifprimitive is available.
Package pdftexcmds Info: \pdfdraftmode found.
)
(/usr/share/texmf-dist/tex/latex/oberdiek/auxhook.sty
Package: auxhook 2016/05/16 v1.4 Hooks for auxiliary files (HO)
)
Package zref Info: New property list: main on input line 759.
Package zref Info: New property: default on input line 760.
Package zref Info: New property: page on input line 761.
)
Package zref Info: New property list: savepos on input line 80.
Package zref Info: New property: posx on input line 81.
Package zref Info: New property: posy on input line 82.
)
\c@zref@unique=\count101

(/usr/share/texmf-dist/tex/latex/oberdiek/refcount.sty
Package: refcount 2016/05/16 v3.5 Data extraction from label references (HO)
)
(/usr/share/texmf-dist/tex/latex/base/ifthen.sty
Package: ifthen 2014/09/29 v1.1c Standard LaTeX ifthen package (DPC)
)
(/usr/share/texmf-dist/tex/latex/tools/calc.sty
Package: calc 2014/10/28 v4.3 Infix arithmetic (KKT,FJ)
\calc@Acount=\count102
\calc@Bcount=\count103
\calc@Adimen=\dimen113
\calc@Bdimen=\dimen114
\calc@Askip=\skip58
\calc@Bskip=\skip59
LaTeX Info: Redefining \setlength on input line 80.
LaTeX Info: Redefining \addtolength on input line 81.
\calc@Ccount=\count104
\calc@Cskip=\skip60
)
(/usr/share/texmf-dist/tex/latex/marginnote/marginnote.sty
Package: marginnote 2016/06/02 v1.2 non floating margin notes for LaTeX
\c@mn@abspage=\count105
)
(/usr/share/texmf-dist/tex/latex/datetime/datetime.sty
Package: datetime 2015/03/20 v2.60 Date Time Package

(/usr/share/texmf-dist/tex/latex/etoolbox/etoolbox.sty
Package: etoolbox 2015/08/02 v2.2a e-TeX tools for LaTeX (JAW)
\etb@tempcnta=\count106
)
(/usr/share/texmf-dist/tex/latex/fmtcount/fmtcount.sty
Package: fmtcount 2015/05/05 v3.01

(/usr/share/texmf-dist/tex/latex/fmtcount/fcprefix.sty
Package: fcprefix 2012/09/28

(/usr/share/texmf-dist/tex/latex/fmtcount/fcnumparser.sty
Package: fcnumparser 2012/09/28
\fc@digit@counter=\count107
))
(/usr/share/texmf-dist/tex/generic/ifxetex/ifxetex.sty
Package: ifxetex 2010/09/12 v0.6 Provides ifxetex conditional
)
(/usr/share/texmf-dist/tex/latex/amsmath/amsgen.sty
File: amsgen.sty 1999/11/30 v2.0 generic functions
\@emptytoks=\toks17
\ex@=\dimen115
)
\c@padzeroesN=\count108
\fc@tmpcatcode=\count109
\@DT@modctr=\count110
\@ordinalctr=\count111
\@orgargctr=\count112
\@strctr=\count113
\@tmpstrctr=\count114
\@DT@loopN=\count115
\@DT@X=\count116

(/usr/share/texmf-dist/tex/latex/fmtcount/fc-english.def
File: fc-english.def 2013/08/17
))
(/usr/share/texmf-dist/tex/latex/datetime/datetime-defaults.sty
Package: datetime-defaults 2013/09/10
)
\@day=\count117
\@month=\count118
\@year=\count119
\c@HOUR=\count120
\c@HOURXII=\count121
\c@MINUTE=\count122
\c@TOHOUR=\count123
\c@TOMINUTE=\count124
\c@SECOND=\count125
\currenthour=\count126
\currentminute=\count127
\currentsecond=\count128
Package datetime Info: No datetime.cfg file found, using default settings on in
put line 308.
\@dtctr=\count129
\dayofyear=\count130
\dayofweek=\count131
LaTeX Info: Redefining \today on input line 736.
\dt@a=\toks18
\dt@b=\toks19
)
(/usr/share/texmf-dist/tex/latex/bezos/soulpos.sty
Package: soulpos 2012/02/25 v1.0 Fancy underlining
\ulp@subcnt=\count132
\ulp@cnt=\count133
\ulp@out=\write3
\ulp@in=\read1
\ulwidth=\dimen116
)
(/usr/share/texmf-dist/tex/latex/hyperref/hyperref.sty
Package: hyperref 2016/06/24 v6.83q Hypertext links for LaTeX

(/usr/share/texmf-dist/tex/generic/oberdiek/hobsub-hyperref.sty
Package: hobsub-hyperref 2016/05/16 v1.14 Bundle oberdiek, subset hyperref (HO)


(/usr/share/texmf-dist/tex/generic/oberdiek/hobsub-generic.sty
Package: hobsub-generic 2016/05/16 v1.14 Bundle oberdiek, subset generic (HO)
Package: hobsub 2016/05/16 v1.14 Construct package bundles (HO)
Package hobsub Info: Skipping package `infwarerr' (already loaded).
Package hobsub Info: Skipping package `ltxcmds' (already loaded).
Package hobsub Info: Skipping package `ifluatex' (already loaded).
Package: ifvtex 2016/05/16 v1.6 Detect VTeX and its facilities (HO)
Package ifvtex Info: VTeX not detected.
Package: intcalc 2016/05/16 v1.2 Expandable calculations with integers (HO)
Package hobsub Info: Skipping package `ifpdf' (already loaded).
Package hobsub Info: Skipping package `etexcmds' (already loaded).
Package hobsub Info: Skipping package `kvsetkeys' (already loaded).
Package hobsub Info: Skipping package `kvdefinekeys' (already loaded).
Package hobsub Info: Skipping package `pdftexcmds' (already loaded).
Package: pdfescape 2016/05/16 v1.14 Implements pdfTeX's escape features (HO)
Package: bigintcalc 2016/05/16 v1.4 Expandable calculations on big integers (HO
)
Package: bitset 2016/05/16 v1.2 Handle bit-vector datatype (HO)
Package: uniquecounter 2016/05/16 v1.3 Provide unlimited unique counter (HO)
)
Package hobsub Info: Skipping package `hobsub' (already loaded).
Package: letltxmacro 2016/05/16 v1.5 Let assignment for LaTeX macros (HO)
Package: hopatch 2016/05/16 v1.3 Wrapper for package hooks (HO)
Package: xcolor-patch 2016/05/16 xcolor patch
Package: atveryend 2016/05/16 v1.9 Hooks at the very end of document (HO)
Package: atbegshi 2016/06/09 v1.18 At begin shipout hook (HO)
Package hobsub Info: Skipping package `refcount' (already loaded).
Package: hycolor 2016/05/16 v1.8 Color options for hyperref/bookmark (HO)
)
(/usr/share/texmf-dist/tex/latex/oberdiek/kvoptions.sty
Package: kvoptions 2016/05/16 v3.12 Key value format for package options (HO)
)
\@linkdim=\dimen117
\Hy@linkcounter=\count134
\Hy@pagecounter=\count135

(/usr/share/texmf-dist/tex/latex/hyperref/pd1enc.def
File: pd1enc.def 2016/06/24 v6.83q Hyperref: PDFDocEncoding definition (HO)
)
\Hy@SavedSpaceFactor=\count136

(/usr/share/texmf-dist/tex/latex/latexconfig/hyperref.cfg
File: hyperref.cfg 2002/06/06 v1.2 hyperref configuration of TeXLive
)
Package hyperref Info: Option `unicode' set `true' on input line 4362.

(/usr/share/texmf-dist/tex/latex/hyperref/puenc.def
File: puenc.def 2016/06/24 v6.83q Hyperref: PDF Unicode definition (HO)
)
(/usr/share/texmf-dist/tex/generic/oberdiek/stringenc.sty
Package: stringenc 2016/05/16 v1.11 Convert strings between diff. encodings (HO
)
)
Package hyperref Info: Hyper figures OFF on input line 4486.
Package hyperref Info: Link nesting OFF on input line 4491.
Package hyperref Info: Hyper index ON on input line 4494.
Package hyperref Info: Plain pages OFF on input line 4501.
Package hyperref Info: Backreferencing OFF on input line 4506.
Package hyperref Info: Implicit mode ON; LaTeX internals redefined.
Package hyperref Info: Bookmarks ON on input line 4735.
\c@Hy@tempcnt=\count137

(/usr/share/texmf-dist/tex/latex/url/url.sty
\Urlmuskip=\muskip10
Package: url 2013/09/16  ver 3.4  Verb mode for urls, etc.
)
LaTeX Info: Redefining \url on input line 5088.
\XeTeXLinkMargin=\dimen118
\Fld@menulength=\count138
\Field@Width=\dimen119
\Fld@charsize=\dimen120
Package hyperref Info: Hyper figures OFF on input line 6342.
Package hyperref Info: Link nesting OFF on input line 6347.
Package hyperref Info: Hyper index ON on input line 6350.
Package hyperref Info: backreferencing OFF on input line 6357.
Package hyperref Info: Link coloring OFF on input line 6362.
Package hyperref Info: Link coloring with OCG OFF on input line 6367.
Package hyperref Info: PDF/A mode OFF on input line 6372.
LaTeX Info: Redefining \ref on input line 6412.
LaTeX Info: Redefining \pageref on input line 6416.
\Hy@abspage=\count139
\c@Item=\count140
\c@Hfootnote=\count141
)

Package hyperref Message: Driver: hpdftex.

(/usr/share/texmf-dist/tex/latex/hyperref/hpdftex.def
File: hpdftex.def 2016/06/24 v6.83q Hyperref driver for pdfTeX
\Fld@listcount=\count142
\c@bookmark@seq@number=\count143

(/usr/share/texmf-dist/tex/latex/oberdiek/rerunfilecheck.sty
Package: rerunfilecheck 2016/05/16 v1.8 Rerun checks for auxiliary files (HO)
Package uniquecounter Info: New unique counter `rerunfilecheck' on input line 2
82.
)
\Hy@SectionHShift=\skip61
)
Package zref Info: New property list: pdfcomment on input line 2715.
Package zref Info: New property: PCPDFOBJID on input line 2716.
)
(/usr/share/texmf-dist/tex/latex/amsmath/amsmath.sty
Package: amsmath 2016/06/28 v2.15d AMS math features
\@mathmargin=\skip62

For additional information on amsmath, use the `?' option.
(/usr/share/texmf-dist/tex/latex/amsmath/amstext.sty
Package: amstext 2000/06/29 v2.01 AMS text
)
(/usr/share/texmf-dist/tex/latex/amsmath/amsbsy.sty
Package: amsbsy 1999/11/29 v1.2d Bold Symbols
\pmbraise@=\dimen121
)
(/usr/share/texmf-dist/tex/latex/amsmath/amsopn.sty
Package: amsopn 2016/03/08 v2.02 operator names
)
\inf@bad=\count144
LaTeX Info: Redefining \frac on input line 199.
\uproot@=\count145
\leftroot@=\count146
LaTeX Info: Redefining \overline on input line 297.
\classnum@=\count147
\DOTSCASE@=\count148
LaTeX Info: Redefining \ldots on input line 394.
LaTeX Info: Redefining \dots on input line 397.
LaTeX Info: Redefining \cdots on input line 518.
\Mathstrutbox@=\box28
\strutbox@=\box29
\big@size=\dimen122
LaTeX Font Info:    Redeclaring font encoding OML on input line 634.
LaTeX Font Info:    Redeclaring font encoding OMS on input line 635.
\macc@depth=\count149
\c@MaxMatrixCols=\count150
\dotsspace@=\muskip11
\c@parentequation=\count151
\dspbrk@lvl=\count152
\tag@help=\toks20
\row@=\count153
\column@=\count154
\maxfields@=\count155
\andhelp@=\toks21
\eqnshift@=\dimen123
\alignsep@=\dimen124
\tagshift@=\dimen125
\tagwidth@=\dimen126
\totwidth@=\dimen127
\lineht@=\dimen128
\@envbody=\toks22
\multlinegap=\skip63
\multlinetaggap=\skip64
\mathdisplay@stack=\toks23
LaTeX Info: Redefining \[ on input line 2739.
LaTeX Info: Redefining \] on input line 2740.
)
(/usr/share/texmf-dist/tex/latex/graphics/lscape.sty
Package: lscape 2000/10/22 v3.01 Landscape Pages (DPC)
)
(/usr/share/texmf-dist/tex/latex/geometry/geometry.sty
Package: geometry 2010/09/12 v5.6 Page Geometry
\Gm@cnth=\count156
\Gm@cntv=\count157
\c@Gm@tempcnt=\count158
\Gm@bindingoffset=\dimen129
\Gm@wd@mp=\dimen130
\Gm@odd@mp=\dimen131
\Gm@even@mp=\dimen132
\Gm@layoutwidth=\dimen133
\Gm@layoutheight=\dimen134
\Gm@layouthoffset=\dimen135
\Gm@layoutvoffset=\dimen136
\Gm@dimlist=\toks24
)
(/usr/share/texmf-dist/tex/latex/fancyhdr/fancyhdr.sty
\fancy@headwidth=\skip65
\f@ncyO@elh=\skip66
\f@ncyO@erh=\skip67
\f@ncyO@olh=\skip68
\f@ncyO@orh=\skip69
\f@ncyO@elf=\skip70
\f@ncyO@erf=\skip71
\f@ncyO@olf=\skip72
\f@ncyO@orf=\skip73
) (./LFA41Appendix2.aux)
\openout1 = `LFA41Appendix2.aux'.

LaTeX Font Info:    Checking defaults for OML/cmm/m/it on input line 25.
LaTeX Font Info:    ... okay on input line 25.
LaTeX Font Info:    Checking defaults for T1/cmr/m/n on input line 25.
LaTeX Font Info:    ... okay on input line 25.
LaTeX Font Info:    Checking defaults for OT1/cmr/m/n on input line 25.
LaTeX Font Info:    ... okay on input line 25.
LaTeX Font Info:    Checking defaults for OMS/cmsy/m/n on input line 25.
LaTeX Font Info:    ... okay on input line 25.
LaTeX Font Info:    Checking defaults for OMX/cmex/m/n on input line 25.
LaTeX Font Info:    ... okay on input line 25.
LaTeX Font Info:    Checking defaults for U/cmr/m/n on input line 25.
LaTeX Font Info:    ... okay on input line 25.
LaTeX Font Info:    Checking defaults for PD1/pdf/m/n on input line 25.
LaTeX Font Info:    ... okay on input line 25.
LaTeX Font Info:    Checking defaults for PU/pdf/m/n on input line 25.
LaTeX Font Info:    ... okay on input line 25.

(/usr/share/texmf-dist/tex/context/base/mkii/supp-pdf.mkii
[Loading MPS to PDF converter (version 2006.09.02).]
\scratchcounter=\count159
\scratchdimen=\dimen137
\scratchbox=\box30
\nofMPsegments=\count160
\nofMParguments=\count161
\everyMPshowfont=\toks25
\MPscratchCnt=\count162
\MPscratchDim=\dimen138
\MPnumerator=\count163
\makeMPintoPDFobject=\count164
\everyMPtoPDFconversion=\toks26
) (/usr/share/texmf-dist/tex/latex/oberdiek/epstopdf-base.sty
Package: epstopdf-base 2016/05/15 v2.6 Base part for package epstopdf

(/usr/share/texmf-dist/tex/latex/oberdiek/grfext.sty
Package: grfext 2016/05/16 v1.2 Manage graphics extensions (HO)
)
Package epstopdf-base Info: Redefining graphics rule for `.eps' on input line 4
38.
Package grfext Info: Graphics extension search list:
(grfext)             [.png,.pdf,.jpg,.mps,.jpeg,.jbig2,.jb2,.PNG,.PDF,.JPG,.JPE
G,.JBIG2,.JB2,.eps]
(grfext)             \AppendGraphicsExtensions on input line 456.

(/usr/share/texmf-dist/tex/latex/latexconfig/epstopdf-sys.cfg
File: epstopdf-sys.cfg 2010/07/13 v1.3 Configuration of (r)epstopdf for TeX Liv
e
))
Package caption Info: Begin \AtBeginDocument code.
Package caption Info: subfig package v1.3 is loaded.
Package caption Info: hyperref package is loaded.
Package caption Info: End \AtBeginDocument code.
Package marginnote Info: \pdfoutput not 0 or unimportant and
(marginnote)             \pdflastxpos or \lastxpos available.
(marginnote)             Extended position detection mode activated.
Package soulpos Info: Loading soulutf8 on input line 25.

(/usr/share/texmf-dist/tex/generic/oberdiek/soulutf8.sty
Package: soulutf8 2016/05/16 v1.1 Permit use of UTF-8 characters in soul (HO)

(/usr/share/texmf-dist/tex/latex/soul/soul.sty
Package: soul 2003/11/17 v2.4 letterspacing/underlining (mf)
\SOUL@word=\toks27
\SOUL@lasttoken=\toks28
\SOUL@cmds=\toks29
\SOUL@buffer=\toks30
\SOUL@token=\toks31
\SOUL@spaceskip=\skip74
\SOUL@ttwidth=\dimen139
\SOUL@uldp=\dimen140
\SOUL@ulht=\dimen141
))
\AtBeginShipoutBox=\box31
Package hyperref Info: Link coloring OFF on input line 25.

(/usr/share/texmf-dist/tex/latex/hyperref/nameref.sty
Package: nameref 2016/05/21 v2.44 Cross-referencing by name of section

(/usr/share/texmf-dist/tex/generic/oberdiek/gettitlestring.sty
Package: gettitlestring 2016/05/16 v1.5 Cleanup title references (HO)
)
\c@section@level=\count165
)
LaTeX Info: Redefining \ref on input line 25.
LaTeX Info: Redefining \pageref on input line 25.
LaTeX Info: Redefining \nameref on input line 25.

(./LFA41Appendix2.out) (./LFA41Appendix2.out)
\@outlinefile=\write4
\openout4 = `LFA41Appendix2.out'.


*geometry* driver: auto-detecting
*geometry* detected driver: pdftex
*geometry* verbose mode - [ preamble ] result:
* driver: pdftex
* paper: <default>
* layout: <same size as paper>
* layoutoffset:(h,v)=(0.0pt,0.0pt)
* modes: 
* h-part:(L,W,R)=(85.35826pt, 443.57848pt, 85.35826pt)
* v-part:(T,H,B)=(68.28644pt, 658.39711pt, 68.28644pt)
* \paperwidth=614.295pt
* \paperheight=794.96999pt
* \textwidth=443.57848pt
* \textheight=658.39711pt
* \oddsidemargin=13.08827pt
* \evensidemargin=13.08827pt
* \topmargin=-40.98355pt
* \headheight=12.0pt
* \headsep=25.0pt
* \topskip=11.0pt
* \footskip=30.0pt
* \marginparwidth=59.0pt
* \marginparsep=10.0pt
* \columnsep=10.0pt
* \skip\footins=10.0pt plus 4.0pt minus 2.0pt
* \hoffset=0.0pt
* \voffset=0.0pt
* \mag=1000
* \@twocolumnfalse
* \@twosidefalse
* \@mparswitchfalse
* \@reversemarginfalse
* (1in=72.27pt=25.4mm, 1cm=28.453pt)


</backup/bio_data/bio.lobster/figures/LengthFrequenciesLFA41baseSummerRV.1999.2
004.pdf, id=4, 505.89pt x 505.89pt>
File: /backup/bio_data/bio.lobster/figures/LengthFrequenciesLFA41baseSummerRV.1
999.2004.pdf Graphic file (type pdf)

<use /backup/bio_data/bio.lobster/figures/LengthFrequenciesLFA41baseSummerRV.19
99.2004.pdf>
Package pdftex.def Info: /backup/bio_data/bio.lobster/figures/LengthFrequencies
LFA41baseSummerRV.1999.2004.pdf used on input line 33.
(pdftex.def)             Requested size: 177.42868pt x 137.51088pt.

</backup/bio_data/bio.lobster/figures/LengthFrequenciesLFA41baseSummerRV.2005.2
009.pdf, id=6, 505.89pt x 505.89pt>
File: /backup/bio_data/bio.lobster/figures/LengthFrequenciesLFA41baseSummerRV.2
005.2009.pdf Graphic file (type pdf)

<use /backup/bio_data/bio.lobster/figures/LengthFrequenciesLFA41baseSummerRV.20
05.2009.pdf>
Package pdftex.def Info: /backup/bio_data/bio.lobster/figures/LengthFrequencies
LFA41baseSummerRV.2005.2009.pdf used on input line 34.
(pdftex.def)             Requested size: 177.42868pt x 137.51088pt.

</backup/bio_data/bio.lobster/figures/LengthFrequenciesLFA41baseSummerRV.2010.2
014.pdf, id=8, 505.89pt x 505.89pt>
File: /backup/bio_data/bio.lobster/figures/LengthFrequenciesLFA41baseSummerRV.2
010.2014.pdf Graphic file (type pdf)

<use /backup/bio_data/bio.lobster/figures/LengthFrequenciesLFA41baseSummerRV.20
10.2014.pdf>
Package pdftex.def Info: /backup/bio_data/bio.lobster/figures/LengthFrequencies
LFA41baseSummerRV.2010.2014.pdf used on input line 35.
(pdftex.def)             Requested size: 177.42868pt x 137.51088pt.

</backup/bio_data/bio.lobster/figures/LengthFrequenciesLFA41baseSummerRV.2015.2
015.pdf, id=10, 505.89pt x 505.89pt>
File: /backup/bio_data/bio.lobster/figures/LengthFrequenciesLFA41baseSummerRV.2
015.2015.pdf Graphic file (type pdf)

<use /backup/bio_data/bio.lobster/figures/LengthFrequenciesLFA41baseSummerRV.20
15.2015.pdf>
Package pdftex.def Info: /backup/bio_data/bio.lobster/figures/LengthFrequencies
LFA41baseSummerRV.2015.2015.pdf used on input line 36.
(pdftex.def)             Requested size: 177.42868pt x 143.49835pt.


LaTeX Warning: Float too large for page by 8.6339pt on input line 38.


Package Fancyhdr Warning: \headheight is too small (12.0pt): 
 Make it at least 13.59999pt.
 We now make it that large for the rest of the document.
 This may cause the page layout to be inconsistent, however.

(/usr/share/texmf-dist/tex/generic/oberdiek/se-pdfdoc.def
File: se-pdfdoc.def 2016/05/16 v1.11 stringenc: PDFDocEncoding
) [1{/var/lib/texmf/fonts/map/pdftex/updmap/pdftex.map} </backup/bio_data/bio.l
obster/figures/LengthFrequenciesLFA41baseSummerRV.1999.2004.pdf> </backup/bio_d
ata/bio.lobster/figures/LengthFrequenciesLFA41baseSummerRV.2005.2009.pdf> </bac
kup/bio_data/bio.lobster/figures/LengthFrequenciesLFA41baseSummerRV.2010.2014.p
df> </backup/bio_data/bio.lobster/figures/LengthFrequenciesLFA41baseSummerRV.20
15.2015.pdf>]
</backup/bio_data/bio.lobster/figures/LengthFrequenciesLFA41polygonSummerRV.199
9.2004.pdf, id=47, 505.89pt x 505.89pt>
File: /backup/bio_data/bio.lobster/figures/LengthFrequenciesLFA41polygonSummerR
V.1999.2004.pdf Graphic file (type pdf)

<use /backup/bio_data/bio.lobster/figures/LengthFrequenciesLFA41polygonSummerRV
.1999.2004.pdf>
Package pdftex.def Info: /backup/bio_data/bio.lobster/figures/LengthFrequencies
LFA41polygonSummerRV.1999.2004.pdf used on input line 44.
(pdftex.def)             Requested size: 177.42868pt x 137.51088pt.

</backup/bio_data/bio.lobster/figures/LengthFrequenciesLFA41polygonSummerRV.200
5.2009.pdf, id=49, 505.89pt x 505.89pt>
File: /backup/bio_data/bio.lobster/figures/LengthFrequenciesLFA41polygonSummerR
V.2005.2009.pdf Graphic file (type pdf)

<use /backup/bio_data/bio.lobster/figures/LengthFrequenciesLFA41polygonSummerRV
.2005.2009.pdf>
Package pdftex.def Info: /backup/bio_data/bio.lobster/figures/LengthFrequencies
LFA41polygonSummerRV.2005.2009.pdf used on input line 45.
(pdftex.def)             Requested size: 177.42868pt x 137.51088pt.

</backup/bio_data/bio.lobster/figures/LengthFrequenciesLFA41polygonSummerRV.201
0.2014.pdf, id=51, 505.89pt x 505.89pt>
File: /backup/bio_data/bio.lobster/figures/LengthFrequenciesLFA41polygonSummerR
V.2010.2014.pdf Graphic file (type pdf)

<use /backup/bio_data/bio.lobster/figures/LengthFrequenciesLFA41polygonSummerRV
.2010.2014.pdf>
Package pdftex.def Info: /backup/bio_data/bio.lobster/figures/LengthFrequencies
LFA41polygonSummerRV.2010.2014.pdf used on input line 46.
(pdftex.def)             Requested size: 177.42868pt x 137.51088pt.

</backup/bio_data/bio.lobster/figures/LengthFrequenciesLFA41polygonSummerRV.201
5.2015.pdf, id=53, 505.89pt x 505.89pt>
File: /backup/bio_data/bio.lobster/figures/LengthFrequenciesLFA41polygonSummerR
V.2015.2015.pdf Graphic file (type pdf)

<use /backup/bio_data/bio.lobster/figures/LengthFrequenciesLFA41polygonSummerRV
.2015.2015.pdf>
Package pdftex.def Info: /backup/bio_data/bio.lobster/figures/LengthFrequencies
LFA41polygonSummerRV.2015.2015.pdf used on input line 47.
(pdftex.def)             Requested size: 177.42868pt x 143.49835pt.


LaTeX Warning: Float too large for page by 8.6339pt on input line 49.


Package Fancyhdr Warning: \headheight is too small (12.0pt): 
 Make it at least 13.59999pt.
 We now make it that large for the rest of the document.
 This may cause the page layout to be inconsistent, however.

[2 </backup/bio_data/bio.lobster/figures/LengthFrequenciesLFA41polygonSummerRV.
1999.2004.pdf> </backup/bio_data/bio.lobster/figures/LengthFrequenciesLFA41poly
gonSummerRV.2005.2009.pdf> </backup/bio_data/bio.lobster/figures/LengthFrequenc
iesLFA41polygonSummerRV.2010.2014.pdf> </backup/bio_data/bio.lobster/figures/Le
ngthFrequenciesLFA41polygonSummerRV.2015.2015.pdf>]
</backup/bio_data/bio.lobster/figures/LengthFrequenciesLFA41adjacentpolygonSumm
erRV.1999.2004.pdf, id=88, 505.89pt x 505.89pt>
File: /backup/bio_data/bio.lobster/figures/LengthFrequenciesLFA41adjacentpolygo
nSummerRV.1999.2004.pdf Graphic file (type pdf)

<use /backup/bio_data/bio.lobster/figures/LengthFrequenciesLFA41adjacentpolygon
SummerRV.1999.2004.pdf>
Package pdftex.def Info: /backup/bio_data/bio.lobster/figures/LengthFrequencies
LFA41adjacentpolygonSummerRV.1999.2004.pdf used on input line 56.
(pdftex.def)             Requested size: 177.42868pt x 137.51088pt.

</backup/bio_data/bio.lobster/figures/LengthFrequenciesLFA41adjacentpolygonSumm
erRV.2005.2009.pdf, id=90, 505.89pt x 505.89pt>
File: /backup/bio_data/bio.lobster/figures/LengthFrequenciesLFA41adjacentpolygo
nSummerRV.2005.2009.pdf Graphic file (type pdf)

<use /backup/bio_data/bio.lobster/figures/LengthFrequenciesLFA41adjacentpolygon
SummerRV.2005.2009.pdf>
Package pdftex.def Info: /backup/bio_data/bio.lobster/figures/LengthFrequencies
LFA41adjacentpolygonSummerRV.2005.2009.pdf used on input line 57.
(pdftex.def)             Requested size: 177.42868pt x 137.51088pt.

</backup/bio_data/bio.lobster/figures/LengthFrequenciesLFA41adjacentpolygonSumm
erRV.2010.2014.pdf, id=92, 505.89pt x 505.89pt>
File: /backup/bio_data/bio.lobster/figures/LengthFrequenciesLFA41adjacentpolygo
nSummerRV.2010.2014.pdf Graphic file (type pdf)

<use /backup/bio_data/bio.lobster/figures/LengthFrequenciesLFA41adjacentpolygon
SummerRV.2010.2014.pdf>
Package pdftex.def Info: /backup/bio_data/bio.lobster/figures/LengthFrequencies
LFA41adjacentpolygonSummerRV.2010.2014.pdf used on input line 58.
(pdftex.def)             Requested size: 177.42868pt x 137.51088pt.

</backup/bio_data/bio.lobster/figures/LengthFrequenciesLFA41adjacentpolygonSumm
erRV.2015.2015.pdf, id=94, 505.89pt x 505.89pt>
File: /backup/bio_data/bio.lobster/figures/LengthFrequenciesLFA41adjacentpolygo
nSummerRV.2015.2015.pdf Graphic file (type pdf)

<use /backup/bio_data/bio.lobster/figures/LengthFrequenciesLFA41adjacentpolygon
SummerRV.2015.2015.pdf>
Package pdftex.def Info: /backup/bio_data/bio.lobster/figures/LengthFrequencies
LFA41adjacentpolygonSummerRV.2015.2015.pdf used on input line 59.
(pdftex.def)             Requested size: 177.42868pt x 143.49835pt.


LaTeX Warning: Float too large for page by 8.6339pt on input line 61.


Package Fancyhdr Warning: \headheight is too small (12.0pt): 
 Make it at least 13.59999pt.
 We now make it that large for the rest of the document.
 This may cause the page layout to be inconsistent, however.

[3 </backup/bio_data/bio.lobster/figures/LengthFrequenciesLFA41adjacentpolygonS
ummerRV.1999.2004.pdf> </backup/bio_data/bio.lobster/figures/LengthFrequenciesL
FA41adjacentpolygonSummerRV.2005.2009.pdf> </backup/bio_data/bio.lobster/figure
s/LengthFrequenciesLFA41adjacentpolygonSummerRV.2010.2014.pdf> </backup/bio_dat
a/bio.lobster/figures/LengthFrequenciesLFA41adjacentpolygonSummerRV.2015.2015.p
df>]
</backup/bio_data/bio.lobster/figures/LengthFrequenciesLFA41NEFSCspringbase.196
9.1974.pdf, id=129, 505.89pt x 505.89pt>
File: /backup/bio_data/bio.lobster/figures/LengthFrequenciesLFA41NEFSCspringbas
e.1969.1974.pdf Graphic file (type pdf)

<use /backup/bio_data/bio.lobster/figures/LengthFrequenciesLFA41NEFSCspringbase
.1969.1974.pdf>
Package pdftex.def Info: /backup/bio_data/bio.lobster/figures/LengthFrequencies
LFA41NEFSCspringbase.1969.1974.pdf used on input line 66.
(pdftex.def)             Requested size: 164.12186pt x 127.50256pt.

</backup/bio_data/bio.lobster/figures/LengthFrequenciesLFA41NEFSCspringbase.199
0.1994.pdf, id=131, 505.89pt x 505.89pt>
File: /backup/bio_data/bio.lobster/figures/LengthFrequenciesLFA41NEFSCspringbas
e.1990.1994.pdf Graphic file (type pdf)

<use /backup/bio_data/bio.lobster/figures/LengthFrequenciesLFA41NEFSCspringbase
.1990.1994.pdf>
Package pdftex.def Info: /backup/bio_data/bio.lobster/figures/LengthFrequencies
LFA41NEFSCspringbase.1990.1994.pdf used on input line 67.
(pdftex.def)             Requested size: 164.12186pt x 127.50256pt.

</backup/bio_data/bio.lobster/figures/LengthFrequenciesLFA41NEFSCspringbase.201
0.2014.pdf, id=133, 505.89pt x 505.89pt>
File: /backup/bio_data/bio.lobster/figures/LengthFrequenciesLFA41NEFSCspringbas
e.2010.2014.pdf Graphic file (type pdf)

<use /backup/bio_data/bio.lobster/figures/LengthFrequenciesLFA41NEFSCspringbase
.2010.2014.pdf>
Package pdftex.def Info: /backup/bio_data/bio.lobster/figures/LengthFrequencies
LFA41NEFSCspringbase.2010.2014.pdf used on input line 68.
(pdftex.def)             Requested size: 164.12186pt x 127.50256pt.

Overfull \hbox (48.7871pt too wide) in paragraph at lines 66--69
[][][][][][] 
 []


Underfull \hbox (badness 10000) in paragraph at lines 66--69

 []


</backup/bio_data/bio.lobster/figures/LengthFrequenciesLFA41NEFSCspringbase.197
5.1979.pdf, id=135, 505.89pt x 505.89pt>
File: /backup/bio_data/bio.lobster/figures/LengthFrequenciesLFA41NEFSCspringbas
e.1975.1979.pdf Graphic file (type pdf)

<use /backup/bio_data/bio.lobster/figures/LengthFrequenciesLFA41NEFSCspringbase
.1975.1979.pdf>
Package pdftex.def Info: /backup/bio_data/bio.lobster/figures/LengthFrequencies
LFA41NEFSCspringbase.1975.1979.pdf used on input line 70.
(pdftex.def)             Requested size: 164.12186pt x 127.50256pt.

</backup/bio_data/bio.lobster/figures/LengthFrequenciesLFA41NEFSCspringbase.199
5.1999.pdf, id=137, 505.89pt x 505.89pt>
File: /backup/bio_data/bio.lobster/figures/LengthFrequenciesLFA41NEFSCspringbas
e.1995.1999.pdf Graphic file (type pdf)

<use /backup/bio_data/bio.lobster/figures/LengthFrequenciesLFA41NEFSCspringbase
.1995.1999.pdf>
Package pdftex.def Info: /backup/bio_data/bio.lobster/figures/LengthFrequencies
LFA41NEFSCspringbase.1995.1999.pdf used on input line 71.
(pdftex.def)             Requested size: 164.12186pt x 127.50256pt.

</backup/bio_data/bio.lobster/figures/LengthFrequenciesLFA41NEFSCspringbase.201
5.2015.pdf, id=139, 505.89pt x 505.89pt>
File: /backup/bio_data/bio.lobster/figures/LengthFrequenciesLFA41NEFSCspringbas
e.2015.2015.pdf Graphic file (type pdf)

<use /backup/bio_data/bio.lobster/figures/LengthFrequenciesLFA41NEFSCspringbase
.2015.2015.pdf>
Package pdftex.def Info: /backup/bio_data/bio.lobster/figures/LengthFrequencies
LFA41NEFSCspringbase.2015.2015.pdf used on input line 72.
(pdftex.def)             Requested size: 164.12186pt x 127.50256pt.

Overfull \hbox (48.7871pt too wide) in paragraph at lines 70--73
[][][][][][] 
 []


Underfull \hbox (badness 10000) in paragraph at lines 70--73

 []


</backup/bio_data/bio.lobster/figures/LengthFrequenciesLFA41NEFSCspringbase.198
0.1984.pdf, id=141, 505.89pt x 505.89pt>
File: /backup/bio_data/bio.lobster/figures/LengthFrequenciesLFA41NEFSCspringbas
e.1980.1984.pdf Graphic file (type pdf)

<use /backup/bio_data/bio.lobster/figures/LengthFrequenciesLFA41NEFSCspringbase
.1980.1984.pdf>
Package pdftex.def Info: /backup/bio_data/bio.lobster/figures/LengthFrequencies
LFA41NEFSCspringbase.1980.1984.pdf used on input line 74.
(pdftex.def)             Requested size: 164.12186pt x 127.50256pt.

</backup/bio_data/bio.lobster/figures/LengthFrequenciesLFA41NEFSCspringbase.200
0.2004.pdf, id=143, 505.89pt x 505.89pt>
File: /backup/bio_data/bio.lobster/figures/LengthFrequenciesLFA41NEFSCspringbas
e.2000.2004.pdf Graphic file (type pdf)

<use /backup/bio_data/bio.lobster/figures/LengthFrequenciesLFA41NEFSCspringbase
.2000.2004.pdf>
Package pdftex.def Info: /backup/bio_data/bio.lobster/figures/LengthFrequencies
LFA41NEFSCspringbase.2000.2004.pdf used on input line 75.
(pdftex.def)             Requested size: 164.12186pt x 127.50256pt.

</backup/bio_data/bio.lobster/figures/LengthFrequenciesLFA41NEFSCspringbase.198
5.1989.pdf, id=145, 505.89pt x 505.89pt>
File: /backup/bio_data/bio.lobster/figures/LengthFrequenciesLFA41NEFSCspringbas
e.1985.1989.pdf Graphic file (type pdf)

<use /backup/bio_data/bio.lobster/figures/LengthFrequenciesLFA41NEFSCspringbase
.1985.1989.pdf>
Package pdftex.def Info: /backup/bio_data/bio.lobster/figures/LengthFrequencies
LFA41NEFSCspringbase.1985.1989.pdf used on input line 76.
(pdftex.def)             Requested size: 164.12186pt x 134.07498pt.

</backup/bio_data/bio.lobster/figures/LengthFrequenciesLFA41NEFSCspringbase.200
5.2009.pdf, id=147, 505.89pt x 505.89pt>
File: /backup/bio_data/bio.lobster/figures/LengthFrequenciesLFA41NEFSCspringbas
e.2005.2009.pdf Graphic file (type pdf)

<use /backup/bio_data/bio.lobster/figures/LengthFrequenciesLFA41NEFSCspringbase
.2005.2009.pdf>
Package pdftex.def Info: /backup/bio_data/bio.lobster/figures/LengthFrequencies
LFA41NEFSCspringbase.2005.2009.pdf used on input line 77.
(pdftex.def)             Requested size: 164.12186pt x 134.07498pt.


LaTeX Warning: Float too large for page by 6.38559pt on input line 80.


Package Fancyhdr Warning: \headheight is too small (12.0pt): 
 Make it at least 13.59999pt.
 We now make it that large for the rest of the document.
 This may cause the page layout to be inconsistent, however.

[4 </backup/bio_data/bio.lobster/figures/LengthFrequenciesLFA41NEFSCspringbase.
1969.1974.pdf> </backup/bio_data/bio.lobster/figures/LengthFrequenciesLFA41NEFS
Cspringbase.1990.1994.pdf> </backup/bio_data/bio.lobster/figures/LengthFrequenc
iesLFA41NEFSCspringbase.2010.2014.pdf> </backup/bio_data/bio.lobster/figures/Le
ngthFrequenciesLFA41NEFSCspringbase.1975.1979.pdf> </backup/bio_data/bio.lobste
r/figures/LengthFrequenciesLFA41NEFSCspringbase.1995.1999.pdf> </backup/bio_dat
a/bio.lobster/figures/LengthFrequenciesLFA41NEFSCspringbase.2015.2015.pdf> </ba
ckup/bio_data/bio.lobster/figures/LengthFrequenciesLFA41NEFSCspringbase.1980.19
84.pdf> </backup/bio_data/bio.lobster/figures/LengthFrequenciesLFA41NEFSCspring
base.2000.2004.pdf> </backup/bio_data/bio.lobster/figures/LengthFrequenciesLFA4
1NEFSCspringbase.1985.1989.pdf> </backup/bio_data/bio.lobster/figures/LengthFre
quenciesLFA41NEFSCspringbase.2005.2009.pdf>]
</backup/bio_data/bio.lobster/figures/LengthFrequenciesLFA41NEFSCspringrestrati
fied.1969.1974.pdf, id=225, 505.89pt x 505.89pt>
File: /backup/bio_data/bio.lobster/figures/LengthFrequenciesLFA41NEFSCspringres
tratified.1969.1974.pdf Graphic file (type pdf)

<use /backup/bio_data/bio.lobster/figures/LengthFrequenciesLFA41NEFSCspringrest
ratified.1969.1974.pdf>
Package pdftex.def Info: /backup/bio_data/bio.lobster/figures/LengthFrequencies
LFA41NEFSCspringrestratified.1969.1974.pdf used on input line 84.
(pdftex.def)             Requested size: 164.12186pt x 127.50256pt.

</backup/bio_data/bio.lobster/figures/LengthFrequenciesLFA41NEFSCspringrestrati
fied.1990.1994.pdf, id=227, 505.89pt x 505.89pt>
File: /backup/bio_data/bio.lobster/figures/LengthFrequenciesLFA41NEFSCspringres
tratified.1990.1994.pdf Graphic file (type pdf)

<use /backup/bio_data/bio.lobster/figures/LengthFrequenciesLFA41NEFSCspringrest
ratified.1990.1994.pdf>
Package pdftex.def Info: /backup/bio_data/bio.lobster/figures/LengthFrequencies
LFA41NEFSCspringrestratified.1990.1994.pdf used on input line 85.
(pdftex.def)             Requested size: 164.12186pt x 127.50256pt.

</backup/bio_data/bio.lobster/figures/LengthFrequenciesLFA41NEFSCspringrestrati
fied.2010.2014.pdf, id=229, 505.89pt x 505.89pt>
File: /backup/bio_data/bio.lobster/figures/LengthFrequenciesLFA41NEFSCspringres
tratified.2010.2014.pdf Graphic file (type pdf)

<use /backup/bio_data/bio.lobster/figures/LengthFrequenciesLFA41NEFSCspringrest
ratified.2010.2014.pdf>
Package pdftex.def Info: /backup/bio_data/bio.lobster/figures/LengthFrequencies
LFA41NEFSCspringrestratified.2010.2014.pdf used on input line 86.
(pdftex.def)             Requested size: 164.12186pt x 127.50256pt.

Overfull \hbox (48.7871pt too wide) in paragraph at lines 84--87
[][][][][][] 
 []


Underfull \hbox (badness 10000) in paragraph at lines 84--87

 []


</backup/bio_data/bio.lobster/figures/LengthFrequenciesLFA41NEFSCspringrestrati
fied.1975.1979.pdf, id=231, 505.89pt x 505.89pt>
File: /backup/bio_data/bio.lobster/figures/LengthFrequenciesLFA41NEFSCspringres
tratified.1975.1979.pdf Graphic file (type pdf)

<use /backup/bio_data/bio.lobster/figures/LengthFrequenciesLFA41NEFSCspringrest
ratified.1975.1979.pdf>
Package pdftex.def Info: /backup/bio_data/bio.lobster/figures/LengthFrequencies
LFA41NEFSCspringrestratified.1975.1979.pdf used on input line 88.
(pdftex.def)             Requested size: 164.12186pt x 127.50256pt.

</backup/bio_data/bio.lobster/figures/LengthFrequenciesLFA41NEFSCspringrestrati
fied.1995.1999.pdf, id=233, 505.89pt x 505.89pt>
File: /backup/bio_data/bio.lobster/figures/LengthFrequenciesLFA41NEFSCspringres
tratified.1995.1999.pdf Graphic file (type pdf)

<use /backup/bio_data/bio.lobster/figures/LengthFrequenciesLFA41NEFSCspringrest
ratified.1995.1999.pdf>
Package pdftex.def Info: /backup/bio_data/bio.lobster/figures/LengthFrequencies
LFA41NEFSCspringrestratified.1995.1999.pdf used on input line 89.
(pdftex.def)             Requested size: 164.12186pt x 127.50256pt.

</backup/bio_data/bio.lobster/figures/LengthFrequenciesLFA41NEFSCspringrestrati
fied.2015.2015.pdf, id=235, 505.89pt x 505.89pt>
File: /backup/bio_data/bio.lobster/figures/LengthFrequenciesLFA41NEFSCspringres
tratified.2015.2015.pdf Graphic file (type pdf)

<use /backup/bio_data/bio.lobster/figures/LengthFrequenciesLFA41NEFSCspringrest
ratified.2015.2015.pdf>
Package pdftex.def Info: /backup/bio_data/bio.lobster/figures/LengthFrequencies
LFA41NEFSCspringrestratified.2015.2015.pdf used on input line 90.
(pdftex.def)             Requested size: 164.12186pt x 127.50256pt.

Overfull \hbox (48.7871pt too wide) in paragraph at lines 88--91
[][][][][][] 
 []


Underfull \hbox (badness 10000) in paragraph at lines 88--91

 []


</backup/bio_data/bio.lobster/figures/LengthFrequenciesLFA41NEFSCspringrestrati
fied.1980.1984.pdf, id=237, 505.89pt x 505.89pt>
File: /backup/bio_data/bio.lobster/figures/LengthFrequenciesLFA41NEFSCspringres
tratified.1980.1984.pdf Graphic file (type pdf)

<use /backup/bio_data/bio.lobster/figures/LengthFrequenciesLFA41NEFSCspringrest
ratified.1980.1984.pdf>
Package pdftex.def Info: /backup/bio_data/bio.lobster/figures/LengthFrequencies
LFA41NEFSCspringrestratified.1980.1984.pdf used on input line 92.
(pdftex.def)             Requested size: 164.12186pt x 127.50256pt.

</backup/bio_data/bio.lobster/figures/LengthFrequenciesLFA41NEFSCspringrestrati
fied.2000.2004.pdf, id=239, 505.89pt x 505.89pt>
File: /backup/bio_data/bio.lobster/figures/LengthFrequenciesLFA41NEFSCspringres
tratified.2000.2004.pdf Graphic file (type pdf)

<use /backup/bio_data/bio.lobster/figures/LengthFrequenciesLFA41NEFSCspringrest
ratified.2000.2004.pdf>
Package pdftex.def Info: /backup/bio_data/bio.lobster/figures/LengthFrequencies
LFA41NEFSCspringrestratified.2000.2004.pdf used on input line 93.
(pdftex.def)             Requested size: 164.12186pt x 127.50256pt.

</backup/bio_data/bio.lobster/figures/LengthFrequenciesLFA41NEFSCspringrestrati
fied.1985.1989.pdf, id=241, 505.89pt x 505.89pt>
File: /backup/bio_data/bio.lobster/figures/LengthFrequenciesLFA41NEFSCspringres
tratified.1985.1989.pdf Graphic file (type pdf)

<use /backup/bio_data/bio.lobster/figures/LengthFrequenciesLFA41NEFSCspringrest
ratified.1985.1989.pdf>
Package pdftex.def Info: /backup/bio_data/bio.lobster/figures/LengthFrequencies
LFA41NEFSCspringrestratified.1985.1989.pdf used on input line 94.
(pdftex.def)             Requested size: 164.12186pt x 134.07498pt.

</backup/bio_data/bio.lobster/figures/LengthFrequenciesLFA41NEFSCspringrestrati
fied.2005.2009.pdf, id=243, 505.89pt x 505.89pt>
File: /backup/bio_data/bio.lobster/figures/LengthFrequenciesLFA41NEFSCspringres
tratified.2005.2009.pdf Graphic file (type pdf)

<use /backup/bio_data/bio.lobster/figures/LengthFrequenciesLFA41NEFSCspringrest
ratified.2005.2009.pdf>
Package pdftex.def Info: /backup/bio_data/bio.lobster/figures/LengthFrequencies
LFA41NEFSCspringrestratified.2005.2009.pdf used on input line 95.
(pdftex.def)             Requested size: 164.12186pt x 134.07498pt.


LaTeX Warning: Float too large for page by 6.38559pt on input line 98.


Package Fancyhdr Warning: \headheight is too small (12.0pt): 
 Make it at least 13.59999pt.
 We now make it that large for the rest of the document.
 This may cause the page layout to be inconsistent, however.

[5 </backup/bio_data/bio.lobster/figures/LengthFrequenciesLFA41NEFSCspringrestr
atified.1969.1974.pdf> </backup/bio_data/bio.lobster/figures/LengthFrequenciesL
FA41NEFSCspringrestratified.1990.1994.pdf> </backup/bio_data/bio.lobster/figure
s/LengthFrequenciesLFA41NEFSCspringrestratified.2010.2014.pdf> </backup/bio_dat
a/bio.lobster/figures/LengthFrequenciesLFA41NEFSCspringrestratified.1975.1979.p
df> </backup/bio_data/bio.lobster/figures/LengthFrequenciesLFA41NEFSCspringrest
ratified.1995.1999.pdf> </backup/bio_data/bio.lobster/figures/LengthFrequencies
LFA41NEFSCspringrestratified.2015.2015.pdf> </backup/bio_data/bio.lobster/figur
es/LengthFrequenciesLFA41NEFSCspringrestratified.1980.1984.pdf> </backup/bio_da
ta/bio.lobster/figures/LengthFrequenciesLFA41NEFSCspringrestratified.2000.2004.
pdf> </backup/bio_data/bio.lobster/figures/LengthFrequenciesLFA41NEFSCspringres
tratified.1985.1989.pdf> </backup/bio_data/bio.lobster/figures/LengthFrequencie
sLFA41NEFSCspringrestratified.2005.2009.pdf>]
</backup/bio_data/bio.lobster/figures/LengthFrequenciesLFA41NEFSCspringadjrestr
atified.1969.1974.pdf, id=321, 505.89pt x 505.89pt>
File: /backup/bio_data/bio.lobster/figures/LengthFrequenciesLFA41NEFSCspringadj
restratified.1969.1974.pdf Graphic file (type pdf)

<use /backup/bio_data/bio.lobster/figures/LengthFrequenciesLFA41NEFSCspringadjr
estratified.1969.1974.pdf>
Package pdftex.def Info: /backup/bio_data/bio.lobster/figures/LengthFrequencies
LFA41NEFSCspringadjrestratified.1969.1974.pdf used on input line 103.
(pdftex.def)             Requested size: 164.12186pt x 127.50256pt.

</backup/bio_data/bio.lobster/figures/LengthFrequenciesLFA41NEFSCspringadjrestr
atified.1990.1994.pdf, id=323, 505.89pt x 505.89pt>
File: /backup/bio_data/bio.lobster/figures/LengthFrequenciesLFA41NEFSCspringadj
restratified.1990.1994.pdf Graphic file (type pdf)

<use /backup/bio_data/bio.lobster/figures/LengthFrequenciesLFA41NEFSCspringadjr
estratified.1990.1994.pdf>
Package pdftex.def Info: /backup/bio_data/bio.lobster/figures/LengthFrequencies
LFA41NEFSCspringadjrestratified.1990.1994.pdf used on input line 104.
(pdftex.def)             Requested size: 164.12186pt x 127.50256pt.

</backup/bio_data/bio.lobster/figures/LengthFrequenciesLFA41NEFSCspringadjrestr
atified.2010.2014.pdf, id=325, 505.89pt x 505.89pt>
File: /backup/bio_data/bio.lobster/figures/LengthFrequenciesLFA41NEFSCspringadj
restratified.2010.2014.pdf Graphic file (type pdf)

<use /backup/bio_data/bio.lobster/figures/LengthFrequenciesLFA41NEFSCspringadjr
estratified.2010.2014.pdf>
Package pdftex.def Info: /backup/bio_data/bio.lobster/figures/LengthFrequencies
LFA41NEFSCspringadjrestratified.2010.2014.pdf used on input line 105.
(pdftex.def)             Requested size: 164.12186pt x 127.50256pt.

Overfull \hbox (48.7871pt too wide) in paragraph at lines 103--106
[][][][][][] 
 []


Underfull \hbox (badness 10000) in paragraph at lines 103--106

 []


</backup/bio_data/bio.lobster/figures/LengthFrequenciesLFA41NEFSCspringadjrestr
atified.1975.1979.pdf, id=327, 505.89pt x 505.89pt>
File: /backup/bio_data/bio.lobster/figures/LengthFrequenciesLFA41NEFSCspringadj
restratified.1975.1979.pdf Graphic file (type pdf)

<use /backup/bio_data/bio.lobster/figures/LengthFrequenciesLFA41NEFSCspringadjr
estratified.1975.1979.pdf>
Package pdftex.def Info: /backup/bio_data/bio.lobster/figures/LengthFrequencies
LFA41NEFSCspringadjrestratified.1975.1979.pdf used on input line 107.
(pdftex.def)             Requested size: 164.12186pt x 127.50256pt.

</backup/bio_data/bio.lobster/figures/LengthFrequenciesLFA41NEFSCspringadjrestr
atified.1995.1999.pdf, id=329, 505.89pt x 505.89pt>
File: /backup/bio_data/bio.lobster/figures/LengthFrequenciesLFA41NEFSCspringadj
restratified.1995.1999.pdf Graphic file (type pdf)

<use /backup/bio_data/bio.lobster/figures/LengthFrequenciesLFA41NEFSCspringadjr
estratified.1995.1999.pdf>
Package pdftex.def Info: /backup/bio_data/bio.lobster/figures/LengthFrequencies
LFA41NEFSCspringadjrestratified.1995.1999.pdf used on input line 108.
(pdftex.def)             Requested size: 164.12186pt x 127.50256pt.

</backup/bio_data/bio.lobster/figures/LengthFrequenciesLFA41NEFSCspringadjrestr
atified.2015.2015.pdf, id=331, 505.89pt x 505.89pt>
File: /backup/bio_data/bio.lobster/figures/LengthFrequenciesLFA41NEFSCspringadj
restratified.2015.2015.pdf Graphic file (type pdf)

<use /backup/bio_data/bio.lobster/figures/LengthFrequenciesLFA41NEFSCspringadjr
estratified.2015.2015.pdf>
Package pdftex.def Info: /backup/bio_data/bio.lobster/figures/LengthFrequencies
LFA41NEFSCspringadjrestratified.2015.2015.pdf used on input line 109.
(pdftex.def)             Requested size: 164.12186pt x 127.50256pt.

Overfull \hbox (48.7871pt too wide) in paragraph at lines 107--110
[][][][][][] 
 []


Underfull \hbox (badness 10000) in paragraph at lines 107--110

 []


</backup/bio_data/bio.lobster/figures/LengthFrequenciesLFA41NEFSCspringadjrestr
atified.1980.1984.pdf, id=333, 505.89pt x 505.89pt>
File: /backup/bio_data/bio.lobster/figures/LengthFrequenciesLFA41NEFSCspringadj
restratified.1980.1984.pdf Graphic file (type pdf)

<use /backup/bio_data/bio.lobster/figures/LengthFrequenciesLFA41NEFSCspringadjr
estratified.1980.1984.pdf>
Package pdftex.def Info: /backup/bio_data/bio.lobster/figures/LengthFrequencies
LFA41NEFSCspringadjrestratified.1980.1984.pdf used on input line 111.
(pdftex.def)             Requested size: 164.12186pt x 127.50256pt.

</backup/bio_data/bio.lobster/figures/LengthFrequenciesLFA41NEFSCspringadjrestr
atified.2000.2004.pdf, id=335, 505.89pt x 505.89pt>
File: /backup/bio_data/bio.lobster/figures/LengthFrequenciesLFA41NEFSCspringadj
restratified.2000.2004.pdf Graphic file (type pdf)

<use /backup/bio_data/bio.lobster/figures/LengthFrequenciesLFA41NEFSCspringadjr
estratified.2000.2004.pdf>
Package pdftex.def Info: /backup/bio_data/bio.lobster/figures/LengthFrequencies
LFA41NEFSCspringadjrestratified.2000.2004.pdf used on input line 112.
(pdftex.def)             Requested size: 164.12186pt x 127.50256pt.

</backup/bio_data/bio.lobster/figures/LengthFrequenciesLFA41NEFSCspringadjrestr
atified.1985.1989.pdf, id=337, 505.89pt x 505.89pt>
File: /backup/bio_data/bio.lobster/figures/LengthFrequenciesLFA41NEFSCspringadj
restratified.1985.1989.pdf Graphic file (type pdf)

<use /backup/bio_data/bio.lobster/figures/LengthFrequenciesLFA41NEFSCspringadjr
estratified.1985.1989.pdf>
Package pdftex.def Info: /backup/bio_data/bio.lobster/figures/LengthFrequencies
LFA41NEFSCspringadjrestratified.1985.1989.pdf used on input line 113.
(pdftex.def)             Requested size: 164.12186pt x 134.07498pt.

</backup/bio_data/bio.lobster/figures/LengthFrequenciesLFA41NEFSCspringadjrestr
atified.2005.2009.pdf, id=339, 505.89pt x 505.89pt>
File: /backup/bio_data/bio.lobster/figures/LengthFrequenciesLFA41NEFSCspringadj
restratified.2005.2009.pdf Graphic file (type pdf)

<use /backup/bio_data/bio.lobster/figures/LengthFrequenciesLFA41NEFSCspringadjr
estratified.2005.2009.pdf>
Package pdftex.def Info: /backup/bio_data/bio.lobster/figures/LengthFrequencies
LFA41NEFSCspringadjrestratified.2005.2009.pdf used on input line 114.
(pdftex.def)             Requested size: 164.12186pt x 134.07498pt.


LaTeX Warning: Float too large for page by 6.38559pt on input line 117.


Package Fancyhdr Warning: \headheight is too small (12.0pt): 
 Make it at least 13.59999pt.
 We now make it that large for the rest of the document.
 This may cause the page layout to be inconsistent, however.

[6 </backup/bio_data/bio.lobster/figures/LengthFrequenciesLFA41NEFSCspringadjre
stratified.1969.1974.pdf> </backup/bio_data/bio.lobster/figures/LengthFrequenci
esLFA41NEFSCspringadjrestratified.1990.1994.pdf> </backup/bio_data/bio.lobster/
figures/LengthFrequenciesLFA41NEFSCspringadjrestratified.2010.2014.pdf> </backu
p/bio_data/bio.lobster/figures/LengthFrequenciesLFA41NEFSCspringadjrestratified
.1975.1979.pdf> </backup/bio_data/bio.lobster/figures/LengthFrequenciesLFA41NEF
SCspringadjrestratified.1995.1999.pdf> </backup/bio_data/bio.lobster/figures/Le
ngthFrequenciesLFA41NEFSCspringadjrestratified.2015.2015.pdf> </backup/bio_data
/bio.lobster/figures/LengthFrequenciesLFA41NEFSCspringadjrestratified.1980.1984
.pdf> </backup/bio_data/bio.lobster/figures/LengthFrequenciesLFA41NEFSCspringad
jrestratified.2000.2004.pdf> </backup/bio_data/bio.lobster/figures/LengthFreque
nciesLFA41NEFSCspringadjrestratified.1985.1989.pdf> </backup/bio_data/bio.lobst
er/figures/LengthFrequenciesLFA41NEFSCspringadjrestratified.2005.2009.pdf>]
</backup/bio_data/bio.lobster/figures/LengthFrequenciesLFA41NEFSCfallbase.1969.
1974.pdf, id=416, 505.89pt x 505.89pt>
File: /backup/bio_data/bio.lobster/figures/LengthFrequenciesLFA41NEFSCfallbase.
1969.1974.pdf Graphic file (type pdf)

<use /backup/bio_data/bio.lobster/figures/LengthFrequenciesLFA41NEFSCfallbase.1
969.1974.pdf>
Package pdftex.def Info: /backup/bio_data/bio.lobster/figures/LengthFrequencies
LFA41NEFSCfallbase.1969.1974.pdf used on input line 123.
(pdftex.def)             Requested size: 164.12186pt x 127.50256pt.

</backup/bio_data/bio.lobster/figures/LengthFrequenciesLFA41NEFSCfallbase.1990.
1994.pdf, id=418, 505.89pt x 505.89pt>
File: /backup/bio_data/bio.lobster/figures/LengthFrequenciesLFA41NEFSCfallbase.
1990.1994.pdf Graphic file (type pdf)

<use /backup/bio_data/bio.lobster/figures/LengthFrequenciesLFA41NEFSCfallbase.1
990.1994.pdf>
Package pdftex.def Info: /backup/bio_data/bio.lobster/figures/LengthFrequencies
LFA41NEFSCfallbase.1990.1994.pdf used on input line 124.
(pdftex.def)             Requested size: 164.12186pt x 127.50256pt.

</backup/bio_data/bio.lobster/figures/LengthFrequenciesLFA41NEFSCfallbase.2010.
2014.pdf, id=420, 505.89pt x 505.89pt>
File: /backup/bio_data/bio.lobster/figures/LengthFrequenciesLFA41NEFSCfallbase.
2010.2014.pdf Graphic file (type pdf)

<use /backup/bio_data/bio.lobster/figures/LengthFrequenciesLFA41NEFSCfallbase.2
010.2014.pdf>
Package pdftex.def Info: /backup/bio_data/bio.lobster/figures/LengthFrequencies
LFA41NEFSCfallbase.2010.2014.pdf used on input line 125.
(pdftex.def)             Requested size: 164.12186pt x 127.50256pt.

Overfull \hbox (48.7871pt too wide) in paragraph at lines 123--126
[][][][][][] 
 []


Underfull \hbox (badness 10000) in paragraph at lines 123--126

 []


</backup/bio_data/bio.lobster/figures/LengthFrequenciesLFA41NEFSCfallbase.1975.
1979.pdf, id=422, 505.89pt x 505.89pt>
File: /backup/bio_data/bio.lobster/figures/LengthFrequenciesLFA41NEFSCfallbase.
1975.1979.pdf Graphic file (type pdf)

<use /backup/bio_data/bio.lobster/figures/LengthFrequenciesLFA41NEFSCfallbase.1
975.1979.pdf>
Package pdftex.def Info: /backup/bio_data/bio.lobster/figures/LengthFrequencies
LFA41NEFSCfallbase.1975.1979.pdf used on input line 127.
(pdftex.def)             Requested size: 164.12186pt x 127.50256pt.

</backup/bio_data/bio.lobster/figures/LengthFrequenciesLFA41NEFSCfallbase.1995.
1999.pdf, id=424, 505.89pt x 505.89pt>
File: /backup/bio_data/bio.lobster/figures/LengthFrequenciesLFA41NEFSCfallbase.
1995.1999.pdf Graphic file (type pdf)

<use /backup/bio_data/bio.lobster/figures/LengthFrequenciesLFA41NEFSCfallbase.1
995.1999.pdf>
Package pdftex.def Info: /backup/bio_data/bio.lobster/figures/LengthFrequencies
LFA41NEFSCfallbase.1995.1999.pdf used on input line 128.
(pdftex.def)             Requested size: 164.12186pt x 127.50256pt.

</backup/bio_data/bio.lobster/figures/LengthFrequenciesLFA41NEFSCfallbase.2015.
2015.pdf, id=426, 505.89pt x 505.89pt>
File: /backup/bio_data/bio.lobster/figures/LengthFrequenciesLFA41NEFSCfallbase.
2015.2015.pdf Graphic file (type pdf)

<use /backup/bio_data/bio.lobster/figures/LengthFrequenciesLFA41NEFSCfallbase.2
015.2015.pdf>
Package pdftex.def Info: /backup/bio_data/bio.lobster/figures/LengthFrequencies
LFA41NEFSCfallbase.2015.2015.pdf used on input line 129.
(pdftex.def)             Requested size: 164.12186pt x 127.50256pt.

Overfull \hbox (48.7871pt too wide) in paragraph at lines 127--130
[][][][][][] 
 []


Underfull \hbox (badness 10000) in paragraph at lines 127--130

 []


</backup/bio_data/bio.lobster/figures/LengthFrequenciesLFA41NEFSCfallbase.1980.
1984.pdf, id=428, 505.89pt x 505.89pt>
File: /backup/bio_data/bio.lobster/figures/LengthFrequenciesLFA41NEFSCfallbase.
1980.1984.pdf Graphic file (type pdf)

<use /backup/bio_data/bio.lobster/figures/LengthFrequenciesLFA41NEFSCfallbase.1
980.1984.pdf>
Package pdftex.def Info: /backup/bio_data/bio.lobster/figures/LengthFrequencies
LFA41NEFSCfallbase.1980.1984.pdf used on input line 131.
(pdftex.def)             Requested size: 164.12186pt x 127.50256pt.

</backup/bio_data/bio.lobster/figures/LengthFrequenciesLFA41NEFSCfallbase.2000.
2004.pdf, id=430, 505.89pt x 505.89pt>
File: /backup/bio_data/bio.lobster/figures/LengthFrequenciesLFA41NEFSCfallbase.
2000.2004.pdf Graphic file (type pdf)

<use /backup/bio_data/bio.lobster/figures/LengthFrequenciesLFA41NEFSCfallbase.2
000.2004.pdf>
Package pdftex.def Info: /backup/bio_data/bio.lobster/figures/LengthFrequencies
LFA41NEFSCfallbase.2000.2004.pdf used on input line 132.
(pdftex.def)             Requested size: 164.12186pt x 127.50256pt.

</backup/bio_data/bio.lobster/figures/LengthFrequenciesLFA41NEFSCfallbase.1985.
1989.pdf, id=432, 505.89pt x 505.89pt>
File: /backup/bio_data/bio.lobster/figures/LengthFrequenciesLFA41NEFSCfallbase.
1985.1989.pdf Graphic file (type pdf)

<use /backup/bio_data/bio.lobster/figures/LengthFrequenciesLFA41NEFSCfallbase.1
985.1989.pdf>
Package pdftex.def Info: /backup/bio_data/bio.lobster/figures/LengthFrequencies
LFA41NEFSCfallbase.1985.1989.pdf used on input line 133.
(pdftex.def)             Requested size: 164.12186pt x 134.07498pt.

</backup/bio_data/bio.lobster/figures/LengthFrequenciesLFA41NEFSCfallbase.2005.
2009.pdf, id=434, 505.89pt x 505.89pt>
File: /backup/bio_data/bio.lobster/figures/LengthFrequenciesLFA41NEFSCfallbase.
2005.2009.pdf Graphic file (type pdf)

<use /backup/bio_data/bio.lobster/figures/LengthFrequenciesLFA41NEFSCfallbase.2
005.2009.pdf>
Package pdftex.def Info: /backup/bio_data/bio.lobster/figures/LengthFrequencies
LFA41NEFSCfallbase.2005.2009.pdf used on input line 134.
(pdftex.def)             Requested size: 164.12186pt x 134.07498pt.


LaTeX Warning: Float too large for page by 6.38559pt on input line 137.


Package Fancyhdr Warning: \headheight is too small (12.0pt): 
 Make it at least 13.59999pt.
 We now make it that large for the rest of the document.
 This may cause the page layout to be inconsistent, however.

[7 </backup/bio_data/bio.lobster/figures/LengthFrequenciesLFA41NEFSCfallbase.19
69.1974.pdf> </backup/bio_data/bio.lobster/figures/LengthFrequenciesLFA41NEFSCf
allbase.1990.1994.pdf> </backup/bio_data/bio.lobster/figures/LengthFrequenciesL
FA41NEFSCfallbase.2010.2014.pdf> </backup/bio_data/bio.lobster/figures/LengthFr
equenciesLFA41NEFSCfallbase.1975.1979.pdf> </backup/bio_data/bio.lobster/figure
s/LengthFrequenciesLFA41NEFSCfallbase.1995.1999.pdf> </backup/bio_data/bio.lobs
ter/figures/LengthFrequenciesLFA41NEFSCfallbase.2015.2015.pdf> </backup/bio_dat
a/bio.lobster/figures/LengthFrequenciesLFA41NEFSCfallbase.1980.1984.pdf> </back
up/bio_data/bio.lobster/figures/LengthFrequenciesLFA41NEFSCfallbase.2000.2004.p
df> </backup/bio_data/bio.lobster/figures/LengthFrequenciesLFA41NEFSCfallbase.1
985.1989.pdf> </backup/bio_data/bio.lobster/figures/LengthFrequenciesLFA41NEFSC
fallbase.2005.2009.pdf>]
</backup/bio_data/bio.lobster/figures/LengthFrequenciesLFA41NEFSCfallrestratifi
ed.1969.1974.pdf, id=513, 505.89pt x 505.89pt>
File: /backup/bio_data/bio.lobster/figures/LengthFrequenciesLFA41NEFSCfallrestr
atified.1969.1974.pdf Graphic file (type pdf)

<use /backup/bio_data/bio.lobster/figures/LengthFrequenciesLFA41NEFSCfallrestra
tified.1969.1974.pdf>
Package pdftex.def Info: /backup/bio_data/bio.lobster/figures/LengthFrequencies
LFA41NEFSCfallrestratified.1969.1974.pdf used on input line 141.
(pdftex.def)             Requested size: 164.12186pt x 127.50256pt.

</backup/bio_data/bio.lobster/figures/LengthFrequenciesLFA41NEFSCfallrestratifi
ed.1990.1994.pdf, id=515, 505.89pt x 505.89pt>
File: /backup/bio_data/bio.lobster/figures/LengthFrequenciesLFA41NEFSCfallrestr
atified.1990.1994.pdf Graphic file (type pdf)

<use /backup/bio_data/bio.lobster/figures/LengthFrequenciesLFA41NEFSCfallrestra
tified.1990.1994.pdf>
Package pdftex.def Info: /backup/bio_data/bio.lobster/figures/LengthFrequencies
LFA41NEFSCfallrestratified.1990.1994.pdf used on input line 142.
(pdftex.def)             Requested size: 164.12186pt x 127.50256pt.

</backup/bio_data/bio.lobster/figures/LengthFrequenciesLFA41NEFSCfallrestratifi
ed.2010.2014.pdf, id=517, 505.89pt x 505.89pt>
File: /backup/bio_data/bio.lobster/figures/LengthFrequenciesLFA41NEFSCfallrestr
atified.2010.2014.pdf Graphic file (type pdf)

<use /backup/bio_data/bio.lobster/figures/LengthFrequenciesLFA41NEFSCfallrestra
tified.2010.2014.pdf>
Package pdftex.def Info: /backup/bio_data/bio.lobster/figures/LengthFrequencies
LFA41NEFSCfallrestratified.2010.2014.pdf used on input line 143.
(pdftex.def)             Requested size: 164.12186pt x 127.50256pt.

Overfull \hbox (48.7871pt too wide) in paragraph at lines 141--144
[][][][][][] 
 []


Underfull \hbox (badness 10000) in paragraph at lines 141--144

 []


</backup/bio_data/bio.lobster/figures/LengthFrequenciesLFA41NEFSCfallrestratifi
ed.1975.1979.pdf, id=519, 505.89pt x 505.89pt>
File: /backup/bio_data/bio.lobster/figures/LengthFrequenciesLFA41NEFSCfallrestr
atified.1975.1979.pdf Graphic file (type pdf)

<use /backup/bio_data/bio.lobster/figures/LengthFrequenciesLFA41NEFSCfallrestra
tified.1975.1979.pdf>
Package pdftex.def Info: /backup/bio_data/bio.lobster/figures/LengthFrequencies
LFA41NEFSCfallrestratified.1975.1979.pdf used on input line 145.
(pdftex.def)             Requested size: 164.12186pt x 127.50256pt.

</backup/bio_data/bio.lobster/figures/LengthFrequenciesLFA41NEFSCfallrestratifi
ed.1995.1999.pdf, id=521, 505.89pt x 505.89pt>
File: /backup/bio_data/bio.lobster/figures/LengthFrequenciesLFA41NEFSCfallrestr
atified.1995.1999.pdf Graphic file (type pdf)

<use /backup/bio_data/bio.lobster/figures/LengthFrequenciesLFA41NEFSCfallrestra
tified.1995.1999.pdf>
Package pdftex.def Info: /backup/bio_data/bio.lobster/figures/LengthFrequencies
LFA41NEFSCfallrestratified.1995.1999.pdf used on input line 146.
(pdftex.def)             Requested size: 164.12186pt x 127.50256pt.

</backup/bio_data/bio.lobster/figures/LengthFrequenciesLFA41NEFSCfallrestratifi
ed.2015.2015.pdf, id=523, 505.89pt x 505.89pt>
File: /backup/bio_data/bio.lobster/figures/LengthFrequenciesLFA41NEFSCfallrestr
atified.2015.2015.pdf Graphic file (type pdf)

<use /backup/bio_data/bio.lobster/figures/LengthFrequenciesLFA41NEFSCfallrestra
tified.2015.2015.pdf>
Package pdftex.def Info: /backup/bio_data/bio.lobster/figures/LengthFrequencies
LFA41NEFSCfallrestratified.2015.2015.pdf used on input line 147.
(pdftex.def)             Requested size: 164.12186pt x 127.50256pt.

Overfull \hbox (48.7871pt too wide) in paragraph at lines 145--148
[][][][][][] 
 []


Underfull \hbox (badness 10000) in paragraph at lines 145--148

 []


</backup/bio_data/bio.lobster/figures/LengthFrequenciesLFA41NEFSCfallrestratifi
ed.1980.1984.pdf, id=525, 505.89pt x 505.89pt>
File: /backup/bio_data/bio.lobster/figures/LengthFrequenciesLFA41NEFSCfallrestr
atified.1980.1984.pdf Graphic file (type pdf)

<use /backup/bio_data/bio.lobster/figures/LengthFrequenciesLFA41NEFSCfallrestra
tified.1980.1984.pdf>
Package pdftex.def Info: /backup/bio_data/bio.lobster/figures/LengthFrequencies
LFA41NEFSCfallrestratified.1980.1984.pdf used on input line 149.
(pdftex.def)             Requested size: 164.12186pt x 127.50256pt.

</backup/bio_data/bio.lobster/figures/LengthFrequenciesLFA41NEFSCfallrestratifi
ed.2000.2004.pdf, id=527, 505.89pt x 505.89pt>
File: /backup/bio_data/bio.lobster/figures/LengthFrequenciesLFA41NEFSCfallrestr
atified.2000.2004.pdf Graphic file (type pdf)

<use /backup/bio_data/bio.lobster/figures/LengthFrequenciesLFA41NEFSCfallrestra
tified.2000.2004.pdf>
Package pdftex.def Info: /backup/bio_data/bio.lobster/figures/LengthFrequencies
LFA41NEFSCfallrestratified.2000.2004.pdf used on input line 150.
(pdftex.def)             Requested size: 164.12186pt x 127.50256pt.

</backup/bio_data/bio.lobster/figures/LengthFrequenciesLFA41NEFSCfallrestratifi
ed.1985.1989.pdf, id=529, 505.89pt x 505.89pt>
File: /backup/bio_data/bio.lobster/figures/LengthFrequenciesLFA41NEFSCfallrestr
atified.1985.1989.pdf Graphic file (type pdf)

<use /backup/bio_data/bio.lobster/figures/LengthFrequenciesLFA41NEFSCfallrestra
tified.1985.1989.pdf>
Package pdftex.def Info: /backup/bio_data/bio.lobster/figures/LengthFrequencies
LFA41NEFSCfallrestratified.1985.1989.pdf used on input line 151.
(pdftex.def)             Requested size: 164.12186pt x 134.07498pt.

</backup/bio_data/bio.lobster/figures/LengthFrequenciesLFA41NEFSCfallrestratifi
ed.2005.2009.pdf, id=531, 505.89pt x 505.89pt>
File: /backup/bio_data/bio.lobster/figures/LengthFrequenciesLFA41NEFSCfallrestr
atified.2005.2009.pdf Graphic file (type pdf)

<use /backup/bio_data/bio.lobster/figures/LengthFrequenciesLFA41NEFSCfallrestra
tified.2005.2009.pdf>
Package pdftex.def Info: /backup/bio_data/bio.lobster/figures/LengthFrequencies
LFA41NEFSCfallrestratified.2005.2009.pdf used on input line 152.
(pdftex.def)             Requested size: 164.12186pt x 134.07498pt.


LaTeX Warning: Float too large for page by 6.38559pt on input line 155.


Package Fancyhdr Warning: \headheight is too small (12.0pt): 
 Make it at least 13.59999pt.
 We now make it that large for the rest of the document.
 This may cause the page layout to be inconsistent, however.

[8 </backup/bio_data/bio.lobster/figures/LengthFrequenciesLFA41NEFSCfallrestrat
ified.1969.1974.pdf> </backup/bio_data/bio.lobster/figures/LengthFrequenciesLFA
41NEFSCfallrestratified.1990.1994.pdf> </backup/bio_data/bio.lobster/figures/Le
ngthFrequenciesLFA41NEFSCfallrestratified.2010.2014.pdf> </backup/bio_data/bio.
lobster/figures/LengthFrequenciesLFA41NEFSCfallrestratified.1975.1979.pdf> </ba
ckup/bio_data/bio.lobster/figures/LengthFrequenciesLFA41NEFSCfallrestratified.1
995.1999.pdf> </backup/bio_data/bio.lobster/figures/LengthFrequenciesLFA41NEFSC
fallrestratified.2015.2015.pdf> </backup/bio_data/bio.lobster/figures/LengthFre
quenciesLFA41NEFSCfallrestratified.1980.1984.pdf> </backup/bio_data/bio.lobster
/figures/LengthFrequenciesLFA41NEFSCfallrestratified.2000.2004.pdf> </backup/bi
o_data/bio.lobster/figures/LengthFrequenciesLFA41NEFSCfallrestratified.1985.198
9.pdf> </backup/bio_data/bio.lobster/figures/LengthFrequenciesLFA41NEFSCfallres
tratified.2005.2009.pdf>]
</backup/bio_data/bio.lobster/figures/LengthFrequenciesLFA41NEFSCfalladjrestrat
ified.1969.1974.pdf, id=609, 505.89pt x 505.89pt>
File: /backup/bio_data/bio.lobster/figures/LengthFrequenciesLFA41NEFSCfalladjre
stratified.1969.1974.pdf Graphic file (type pdf)

<use /backup/bio_data/bio.lobster/figures/LengthFrequenciesLFA41NEFSCfalladjres
tratified.1969.1974.pdf>
Package pdftex.def Info: /backup/bio_data/bio.lobster/figures/LengthFrequencies
LFA41NEFSCfalladjrestratified.1969.1974.pdf used on input line 160.
(pdftex.def)             Requested size: 164.12186pt x 127.50256pt.

</backup/bio_data/bio.lobster/figures/LengthFrequenciesLFA41NEFSCfalladjrestrat
ified.1990.1994.pdf, id=611, 505.89pt x 505.89pt>
File: /backup/bio_data/bio.lobster/figures/LengthFrequenciesLFA41NEFSCfalladjre
stratified.1990.1994.pdf Graphic file (type pdf)

<use /backup/bio_data/bio.lobster/figures/LengthFrequenciesLFA41NEFSCfalladjres
tratified.1990.1994.pdf>
Package pdftex.def Info: /backup/bio_data/bio.lobster/figures/LengthFrequencies
LFA41NEFSCfalladjrestratified.1990.1994.pdf used on input line 161.
(pdftex.def)             Requested size: 164.12186pt x 127.50256pt.

</backup/bio_data/bio.lobster/figures/LengthFrequenciesLFA41NEFSCfalladjrestrat
ified.2010.2014.pdf, id=613, 505.89pt x 505.89pt>
File: /backup/bio_data/bio.lobster/figures/LengthFrequenciesLFA41NEFSCfalladjre
stratified.2010.2014.pdf Graphic file (type pdf)

<use /backup/bio_data/bio.lobster/figures/LengthFrequenciesLFA41NEFSCfalladjres
tratified.2010.2014.pdf>
Package pdftex.def Info: /backup/bio_data/bio.lobster/figures/LengthFrequencies
LFA41NEFSCfalladjrestratified.2010.2014.pdf used on input line 162.
(pdftex.def)             Requested size: 164.12186pt x 127.50256pt.

Overfull \hbox (48.7871pt too wide) in paragraph at lines 160--163
[][][][][][] 
 []


Underfull \hbox (badness 10000) in paragraph at lines 160--163

 []


</backup/bio_data/bio.lobster/figures/LengthFrequenciesLFA41NEFSCfalladjrestrat
ified.1975.1979.pdf, id=615, 505.89pt x 505.89pt>
File: /backup/bio_data/bio.lobster/figures/LengthFrequenciesLFA41NEFSCfalladjre
stratified.1975.1979.pdf Graphic file (type pdf)

<use /backup/bio_data/bio.lobster/figures/LengthFrequenciesLFA41NEFSCfalladjres
tratified.1975.1979.pdf>
Package pdftex.def Info: /backup/bio_data/bio.lobster/figures/LengthFrequencies
LFA41NEFSCfalladjrestratified.1975.1979.pdf used on input line 164.
(pdftex.def)             Requested size: 164.12186pt x 127.50256pt.

</backup/bio_data/bio.lobster/figures/LengthFrequenciesLFA41NEFSCfalladjrestrat
ified.1995.1999.pdf, id=617, 505.89pt x 505.89pt>
File: /backup/bio_data/bio.lobster/figures/LengthFrequenciesLFA41NEFSCfalladjre
stratified.1995.1999.pdf Graphic file (type pdf)

<use /backup/bio_data/bio.lobster/figures/LengthFrequenciesLFA41NEFSCfalladjres
tratified.1995.1999.pdf>
Package pdftex.def Info: /backup/bio_data/bio.lobster/figures/LengthFrequencies
LFA41NEFSCfalladjrestratified.1995.1999.pdf used on input line 165.
(pdftex.def)             Requested size: 164.12186pt x 127.50256pt.

</backup/bio_data/bio.lobster/figures/LengthFrequenciesLFA41NEFSCfalladjrestrat
ified.2015.2015.pdf, id=619, 505.89pt x 505.89pt>
File: /backup/bio_data/bio.lobster/figures/LengthFrequenciesLFA41NEFSCfalladjre
stratified.2015.2015.pdf Graphic file (type pdf)

<use /backup/bio_data/bio.lobster/figures/LengthFrequenciesLFA41NEFSCfalladjres
tratified.2015.2015.pdf>
Package pdftex.def Info: /backup/bio_data/bio.lobster/figures/LengthFrequencies
LFA41NEFSCfalladjrestratified.2015.2015.pdf used on input line 166.
(pdftex.def)             Requested size: 164.12186pt x 127.50256pt.

Overfull \hbox (48.7871pt too wide) in paragraph at lines 164--167
[][][][][][] 
 []


Underfull \hbox (badness 10000) in paragraph at lines 164--167

 []


</backup/bio_data/bio.lobster/figures/LengthFrequenciesLFA41NEFSCfalladjrestrat
ified.1980.1984.pdf, id=621, 505.89pt x 505.89pt>
File: /backup/bio_data/bio.lobster/figures/LengthFrequenciesLFA41NEFSCfalladjre
stratified.1980.1984.pdf Graphic file (type pdf)

<use /backup/bio_data/bio.lobster/figures/LengthFrequenciesLFA41NEFSCfalladjres
tratified.1980.1984.pdf>
Package pdftex.def Info: /backup/bio_data/bio.lobster/figures/LengthFrequencies
LFA41NEFSCfalladjrestratified.1980.1984.pdf used on input line 168.
(pdftex.def)             Requested size: 164.12186pt x 127.50256pt.

</backup/bio_data/bio.lobster/figures/LengthFrequenciesLFA41NEFSCfalladjrestrat
ified.2000.2004.pdf, id=623, 505.89pt x 505.89pt>
File: /backup/bio_data/bio.lobster/figures/LengthFrequenciesLFA41NEFSCfalladjre
stratified.2000.2004.pdf Graphic file (type pdf)

<use /backup/bio_data/bio.lobster/figures/LengthFrequenciesLFA41NEFSCfalladjres
tratified.2000.2004.pdf>
Package pdftex.def Info: /backup/bio_data/bio.lobster/figures/LengthFrequencies
LFA41NEFSCfalladjrestratified.2000.2004.pdf used on input line 169.
(pdftex.def)             Requested size: 164.12186pt x 127.50256pt.

</backup/bio_data/bio.lobster/figures/LengthFrequenciesLFA41NEFSCfalladjrestrat
ified.1985.1989.pdf, id=625, 505.89pt x 505.89pt>
File: /backup/bio_data/bio.lobster/figures/LengthFrequenciesLFA41NEFSCfalladjre
stratified.1985.1989.pdf Graphic file (type pdf)

<use /backup/bio_data/bio.lobster/figures/LengthFrequenciesLFA41NEFSCfalladjres
tratified.1985.1989.pdf>
Package pdftex.def Info: /backup/bio_data/bio.lobster/figures/LengthFrequencies
LFA41NEFSCfalladjrestratified.1985.1989.pdf used on input line 170.
(pdftex.def)             Requested size: 164.12186pt x 134.07498pt.

</backup/bio_data/bio.lobster/figures/LengthFrequenciesLFA41NEFSCfalladjrestrat
ified.2005.2009.pdf, id=627, 505.89pt x 505.89pt>
File: /backup/bio_data/bio.lobster/figures/LengthFrequenciesLFA41NEFSCfalladjre
stratified.2005.2009.pdf Graphic file (type pdf)

<use /backup/bio_data/bio.lobster/figures/LengthFrequenciesLFA41NEFSCfalladjres
tratified.2005.2009.pdf>
Package pdftex.def Info: /backup/bio_data/bio.lobster/figures/LengthFrequencies
LFA41NEFSCfalladjrestratified.2005.2009.pdf used on input line 171.
(pdftex.def)             Requested size: 164.12186pt x 134.07498pt.


LaTeX Warning: Float too large for page by 6.38559pt on input line 174.


Package Fancyhdr Warning: \headheight is too small (12.0pt): 
 Make it at least 13.59999pt.
 We now make it that large for the rest of the document.
 This may cause the page layout to be inconsistent, however.

[9 </backup/bio_data/bio.lobster/figures/LengthFrequenciesLFA41NEFSCfalladjrest
ratified.1969.1974.pdf> </backup/bio_data/bio.lobster/figures/LengthFrequencies
LFA41NEFSCfalladjrestratified.1990.1994.pdf> </backup/bio_data/bio.lobster/figu
res/LengthFrequenciesLFA41NEFSCfalladjrestratified.2010.2014.pdf> </backup/bio_
data/bio.lobster/figures/LengthFrequenciesLFA41NEFSCfalladjrestratified.1975.19
79.pdf> </backup/bio_data/bio.lobster/figures/LengthFrequenciesLFA41NEFSCfallad
jrestratified.1995.1999.pdf> </backup/bio_data/bio.lobster/figures/LengthFreque
nciesLFA41NEFSCfalladjrestratified.2015.2015.pdf> </backup/bio_data/bio.lobster
/figures/LengthFrequenciesLFA41NEFSCfalladjrestratified.1980.1984.pdf> </backup
/bio_data/bio.lobster/figures/LengthFrequenciesLFA41NEFSCfalladjrestratified.20
00.2004.pdf> </backup/bio_data/bio.lobster/figures/LengthFrequenciesLFA41NEFSCf
alladjrestratified.1985.1989.pdf> </backup/bio_data/bio.lobster/figures/LengthF
requenciesLFA41NEFSCfalladjrestratified.2005.2009.pdf>]
</backup/bio_data/bio.lobster/figures/LengthFrequenciesLFA41dfogeorges.2007.201
4.pdf, id=704, 505.89pt x 505.89pt>
File: /backup/bio_data/bio.lobster/figures/LengthFrequenciesLFA41dfogeorges.200
7.2014.pdf Graphic file (type pdf)

<use /backup/bio_data/bio.lobster/figures/LengthFrequenciesLFA41dfogeorges.2007
.2014.pdf>
Package pdftex.def Info: /backup/bio_data/bio.lobster/figures/LengthFrequencies
LFA41dfogeorges.2007.2014.pdf used on input line 180.
(pdftex.def)             Requested size: 266.14978pt x 208.29431pt.

</backup/bio_data/bio.lobster/figures/LengthFrequenciesLFA41dfogeorges.2015.201
5.pdf, id=706, 505.89pt x 505.89pt>
File: /backup/bio_data/bio.lobster/figures/LengthFrequenciesLFA41dfogeorges.201
5.2015.pdf Graphic file (type pdf)

<use /backup/bio_data/bio.lobster/figures/LengthFrequenciesLFA41dfogeorges.2015
.2015.pdf>
Package pdftex.def Info: /backup/bio_data/bio.lobster/figures/LengthFrequencies
LFA41dfogeorges.2015.2015.pdf used on input line 181.
(pdftex.def)             Requested size: 266.14978pt x 217.43013pt.


Package Fancyhdr Warning: \headheight is too small (12.0pt): 
 Make it at least 13.59999pt.
 We now make it that large for the rest of the document.
 This may cause the page layout to be inconsistent, however.

[10 </backup/bio_data/bio.lobster/figures/LengthFrequenciesLFA41dfogeorges.2007
.2014.pdf> </backup/bio_data/bio.lobster/figures/LengthFrequenciesLFA41dfogeorg
es.2015.2015.pdf>]
</backup/bio_data/bio.lobster/figures/SW.Browns.Summer.1977.1982.pdf, id=727, 5
05.89pt x 505.89pt>
File: /backup/bio_data/bio.lobster/figures/SW.Browns.Summer.1977.1982.pdf Graph
ic file (type pdf)

<use /backup/bio_data/bio.lobster/figures/SW.Browns.Summer.1977.1982.pdf>
Package pdftex.def Info: /backup/bio_data/bio.lobster/figures/SW.Browns.Summer.
1977.1982.pdf used on input line 194.
(pdftex.def)             Requested size: 199.60895pt x 199.61208pt.

</backup/bio_data/bio.lobster/figures/SW.Browns.Summer.1983.1994.pdf, id=728, 5
05.89pt x 505.89pt>
File: /backup/bio_data/bio.lobster/figures/SW.Browns.Summer.1983.1994.pdf Graph
ic file (type pdf)

<use /backup/bio_data/bio.lobster/figures/SW.Browns.Summer.1983.1994.pdf>
Package pdftex.def Info: /backup/bio_data/bio.lobster/figures/SW.Browns.Summer.
1983.1994.pdf used on input line 195.
(pdftex.def)             Requested size: 199.60895pt x 199.61208pt.

</backup/bio_data/bio.lobster/figures/SW.Browns.Summer.1998.2003.pdf, id=729, 5
05.89pt x 505.89pt>
File: /backup/bio_data/bio.lobster/figures/SW.Browns.Summer.1998.2003.pdf Graph
ic file (type pdf)

<use /backup/bio_data/bio.lobster/figures/SW.Browns.Summer.1998.2003.pdf>
Package pdftex.def Info: /backup/bio_data/bio.lobster/figures/SW.Browns.Summer.
1998.2003.pdf used on input line 196.
(pdftex.def)             Requested size: 199.60895pt x 199.61208pt.

</backup/bio_data/bio.lobster/figures/SW.Browns.Summer.2004.2013.pdf, id=730, 5
05.89pt x 505.89pt>
File: /backup/bio_data/bio.lobster/figures/SW.Browns.Summer.2004.2013.pdf Graph
ic file (type pdf)

<use /backup/bio_data/bio.lobster/figures/SW.Browns.Summer.2004.2013.pdf>
Package pdftex.def Info: /backup/bio_data/bio.lobster/figures/SW.Browns.Summer.
2004.2013.pdf used on input line 197.
(pdftex.def)             Requested size: 199.60895pt x 199.61208pt.

</backup/bio_data/bio.lobster/figures/SW.Browns.Summer.2014.2014.pdf, id=731, 5
05.89pt x 505.89pt>
File: /backup/bio_data/bio.lobster/figures/SW.Browns.Summer.2014.2014.pdf Graph
ic file (type pdf)

<use /backup/bio_data/bio.lobster/figures/SW.Browns.Summer.2014.2014.pdf>
Package pdftex.def Info: /backup/bio_data/bio.lobster/figures/SW.Browns.Summer.
2014.2014.pdf used on input line 198.
(pdftex.def)             Requested size: 199.60895pt x 199.61208pt.

</backup/bio_data/bio.lobster/figures/SW.Browns.Autumn.1978.1993.pdf, id=732, 5
05.89pt x 505.89pt>
File: /backup/bio_data/bio.lobster/figures/SW.Browns.Autumn.1978.1993.pdf Graph
ic file (type pdf)

<use /backup/bio_data/bio.lobster/figures/SW.Browns.Autumn.1978.1993.pdf>
Package pdftex.def Info: /backup/bio_data/bio.lobster/figures/SW.Browns.Autumn.
1978.1993.pdf used on input line 206.
(pdftex.def)             Requested size: 199.60895pt x 199.61208pt.

</backup/bio_data/bio.lobster/figures/SW.Browns.Autumn.1998.2002.pdf, id=733, 5
05.89pt x 505.89pt>
File: /backup/bio_data/bio.lobster/figures/SW.Browns.Autumn.1998.2002.pdf Graph
ic file (type pdf)

<use /backup/bio_data/bio.lobster/figures/SW.Browns.Autumn.1998.2002.pdf>
Package pdftex.def Info: /backup/bio_data/bio.lobster/figures/SW.Browns.Autumn.
1998.2002.pdf used on input line 207.
(pdftex.def)             Requested size: 199.60895pt x 199.61208pt.

</backup/bio_data/bio.lobster/figures/SW.Browns.Autumn.2003.2008.pdf, id=734, 5
05.89pt x 505.89pt>
File: /backup/bio_data/bio.lobster/figures/SW.Browns.Autumn.2003.2008.pdf Graph
ic file (type pdf)

<use /backup/bio_data/bio.lobster/figures/SW.Browns.Autumn.2003.2008.pdf>
Package pdftex.def Info: /backup/bio_data/bio.lobster/figures/SW.Browns.Autumn.
2003.2008.pdf used on input line 208.
(pdftex.def)             Requested size: 199.60895pt x 199.61208pt.

</backup/bio_data/bio.lobster/figures/SW.Browns.Autumn.2009.2013.pdf, id=735, 5
05.89pt x 505.89pt>
File: /backup/bio_data/bio.lobster/figures/SW.Browns.Autumn.2009.2013.pdf Graph
ic file (type pdf)

<use /backup/bio_data/bio.lobster/figures/SW.Browns.Autumn.2009.2013.pdf>
Package pdftex.def Info: /backup/bio_data/bio.lobster/figures/SW.Browns.Autumn.
2009.2013.pdf used on input line 209.
(pdftex.def)             Requested size: 199.60895pt x 199.61208pt.

</backup/bio_data/bio.lobster/figures/SW.Browns.Autumn.2014.2014.pdf, id=736, 5
05.89pt x 505.89pt>
File: /backup/bio_data/bio.lobster/figures/SW.Browns.Autumn.2014.2014.pdf Graph
ic file (type pdf)

<use /backup/bio_data/bio.lobster/figures/SW.Browns.Autumn.2014.2014.pdf>
Package pdftex.def Info: /backup/bio_data/bio.lobster/figures/SW.Browns.Autumn.
2014.2014.pdf used on input line 210.
(pdftex.def)             Requested size: 199.60895pt x 199.61208pt.

</backup/bio_data/bio.lobster/figures/SE.Browns.Spring.1981.1999.pdf, id=737, 5
05.89pt x 505.89pt>
File: /backup/bio_data/bio.lobster/figures/SE.Browns.Spring.1981.1999.pdf Graph
ic file (type pdf)

<use /backup/bio_data/bio.lobster/figures/SE.Browns.Spring.1981.1999.pdf>
Package pdftex.def Info: /backup/bio_data/bio.lobster/figures/SE.Browns.Spring.
1981.1999.pdf used on input line 220.
(pdftex.def)             Requested size: 199.60895pt x 199.61208pt.

</backup/bio_data/bio.lobster/figures/SE.Browns.Spring.2000.2006.pdf, id=738, 5
05.89pt x 505.89pt>
File: /backup/bio_data/bio.lobster/figures/SE.Browns.Spring.2000.2006.pdf Graph
ic file (type pdf)

<use /backup/bio_data/bio.lobster/figures/SE.Browns.Spring.2000.2006.pdf>
Package pdftex.def Info: /backup/bio_data/bio.lobster/figures/SE.Browns.Spring.
2000.2006.pdf used on input line 221.
(pdftex.def)             Requested size: 199.60895pt x 199.61208pt.

</backup/bio_data/bio.lobster/figures/SE.Browns.Spring.2007.2014.pdf, id=739, 5
05.89pt x 505.89pt>
File: /backup/bio_data/bio.lobster/figures/SE.Browns.Spring.2007.2014.pdf Graph
ic file (type pdf)

<use /backup/bio_data/bio.lobster/figures/SE.Browns.Spring.2007.2014.pdf>
Package pdftex.def Info: /backup/bio_data/bio.lobster/figures/SE.Browns.Spring.
2007.2014.pdf used on input line 222.
(pdftex.def)             Requested size: 199.60895pt x 199.61208pt.

</backup/bio_data/bio.lobster/figures/SE.Browns.Spring.2015.2015.pdf, id=740, 5
05.89pt x 505.89pt>
File: /backup/bio_data/bio.lobster/figures/SE.Browns.Spring.2015.2015.pdf Graph
ic file (type pdf)

<use /backup/bio_data/bio.lobster/figures/SE.Browns.Spring.2015.2015.pdf>
Package pdftex.def Info: /backup/bio_data/bio.lobster/figures/SE.Browns.Spring.
2015.2015.pdf used on input line 223.
(pdftex.def)             Requested size: 199.60895pt x 199.61208pt.

</backup/bio_data/bio.lobster/figures/Georges.Basin.Summer.1977.2000.pdf, id=74
1, 505.89pt x 505.89pt>
File: /backup/bio_data/bio.lobster/figures/Georges.Basin.Summer.1977.2000.pdf G
raphic file (type pdf)

<use /backup/bio_data/bio.lobster/figures/Georges.Basin.Summer.1977.2000.pdf>
Package pdftex.def Info: /backup/bio_data/bio.lobster/figures/Georges.Basin.Sum
mer.1977.2000.pdf used on input line 232.
(pdftex.def)             Requested size: 199.60895pt x 199.61208pt.

</backup/bio_data/bio.lobster/figures/Georges.Basin.Summer.2001.2009.pdf, id=74
2, 505.89pt x 505.89pt>
File: /backup/bio_data/bio.lobster/figures/Georges.Basin.Summer.2001.2009.pdf G
raphic file (type pdf)

<use /backup/bio_data/bio.lobster/figures/Georges.Basin.Summer.2001.2009.pdf>
Package pdftex.def Info: /backup/bio_data/bio.lobster/figures/Georges.Basin.Sum
mer.2001.2009.pdf used on input line 233.
(pdftex.def)             Requested size: 199.60895pt x 199.61208pt.

</backup/bio_data/bio.lobster/figures/Georges.Basin.Summer.2010.2014.pdf, id=74
3, 505.89pt x 505.89pt>
File: /backup/bio_data/bio.lobster/figures/Georges.Basin.Summer.2010.2014.pdf G
raphic file (type pdf)

<use /backup/bio_data/bio.lobster/figures/Georges.Basin.Summer.2010.2014.pdf>
Package pdftex.def Info: /backup/bio_data/bio.lobster/figures/Georges.Basin.Sum
mer.2010.2014.pdf used on input line 234.
(pdftex.def)             Requested size: 199.60895pt x 199.61208pt.

</backup/bio_data/bio.lobster/figures/Georges.Basin.Summer.2015.2015.pdf, id=74
4, 505.89pt x 505.89pt>
File: /backup/bio_data/bio.lobster/figures/Georges.Basin.Summer.2015.2015.pdf G
raphic file (type pdf)

<use /backup/bio_data/bio.lobster/figures/Georges.Basin.Summer.2015.2015.pdf>
Package pdftex.def Info: /backup/bio_data/bio.lobster/figures/Georges.Basin.Sum
mer.2015.2015.pdf used on input line 235.
(pdftex.def)             Requested size: 199.60895pt x 199.61208pt.

</backup/bio_data/bio.lobster/figures/Georges.Basin.Spring.2001.2009.pdf, id=74
5, 505.89pt x 505.89pt>
File: /backup/bio_data/bio.lobster/figures/Georges.Basin.Spring.2001.2009.pdf G
raphic file (type pdf)

<use /backup/bio_data/bio.lobster/figures/Georges.Basin.Spring.2001.2009.pdf>
Package pdftex.def Info: /backup/bio_data/bio.lobster/figures/Georges.Basin.Spr
ing.2001.2009.pdf used on input line 244.
(pdftex.def)             Requested size: 199.60895pt x 199.61208pt.

</backup/bio_data/bio.lobster/figures/Georges.Basin.Spring.2010.2014.pdf, id=74
6, 505.89pt x 505.89pt>
File: /backup/bio_data/bio.lobster/figures/Georges.Basin.Spring.2010.2014.pdf G
raphic file (type pdf)

<use /backup/bio_data/bio.lobster/figures/Georges.Basin.Spring.2010.2014.pdf>
Package pdftex.def Info: /backup/bio_data/bio.lobster/figures/Georges.Basin.Spr
ing.2010.2014.pdf used on input line 245.
(pdftex.def)             Requested size: 199.60895pt x 199.61208pt.

</backup/bio_data/bio.lobster/figures/Georges.Basin.Spring.2015.2015.pdf, id=74
7, 505.89pt x 505.89pt>
File: /backup/bio_data/bio.lobster/figures/Georges.Basin.Spring.2015.2015.pdf G
raphic file (type pdf)

<use /backup/bio_data/bio.lobster/figures/Georges.Basin.Spring.2015.2015.pdf>
Package pdftex.def Info: /backup/bio_data/bio.lobster/figures/Georges.Basin.Spr
ing.2015.2015.pdf used on input line 246.
(pdftex.def)             Requested size: 199.60895pt x 199.61208pt.

</backup/bio_data/bio.lobster/figures/Georges.Bank.Summer.1977.1989.pdf, id=748
, 505.89pt x 505.89pt>
File: /backup/bio_data/bio.lobster/figures/Georges.Bank.Summer.1977.1989.pdf Gr
aphic file (type pdf)

<use /backup/bio_data/bio.lobster/figures/Georges.Bank.Summer.1977.1989.pdf>
Package pdftex.def Info: /backup/bio_data/bio.lobster/figures/Georges.Bank.Summ
er.1977.1989.pdf used on input line 255.
(pdftex.def)             Requested size: 199.60895pt x 199.61208pt.

</backup/bio_data/bio.lobster/figures/Georges.Bank.Summer.1991.2001.pdf, id=749
, 505.89pt x 505.89pt>
File: /backup/bio_data/bio.lobster/figures/Georges.Bank.Summer.1991.2001.pdf Gr
aphic file (type pdf)

<use /backup/bio_data/bio.lobster/figures/Georges.Bank.Summer.1991.2001.pdf>
Package pdftex.def Info: /backup/bio_data/bio.lobster/figures/Georges.Bank.Summ
er.1991.2001.pdf used on input line 256.
(pdftex.def)             Requested size: 199.60895pt x 199.61208pt.

</backup/bio_data/bio.lobster/figures/Georges.Bank.Summer.2002.2009.pdf, id=750
, 505.89pt x 505.89pt>
File: /backup/bio_data/bio.lobster/figures/Georges.Bank.Summer.2002.2009.pdf Gr
aphic file (type pdf)

<use /backup/bio_data/bio.lobster/figures/Georges.Bank.Summer.2002.2009.pdf>
Package pdftex.def Info: /backup/bio_data/bio.lobster/figures/Georges.Bank.Summ
er.2002.2009.pdf used on input line 257.
(pdftex.def)             Requested size: 199.60895pt x 199.61208pt.

</backup/bio_data/bio.lobster/figures/Georges.Bank.Summer.2010.2014.pdf, id=751
, 505.89pt x 505.89pt>
File: /backup/bio_data/bio.lobster/figures/Georges.Bank.Summer.2010.2014.pdf Gr
aphic file (type pdf)

<use /backup/bio_data/bio.lobster/figures/Georges.Bank.Summer.2010.2014.pdf>
Package pdftex.def Info: /backup/bio_data/bio.lobster/figures/Georges.Bank.Summ
er.2010.2014.pdf used on input line 258.
(pdftex.def)             Requested size: 199.60895pt x 199.61208pt.

</backup/bio_data/bio.lobster/figures/Georges.Bank.Summer.2015.2015.pdf, id=752
, 505.89pt x 505.89pt>
File: /backup/bio_data/bio.lobster/figures/Georges.Bank.Summer.2015.2015.pdf Gr
aphic file (type pdf)

<use /backup/bio_data/bio.lobster/figures/Georges.Bank.Summer.2015.2015.pdf>
Package pdftex.def Info: /backup/bio_data/bio.lobster/figures/Georges.Bank.Summ
er.2015.2015.pdf used on input line 259.
(pdftex.def)             Requested size: 199.60895pt x 199.61208pt.
Package atveryend Info: Empty hook `BeforeClearDocument' on input line 263.


Package Fancyhdr Warning: \headheight is too small (12.0pt): 
 Make it at least 13.59999pt.
 We now make it that large for the rest of the document.
 This may cause the page layout to be inconsistent, however.

[11 </backup/bio_data/bio.lobster/figures/SW.Browns.Summer.1977.1982.pdf> </bac
kup/bio_data/bio.lobster/figures/SW.Browns.Summer.1983.1994.pdf> </backup/bio_d
ata/bio.lobster/figures/SW.Browns.Summer.1998.2003.pdf> </backup/bio_data/bio.l
obster/figures/SW.Browns.Summer.2004.2013.pdf> </backup/bio_data/bio.lobster/fi
gures/SW.Browns.Summer.2014.2014.pdf>]

Package Fancyhdr Warning: \headheight is too small (12.0pt): 
 Make it at least 13.59999pt.
 We now make it that large for the rest of the document.
 This may cause the page layout to be inconsistent, however.

[12 </backup/bio_data/bio.lobster/figures/SW.Browns.Autumn.1978.1993.pdf> </bac
kup/bio_data/bio.lobster/figures/SW.Browns.Autumn.1998.2002.pdf> </backup/bio_d
ata/bio.lobster/figures/SW.Browns.Autumn.2003.2008.pdf> </backup/bio_data/bio.l
obster/figures/SW.Browns.Autumn.2009.2013.pdf> </backup/bio_data/bio.lobster/fi
gures/SW.Browns.Autumn.2014.2014.pdf>]

Package Fancyhdr Warning: \headheight is too small (12.0pt): 
 Make it at least 13.59999pt.
 We now make it that large for the rest of the document.
 This may cause the page layout to be inconsistent, however.

[13 </backup/bio_data/bio.lobster/figures/SE.Browns.Spring.1981.1999.pdf> </bac
kup/bio_data/bio.lobster/figures/SE.Browns.Spring.2000.2006.pdf> </backup/bio_d
ata/bio.lobster/figures/SE.Browns.Spring.2007.2014.pdf> </backup/bio_data/bio.l
obster/figures/SE.Browns.Spring.2015.2015.pdf>]

Package Fancyhdr Warning: \headheight is too small (12.0pt): 
 Make it at least 13.59999pt.
 We now make it that large for the rest of the document.
 This may cause the page layout to be inconsistent, however.

[14 </backup/bio_data/bio.lobster/figures/Georges.Basin.Summer.1977.2000.pdf> <
/backup/bio_data/bio.lobster/figures/Georges.Basin.Summer.2001.2009.pdf> </back
up/bio_data/bio.lobster/figures/Georges.Basin.Summer.2010.2014.pdf> </backup/bi
o_data/bio.lobster/figures/Georges.Basin.Summer.2015.2015.pdf>]

Package Fancyhdr Warning: \headheight is too small (12.0pt): 
 Make it at least 13.59999pt.
 We now make it that large for the rest of the document.
 This may cause the page layout to be inconsistent, however.

[15 </backup/bio_data/bio.lobster/figures/Georges.Basin.Spring.2001.2009.pdf> <
/backup/bio_data/bio.lobster/figures/Georges.Basin.Spring.2010.2014.pdf> </back
up/bio_data/bio.lobster/figures/Georges.Basin.Spring.2015.2015.pdf>]

Package Fancyhdr Warning: \headheight is too small (12.0pt): 
 Make it at least 13.59999pt.
 We now make it that large for the rest of the document.
 This may cause the page layout to be inconsistent, however.

[16 </backup/bio_data/bio.lobster/figures/Georges.Bank.Summer.1977.1989.pdf> </
backup/bio_data/bio.lobster/figures/Georges.Bank.Summer.1991.2001.pdf> </backup
/bio_data/bio.lobster/figures/Georges.Bank.Summer.2002.2009.pdf> </backup/bio_d
ata/bio.lobster/figures/Georges.Bank.Summer.2010.2014.pdf> </backup/bio_data/bi
o.lobster/figures/Georges.Bank.Summer.2015.2015.pdf>]
Package atveryend Info: Empty hook `AfterLastShipout' on input line 263.
 (./LFA41Appendix2.aux)
Package atveryend Info: Executing hook `AtVeryEndDocument' on input line 263.
Package atveryend Info: Executing hook `AtEndAfterFileList' on input line 263.
Package rerunfilecheck Info: File `LFA41Appendix2.out' has not changed.
(rerunfilecheck)             Checksum: D41D8CD98F00B204E9800998ECF8427E;0.
 ) 
Here is how much of TeX's memory you used:
 14541 strings out of 493013
 254961 string characters out of 6139318
 305084 words of memory out of 5000000
 17738 multiletter control sequences out of 15000+600000
 4561 words of font info for 17 fonts, out of 8000000 for 9000
 1141 hyphenation exceptions out of 8191
 44i,10n,77p,1042b,466s stack positions out of 5000i,500n,10000p,200000b,80000s
</usr/share/texmf-dist/fonts/type1/public/amsfonts/cm/cmbx10.pfb></usr/share/
texmf-dist/fonts/type1/public/amsfonts/cm/cmr10.pfb>
Output written on LFA41Appendix2.pdf (16 pages, 481318 bytes).
PDF statistics:
 948 PDF objects out of 1000 (max. 8388607)
 647 compressed objects within 7 object streams
 106 named destinations out of 1000 (max. 500000)
 945 words of extra memory for PDF output out of 10000 (max. 10000000)

