This is pdfTeX, Version 3.14159265-2.6-1.40.19 (TeX Live 2019/dev/Debian) (preloaded format=pdflatex 2020.7.6)  4 DEC 2020 13:48
entering extended mode
 restricted \write18 enabled.
 %&-line parsing enabled.
**ATIPResultsDec2020.tex
(./ATIPResultsDec2020.tex
LaTeX2e <2018-12-01>
(/usr/share/texlive/texmf-dist/tex/latex/base/article.cls
Document Class: article 2018/09/03 v1.4i Standard LaTeX document class
(/usr/share/texlive/texmf-dist/tex/latex/base/size11.clo
File: size11.clo 2018/09/03 v1.4i Standard LaTeX file (size option)
)
\c@part=\count80
\c@section=\count81
\c@subsection=\count82
\c@subsubsection=\count83
\c@paragraph=\count84
\c@subparagraph=\count85
\c@figure=\count86
\c@table=\count87
\abovecaptionskip=\skip41
\belowcaptionskip=\skip42
\bibindent=\dimen102
)
(/usr/share/texlive/texmf-dist/tex/latex/graphics/graphicx.sty
Package: graphicx 2017/06/01 v1.1a Enhanced LaTeX Graphics (DPC,SPQR)

(/usr/share/texlive/texmf-dist/tex/latex/graphics/keyval.sty
Package: keyval 2014/10/28 v1.15 key=value parser (DPC)
\KV@toks@=\toks14
)
(/usr/share/texlive/texmf-dist/tex/latex/graphics/graphics.sty
Package: graphics 2017/06/25 v1.2c Standard LaTeX Graphics (DPC,SPQR)

(/usr/share/texlive/texmf-dist/tex/latex/graphics/trig.sty
Package: trig 2016/01/03 v1.10 sin cos tan (DPC)
)
(/usr/share/texlive/texmf-dist/tex/latex/graphics-cfg/graphics.cfg
File: graphics.cfg 2016/06/04 v1.11 sample graphics configuration
)
Package graphics Info: Driver file: pdftex.def on input line 99.

(/usr/share/texlive/texmf-dist/tex/latex/graphics-def/pdftex.def
File: pdftex.def 2018/01/08 v1.0l Graphics/color driver for pdftex
))
\Gin@req@height=\dimen103
\Gin@req@width=\dimen104
)
(/usr/share/texlive/texmf-dist/tex/latex/subfig/subfig.sty
Package: subfig 2005/06/28 ver: 1.3 subfig package

(/usr/share/texlive/texmf-dist/tex/latex/caption/caption.sty
Package: caption 2018/10/06 v3.3-154 Customizing captions (AR)

(/usr/share/texlive/texmf-dist/tex/latex/caption/caption3.sty
Package: caption3 2018/09/12 v1.8c caption3 kernel (AR)
Package caption3 Info: TeX engine: e-TeX on input line 64.
\captionmargin=\dimen105
\captionmargin@=\dimen106
\captionwidth=\dimen107
\caption@tempdima=\dimen108
\caption@indent=\dimen109
\caption@parindent=\dimen110
\caption@hangindent=\dimen111
)
\c@caption@flags=\count88
\c@ContinuedFloat=\count89
)
\c@KVtest=\count90
\sf@farskip=\skip43
\sf@captopadj=\dimen112
\sf@capskip=\skip44
\sf@nearskip=\skip45
\c@subfigure=\count91
\c@subfigure@save=\count92
\c@lofdepth=\count93
\c@subtable=\count94
\c@subtable@save=\count95
\c@lotdepth=\count96
\sf@top=\skip46
\sf@bottom=\skip47
)
(/usr/share/texlive/texmf-dist/tex/latex/pdfcomment/pdfcomment.sty
Package: pdfcomment 2018/11/01 pdfcomment.sty v2.4a - Josef Kleber (C) 2008-201
2, 2015-2016, 2018

(/usr/share/texlive/texmf-dist/tex/latex/xkeyval/xkeyval.sty
Package: xkeyval 2014/12/03 v2.7a package option processing (HA)

(/usr/share/texlive/texmf-dist/tex/generic/xkeyval/xkeyval.tex
(/usr/share/texlive/texmf-dist/tex/generic/xkeyval/xkvutils.tex
\XKV@toks=\toks15
\XKV@tempa@toks=\toks16
)
\XKV@depth=\count97
File: xkeyval.tex 2014/12/03 v2.7a key=value parser (HA)
))
\c@pc@count@i=\count98
\c@pc@count@ii=\count99
\c@pc@count@iii=\count100
\c@pc@count@iv=\count101
\pc@mathannot@box=\box27
\pc@nullbox=\box28
\pc@dima=\skip48
\pc@dimb=\skip49
\pc@Sposx=\skip50
\pc@Sposy=\skip51
\pc@Eposx=\skip52
\pc@Eposy=\skip53
\pc@column=\skip54
\pc@box@width=\skip55
\pc@box@height=\skip56
\pc@box@depth=\skip57

(/usr/share/texlive/texmf-dist/tex/latex/etoolbox/etoolbox.sty
Package: etoolbox 2018/08/19 v2.5f e-TeX tools for LaTeX (JAW)
\etb@tempcnta=\count102
)
(/usr/share/texlive/texmf-dist/tex/latex/datetime2/datetime2.sty
Package: datetime2 2018/07/20 v1.5.3 (NLCT) date and time formats

(/usr/share/texlive/texmf-dist/tex/latex/tracklang/tracklang.sty
Package: tracklang 2018/05/13 v1.3.6 (NLCT) Track Languages

(/usr/share/texlive/texmf-dist/tex/generic/tracklang/tracklang.tex)))
(/usr/share/texlive/texmf-dist/tex/latex/oberdiek/zref-savepos.sty
Package: zref-savepos 2018/11/21 v2.27 Module savepos for zref (HO)

(/usr/share/texlive/texmf-dist/tex/latex/oberdiek/zref-base.sty
Package: zref-base 2018/11/21 v2.27 Module base for zref (HO)

(/usr/share/texlive/texmf-dist/tex/generic/oberdiek/ltxcmds.sty
Package: ltxcmds 2016/05/16 v1.23 LaTeX kernel commands for general use (HO)
)
(/usr/share/texlive/texmf-dist/tex/generic/oberdiek/infwarerr.sty
Package: infwarerr 2016/05/16 v1.4 Providing info/warning/error messages (HO)
)
(/usr/share/texlive/texmf-dist/tex/generic/oberdiek/kvsetkeys.sty
Package: kvsetkeys 2016/05/16 v1.17 Key value parser (HO)

(/usr/share/texlive/texmf-dist/tex/generic/oberdiek/etexcmds.sty
Package: etexcmds 2016/05/16 v1.6 Avoid name clashes with e-TeX commands (HO)

(/usr/share/texlive/texmf-dist/tex/generic/oberdiek/ifluatex.sty
Package: ifluatex 2016/05/16 v1.4 Provides the ifluatex switch (HO)
Package ifluatex Info: LuaTeX not detected.
)))
(/usr/share/texlive/texmf-dist/tex/generic/oberdiek/kvdefinekeys.sty
Package: kvdefinekeys 2016/05/16 v1.4 Define keys (HO)
)
(/usr/share/texlive/texmf-dist/tex/generic/oberdiek/pdftexcmds.sty
Package: pdftexcmds 2018/09/10 v0.29 Utility functions of pdfTeX for LuaTeX (HO
)

(/usr/share/texlive/texmf-dist/tex/generic/oberdiek/ifpdf.sty
Package: ifpdf 2018/09/07 v3.3 Provides the ifpdf switch
)
Package pdftexcmds Info: LuaTeX not detected.
Package pdftexcmds Info: \pdf@primitive is available.
Package pdftexcmds Info: \pdf@ifprimitive is available.
Package pdftexcmds Info: \pdfdraftmode found.
)
(/usr/share/texlive/texmf-dist/tex/latex/oberdiek/auxhook.sty
Package: auxhook 2016/05/16 v1.4 Hooks for auxiliary files (HO)
)
Package zref Info: New property list: main on input line 759.
Package zref Info: New property: default on input line 760.
Package zref Info: New property: page on input line 761.
)
Package zref Info: New property list: savepos on input line 80.
Package zref Info: New property: posx on input line 81.
Package zref Info: New property: posy on input line 82.
)
\c@zref@unique=\count103

(/usr/share/texlive/texmf-dist/tex/latex/oberdiek/refcount.sty
Package: refcount 2016/05/16 v3.5 Data extraction from label references (HO)
)
(/usr/share/texlive/texmf-dist/tex/latex/base/ifthen.sty
Package: ifthen 2014/09/29 v1.1c Standard LaTeX ifthen package (DPC)
)
(/usr/share/texlive/texmf-dist/tex/latex/tools/calc.sty
Package: calc 2017/05/25 v4.3 Infix arithmetic (KKT,FJ)
\calc@Acount=\count104
\calc@Bcount=\count105
\calc@Adimen=\dimen113
\calc@Bdimen=\dimen114
\calc@Askip=\skip58
\calc@Bskip=\skip59
LaTeX Info: Redefining \setlength on input line 80.
LaTeX Info: Redefining \addtolength on input line 81.
\calc@Ccount=\count106
\calc@Cskip=\skip60
)
(/usr/share/texlive/texmf-dist/tex/latex/marginnote/marginnote.sty
Package: marginnote 2018/08/09 v1.4b non floating margin notes for LaTeX
\c@mn@abspage=\count107
)
(/usr/share/texlive/texmf-dist/tex/latex/bezos/soulpos.sty
Package: soulpos 2012/02/25 v1.1 Fancy underlining
\ulp@subcnt=\count108
\ulp@cnt=\count109
\ulp@out=\write3
\ulp@in=\read1
\ulwidth=\dimen115
)
(/usr/share/texlive/texmf-dist/tex/latex/hyperref/hyperref.sty
Package: hyperref 2018/11/30 v6.88e Hypertext links for LaTeX

(/usr/share/texlive/texmf-dist/tex/generic/oberdiek/hobsub-hyperref.sty
Package: hobsub-hyperref 2016/05/16 v1.14 Bundle oberdiek, subset hyperref (HO)


(/usr/share/texlive/texmf-dist/tex/generic/oberdiek/hobsub-generic.sty
Package: hobsub-generic 2016/05/16 v1.14 Bundle oberdiek, subset generic (HO)
Package: hobsub 2016/05/16 v1.14 Construct package bundles (HO)
Package hobsub Info: Skipping package `infwarerr' (already loaded).
Package hobsub Info: Skipping package `ltxcmds' (already loaded).
Package hobsub Info: Skipping package `ifluatex' (already loaded).
Package: ifvtex 2016/05/16 v1.6 Detect VTeX and its facilities (HO)
Package ifvtex Info: VTeX not detected.
Package: intcalc 2016/05/16 v1.2 Expandable calculations with integers (HO)
Package hobsub Info: Skipping package `ifpdf' (already loaded).
Package hobsub Info: Skipping package `etexcmds' (already loaded).
Package hobsub Info: Skipping package `kvsetkeys' (already loaded).
Package hobsub Info: Skipping package `kvdefinekeys' (already loaded).
Package hobsub Info: Skipping package `pdftexcmds' (already loaded).
Package: pdfescape 2016/05/16 v1.14 Implements pdfTeX's escape features (HO)
Package: bigintcalc 2016/05/16 v1.4 Expandable calculations on big integers (HO
)
Package: bitset 2016/05/16 v1.2 Handle bit-vector datatype (HO)
Package: uniquecounter 2016/05/16 v1.3 Provide unlimited unique counter (HO)
)
Package hobsub Info: Skipping package `hobsub' (already loaded).
Package: letltxmacro 2016/05/16 v1.5 Let assignment for LaTeX macros (HO)
Package: hopatch 2016/05/16 v1.3 Wrapper for package hooks (HO)
Package: xcolor-patch 2016/05/16 xcolor patch
Package: atveryend 2016/05/16 v1.9 Hooks at the very end of document (HO)
Package: atbegshi 2016/06/09 v1.18 At begin shipout hook (HO)
Package hobsub Info: Skipping package `refcount' (already loaded).
Package: hycolor 2016/05/16 v1.8 Color options for hyperref/bookmark (HO)
)
(/usr/share/texlive/texmf-dist/tex/generic/ifxetex/ifxetex.sty
Package: ifxetex 2010/09/12 v0.6 Provides ifxetex conditional
)
(/usr/share/texlive/texmf-dist/tex/latex/oberdiek/kvoptions.sty
Package: kvoptions 2016/05/16 v3.12 Key value format for package options (HO)
)
\@linkdim=\dimen116
\Hy@linkcounter=\count110
\Hy@pagecounter=\count111

(/usr/share/texlive/texmf-dist/tex/latex/hyperref/pd1enc.def
File: pd1enc.def 2018/11/30 v6.88e Hyperref: PDFDocEncoding definition (HO)
Now handling font encoding PD1 ...
... no UTF-8 mapping file for font encoding PD1
)
\Hy@SavedSpaceFactor=\count112

(/usr/share/texlive/texmf-dist/tex/latex/latexconfig/hyperref.cfg
File: hyperref.cfg 2002/06/06 v1.2 hyperref configuration of TeXLive
)
Package hyperref Info: Option `unicode' set `true' on input line 4393.

(/usr/share/texlive/texmf-dist/tex/latex/hyperref/puenc.def
File: puenc.def 2018/11/30 v6.88e Hyperref: PDF Unicode definition (HO)
Now handling font encoding PU ...
... no UTF-8 mapping file for font encoding PU
)
(/usr/share/texlive/texmf-dist/tex/generic/oberdiek/stringenc.sty
Package: stringenc 2016/05/16 v1.11 Convert strings between diff. encodings (HO
)
)
Package hyperref Info: Hyper figures OFF on input line 4519.
Package hyperref Info: Link nesting OFF on input line 4524.
Package hyperref Info: Hyper index ON on input line 4527.
Package hyperref Info: Plain pages OFF on input line 4534.
Package hyperref Info: Backreferencing OFF on input line 4539.
Package hyperref Info: Implicit mode ON; LaTeX internals redefined.
Package hyperref Info: Bookmarks ON on input line 4772.
\c@Hy@tempcnt=\count113

(/usr/share/texlive/texmf-dist/tex/latex/url/url.sty
\Urlmuskip=\muskip10
Package: url 2013/09/16  ver 3.4  Verb mode for urls, etc.
)
LaTeX Info: Redefining \url on input line 5125.
\XeTeXLinkMargin=\dimen117
\Fld@menulength=\count114
\Field@Width=\dimen118
\Fld@charsize=\dimen119
Package hyperref Info: Hyper figures OFF on input line 6380.
Package hyperref Info: Link nesting OFF on input line 6385.
Package hyperref Info: Hyper index ON on input line 6388.
Package hyperref Info: backreferencing OFF on input line 6395.
Package hyperref Info: Link coloring OFF on input line 6400.
Package hyperref Info: Link coloring with OCG OFF on input line 6405.
Package hyperref Info: PDF/A mode OFF on input line 6410.
LaTeX Info: Redefining \ref on input line 6450.
LaTeX Info: Redefining \pageref on input line 6454.
\Hy@abspage=\count115
\c@Item=\count116
\c@Hfootnote=\count117
)
Package hyperref Info: Driver: hpdftex.

(/usr/share/texlive/texmf-dist/tex/latex/hyperref/hpdftex.def
File: hpdftex.def 2018/11/30 v6.88e Hyperref driver for pdfTeX
\Fld@listcount=\count118
\c@bookmark@seq@number=\count119

(/usr/share/texlive/texmf-dist/tex/latex/oberdiek/rerunfilecheck.sty
Package: rerunfilecheck 2016/05/16 v1.8 Rerun checks for auxiliary files (HO)
Package uniquecounter Info: New unique counter `rerunfilecheck' on input line 2
82.
)
\Hy@SectionHShift=\skip61
)
Package zref Info: New property list: pdfcomment on input line 2735.
Package zref Info: New property: PCPDFOBJID on input line 2736.
)
(/usr/share/texlive/texmf-dist/tex/latex/amsmath/amsmath.sty
Package: amsmath 2018/12/01 v2.17b AMS math features
\@mathmargin=\skip62

For additional information on amsmath, use the `?' option.
(/usr/share/texlive/texmf-dist/tex/latex/amsmath/amstext.sty
Package: amstext 2000/06/29 v2.01 AMS text

(/usr/share/texlive/texmf-dist/tex/latex/amsmath/amsgen.sty
File: amsgen.sty 1999/11/30 v2.0 generic functions
\@emptytoks=\toks17
\ex@=\dimen120
))
(/usr/share/texlive/texmf-dist/tex/latex/amsmath/amsbsy.sty
Package: amsbsy 1999/11/29 v1.2d Bold Symbols
\pmbraise@=\dimen121
)
(/usr/share/texlive/texmf-dist/tex/latex/amsmath/amsopn.sty
Package: amsopn 2016/03/08 v2.02 operator names
)
\inf@bad=\count120
LaTeX Info: Redefining \frac on input line 223.
\uproot@=\count121
\leftroot@=\count122
LaTeX Info: Redefining \overline on input line 385.
\classnum@=\count123
\DOTSCASE@=\count124
LaTeX Info: Redefining \ldots on input line 482.
LaTeX Info: Redefining \dots on input line 485.
LaTeX Info: Redefining \cdots on input line 606.
\Mathstrutbox@=\box29
\strutbox@=\box30
\big@size=\dimen122
LaTeX Font Info:    Redeclaring font encoding OML on input line 729.
LaTeX Font Info:    Redeclaring font encoding OMS on input line 730.
\macc@depth=\count125
\c@MaxMatrixCols=\count126
\dotsspace@=\muskip11
\c@parentequation=\count127
\dspbrk@lvl=\count128
\tag@help=\toks18
\row@=\count129
\column@=\count130
\maxfields@=\count131
\andhelp@=\toks19
\eqnshift@=\dimen123
\alignsep@=\dimen124
\tagshift@=\dimen125
\tagwidth@=\dimen126
\totwidth@=\dimen127
\lineht@=\dimen128
\@envbody=\toks20
\multlinegap=\skip63
\multlinetaggap=\skip64
\mathdisplay@stack=\toks21
LaTeX Info: Redefining \[ on input line 2844.
LaTeX Info: Redefining \] on input line 2845.
)
(/usr/share/texlive/texmf-dist/tex/latex/graphics/lscape.sty
Package: lscape 2000/10/22 v3.01 Landscape Pages (DPC)
)
(/usr/share/texlive/texmf-dist/tex/latex/geometry/geometry.sty
Package: geometry 2018/04/16 v5.8 Page Geometry
\Gm@cnth=\count132
\Gm@cntv=\count133
\c@Gm@tempcnt=\count134
\Gm@bindingoffset=\dimen129
\Gm@wd@mp=\dimen130
\Gm@odd@mp=\dimen131
\Gm@even@mp=\dimen132
\Gm@layoutwidth=\dimen133
\Gm@layoutheight=\dimen134
\Gm@layouthoffset=\dimen135
\Gm@layoutvoffset=\dimen136
\Gm@dimlist=\toks22
)
(/usr/share/texlive/texmf-dist/tex/latex/fancyhdr/fancyhdr.sty
Package: fancyhdr 2019/01/31 v3.10 Extensive control of page headers and footer
s
\f@nch@headwidth=\skip65
\f@nch@O@elh=\skip66
\f@nch@O@erh=\skip67
\f@nch@O@olh=\skip68
\f@nch@O@orh=\skip69
\f@nch@O@elf=\skip70
\f@nch@O@erf=\skip71
\f@nch@O@olf=\skip72
\f@nch@O@orf=\skip73
)
(./ATIPResultsDec2020.aux)
\openout1 = `ATIPResultsDec2020.aux'.

LaTeX Font Info:    Checking defaults for OML/cmm/m/it on input line 24.
LaTeX Font Info:    ... okay on input line 24.
LaTeX Font Info:    Checking defaults for T1/cmr/m/n on input line 24.
LaTeX Font Info:    ... okay on input line 24.
LaTeX Font Info:    Checking defaults for OT1/cmr/m/n on input line 24.
LaTeX Font Info:    ... okay on input line 24.
LaTeX Font Info:    Checking defaults for OMS/cmsy/m/n on input line 24.
LaTeX Font Info:    ... okay on input line 24.
LaTeX Font Info:    Checking defaults for OMX/cmex/m/n on input line 24.
LaTeX Font Info:    ... okay on input line 24.
LaTeX Font Info:    Checking defaults for U/cmr/m/n on input line 24.
LaTeX Font Info:    ... okay on input line 24.
LaTeX Font Info:    Checking defaults for PD1/pdf/m/n on input line 24.
LaTeX Font Info:    ... okay on input line 24.
LaTeX Font Info:    Checking defaults for PU/pdf/m/n on input line 24.
LaTeX Font Info:    ... okay on input line 24.

(/usr/share/texlive/texmf-dist/tex/context/base/mkii/supp-pdf.mkii
[Loading MPS to PDF converter (version 2006.09.02).]
\scratchcounter=\count135
\scratchdimen=\dimen137
\scratchbox=\box31
\nofMPsegments=\count136
\nofMParguments=\count137
\everyMPshowfont=\toks23
\MPscratchCnt=\count138
\MPscratchDim=\dimen138
\MPnumerator=\count139
\makeMPintoPDFobject=\count140
\everyMPtoPDFconversion=\toks24
) (/usr/share/texlive/texmf-dist/tex/latex/oberdiek/epstopdf-base.sty
Package: epstopdf-base 2016/05/15 v2.6 Base part for package epstopdf

(/usr/share/texlive/texmf-dist/tex/latex/oberdiek/grfext.sty
Package: grfext 2016/05/16 v1.2 Manage graphics extensions (HO)
)
Package epstopdf-base Info: Redefining graphics rule for `.eps' on input line 4
38.
Package grfext Info: Graphics extension search list:
(grfext)             [.pdf,.png,.jpg,.mps,.jpeg,.jbig2,.jb2,.PDF,.PNG,.JPG,.JPE
G,.JBIG2,.JB2,.eps]
(grfext)             \AppendGraphicsExtensions on input line 456.

(/usr/share/texlive/texmf-dist/tex/latex/latexconfig/epstopdf-sys.cfg
File: epstopdf-sys.cfg 2010/07/13 v1.3 Configuration of (r)epstopdf for TeX Liv
e
))
Package caption Info: Begin \AtBeginDocument code.
Package caption Info: subfig package v1.3 is loaded.
Package caption Info: hyperref package is loaded.
Package caption Info: End \AtBeginDocument code.
Package soulpos Info: Loading soulutf8 on input line 24.

(/usr/share/texlive/texmf-dist/tex/generic/oberdiek/soulutf8.sty
Package: soulutf8 2016/05/16 v1.1 Permit use of UTF-8 characters in soul (HO)

(/usr/share/texlive/texmf-dist/tex/latex/soul/soul.sty
Package: soul 2003/11/17 v2.4 letterspacing/underlining (mf)
\SOUL@word=\toks25
\SOUL@lasttoken=\toks26
\SOUL@cmds=\toks27
\SOUL@buffer=\toks28
\SOUL@token=\toks29
\SOUL@spaceskip=\skip74
\SOUL@ttwidth=\dimen139
\SOUL@uldp=\dimen140
\SOUL@ulht=\dimen141
))
\AtBeginShipoutBox=\box32
Package hyperref Info: Link coloring OFF on input line 24.

(/usr/share/texlive/texmf-dist/tex/latex/hyperref/nameref.sty
Package: nameref 2016/05/21 v2.44 Cross-referencing by name of section

(/usr/share/texlive/texmf-dist/tex/generic/oberdiek/gettitlestring.sty
Package: gettitlestring 2016/05/16 v1.5 Cleanup title references (HO)
)
\c@section@level=\count141
)
LaTeX Info: Redefining \ref on input line 24.
LaTeX Info: Redefining \pageref on input line 24.
LaTeX Info: Redefining \nameref on input line 24.

(./ATIPResultsDec2020.out) (./ATIPResultsDec2020.out)
\@outlinefile=\write4
\openout4 = `ATIPResultsDec2020.out'.


*geometry* driver: auto-detecting
*geometry* detected driver: pdftex
*geometry* verbose mode - [ preamble ] result:
* driver: pdftex
* paper: <default>
* layout: <same size as paper>
* layoutoffset:(h,v)=(0.0pt,0.0pt)
* modes: 
* h-part:(L,W,R)=(85.35826pt, 443.57848pt, 85.35826pt)
* v-part:(T,H,B)=(68.28644pt, 658.39711pt, 68.28644pt)
* \paperwidth=614.295pt
* \paperheight=794.96999pt
* \textwidth=443.57848pt
* \textheight=658.39711pt
* \oddsidemargin=13.08827pt
* \evensidemargin=13.08827pt
* \topmargin=-40.98355pt
* \headheight=12.0pt
* \headsep=25.0pt
* \topskip=11.0pt
* \footskip=30.0pt
* \marginparwidth=59.0pt
* \marginparsep=10.0pt
* \columnsep=10.0pt
* \skip\footins=10.0pt plus 4.0pt minus 2.0pt
* \hoffset=0.0pt
* \voffset=0.0pt
* \mag=1000
* \@twocolumnfalse
* \@twosidefalse
* \@mparswitchfalse
* \@reversemarginfalse
* (1in=72.27pt=25.4mm, 1cm=28.453pt)

(/usr/share/texlive/texmf-dist/tex/generic/oberdiek/se-pdfdoc.def
File: se-pdfdoc.def 2016/05/16 v1.11 stringenc: PDFDocEncoding
) [1

\openout3 = `ATIPResultsDec2020.upa'.

{/var/lib/texmf/fonts/map/pdftex/updmap/pdftex.map}]
LaTeX Font Info:    Try loading font information for OMS+cmr on input line 37.

(/usr/share/texlive/texmf-dist/tex/latex/base/omscmr.fd
File: omscmr.fd 2014/09/29 v2.5h Standard LaTeX font definitions
)
LaTeX Font Info:    Font shape `OMS/cmr/m/n' in size <10.95> not available
(Font)              Font shape `OMS/cmsy/m/n' tried instead on input line 37.


LaTeX Warning: File `/SpinDr/backup/bio_data/bio.lobster/figures/LFA34Update/IL
TS Station Map w index.jpg' not found on input line 47.

</SpinDr/backup/bio_data/bio.lobster/figures/LFA34Update/ILTS Station Map w ind
ex.jpg, id=12, 651.8754pt x 711.6186pt>
File: /SpinDr/backup/bio_data/bio.lobster/figures/LFA34Update/ILTS Station Map 
w index.jpg Graphic file (type jpg)
<use /SpinDr/backup/bio_data/bio.lobster/figures/LFA34Update/ILTS Station Map w
 index.jpg>
Package pdftex.def Info: /SpinDr/backup/bio_data/bio.lobster/figures/LFA34Updat
e/ILTS Station Map w index.jpg  used on input line 47.
(pdftex.def)             Requested size: 399.21791pt x 435.82407pt.

Package caption Warning: \captionsetup{type*=...} or \captionof
(caption)                outside box or environment on input line 48.
See the caption package documentation for explanation.


Package caption Warning: The option `hypcap=true' will be ignored for this
(caption)                particular \caption on input line 48.
See the caption package documentation for explanation.


Package Fancyhdr Warning: \headheight is too small (12.0pt): 
Make it at least 13.59999pt.
We now make it that large for the rest of the document.
This may cause the page layout to be inconsistent, however.

pdfTeX warning (ext4): destination with the same identifier (name{page.1}) has 
been already used, duplicate ignored
<to be read again> 
                   \relax 
l.48 ...nted those with the longest time series. }
                                                   [1]
Package marginnote Info: Using workaround for absolute page number on input lin
e 48.
</SpinDr/backup/bio_data/bio.lobster/figures/LFA34Update/gamtwPAR1.2015.png, id
=19, 740.0448pt x 555.0336pt>
File: /SpinDr/backup/bio_data/bio.lobster/figures/LFA34Update/gamtwPAR1.2015.pn
g Graphic file (type png)
<use /SpinDr/backup/bio_data/bio.lobster/figures/LFA34Update/gamtwPAR1.2015.png
>
Package pdftex.def Info: /SpinDr/backup/bio_data/bio.lobster/figures/LFA34Updat
e/gamtwPAR1.2015.png  used on input line 51.
(pdftex.def)             Requested size: 443.57848pt x 332.68396pt.


Package caption Warning: The option `hypcap=true' will be ignored for this
(caption)                particular \caption on input line 52.
See the caption package documentation for explanation.

[2 </SpinDr/backup/bio_data/bio.lobster/figures/LFA34Update/ILTS Station Map w 
index.jpg>]
</SpinDr/backup/bio_data/bio.lobster/figures/LFA34Update/gamtwPAR1.2016.png, id
=25, 740.0448pt x 555.0336pt>
File: /SpinDr/backup/bio_data/bio.lobster/figures/LFA34Update/gamtwPAR1.2016.pn
g Graphic file (type png)
<use /SpinDr/backup/bio_data/bio.lobster/figures/LFA34Update/gamtwPAR1.2016.png
>
Package pdftex.def Info: /SpinDr/backup/bio_data/bio.lobster/figures/LFA34Updat
e/gamtwPAR1.2016.png  used on input line 54.
(pdftex.def)             Requested size: 443.57848pt x 332.68396pt.


Package caption Warning: The option `hypcap=true' will be ignored for this
(caption)                particular \caption on input line 55.
See the caption package documentation for explanation.

[3 </SpinDr/backup/bio_data/bio.lobster/figures/LFA34Update/gamtwPAR1.2015.png>
]
</SpinDr/backup/bio_data/bio.lobster/figures/LFA34Update/gamtwPAR1.2017.png, id
=34, 740.0448pt x 555.0336pt>
File: /SpinDr/backup/bio_data/bio.lobster/figures/LFA34Update/gamtwPAR1.2017.pn
g Graphic file (type png)
<use /SpinDr/backup/bio_data/bio.lobster/figures/LFA34Update/gamtwPAR1.2017.png
>
Package pdftex.def Info: /SpinDr/backup/bio_data/bio.lobster/figures/LFA34Updat
e/gamtwPAR1.2017.png  used on input line 57.
(pdftex.def)             Requested size: 443.57848pt x 332.68396pt.


Package caption Warning: The option `hypcap=true' will be ignored for this
(caption)                particular \caption on input line 58.
See the caption package documentation for explanation.

[4 </SpinDr/backup/bio_data/bio.lobster/figures/LFA34Update/gamtwPAR1.2016.png>
]
</SpinDr/backup/bio_data/bio.lobster/figures/LFA34Update/gamtwPAR1.2018.png, id
=41, 740.0448pt x 555.0336pt>
File: /SpinDr/backup/bio_data/bio.lobster/figures/LFA34Update/gamtwPAR1.2018.pn
g Graphic file (type png)
<use /SpinDr/backup/bio_data/bio.lobster/figures/LFA34Update/gamtwPAR1.2018.png
>
Package pdftex.def Info: /SpinDr/backup/bio_data/bio.lobster/figures/LFA34Updat
e/gamtwPAR1.2018.png  used on input line 60.
(pdftex.def)             Requested size: 443.57848pt x 332.68396pt.


Package caption Warning: The option `hypcap=true' will be ignored for this
(caption)                particular \caption on input line 61.
See the caption package documentation for explanation.

[5 </SpinDr/backup/bio_data/bio.lobster/figures/LFA34Update/gamtwPAR1.2017.png>
]
</SpinDr/backup/bio_data/bio.lobster/figures/LFA34Update/gamtwPAR1.2019.png, id
=48, 740.0448pt x 555.0336pt>
File: /SpinDr/backup/bio_data/bio.lobster/figures/LFA34Update/gamtwPAR1.2019.pn
g Graphic file (type png)
<use /SpinDr/backup/bio_data/bio.lobster/figures/LFA34Update/gamtwPAR1.2019.png
>
Package pdftex.def Info: /SpinDr/backup/bio_data/bio.lobster/figures/LFA34Updat
e/gamtwPAR1.2019.png  used on input line 63.
(pdftex.def)             Requested size: 443.57848pt x 332.68396pt.


Package caption Warning: The option `hypcap=true' will be ignored for this
(caption)                particular \caption on input line 64.
See the caption package documentation for explanation.

[6 </SpinDr/backup/bio_data/bio.lobster/figures/LFA34Update/gamtwPAR1.2018.png>
]
</SpinDr/backup/bio_data/bio.lobster/figures/LFA34Update/gamtwPAR1.2020.png, id
=56, 740.0448pt x 555.0336pt>
File: /SpinDr/backup/bio_data/bio.lobster/figures/LFA34Update/gamtwPAR1.2020.pn
g Graphic file (type png)
<use /SpinDr/backup/bio_data/bio.lobster/figures/LFA34Update/gamtwPAR1.2020.png
>
Package pdftex.def Info: /SpinDr/backup/bio_data/bio.lobster/figures/LFA34Updat
e/gamtwPAR1.2020.png  used on input line 66.
(pdftex.def)             Requested size: 443.57848pt x 332.68396pt.


Package caption Warning: The option `hypcap=true' will be ignored for this
(caption)                particular \caption on input line 67.
See the caption package documentation for explanation.

[7 </SpinDr/backup/bio_data/bio.lobster/figures/LFA34Update/gamtwPAR1.2019.png 
(PNG copy)>]
</SpinDr/backup/bio_data/bio.lobster/figures/LFA34Update/LFA34DFOrestratifiedDW
AO.png, id=62, 722.7pt x 578.16pt>
File: /SpinDr/backup/bio_data/bio.lobster/figures/LFA34Update/LFA34DFOrestratif
iedDWAO.png Graphic file (type png)
<use /SpinDr/backup/bio_data/bio.lobster/figures/LFA34Update/LFA34DFOrestratifi
edDWAO.png>
Package pdftex.def Info: /SpinDr/backup/bio_data/bio.lobster/figures/LFA34Updat
e/LFA34DFOrestratifiedDWAO.png  used on input line 69.
(pdftex.def)             Requested size: 443.57848pt x 354.86494pt.


Package caption Warning: The option `hypcap=true' will be ignored for this
(caption)                particular \caption on input line 70.
See the caption package documentation for explanation.

[8 </SpinDr/backup/bio_data/bio.lobster/figures/LFA34Update/gamtwPAR1.2020.png>
]
</SpinDr/backup/bio_data/bio.lobster/figures/LFA34Update/LFA34DFOrestratifiedgi
ni.png, id=69, 722.7pt x 578.16pt>
File: /SpinDr/backup/bio_data/bio.lobster/figures/LFA34Update/LFA34DFOrestratif
iedgini.png Graphic file (type png)
<use /SpinDr/backup/bio_data/bio.lobster/figures/LFA34Update/LFA34DFOrestratifi
edgini.png>
Package pdftex.def Info: /SpinDr/backup/bio_data/bio.lobster/figures/LFA34Updat
e/LFA34DFOrestratifiedgini.png  used on input line 72.
(pdftex.def)             Requested size: 443.57848pt x 354.86494pt.


Package caption Warning: The option `hypcap=true' will be ignored for this
(caption)                particular \caption on input line 73.
See the caption package documentation for explanation.

[9 </SpinDr/backup/bio_data/bio.lobster/figures/LFA34Update/LFA34DFOrestratifie
dDWAO.png (PNG copy)>]
</SpinDr/backup/bio_data/bio.lobster/figures/LFA34Update/LFA34DFOrestratifiednu
mbers.png, id=75, 722.7pt x 578.16pt>
File: /SpinDr/backup/bio_data/bio.lobster/figures/LFA34Update/LFA34DFOrestratif
iednumbers.png Graphic file (type png)
<use /SpinDr/backup/bio_data/bio.lobster/figures/LFA34Update/LFA34DFOrestratifi
ednumbers.png>
Package pdftex.def Info: /SpinDr/backup/bio_data/bio.lobster/figures/LFA34Updat
e/LFA34DFOrestratifiednumbers.png  used on input line 75.
(pdftex.def)             Requested size: 443.57848pt x 354.86494pt.


Package caption Warning: The option `hypcap=true' will be ignored for this
(caption)                particular \caption on input line 76.
See the caption package documentation for explanation.

[10 </SpinDr/backup/bio_data/bio.lobster/figures/LFA34Update/LFA34DFOrestratifi
edgini.png (PNG copy)>]
</SpinDr/backup/bio_data/bio.lobster/figures/LFA34Update/LFA34DFOrestratifiednu
mbersrecruits.png, id=81, 722.7pt x 578.16pt>
File: /SpinDr/backup/bio_data/bio.lobster/figures/LFA34Update/LFA34DFOrestratif
iednumbersrecruits.png Graphic file (type png)
<use /SpinDr/backup/bio_data/bio.lobster/figures/LFA34Update/LFA34DFOrestratifi
ednumbersrecruits.png>
Package pdftex.def Info: /SpinDr/backup/bio_data/bio.lobster/figures/LFA34Updat
e/LFA34DFOrestratifiednumbersrecruits.png  used on input line 78.
(pdftex.def)             Requested size: 443.57848pt x 354.86494pt.


Package caption Warning: The option `hypcap=true' will be ignored for this
(caption)                particular \caption on input line 79.
See the caption package documentation for explanation.

[11 </SpinDr/backup/bio_data/bio.lobster/figures/LFA34Update/LFA34DFOrestratifi
ednumbers.png (PNG copy)>]
</SpinDr/backup/bio_data/bio.lobster/figures/LFA34Update/LFA34DFOrestratifiedwe
ightsNOY.png, id=87, 722.7pt x 578.16pt>
File: /SpinDr/backup/bio_data/bio.lobster/figures/LFA34Update/LFA34DFOrestratif
iedweightsNOY.png Graphic file (type png)
<use /SpinDr/backup/bio_data/bio.lobster/figures/LFA34Update/LFA34DFOrestratifi
edweightsNOY.png>
Package pdftex.def Info: /SpinDr/backup/bio_data/bio.lobster/figures/LFA34Updat
e/LFA34DFOrestratifiedweightsNOY.png  used on input line 81.
(pdftex.def)             Requested size: 443.57848pt x 354.86494pt.


Package caption Warning: The option `hypcap=true' will be ignored for this
(caption)                particular \caption on input line 82.
See the caption package documentation for explanation.

[12 </SpinDr/backup/bio_data/bio.lobster/figures/LFA34Update/LFA34DFOrestratifi
ednumbersrecruits.png (PNG copy)>]
</SpinDr/backup/bio_data/bio.lobster/figures/LFA34Update/LFA34NEFSCFallrestrati
fiedDWAO.png, id=94, 722.7pt x 578.16pt>
File: /SpinDr/backup/bio_data/bio.lobster/figures/LFA34Update/LFA34NEFSCFallres
tratifiedDWAO.png Graphic file (type png)
<use /SpinDr/backup/bio_data/bio.lobster/figures/LFA34Update/LFA34NEFSCFallrest
ratifiedDWAO.png>
Package pdftex.def Info: /SpinDr/backup/bio_data/bio.lobster/figures/LFA34Updat
e/LFA34NEFSCFallrestratifiedDWAO.png  used on input line 84.
(pdftex.def)             Requested size: 443.57848pt x 354.86494pt.


Package caption Warning: The option `hypcap=true' will be ignored for this
(caption)                particular \caption on input line 85.
See the caption package documentation for explanation.

[13 </SpinDr/backup/bio_data/bio.lobster/figures/LFA34Update/LFA34DFOrestratifi
edweightsNOY.png (PNG copy)>]
</SpinDr/backup/bio_data/bio.lobster/figures/LFA34Update/LFA34NEFSCFallrestrati
fiedgini.png, id=100, 722.7pt x 578.16pt>
File: /SpinDr/backup/bio_data/bio.lobster/figures/LFA34Update/LFA34NEFSCFallres
tratifiedgini.png Graphic file (type png)
<use /SpinDr/backup/bio_data/bio.lobster/figures/LFA34Update/LFA34NEFSCFallrest
ratifiedgini.png>
Package pdftex.def Info: /SpinDr/backup/bio_data/bio.lobster/figures/LFA34Updat
e/LFA34NEFSCFallrestratifiedgini.png  used on input line 87.
(pdftex.def)             Requested size: 443.57848pt x 354.86494pt.


Package caption Warning: The option `hypcap=true' will be ignored for this
(caption)                particular \caption on input line 88.
See the caption package documentation for explanation.

[14 </SpinDr/backup/bio_data/bio.lobster/figures/LFA34Update/LFA34NEFSCFallrest
ratifiedDWAO.png (PNG copy)>]
</SpinDr/backup/bio_data/bio.lobster/figures/LFA34Update/LFA34NEFSCFallrestrati
fiednumbersNOY.png, id=106, 722.7pt x 578.16pt>
File: /SpinDr/backup/bio_data/bio.lobster/figures/LFA34Update/LFA34NEFSCFallres
tratifiednumbersNOY.png Graphic file (type png)
<use /SpinDr/backup/bio_data/bio.lobster/figures/LFA34Update/LFA34NEFSCFallrest
ratifiednumbersNOY.png>
Package pdftex.def Info: /SpinDr/backup/bio_data/bio.lobster/figures/LFA34Updat
e/LFA34NEFSCFallrestratifiednumbersNOY.png  used on input line 90.
(pdftex.def)             Requested size: 443.57848pt x 354.86494pt.


Package caption Warning: The option `hypcap=true' will be ignored for this
(caption)                particular \caption on input line 91.
See the caption package documentation for explanation.

[15 </SpinDr/backup/bio_data/bio.lobster/figures/LFA34Update/LFA34NEFSCFallrest
ratifiedgini.png (PNG copy)>]
</SpinDr/backup/bio_data/bio.lobster/figures/LFA34Update/LFA34NEFSCFallrestrati
fiednumbersrecruits.png, id=112, 722.7pt x 578.16pt>
File: /SpinDr/backup/bio_data/bio.lobster/figures/LFA34Update/LFA34NEFSCFallres
tratifiednumbersrecruits.png Graphic file (type png)
<use /SpinDr/backup/bio_data/bio.lobster/figures/LFA34Update/LFA34NEFSCFallrest
ratifiednumbersrecruits.png>
Package pdftex.def Info: /SpinDr/backup/bio_data/bio.lobster/figures/LFA34Updat
e/LFA34NEFSCFallrestratifiednumbersrecruits.png  used on input line 93.
(pdftex.def)             Requested size: 443.57848pt x 354.86494pt.


Package caption Warning: The option `hypcap=true' will be ignored for this
(caption)                particular \caption on input line 94.
See the caption package documentation for explanation.

[16 </SpinDr/backup/bio_data/bio.lobster/figures/LFA34Update/LFA34NEFSCFallrest
ratifiednumbersNOY.png (PNG copy)>]
</SpinDr/backup/bio_data/bio.lobster/figures/LFA34Update/LFA34NEFSCFallrestrati
fiedweightsNOY.png, id=118, 722.7pt x 578.16pt>
File: /SpinDr/backup/bio_data/bio.lobster/figures/LFA34Update/LFA34NEFSCFallres
tratifiedweightsNOY.png Graphic file (type png)
<use /SpinDr/backup/bio_data/bio.lobster/figures/LFA34Update/LFA34NEFSCFallrest
ratifiedweightsNOY.png>
Package pdftex.def Info: /SpinDr/backup/bio_data/bio.lobster/figures/LFA34Updat
e/LFA34NEFSCFallrestratifiedweightsNOY.png  used on input line 96.
(pdftex.def)             Requested size: 443.57848pt x 354.86494pt.


Package caption Warning: The option `hypcap=true' will be ignored for this
(caption)                particular \caption on input line 97.
See the caption package documentation for explanation.

[17 </SpinDr/backup/bio_data/bio.lobster/figures/LFA34Update/LFA34NEFSCFallrest
ratifiednumbersrecruits.png (PNG copy)>]
</SpinDr/backup/bio_data/bio.lobster/figures/LFA34Update/LFA34NEFSCSpringrestra
tifiedDWAO.png, id=124, 722.7pt x 578.16pt>
File: /SpinDr/backup/bio_data/bio.lobster/figures/LFA34Update/LFA34NEFSCSpringr
estratifiedDWAO.png Graphic file (type png)
<use /SpinDr/backup/bio_data/bio.lobster/figures/LFA34Update/LFA34NEFSCSpringre
stratifiedDWAO.png>
Package pdftex.def Info: /SpinDr/backup/bio_data/bio.lobster/figures/LFA34Updat
e/LFA34NEFSCSpringrestratifiedDWAO.png  used on input line 99.
(pdftex.def)             Requested size: 443.57848pt x 354.86494pt.


Package caption Warning: The option `hypcap=true' will be ignored for this
(caption)                particular \caption on input line 100.
See the caption package documentation for explanation.

[18 </SpinDr/backup/bio_data/bio.lobster/figures/LFA34Update/LFA34NEFSCFallrest
ratifiedweightsNOY.png (PNG copy)>]
</SpinDr/backup/bio_data/bio.lobster/figures/LFA34Update/LFA34NEFSCSpringrestra
tifiedgini.png, id=131, 722.7pt x 578.16pt>
File: /SpinDr/backup/bio_data/bio.lobster/figures/LFA34Update/LFA34NEFSCSpringr
estratifiedgini.png Graphic file (type png)
<use /SpinDr/backup/bio_data/bio.lobster/figures/LFA34Update/LFA34NEFSCSpringre
stratifiedgini.png>
Package pdftex.def Info: /SpinDr/backup/bio_data/bio.lobster/figures/LFA34Updat
e/LFA34NEFSCSpringrestratifiedgini.png  used on input line 102.
(pdftex.def)             Requested size: 443.57848pt x 354.86494pt.


Package caption Warning: The option `hypcap=true' will be ignored for this
(caption)                particular \caption on input line 103.
See the caption package documentation for explanation.

[19 </SpinDr/backup/bio_data/bio.lobster/figures/LFA34Update/LFA34NEFSCSpringre
stratifiedDWAO.png (PNG copy)>]
</SpinDr/backup/bio_data/bio.lobster/figures/LFA34Update/LFA34NEFSCSpringrestra
tifiednumbersNOY.png, id=137, 722.7pt x 578.16pt>
File: /SpinDr/backup/bio_data/bio.lobster/figures/LFA34Update/LFA34NEFSCSpringr
estratifiednumbersNOY.png Graphic file (type png)
<use /SpinDr/backup/bio_data/bio.lobster/figures/LFA34Update/LFA34NEFSCSpringre
stratifiednumbersNOY.png>
Package pdftex.def Info: /SpinDr/backup/bio_data/bio.lobster/figures/LFA34Updat
e/LFA34NEFSCSpringrestratifiednumbersNOY.png  used on input line 105.
(pdftex.def)             Requested size: 443.57848pt x 354.86494pt.


Package caption Warning: The option `hypcap=true' will be ignored for this
(caption)                particular \caption on input line 106.
See the caption package documentation for explanation.

[20 </SpinDr/backup/bio_data/bio.lobster/figures/LFA34Update/LFA34NEFSCSpringre
stratifiedgini.png (PNG copy)>]
</SpinDr/backup/bio_data/bio.lobster/figures/LFA34Update/LFA34NEFSCSpringrestra
tifiednumbersrecruits.png, id=143, 722.7pt x 578.16pt>
File: /SpinDr/backup/bio_data/bio.lobster/figures/LFA34Update/LFA34NEFSCSpringr
estratifiednumbersrecruits.png Graphic file (type png)
<use /SpinDr/backup/bio_data/bio.lobster/figures/LFA34Update/LFA34NEFSCSpringre
stratifiednumbersrecruits.png>
Package pdftex.def Info: /SpinDr/backup/bio_data/bio.lobster/figures/LFA34Updat
e/LFA34NEFSCSpringrestratifiednumbersrecruits.png  used on input line 108.
(pdftex.def)             Requested size: 443.57848pt x 354.86494pt.


Package caption Warning: The option `hypcap=true' will be ignored for this
(caption)                particular \caption on input line 109.
See the caption package documentation for explanation.

[21 </SpinDr/backup/bio_data/bio.lobster/figures/LFA34Update/LFA34NEFSCSpringre
stratifiednumbersNOY.png (PNG copy)>]
</SpinDr/backup/bio_data/bio.lobster/figures/LFA34Update/LFA34NEFSCSpringrestra
tifiedweightsNOY.png, id=149, 722.7pt x 578.16pt>
File: /SpinDr/backup/bio_data/bio.lobster/figures/LFA34Update/LFA34NEFSCSpringr
estratifiedweightsNOY.png Graphic file (type png)
<use /SpinDr/backup/bio_data/bio.lobster/figures/LFA34Update/LFA34NEFSCSpringre
stratifiedweightsNOY.png>
Package pdftex.def Info: /SpinDr/backup/bio_data/bio.lobster/figures/LFA34Updat
e/LFA34NEFSCSpringrestratifiedweightsNOY.png  used on input line 111.
(pdftex.def)             Requested size: 443.57848pt x 354.86494pt.


Package caption Warning: The option `hypcap=true' will be ignored for this
(caption)                particular \caption on input line 112.
See the caption package documentation for explanation.

[22 </SpinDr/backup/bio_data/bio.lobster/figures/LFA34Update/LFA34NEFSCSpringre
stratifiednumbersrecruits.png (PNG copy)>]
</SpinDr/backup/bio_data/bio.lobster/figures/LFA34Update/ILTS_berried_2016.jpg,
 id=155, 711.1368pt x 711.1368pt>
File: /SpinDr/backup/bio_data/bio.lobster/figures/LFA34Update/ILTS_berried_2016
.jpg Graphic file (type jpg)
<use /SpinDr/backup/bio_data/bio.lobster/figures/LFA34Update/ILTS_berried_2016.
jpg>
Package pdftex.def Info: /SpinDr/backup/bio_data/bio.lobster/figures/LFA34Updat
e/ILTS_berried_2016.jpg  used on input line 114.
(pdftex.def)             Requested size: 443.57848pt x 443.58046pt.


Package caption Warning: The option `hypcap=true' will be ignored for this
(caption)                particular \caption on input line 115.
See the caption package documentation for explanation.

[23 </SpinDr/backup/bio_data/bio.lobster/figures/LFA34Update/LFA34NEFSCSpringre
stratifiedweightsNOY.png (PNG copy)>]
</SpinDr/backup/bio_data/bio.lobster/figures/LFA34Update/ILTS_berried_2017.jpg,
 id=161, 711.1368pt x 711.1368pt>
File: /SpinDr/backup/bio_data/bio.lobster/figures/LFA34Update/ILTS_berried_2017
.jpg Graphic file (type jpg)
<use /SpinDr/backup/bio_data/bio.lobster/figures/LFA34Update/ILTS_berried_2017.
jpg>
Package pdftex.def Info: /SpinDr/backup/bio_data/bio.lobster/figures/LFA34Updat
e/ILTS_berried_2017.jpg  used on input line 117.
(pdftex.def)             Requested size: 443.57848pt x 443.58046pt.


Package caption Warning: The option `hypcap=true' will be ignored for this
(caption)                particular \caption on input line 118.
See the caption package documentation for explanation.

[24 </SpinDr/backup/bio_data/bio.lobster/figures/LFA34Update/ILTS_berried_2016.
jpg>]
</SpinDr/backup/bio_data/bio.lobster/figures/LFA34Update/ILTS_berried_2018.jpg,
 id=168, 711.1368pt x 711.1368pt>
File: /SpinDr/backup/bio_data/bio.lobster/figures/LFA34Update/ILTS_berried_2018
.jpg Graphic file (type jpg)
<use /SpinDr/backup/bio_data/bio.lobster/figures/LFA34Update/ILTS_berried_2018.
jpg>
Package pdftex.def Info: /SpinDr/backup/bio_data/bio.lobster/figures/LFA34Updat
e/ILTS_berried_2018.jpg  used on input line 120.
(pdftex.def)             Requested size: 443.57848pt x 443.58046pt.


Package caption Warning: The option `hypcap=true' will be ignored for this
(caption)                particular \caption on input line 121.
See the caption package documentation for explanation.

[25 </SpinDr/backup/bio_data/bio.lobster/figures/LFA34Update/ILTS_berried_2017.
jpg>]
</SpinDr/backup/bio_data/bio.lobster/figures/LFA34Update/ILTS_berried_2019.jpg,
 id=175, 711.1368pt x 711.1368pt>
File: /SpinDr/backup/bio_data/bio.lobster/figures/LFA34Update/ILTS_berried_2019
.jpg Graphic file (type jpg)
<use /SpinDr/backup/bio_data/bio.lobster/figures/LFA34Update/ILTS_berried_2019.
jpg>
Package pdftex.def Info: /SpinDr/backup/bio_data/bio.lobster/figures/LFA34Updat
e/ILTS_berried_2019.jpg  used on input line 123.
(pdftex.def)             Requested size: 443.57848pt x 443.58046pt.


Package caption Warning: The option `hypcap=true' will be ignored for this
(caption)                particular \caption on input line 124.
See the caption package documentation for explanation.

[26 </SpinDr/backup/bio_data/bio.lobster/figures/LFA34Update/ILTS_berried_2018.
jpg>]
</SpinDr/backup/bio_data/bio.lobster/figures/LFA34Update/ILTS_berried_2020.jpg,
 id=181, 711.1368pt x 711.1368pt>
File: /SpinDr/backup/bio_data/bio.lobster/figures/LFA34Update/ILTS_berried_2020
.jpg Graphic file (type jpg)
<use /SpinDr/backup/bio_data/bio.lobster/figures/LFA34Update/ILTS_berried_2020.
jpg>
Package pdftex.def Info: /SpinDr/backup/bio_data/bio.lobster/figures/LFA34Updat
e/ILTS_berried_2020.jpg  used on input line 126.
(pdftex.def)             Requested size: 443.57848pt x 443.58046pt.


Package caption Warning: The option `hypcap=true' will be ignored for this
(caption)                particular \caption on input line 127.
See the caption package documentation for explanation.

[27 </SpinDr/backup/bio_data/bio.lobster/figures/LFA34Update/ILTS_berried_2019.
jpg>]
</SpinDr/backup/bio_data/bio.lobster/figures/LFA34Update/ILTS_SIZES_2016.jpg, i
d=187, 711.1368pt x 711.1368pt>
File: /SpinDr/backup/bio_data/bio.lobster/figures/LFA34Update/ILTS_SIZES_2016.j
pg Graphic file (type jpg)
<use /SpinDr/backup/bio_data/bio.lobster/figures/LFA34Update/ILTS_SIZES_2016.jp
g>
Package pdftex.def Info: /SpinDr/backup/bio_data/bio.lobster/figures/LFA34Updat
e/ILTS_SIZES_2016.jpg  used on input line 129.
(pdftex.def)             Requested size: 443.57848pt x 443.58046pt.


Package caption Warning: The option `hypcap=true' will be ignored for this
(caption)                particular \caption on input line 130.
See the caption package documentation for explanation.

[28 </SpinDr/backup/bio_data/bio.lobster/figures/LFA34Update/ILTS_berried_2020.
jpg>]
</SpinDr/backup/bio_data/bio.lobster/figures/LFA34Update/ILTS_SIZES_2017.jpg, i
d=193, 711.1368pt x 711.1368pt>
File: /SpinDr/backup/bio_data/bio.lobster/figures/LFA34Update/ILTS_SIZES_2017.j
pg Graphic file (type jpg)
<use /SpinDr/backup/bio_data/bio.lobster/figures/LFA34Update/ILTS_SIZES_2017.jp
g>
Package pdftex.def Info: /SpinDr/backup/bio_data/bio.lobster/figures/LFA34Updat
e/ILTS_SIZES_2017.jpg  used on input line 133.
(pdftex.def)             Requested size: 443.57848pt x 443.58046pt.


Package caption Warning: The option `hypcap=true' will be ignored for this
(caption)                particular \caption on input line 134.
See the caption package documentation for explanation.

[29 </SpinDr/backup/bio_data/bio.lobster/figures/LFA34Update/ILTS_SIZES_2016.jp
g>]
</SpinDr/backup/bio_data/bio.lobster/figures/LFA34Update/ILTS_SIZES_2018.jpg, i
d=199, 711.1368pt x 711.1368pt>
File: /SpinDr/backup/bio_data/bio.lobster/figures/LFA34Update/ILTS_SIZES_2018.j
pg Graphic file (type jpg)
<use /SpinDr/backup/bio_data/bio.lobster/figures/LFA34Update/ILTS_SIZES_2018.jp
g>
Package pdftex.def Info: /SpinDr/backup/bio_data/bio.lobster/figures/LFA34Updat
e/ILTS_SIZES_2018.jpg  used on input line 136.
(pdftex.def)             Requested size: 443.57848pt x 443.58046pt.


Package caption Warning: The option `hypcap=true' will be ignored for this
(caption)                particular \caption on input line 137.
See the caption package documentation for explanation.

[30 </SpinDr/backup/bio_data/bio.lobster/figures/LFA34Update/ILTS_SIZES_2017.jp
g>]
</SpinDr/backup/bio_data/bio.lobster/figures/LFA34Update/ILTS_SIZES_2019.jpg, i
d=206, 711.1368pt x 711.1368pt>
File: /SpinDr/backup/bio_data/bio.lobster/figures/LFA34Update/ILTS_SIZES_2019.j
pg Graphic file (type jpg)
<use /SpinDr/backup/bio_data/bio.lobster/figures/LFA34Update/ILTS_SIZES_2019.jp
g>
Package pdftex.def Info: /SpinDr/backup/bio_data/bio.lobster/figures/LFA34Updat
e/ILTS_SIZES_2019.jpg  used on input line 139.
(pdftex.def)             Requested size: 443.57848pt x 443.58046pt.


Package caption Warning: The option `hypcap=true' will be ignored for this
(caption)                particular \caption on input line 140.
See the caption package documentation for explanation.

[31 </SpinDr/backup/bio_data/bio.lobster/figures/LFA34Update/ILTS_SIZES_2018.jp
g>]
</SpinDr/backup/bio_data/bio.lobster/figures/LFA34Update/ILTS_SIZES_2020.jpg, i
d=212, 711.1368pt x 711.1368pt>
File: /SpinDr/backup/bio_data/bio.lobster/figures/LFA34Update/ILTS_SIZES_2020.j
pg Graphic file (type jpg)
<use /SpinDr/backup/bio_data/bio.lobster/figures/LFA34Update/ILTS_SIZES_2020.jp
g>
Package pdftex.def Info: /SpinDr/backup/bio_data/bio.lobster/figures/LFA34Updat
e/ILTS_SIZES_2020.jpg  used on input line 142.
(pdftex.def)             Requested size: 443.57848pt x 443.58046pt.


Package caption Warning: The option `hypcap=true' will be ignored for this
(caption)                particular \caption on input line 143.
See the caption package documentation for explanation.

[32 </SpinDr/backup/bio_data/bio.lobster/figures/LFA34Update/ILTS_SIZES_2019.jp
g>]
</SpinDr/backup/bio_data/bio.lobster/figures/LFA34Update/NStations.png, id=218,
 673.51625pt x 673.51625pt>
File: /SpinDr/backup/bio_data/bio.lobster/figures/LFA34Update/NStations.png Gra
phic file (type png)
<use /SpinDr/backup/bio_data/bio.lobster/figures/LFA34Update/NStations.png>
Package pdftex.def Info: /SpinDr/backup/bio_data/bio.lobster/figures/LFA34Updat
e/NStations.png  used on input line 146.
(pdftex.def)             Requested size: 443.57848pt x 443.58688pt.


Package caption Warning: The option `hypcap=true' will be ignored for this
(caption)                particular \caption on input line 147.
See the caption package documentation for explanation.

[33 </SpinDr/backup/bio_data/bio.lobster/figures/LFA34Update/ILTS_SIZES_2020.jp
g>]
</SpinDr/backup/bio_data/bio.lobster/figures/LFA34Update/NSizes.png, id=224, 67
3.51625pt x 673.51625pt>
File: /SpinDr/backup/bio_data/bio.lobster/figures/LFA34Update/NSizes.png Graphi
c file (type png)
<use /SpinDr/backup/bio_data/bio.lobster/figures/LFA34Update/NSizes.png>
Package pdftex.def Info: /SpinDr/backup/bio_data/bio.lobster/figures/LFA34Updat
e/NSizes.png  used on input line 149.
(pdftex.def)             Requested size: 443.57848pt x 443.58688pt.


Package caption Warning: The option `hypcap=true' will be ignored for this
(caption)                particular \caption on input line 150.
See the caption package documentation for explanation.

[34 </SpinDr/backup/bio_data/bio.lobster/figures/LFA34Update/NStations.png>]
</SpinDr/backup/bio_data/bio.lobster/figures/LFA34Update/RawMeanPerTowLFA34SMB.
png, id=230, 673.51625pt x 673.51625pt>
File: /SpinDr/backup/bio_data/bio.lobster/figures/LFA34Update/RawMeanPerTowLFA3
4SMB.png Graphic file (type png)
<use /SpinDr/backup/bio_data/bio.lobster/figures/LFA34Update/RawMeanPerTowLFA34
SMB.png>
Package pdftex.def Info: /SpinDr/backup/bio_data/bio.lobster/figures/LFA34Updat
e/RawMeanPerTowLFA34SMB.png  used on input line 153.
(pdftex.def)             Requested size: 443.57848pt x 443.58688pt.


Package caption Warning: The option `hypcap=true' will be ignored for this
(caption)                particular \caption on input line 154.
See the caption package documentation for explanation.

[35 </SpinDr/backup/bio_data/bio.lobster/figures/LFA34Update/NSizes.png>]
</SpinDr/backup/bio_data/bio.lobster/figures/LFA34Update/NBerried.png, id=236, 
673.51625pt x 673.51625pt>
File: /SpinDr/backup/bio_data/bio.lobster/figures/LFA34Update/NBerried.png Grap
hic file (type png)
<use /SpinDr/backup/bio_data/bio.lobster/figures/LFA34Update/NBerried.png>
Package pdftex.def Info: /SpinDr/backup/bio_data/bio.lobster/figures/LFA34Updat
e/NBerried.png  used on input line 157.
(pdftex.def)             Requested size: 443.57848pt x 443.58688pt.


Package caption Warning: The option `hypcap=true' will be ignored for this
(caption)                particular \caption on input line 158.
See the caption package documentation for explanation.

[36 </SpinDr/backup/bio_data/bio.lobster/figures/LFA34Update/RawMeanPerTowLFA34
SMB.png>]
Package atveryend Info: Empty hook `BeforeClearDocument' on input line 161.
 [37 </SpinDr/backup/bio_data/bio.lobster/figures/LFA34Update/NBerried.png>]
Package atveryend Info: Empty hook `AfterLastShipout' on input line 161.
 (./ATIPResultsDec2020.aux
* soulpos - computing points - it may take a few seconds *
\openout3 = `ATIPResultsDec2020.upb'.


(./ATIPResultsDec2020.upa))
Package atveryend Info: Executing hook `AtVeryEndDocument' on input line 161.
Package atveryend Info: Executing hook `AtEndAfterFileList' on input line 161.
Package rerunfilecheck Info: File `ATIPResultsDec2020.out' has not changed.
(rerunfilecheck)             Checksum: D41D8CD98F00B204E9800998ECF8427E;0.
 ) 
Here is how much of TeX's memory you used:
 15912 strings out of 492615
 274037 string characters out of 6131391
 334594 words of memory out of 5000000
 19566 multiletter control sequences out of 15000+600000
 8379 words of font info for 30 fonts, out of 8000000 for 9000
 1141 hyphenation exceptions out of 8191
 44i,10n,77p,822b,353s stack positions out of 5000i,500n,10000p,200000b,80000s
</usr/share/texlive/texmf-dist/fonts/type1/public/amsfonts/cm/cmbx10.pfb></us
r/share/texlive/texmf-dist/fonts/type1/public/amsfonts/cm/cmbxti10.pfb></usr/sh
are/texlive/texmf-dist/fonts/type1/public/amsfonts/cm/cmmi10.pfb></usr/share/te
xlive/texmf-dist/fonts/type1/public/amsfonts/cm/cmr10.pfb></usr/share/texlive/t
exmf-dist/fonts/type1/public/amsfonts/cm/cmr8.pfb></usr/share/texlive/texmf-dis
t/fonts/type1/public/amsfonts/cm/cmsy10.pfb></usr/share/texlive/texmf-dist/font
s/type1/public/amsfonts/cm/cmti10.pfb>
Output written on ATIPResultsDec2020.pdf (38 pages, 7195450 bytes).
PDF statistics:
 293 PDF objects out of 1000 (max. 8388607)
 202 compressed objects within 3 object streams
 74 named destinations out of 1000 (max. 500000)
 181 words of extra memory for PDF output out of 10000 (max. 10000000)

