This is pdfTeX, Version 3.14159265-2.6-1.40.19 (TeX Live 2019/dev/Debian) (preloaded format=pdflatex 2020.7.6)  14 MAR 2023 19:03
entering extended mode
 restricted \write18 enabled.
 %&-line parsing enabled.
**HCRpres36Updated.tex
(./HCRpres36Updated.tex
LaTeX2e <2018-12-01>
(/usr/share/texlive/texmf-dist/tex/latex/beamer/beamer.cls
Document Class: beamer 2018/12/02 v3.55 A class for typesetting presentations
(/usr/share/texlive/texmf-dist/tex/latex/beamer/beamerbasemodes.sty
(/usr/share/texlive/texmf-dist/tex/latex/etoolbox/etoolbox.sty
Package: etoolbox 2018/08/19 v2.5f e-TeX tools for LaTeX (JAW)
\etb@tempcnta=\count80
)
\beamer@tempbox=\box27
\beamer@tempcount=\count81
\c@beamerpauses=\count82

(/usr/share/texlive/texmf-dist/tex/latex/beamer/beamerbasedecode.sty
\beamer@slideinframe=\count83
\beamer@minimum=\count84
)
\beamer@commentbox=\box28
\beamer@modecount=\count85
)
(/usr/share/texlive/texmf-dist/tex/generic/oberdiek/ifpdf.sty
Package: ifpdf 2018/09/07 v3.3 Provides the ifpdf switch
)
\headdp=\dimen102
\footheight=\dimen103
\sidebarheight=\dimen104
\beamer@tempdim=\dimen105
\beamer@finalheight=\dimen106
\beamer@animht=\dimen107
\beamer@animdp=\dimen108
\beamer@animwd=\dimen109
\beamer@leftmargin=\dimen110
\beamer@rightmargin=\dimen111
\beamer@leftsidebar=\dimen112
\beamer@rightsidebar=\dimen113
\beamer@boxsize=\dimen114
\beamer@vboxoffset=\dimen115
\beamer@descdefault=\dimen116
\beamer@descriptionwidth=\dimen117
\beamer@lastskip=\skip41
\beamer@areabox=\box29
\beamer@animcurrent=\box30
\beamer@animshowbox=\box31
\beamer@sectionbox=\box32
\beamer@logobox=\box33
\beamer@linebox=\box34
\beamer@sectioncount=\count86
\beamer@subsubsectionmax=\count87
\beamer@subsectionmax=\count88
\beamer@sectionmax=\count89
\beamer@totalheads=\count90
\beamer@headcounter=\count91
\beamer@partstartpage=\count92
\beamer@sectionstartpage=\count93
\beamer@subsectionstartpage=\count94
\beamer@animationtempa=\count95
\beamer@animationtempb=\count96
\beamer@xpos=\count97
\beamer@ypos=\count98
\beamer@ypos@offset=\count99
\beamer@showpartnumber=\count100
\beamer@currentsubsection=\count101
\beamer@coveringdepth=\count102
\beamer@sectionadjust=\count103
\beamer@tocsectionnumber=\count104

(/usr/share/texlive/texmf-dist/tex/latex/beamer/beamerbaseoptions.sty
(/usr/share/texlive/texmf-dist/tex/latex/graphics/keyval.sty
Package: keyval 2014/10/28 v1.15 key=value parser (DPC)
\KV@toks@=\toks14
))
\beamer@paperwidth=\skip42
\beamer@paperheight=\skip43

(/usr/share/texlive/texmf-dist/tex/latex/geometry/geometry.sty
Package: geometry 2018/04/16 v5.8 Page Geometry

(/usr/share/texlive/texmf-dist/tex/generic/oberdiek/ifvtex.sty
Package: ifvtex 2016/05/16 v1.6 Detect VTeX and its facilities (HO)
Package ifvtex Info: VTeX not detected.
)
(/usr/share/texlive/texmf-dist/tex/generic/ifxetex/ifxetex.sty
Package: ifxetex 2010/09/12 v0.6 Provides ifxetex conditional
)
\Gm@cnth=\count105
\Gm@cntv=\count106
\c@Gm@tempcnt=\count107
\Gm@bindingoffset=\dimen118
\Gm@wd@mp=\dimen119
\Gm@odd@mp=\dimen120
\Gm@even@mp=\dimen121
\Gm@layoutwidth=\dimen122
\Gm@layoutheight=\dimen123
\Gm@layouthoffset=\dimen124
\Gm@layoutvoffset=\dimen125
\Gm@dimlist=\toks15
)
(/usr/share/texlive/texmf-dist/tex/latex/base/size11.clo
File: size11.clo 2018/09/03 v1.4i Standard LaTeX file (size option)
)
(/usr/share/texlive/texmf-dist/tex/latex/pgf/basiclayer/pgfcore.sty
(/usr/share/texlive/texmf-dist/tex/latex/graphics/graphicx.sty
Package: graphicx 2017/06/01 v1.1a Enhanced LaTeX Graphics (DPC,SPQR)

(/usr/share/texlive/texmf-dist/tex/latex/graphics/graphics.sty
Package: graphics 2017/06/25 v1.2c Standard LaTeX Graphics (DPC,SPQR)

(/usr/share/texlive/texmf-dist/tex/latex/graphics/trig.sty
Package: trig 2016/01/03 v1.10 sin cos tan (DPC)
)
(/usr/share/texlive/texmf-dist/tex/latex/graphics-cfg/graphics.cfg
File: graphics.cfg 2016/06/04 v1.11 sample graphics configuration
)
Package graphics Info: Driver file: pdftex.def on input line 99.

(/usr/share/texlive/texmf-dist/tex/latex/graphics-def/pdftex.def
File: pdftex.def 2018/01/08 v1.0l Graphics/color driver for pdftex
))
\Gin@req@height=\dimen126
\Gin@req@width=\dimen127
)
(/usr/share/texlive/texmf-dist/tex/latex/pgf/systemlayer/pgfsys.sty
(/usr/share/texlive/texmf-dist/tex/latex/pgf/utilities/pgfrcs.sty
(/usr/share/texlive/texmf-dist/tex/generic/pgf/utilities/pgfutil-common.tex
\pgfutil@everybye=\toks16
\pgfutil@tempdima=\dimen128
\pgfutil@tempdimb=\dimen129

(/usr/share/texlive/texmf-dist/tex/generic/pgf/utilities/pgfutil-common-lists.t
ex)) (/usr/share/texlive/texmf-dist/tex/generic/pgf/utilities/pgfutil-latex.def
\pgfutil@abb=\box35
(/usr/share/texlive/texmf-dist/tex/latex/ms/everyshi.sty
Package: everyshi 2001/05/15 v3.00 EveryShipout Package (MS)
))
(/usr/share/texlive/texmf-dist/tex/generic/pgf/utilities/pgfrcs.code.tex
(/usr/share/texlive/texmf-dist/tex/generic/pgf/pgf.revision.tex)
Package: pgfrcs 2019/02/02 v3.1.1 (3.1.1)
))
(/usr/share/texlive/texmf-dist/tex/generic/pgf/systemlayer/pgfsys.code.tex
Package: pgfsys 2019/02/02 v3.1.1 (3.1.1)

(/usr/share/texlive/texmf-dist/tex/generic/pgf/utilities/pgfkeys.code.tex
\pgfkeys@pathtoks=\toks17
\pgfkeys@temptoks=\toks18

(/usr/share/texlive/texmf-dist/tex/generic/pgf/utilities/pgfkeysfiltered.code.t
ex
\pgfkeys@tmptoks=\toks19
))
\pgf@x=\dimen130
\pgf@y=\dimen131
\pgf@xa=\dimen132
\pgf@ya=\dimen133
\pgf@xb=\dimen134
\pgf@yb=\dimen135
\pgf@xc=\dimen136
\pgf@yc=\dimen137
\w@pgf@writea=\write3
\r@pgf@reada=\read1
\c@pgf@counta=\count108
\c@pgf@countb=\count109
\c@pgf@countc=\count110
\c@pgf@countd=\count111
\t@pgf@toka=\toks20
\t@pgf@tokb=\toks21
\t@pgf@tokc=\toks22
\pgf@sys@id@count=\count112
 (/usr/share/texlive/texmf-dist/tex/generic/pgf/systemlayer/pgf.cfg
File: pgf.cfg 2019/02/02 v3.1.1 (3.1.1)
)
Driver file for pgf: pgfsys-pdftex.def

(/usr/share/texlive/texmf-dist/tex/generic/pgf/systemlayer/pgfsys-pdftex.def
File: pgfsys-pdftex.def 2019/02/02 v3.1.1 (3.1.1)

(/usr/share/texlive/texmf-dist/tex/generic/pgf/systemlayer/pgfsys-common-pdf.de
f
File: pgfsys-common-pdf.def 2019/02/02 v3.1.1 (3.1.1)
)))
(/usr/share/texlive/texmf-dist/tex/generic/pgf/systemlayer/pgfsyssoftpath.code.
tex
File: pgfsyssoftpath.code.tex 2019/02/02 v3.1.1 (3.1.1)
\pgfsyssoftpath@smallbuffer@items=\count113
\pgfsyssoftpath@bigbuffer@items=\count114
)
(/usr/share/texlive/texmf-dist/tex/generic/pgf/systemlayer/pgfsysprotocol.code.
tex
File: pgfsysprotocol.code.tex 2019/02/02 v3.1.1 (3.1.1)
)) (/usr/share/texlive/texmf-dist/tex/latex/xcolor/xcolor.sty
Package: xcolor 2016/05/11 v2.12 LaTeX color extensions (UK)

(/usr/share/texlive/texmf-dist/tex/latex/graphics-cfg/color.cfg
File: color.cfg 2016/01/02 v1.6 sample color configuration
)
Package xcolor Info: Driver file: pdftex.def on input line 225.
Package xcolor Info: Model `cmy' substituted by `cmy0' on input line 1348.
Package xcolor Info: Model `hsb' substituted by `rgb' on input line 1352.
Package xcolor Info: Model `RGB' extended on input line 1364.
Package xcolor Info: Model `HTML' substituted by `rgb' on input line 1366.
Package xcolor Info: Model `Hsb' substituted by `hsb' on input line 1367.
Package xcolor Info: Model `tHsb' substituted by `hsb' on input line 1368.
Package xcolor Info: Model `HSB' substituted by `hsb' on input line 1369.
Package xcolor Info: Model `Gray' substituted by `gray' on input line 1370.
Package xcolor Info: Model `wave' substituted by `hsb' on input line 1371.
)
(/usr/share/texlive/texmf-dist/tex/generic/pgf/basiclayer/pgfcore.code.tex
Package: pgfcore 2019/02/02 v3.1.1 (3.1.1)

(/usr/share/texlive/texmf-dist/tex/generic/pgf/math/pgfmath.code.tex
(/usr/share/texlive/texmf-dist/tex/generic/pgf/math/pgfmathcalc.code.tex
(/usr/share/texlive/texmf-dist/tex/generic/pgf/math/pgfmathutil.code.tex)
(/usr/share/texlive/texmf-dist/tex/generic/pgf/math/pgfmathparser.code.tex
\pgfmath@dimen=\dimen138
\pgfmath@count=\count115
\pgfmath@box=\box36
\pgfmath@toks=\toks23
\pgfmath@stack@operand=\toks24
\pgfmath@stack@operation=\toks25
)
(/usr/share/texlive/texmf-dist/tex/generic/pgf/math/pgfmathfunctions.code.tex
(/usr/share/texlive/texmf-dist/tex/generic/pgf/math/pgfmathfunctions.basic.code
.tex)
(/usr/share/texlive/texmf-dist/tex/generic/pgf/math/pgfmathfunctions.trigonomet
ric.code.tex)
(/usr/share/texlive/texmf-dist/tex/generic/pgf/math/pgfmathfunctions.random.cod
e.tex)
(/usr/share/texlive/texmf-dist/tex/generic/pgf/math/pgfmathfunctions.comparison
.code.tex)
(/usr/share/texlive/texmf-dist/tex/generic/pgf/math/pgfmathfunctions.base.code.
tex)
(/usr/share/texlive/texmf-dist/tex/generic/pgf/math/pgfmathfunctions.round.code
.tex)
(/usr/share/texlive/texmf-dist/tex/generic/pgf/math/pgfmathfunctions.misc.code.
tex)
(/usr/share/texlive/texmf-dist/tex/generic/pgf/math/pgfmathfunctions.integerari
thmetics.code.tex)))
(/usr/share/texlive/texmf-dist/tex/generic/pgf/math/pgfmathfloat.code.tex
\c@pgfmathroundto@lastzeros=\count116
))
(/usr/share/texlive/texmf-dist/tex/generic/pgf/basiclayer/pgfcorepoints.code.te
x
File: pgfcorepoints.code.tex 2019/02/02 v3.1.1 (3.1.1)
\pgf@picminx=\dimen139
\pgf@picmaxx=\dimen140
\pgf@picminy=\dimen141
\pgf@picmaxy=\dimen142
\pgf@pathminx=\dimen143
\pgf@pathmaxx=\dimen144
\pgf@pathminy=\dimen145
\pgf@pathmaxy=\dimen146
\pgf@xx=\dimen147
\pgf@xy=\dimen148
\pgf@yx=\dimen149
\pgf@yy=\dimen150
\pgf@zx=\dimen151
\pgf@zy=\dimen152
)
(/usr/share/texlive/texmf-dist/tex/generic/pgf/basiclayer/pgfcorepathconstruct.
code.tex
File: pgfcorepathconstruct.code.tex 2019/02/02 v3.1.1 (3.1.1)
\pgf@path@lastx=\dimen153
\pgf@path@lasty=\dimen154
)
(/usr/share/texlive/texmf-dist/tex/generic/pgf/basiclayer/pgfcorepathusage.code
.tex
File: pgfcorepathusage.code.tex 2019/02/02 v3.1.1 (3.1.1)
\pgf@shorten@end@additional=\dimen155
\pgf@shorten@start@additional=\dimen156
)
(/usr/share/texlive/texmf-dist/tex/generic/pgf/basiclayer/pgfcorescopes.code.te
x
File: pgfcorescopes.code.tex 2019/02/02 v3.1.1 (3.1.1)
\pgfpic=\box37
\pgf@hbox=\box38
\pgf@layerbox@main=\box39
\pgf@picture@serial@count=\count117
)
(/usr/share/texlive/texmf-dist/tex/generic/pgf/basiclayer/pgfcoregraphicstate.c
ode.tex
File: pgfcoregraphicstate.code.tex 2019/02/02 v3.1.1 (3.1.1)
\pgflinewidth=\dimen157
)
(/usr/share/texlive/texmf-dist/tex/generic/pgf/basiclayer/pgfcoretransformation
s.code.tex
File: pgfcoretransformations.code.tex 2019/02/02 v3.1.1 (3.1.1)
\pgf@pt@x=\dimen158
\pgf@pt@y=\dimen159
\pgf@pt@temp=\dimen160
)
(/usr/share/texlive/texmf-dist/tex/generic/pgf/basiclayer/pgfcorequick.code.tex
File: pgfcorequick.code.tex 2019/02/02 v3.1.1 (3.1.1)
)
(/usr/share/texlive/texmf-dist/tex/generic/pgf/basiclayer/pgfcoreobjects.code.t
ex
File: pgfcoreobjects.code.tex 2019/02/02 v3.1.1 (3.1.1)
)
(/usr/share/texlive/texmf-dist/tex/generic/pgf/basiclayer/pgfcorepathprocessing
.code.tex
File: pgfcorepathprocessing.code.tex 2019/02/02 v3.1.1 (3.1.1)
)
(/usr/share/texlive/texmf-dist/tex/generic/pgf/basiclayer/pgfcorearrows.code.te
x
File: pgfcorearrows.code.tex 2019/02/02 v3.1.1 (3.1.1)
\pgfarrowsep=\dimen161
)
(/usr/share/texlive/texmf-dist/tex/generic/pgf/basiclayer/pgfcoreshade.code.tex
File: pgfcoreshade.code.tex 2019/02/02 v3.1.1 (3.1.1)
\pgf@max=\dimen162
\pgf@sys@shading@range@num=\count118
)
(/usr/share/texlive/texmf-dist/tex/generic/pgf/basiclayer/pgfcoreimage.code.tex
File: pgfcoreimage.code.tex 2019/02/02 v3.1.1 (3.1.1)

(/usr/share/texlive/texmf-dist/tex/generic/pgf/basiclayer/pgfcoreexternal.code.
tex
File: pgfcoreexternal.code.tex 2019/02/02 v3.1.1 (3.1.1)
\pgfexternal@startupbox=\box40
))
(/usr/share/texlive/texmf-dist/tex/generic/pgf/basiclayer/pgfcorelayers.code.te
x
File: pgfcorelayers.code.tex 2019/02/02 v3.1.1 (3.1.1)
)
(/usr/share/texlive/texmf-dist/tex/generic/pgf/basiclayer/pgfcoretransparency.c
ode.tex
File: pgfcoretransparency.code.tex 2019/02/02 v3.1.1 (3.1.1)
)
(/usr/share/texlive/texmf-dist/tex/generic/pgf/basiclayer/pgfcorepatterns.code.
tex
File: pgfcorepatterns.code.tex 2019/02/02 v3.1.1 (3.1.1)
)
(/usr/share/texlive/texmf-dist/tex/generic/pgf/basiclayer/pgfcorerdf.code.tex
File: pgfcorerdf.code.tex 2019/02/02 v3.1.1 (3.1.1)
))) (/usr/share/texlive/texmf-dist/tex/latex/pgf/utilities/xxcolor.sty
Package: xxcolor 2003/10/24 ver 0.1
\XC@nummixins=\count119
\XC@countmixins=\count120
)
(/usr/share/texlive/texmf-dist/tex/generic/oberdiek/atbegshi.sty
Package: atbegshi 2016/06/09 v1.18 At begin shipout hook (HO)

(/usr/share/texlive/texmf-dist/tex/generic/oberdiek/infwarerr.sty
Package: infwarerr 2016/05/16 v1.4 Providing info/warning/error messages (HO)
)
(/usr/share/texlive/texmf-dist/tex/generic/oberdiek/ltxcmds.sty
Package: ltxcmds 2016/05/16 v1.23 LaTeX kernel commands for general use (HO)
))
(/usr/share/texlive/texmf-dist/tex/latex/hyperref/hyperref.sty
Package: hyperref 2018/11/30 v6.88e Hypertext links for LaTeX

(/usr/share/texlive/texmf-dist/tex/generic/oberdiek/hobsub-hyperref.sty
Package: hobsub-hyperref 2016/05/16 v1.14 Bundle oberdiek, subset hyperref (HO)


(/usr/share/texlive/texmf-dist/tex/generic/oberdiek/hobsub-generic.sty
Package: hobsub-generic 2016/05/16 v1.14 Bundle oberdiek, subset generic (HO)
Package: hobsub 2016/05/16 v1.14 Construct package bundles (HO)
Package hobsub Info: Skipping package `infwarerr' (already loaded).
Package hobsub Info: Skipping package `ltxcmds' (already loaded).
Package: ifluatex 2016/05/16 v1.4 Provides the ifluatex switch (HO)
Package ifluatex Info: LuaTeX not detected.
Package hobsub Info: Skipping package `ifvtex' (already loaded).
Package: intcalc 2016/05/16 v1.2 Expandable calculations with integers (HO)
Package hobsub Info: Skipping package `ifpdf' (already loaded).
Package: etexcmds 2016/05/16 v1.6 Avoid name clashes with e-TeX commands (HO)
Package: kvsetkeys 2016/05/16 v1.17 Key value parser (HO)
Package: kvdefinekeys 2016/05/16 v1.4 Define keys (HO)
Package: pdftexcmds 2018/09/10 v0.29 Utility functions of pdfTeX for LuaTeX (HO
)
Package pdftexcmds Info: LuaTeX not detected.
Package pdftexcmds Info: \pdf@primitive is available.
Package pdftexcmds Info: \pdf@ifprimitive is available.
Package pdftexcmds Info: \pdfdraftmode found.
Package: pdfescape 2016/05/16 v1.14 Implements pdfTeX's escape features (HO)
Package: bigintcalc 2016/05/16 v1.4 Expandable calculations on big integers (HO
)
Package: bitset 2016/05/16 v1.2 Handle bit-vector datatype (HO)
Package: uniquecounter 2016/05/16 v1.3 Provide unlimited unique counter (HO)
)
Package hobsub Info: Skipping package `hobsub' (already loaded).
Package: letltxmacro 2016/05/16 v1.5 Let assignment for LaTeX macros (HO)
Package: hopatch 2016/05/16 v1.3 Wrapper for package hooks (HO)
Package: xcolor-patch 2016/05/16 xcolor patch
Package: atveryend 2016/05/16 v1.9 Hooks at the very end of document (HO)
Package hobsub Info: Skipping package `atbegshi' (already loaded).
Package: refcount 2016/05/16 v3.5 Data extraction from label references (HO)
Package: hycolor 2016/05/16 v1.8 Color options for hyperref/bookmark (HO)
)
(/usr/share/texlive/texmf-dist/tex/latex/oberdiek/auxhook.sty
Package: auxhook 2016/05/16 v1.4 Hooks for auxiliary files (HO)
)
(/usr/share/texlive/texmf-dist/tex/latex/oberdiek/kvoptions.sty
Package: kvoptions 2016/05/16 v3.12 Key value format for package options (HO)
)
\@linkdim=\dimen163
\Hy@linkcounter=\count121
\Hy@pagecounter=\count122

(/usr/share/texlive/texmf-dist/tex/latex/hyperref/pd1enc.def
File: pd1enc.def 2018/11/30 v6.88e Hyperref: PDFDocEncoding definition (HO)
Now handling font encoding PD1 ...
... no UTF-8 mapping file for font encoding PD1
)
\Hy@SavedSpaceFactor=\count123

(/usr/share/texlive/texmf-dist/tex/latex/latexconfig/hyperref.cfg
File: hyperref.cfg 2002/06/06 v1.2 hyperref configuration of TeXLive
)
Package hyperref Info: Option `bookmarks' set `true' on input line 4393.
Package hyperref Info: Option `bookmarksopen' set `true' on input line 4393.
Package hyperref Info: Option `implicit' set `false' on input line 4393.
Package hyperref Info: Hyper figures OFF on input line 4519.
Package hyperref Info: Link nesting OFF on input line 4524.
Package hyperref Info: Hyper index ON on input line 4527.
Package hyperref Info: Plain pages OFF on input line 4534.
Package hyperref Info: Backreferencing OFF on input line 4539.
Package hyperref Info: Implicit mode OFF; no redefinition of LaTeX internals.
Package hyperref Info: Bookmarks ON on input line 4772.
\c@Hy@tempcnt=\count124

(/usr/share/texlive/texmf-dist/tex/latex/url/url.sty
\Urlmuskip=\muskip10
Package: url 2013/09/16  ver 3.4  Verb mode for urls, etc.
)
LaTeX Info: Redefining \url on input line 5125.
\XeTeXLinkMargin=\dimen164
\Fld@menulength=\count125
\Field@Width=\dimen165
\Fld@charsize=\dimen166
Package hyperref Info: Hyper figures OFF on input line 6380.
Package hyperref Info: Link nesting OFF on input line 6385.
Package hyperref Info: Hyper index ON on input line 6388.
Package hyperref Info: backreferencing OFF on input line 6395.
Package hyperref Info: Link coloring OFF on input line 6400.
Package hyperref Info: Link coloring with OCG OFF on input line 6405.
Package hyperref Info: PDF/A mode OFF on input line 6410.
LaTeX Info: Redefining \ref on input line 6450.
LaTeX Info: Redefining \pageref on input line 6454.
\Hy@abspage=\count126


Package hyperref Message: Stopped early.

)
Package hyperref Info: Driver (autodetected): hpdftex.
 (/usr/share/texlive/texmf-dist/tex/latex/hyperref/hpdftex.def
File: hpdftex.def 2018/11/30 v6.88e Hyperref driver for pdfTeX
\Fld@listcount=\count127
\c@bookmark@seq@number=\count128

(/usr/share/texlive/texmf-dist/tex/latex/oberdiek/rerunfilecheck.sty
Package: rerunfilecheck 2016/05/16 v1.8 Rerun checks for auxiliary files (HO)
Package uniquecounter Info: New unique counter `rerunfilecheck' on input line 2
82.
))
(/usr/share/texlive/texmf-dist/tex/latex/beamer/beamerbaserequires.sty
(/usr/share/texlive/texmf-dist/tex/latex/beamer/beamerbasecompatibility.sty)
(/usr/share/texlive/texmf-dist/tex/latex/beamer/beamerbasefont.sty
(/usr/share/texlive/texmf-dist/tex/latex/amsfonts/amssymb.sty
Package: amssymb 2013/01/14 v3.01 AMS font symbols

(/usr/share/texlive/texmf-dist/tex/latex/amsfonts/amsfonts.sty
Package: amsfonts 2013/01/14 v3.01 Basic AMSFonts support
\@emptytoks=\toks26
\symAMSa=\mathgroup4
\symAMSb=\mathgroup5
LaTeX Font Info:    Overwriting math alphabet `\mathfrak' in version `bold'
(Font)                  U/euf/m/n --> U/euf/b/n on input line 106.
))
(/usr/share/texlive/texmf-dist/tex/latex/sansmathaccent/sansmathaccent.sty
Package: sansmathaccent 2013/03/28

(/usr/share/texlive/texmf-dist/tex/latex/filehook/filehook.sty
Package: filehook 2011/10/12 v0.5d Hooks for input files
)))
(/usr/share/texlive/texmf-dist/tex/latex/beamer/beamerbasetranslator.sty
(/usr/share/texlive/texmf-dist/tex/latex/translator/translator.sty
Package: translator 2018/01/04 v1.12 Easy translation of strings in LaTeX
))
(/usr/share/texlive/texmf-dist/tex/latex/beamer/beamerbasemisc.sty)
(/usr/share/texlive/texmf-dist/tex/latex/beamer/beamerbasetwoscreens.sty)
(/usr/share/texlive/texmf-dist/tex/latex/beamer/beamerbaseoverlay.sty
\beamer@argscount=\count129
\beamer@lastskipcover=\skip44
\beamer@trivlistdepth=\count130
)
(/usr/share/texlive/texmf-dist/tex/latex/beamer/beamerbasetitle.sty)
(/usr/share/texlive/texmf-dist/tex/latex/beamer/beamerbasesection.sty
\c@lecture=\count131
\c@part=\count132
\c@section=\count133
\c@subsection=\count134
\c@subsubsection=\count135
)
(/usr/share/texlive/texmf-dist/tex/latex/beamer/beamerbaseframe.sty
\beamer@framebox=\box41
\beamer@frametitlebox=\box42
\beamer@zoombox=\box43
\beamer@zoomcount=\count136
\beamer@zoomframecount=\count137
\beamer@frametextheight=\dimen167
\c@subsectionslide=\count138
\beamer@frametopskip=\skip45
\beamer@framebottomskip=\skip46
\beamer@frametopskipautobreak=\skip47
\beamer@framebottomskipautobreak=\skip48
\beamer@envbody=\toks27
\framewidth=\dimen168
\c@framenumber=\count139
)
(/usr/share/texlive/texmf-dist/tex/latex/beamer/beamerbaseverbatim.sty
\beamer@verbatimfileout=\write4
)
(/usr/share/texlive/texmf-dist/tex/latex/beamer/beamerbaseframesize.sty
\beamer@splitbox=\box44
\beamer@autobreakcount=\count140
\beamer@autobreaklastheight=\dimen169
\beamer@frametitletoks=\toks28
\beamer@framesubtitletoks=\toks29
)
(/usr/share/texlive/texmf-dist/tex/latex/beamer/beamerbaseframecomponents.sty
\beamer@footins=\box45
)
(/usr/share/texlive/texmf-dist/tex/latex/beamer/beamerbasecolor.sty)
(/usr/share/texlive/texmf-dist/tex/latex/beamer/beamerbasenotes.sty
\beamer@frameboxcopy=\box46
)
(/usr/share/texlive/texmf-dist/tex/latex/beamer/beamerbasetoc.sty)
(/usr/share/texlive/texmf-dist/tex/latex/beamer/beamerbasetemplates.sty
\beamer@sbttoks=\toks30

(/usr/share/texlive/texmf-dist/tex/latex/beamer/beamerbaseauxtemplates.sty
(/usr/share/texlive/texmf-dist/tex/latex/beamer/beamerbaseboxes.sty
\bmb@box=\box47
\bmb@colorbox=\box48
\bmb@boxshadow=\box49
\bmb@boxshadowball=\box50
\bmb@boxshadowballlarge=\box51
\bmb@temp=\dimen170
\bmb@dima=\dimen171
\bmb@dimb=\dimen172
\bmb@prevheight=\dimen173
)
\beamer@blockheadheight=\dimen174
))
(/usr/share/texlive/texmf-dist/tex/latex/beamer/beamerbaselocalstructure.sty
(/usr/share/texlive/texmf-dist/tex/latex/tools/enumerate.sty
Package: enumerate 2015/07/23 v3.00 enumerate extensions (DPC)
\@enLab=\toks31
)
\c@figure=\count141
\c@table=\count142
\abovecaptionskip=\skip49
\belowcaptionskip=\skip50
)
(/usr/share/texlive/texmf-dist/tex/latex/beamer/beamerbasenavigation.sty
\beamer@section@min@dim=\dimen175
)
(/usr/share/texlive/texmf-dist/tex/latex/beamer/beamerbasetheorems.sty
(/usr/share/texlive/texmf-dist/tex/latex/amsmath/amsmath.sty
Package: amsmath 2018/12/01 v2.17b AMS math features
\@mathmargin=\skip51

For additional information on amsmath, use the `?' option.
(/usr/share/texlive/texmf-dist/tex/latex/amsmath/amstext.sty
Package: amstext 2000/06/29 v2.01 AMS text

(/usr/share/texlive/texmf-dist/tex/latex/amsmath/amsgen.sty
File: amsgen.sty 1999/11/30 v2.0 generic functions
\@emptytoks=\toks32
\ex@=\dimen176
))
(/usr/share/texlive/texmf-dist/tex/latex/amsmath/amsbsy.sty
Package: amsbsy 1999/11/29 v1.2d Bold Symbols
\pmbraise@=\dimen177
)
(/usr/share/texlive/texmf-dist/tex/latex/amsmath/amsopn.sty
Package: amsopn 2016/03/08 v2.02 operator names
)
\inf@bad=\count143
LaTeX Info: Redefining \frac on input line 223.
\uproot@=\count144
\leftroot@=\count145
LaTeX Info: Redefining \overline on input line 385.
\classnum@=\count146
\DOTSCASE@=\count147
LaTeX Info: Redefining \ldots on input line 482.
LaTeX Info: Redefining \dots on input line 485.
LaTeX Info: Redefining \cdots on input line 606.
\Mathstrutbox@=\box52
\strutbox@=\box53
\big@size=\dimen178
LaTeX Font Info:    Redeclaring font encoding OML on input line 729.
LaTeX Font Info:    Redeclaring font encoding OMS on input line 730.
\macc@depth=\count148
\c@MaxMatrixCols=\count149
\dotsspace@=\muskip11
\c@parentequation=\count150
\dspbrk@lvl=\count151
\tag@help=\toks33
\row@=\count152
\column@=\count153
\maxfields@=\count154
\andhelp@=\toks34
\eqnshift@=\dimen179
\alignsep@=\dimen180
\tagshift@=\dimen181
\tagwidth@=\dimen182
\totwidth@=\dimen183
\lineht@=\dimen184
\@envbody=\toks35
\multlinegap=\skip52
\multlinetaggap=\skip53
\mathdisplay@stack=\toks36
LaTeX Info: Redefining \[ on input line 2844.
LaTeX Info: Redefining \] on input line 2845.
)
(/usr/share/texlive/texmf-dist/tex/latex/amscls/amsthm.sty
Package: amsthm 2017/10/31 v2.20.4
\thm@style=\toks37
\thm@bodyfont=\toks38
\thm@headfont=\toks39
\thm@notefont=\toks40
\thm@headpunct=\toks41
\thm@preskip=\skip54
\thm@postskip=\skip55
\thm@headsep=\skip56
\dth@everypar=\toks42
)
\c@theorem=\count155
)
(/usr/share/texlive/texmf-dist/tex/latex/beamer/beamerbasethemes.sty))
(/usr/share/texlive/texmf-dist/tex/latex/beamer/beamerthemedefault.sty
(/usr/share/texlive/texmf-dist/tex/latex/beamer/beamerfontthemedefault.sty)
(/usr/share/texlive/texmf-dist/tex/latex/beamer/beamercolorthemedefault.sty)
(/usr/share/texlive/texmf-dist/tex/latex/beamer/beamerinnerthemedefault.sty
\beamer@dima=\dimen185
\beamer@dimb=\dimen186
)
(/usr/share/texlive/texmf-dist/tex/latex/beamer/beamerouterthemedefault.sty)))
(/usr/share/texlive/texmf-dist/tex/latex/beamer/beamerthemeBoadilla.sty
(/usr/share/texlive/texmf-dist/tex/latex/beamer/beamercolorthemerose.sty)
(/usr/share/texlive/texmf-dist/tex/latex/beamer/beamerinnerthemerounded.sty)
(/usr/share/texlive/texmf-dist/tex/latex/beamer/beamercolorthemedolphin.sty)
(/usr/share/texlive/texmf-dist/tex/latex/beamer/beamerouterthemeinfolines.sty))
(/usr/share/texlive/texmf-dist/tex/latex/beamer/beamercolorthemewhale.sty)
(/usr/share/texlive/texmf-dist/tex/latex/base/inputenc.sty
Package: inputenc 2018/08/11 v1.3c Input encoding file
\inpenc@prehook=\toks43
\inpenc@posthook=\toks44
)
(/usr/share/texlive/texmf-dist/tex/latex/pdfpages/pdfpages.sty
Package: pdfpages 2017/10/31 v0.5l Insert pages of external PDF documents (AM)

(/usr/share/texlive/texmf-dist/tex/latex/base/ifthen.sty
Package: ifthen 2014/09/29 v1.1c Standard LaTeX ifthen package (DPC)
)
(/usr/share/texlive/texmf-dist/tex/latex/tools/calc.sty
Package: calc 2017/05/25 v4.3 Infix arithmetic (KKT,FJ)
\calc@Acount=\count156
\calc@Bcount=\count157
\calc@Adimen=\dimen187
\calc@Bdimen=\dimen188
\calc@Askip=\skip57
\calc@Bskip=\skip58
LaTeX Info: Redefining \setlength on input line 80.
LaTeX Info: Redefining \addtolength on input line 81.
\calc@Ccount=\count158
\calc@Cskip=\skip59
)
(/usr/share/texlive/texmf-dist/tex/latex/eso-pic/eso-pic.sty
Package: eso-pic 2018/04/12 v2.0h eso-pic (RN)
)
\AM@pagewidth=\dimen189
\AM@pageheight=\dimen190

(/usr/share/texlive/texmf-dist/tex/latex/pdfpages/pppdftex.def
File: pppdftex.def 2017/10/31 v0.5l Pdfpages driver for pdfTeX (AM)
)
\AM@pagebox=\box54
\AM@global@opts=\toks45
\AM@toc@title=\toks46
\c@AM@survey=\count159
\AM@templatesizebox=\box55
)
(/usr/share/texlive/texmf-dist/tex/latex/tools/array.sty
Package: array 2018/12/30 v2.4k Tabular extension package (FMi)
\col@sep=\dimen191
\ar@mcellbox=\box56
\extrarowheight=\dimen192
\NC@list=\toks47
\extratabsurround=\skip60
\backup@length=\skip61
\ar@cellbox=\box57
)
(/usr/share/texlive/texmf-dist/tex/latex/multirow/multirow.sty
Package: multirow 2019/01/01 v2.4 Span multiple rows of a table
\multirow@colwidth=\skip62
\multirow@cntb=\count160
\multirow@dima=\skip63
\bigstrutjot=\dimen193
)
(/usr/share/texlive/texmf-dist/tex/latex/adjustbox/adjustbox.sty
Package: adjustbox 2019/01/04 v1.2 Adjusting TeX boxes (trim, clip, ...)

(/usr/share/texlive/texmf-dist/tex/latex/xkeyval/xkeyval.sty
Package: xkeyval 2014/12/03 v2.7a package option processing (HA)

(/usr/share/texlive/texmf-dist/tex/generic/xkeyval/xkeyval.tex
(/usr/share/texlive/texmf-dist/tex/generic/xkeyval/xkvutils.tex
\XKV@toks=\toks48
\XKV@tempa@toks=\toks49
)
\XKV@depth=\count161
File: xkeyval.tex 2014/12/03 v2.7a key=value parser (HA)
))
(/usr/share/texlive/texmf-dist/tex/latex/adjustbox/adjcalc.sty
Package: adjcalc 2012/05/16 v1.1 Provides advanced setlength with multiple back
-ends (calc, etex, pgfmath)
)
(/usr/share/texlive/texmf-dist/tex/latex/adjustbox/trimclip.sty
Package: trimclip 2018/04/08 v1.1 Trim and clip general TeX material

(/usr/share/texlive/texmf-dist/tex/latex/collectbox/collectbox.sty
Package: collectbox 2012/05/17 v0.4b Collect macro arguments as boxes
\collectedbox=\box58
)
\tc@llx=\dimen194
\tc@lly=\dimen195
\tc@urx=\dimen196
\tc@ury=\dimen197
Package trimclip Info: Using driver 'tc-pdftex.def'.

(/usr/share/texlive/texmf-dist/tex/latex/adjustbox/tc-pdftex.def
File: tc-pdftex.def 2019/01/04 v2.2 Clipping driver for pdftex
))
\adjbox@Width=\dimen198
\adjbox@Height=\dimen199
\adjbox@Depth=\dimen256
\adjbox@Totalheight=\dimen257
\adjbox@pwidth=\dimen258
\adjbox@pheight=\dimen259
\adjbox@pdepth=\dimen260
\adjbox@ptotalheight=\dimen261

(/usr/share/texlive/texmf-dist/tex/latex/ifoddpage/ifoddpage.sty
Package: ifoddpage 2016/04/23 v1.1 Conditionals for odd/even page detection
\c@checkoddpage=\count162
)
(/usr/share/texlive/texmf-dist/tex/latex/varwidth/varwidth.sty
Package: varwidth 2009/03/30 ver 0.92;  Variable-width minipages
\@vwid@box=\box59
\sift@deathcycles=\count163
\@vwid@loff=\dimen262
\@vwid@roff=\dimen263
))
No file HCRpres36Updated.aux.
\openout1 = `HCRpres36Updated.aux'.

LaTeX Font Info:    Checking defaults for OML/cmm/m/it on input line 40.
LaTeX Font Info:    ... okay on input line 40.
LaTeX Font Info:    Checking defaults for T1/cmr/m/n on input line 40.
LaTeX Font Info:    ... okay on input line 40.
LaTeX Font Info:    Checking defaults for OT1/cmr/m/n on input line 40.
LaTeX Font Info:    ... okay on input line 40.
LaTeX Font Info:    Checking defaults for OMS/cmsy/m/n on input line 40.
LaTeX Font Info:    ... okay on input line 40.
LaTeX Font Info:    Checking defaults for OMX/cmex/m/n on input line 40.
LaTeX Font Info:    ... okay on input line 40.
LaTeX Font Info:    Checking defaults for U/cmr/m/n on input line 40.
LaTeX Font Info:    ... okay on input line 40.
LaTeX Font Info:    Checking defaults for PD1/pdf/m/n on input line 40.
LaTeX Font Info:    ... okay on input line 40.
*geometry* driver: auto-detecting
*geometry* detected driver: pdftex
*geometry* verbose mode - [ preamble ] result:
* driver: pdftex
* paper: custom
* layout: <same size as paper>
* layoutoffset:(h,v)=(0.0pt,0.0pt)
* modes: includehead includefoot 
* h-part:(L,W,R)=(10.95003pt, 342.2953pt, 10.95003pt)
* v-part:(T,H,B)=(0.0pt, 273.14662pt, 0.0pt)
* \paperwidth=364.19536pt
* \paperheight=273.14662pt
* \textwidth=342.2953pt
* \textheight=244.6939pt
* \oddsidemargin=-61.31996pt
* \evensidemargin=-61.31996pt
* \topmargin=-72.26999pt
* \headheight=14.22636pt
* \headsep=0.0pt
* \topskip=11.0pt
* \footskip=14.22636pt
* \marginparwidth=4.0pt
* \marginparsep=10.0pt
* \columnsep=10.0pt
* \skip\footins=10.0pt plus 4.0pt minus 2.0pt
* \hoffset=0.0pt
* \voffset=0.0pt
* \mag=1000
* \@twocolumnfalse
* \@twosidefalse
* \@mparswitchfalse
* \@reversemarginfalse
* (1in=72.27pt=25.4mm, 1cm=28.453pt)

(/usr/share/texlive/texmf-dist/tex/context/base/mkii/supp-pdf.mkii
[Loading MPS to PDF converter (version 2006.09.02).]
\scratchcounter=\count164
\scratchdimen=\dimen264
\scratchbox=\box60
\nofMPsegments=\count165
\nofMParguments=\count166
\everyMPshowfont=\toks50
\MPscratchCnt=\count167
\MPscratchDim=\dimen265
\MPnumerator=\count168
\makeMPintoPDFobject=\count169
\everyMPtoPDFconversion=\toks51
) (/usr/share/texlive/texmf-dist/tex/latex/oberdiek/epstopdf-base.sty
Package: epstopdf-base 2016/05/15 v2.6 Base part for package epstopdf

(/usr/share/texlive/texmf-dist/tex/latex/oberdiek/grfext.sty
Package: grfext 2016/05/16 v1.2 Manage graphics extensions (HO)
)
Package epstopdf-base Info: Redefining graphics rule for `.eps' on input line 4
38.
Package grfext Info: Graphics extension search list:
(grfext)             [.pdf,.png,.jpg,.mps,.jpeg,.jbig2,.jb2,.PDF,.PNG,.JPG,.JPE
G,.JBIG2,.JB2,.eps]
(grfext)             \AppendGraphicsExtensions on input line 456.

(/usr/share/texlive/texmf-dist/tex/latex/latexconfig/epstopdf-sys.cfg
File: epstopdf-sys.cfg 2010/07/13 v1.3 Configuration of (r)epstopdf for TeX Liv
e
))
ABD: EveryShipout initializing macros
\AtBeginShipoutBox=\box61
Package hyperref Info: Link coloring OFF on input line 40.

(/usr/share/texlive/texmf-dist/tex/latex/hyperref/nameref.sty
Package: nameref 2016/05/21 v2.44 Cross-referencing by name of section

(/usr/share/texlive/texmf-dist/tex/generic/oberdiek/gettitlestring.sty
Package: gettitlestring 2016/05/16 v1.5 Cleanup title references (HO)
)
\c@section@level=\count170
)
LaTeX Info: Redefining \ref on input line 40.
LaTeX Info: Redefining \pageref on input line 40.
LaTeX Info: Redefining \nameref on input line 40.
\@outlinefile=\write5
\openout5 = `HCRpres36Updated.out'.

LaTeX Font Info:    Overwriting symbol font `operators' in version `normal'
(Font)                  OT1/cmr/m/n --> OT1/cmss/m/n on input line 40.
LaTeX Font Info:    Overwriting symbol font `operators' in version `bold'
(Font)                  OT1/cmr/bx/n --> OT1/cmss/bx/n on input line 40.
\symnumbers=\mathgroup6
\sympureletters=\mathgroup7
LaTeX Font Info:    Overwriting math alphabet `\mathrm' in version `normal'
(Font)                  OT1/cmss/m/n --> OT1/cmr/m/n on input line 40.
LaTeX Font Info:    Redeclaring math alphabet \mathbf on input line 40.
LaTeX Font Info:    Overwriting math alphabet `\mathbf' in version `normal'
(Font)                  OT1/cmr/bx/n --> OT1/cmss/bx/n on input line 40.
LaTeX Font Info:    Overwriting math alphabet `\mathbf' in version `bold'
(Font)                  OT1/cmr/bx/n --> OT1/cmss/bx/n on input line 40.
LaTeX Font Info:    Redeclaring math alphabet \mathsf on input line 40.
LaTeX Font Info:    Overwriting math alphabet `\mathsf' in version `normal'
(Font)                  OT1/cmss/m/n --> OT1/cmss/m/n on input line 40.
LaTeX Font Info:    Overwriting math alphabet `\mathsf' in version `bold'
(Font)                  OT1/cmss/bx/n --> OT1/cmss/m/n on input line 40.
LaTeX Font Info:    Redeclaring math alphabet \mathit on input line 40.
LaTeX Font Info:    Overwriting math alphabet `\mathit' in version `normal'
(Font)                  OT1/cmr/m/it --> OT1/cmss/m/it on input line 40.
LaTeX Font Info:    Overwriting math alphabet `\mathit' in version `bold'
(Font)                  OT1/cmr/bx/it --> OT1/cmss/m/it on input line 40.
LaTeX Font Info:    Redeclaring math alphabet \mathtt on input line 40.
LaTeX Font Info:    Overwriting math alphabet `\mathtt' in version `normal'
(Font)                  OT1/cmtt/m/n --> OT1/cmtt/m/n on input line 40.
LaTeX Font Info:    Overwriting math alphabet `\mathtt' in version `bold'
(Font)                  OT1/cmtt/m/n --> OT1/cmtt/m/n on input line 40.
LaTeX Font Info:    Overwriting symbol font `numbers' in version `bold'
(Font)                  OT1/cmss/m/n --> OT1/cmss/bx/n on input line 40.
LaTeX Font Info:    Overwriting symbol font `pureletters' in version `bold'
(Font)                  OT1/cmss/m/it --> OT1/cmss/bx/it on input line 40.
LaTeX Font Info:    Overwriting math alphabet `\mathrm' in version `bold'
(Font)                  OT1/cmss/bx/n --> OT1/cmr/bx/n on input line 40.
LaTeX Font Info:    Overwriting math alphabet `\mathbf' in version `bold'
(Font)                  OT1/cmss/bx/n --> OT1/cmss/bx/n on input line 40.
LaTeX Font Info:    Overwriting math alphabet `\mathsf' in version `bold'
(Font)                  OT1/cmss/m/n --> OT1/cmss/bx/n on input line 40.
LaTeX Font Info:    Overwriting math alphabet `\mathit' in version `bold'
(Font)                  OT1/cmss/m/it --> OT1/cmss/bx/it on input line 40.
LaTeX Font Info:    Overwriting math alphabet `\mathtt' in version `bold'
(Font)                  OT1/cmtt/m/n --> OT1/cmtt/bx/n on input line 40.
LaTeX Font Info:    Redeclaring symbol font `pureletters' on input line 40.
LaTeX Font Info:    Overwriting symbol font `pureletters' in version `normal'
(Font)                  OT1/cmss/m/it --> OT1/mathkerncmss/m/sl on input line 4
0.
LaTeX Font Info:    Overwriting symbol font `pureletters' in version `bold'
(Font)                  OT1/cmss/bx/it --> OT1/mathkerncmss/m/sl on input line 
40.
LaTeX Font Info:    Overwriting symbol font `pureletters' in version `bold'
(Font)                  OT1/mathkerncmss/m/sl --> OT1/mathkerncmss/bx/sl on inp
ut line 40.

(/usr/share/texlive/texmf-dist/tex/latex/translator/translator-basic-dictionary
-English.dict
Dictionary: translator-basic-dictionary, Language: English 
)
(/usr/share/texlive/texmf-dist/tex/latex/translator/translator-bibliography-dic
tionary-English.dict
Dictionary: translator-bibliography-dictionary, Language: English 
)
(/usr/share/texlive/texmf-dist/tex/latex/translator/translator-environment-dict
ionary-English.dict
Dictionary: translator-environment-dictionary, Language: English 
)
(/usr/share/texlive/texmf-dist/tex/latex/translator/translator-months-dictionar
y-English.dict
Dictionary: translator-months-dictionary, Language: English 
)
(/usr/share/texlive/texmf-dist/tex/latex/translator/translator-numbers-dictiona
ry-English.dict
Dictionary: translator-numbers-dictionary, Language: English 
)
(/usr/share/texlive/texmf-dist/tex/latex/translator/translator-theorem-dictiona
ry-English.dict
Dictionary: translator-theorem-dictionary, Language: English 
)
(/usr/share/texlive/texmf-dist/tex/latex/oberdiek/pdflscape.sty
Package: pdflscape 2016/05/14 v0.11 Display of landscape pages in PDF (HO)

(/usr/share/texlive/texmf-dist/tex/latex/graphics/lscape.sty
Package: lscape 2000/10/22 v3.01 Landscape Pages (DPC)
)
Package pdflscape Info: Auto-detected driver: pdftex on input line 81.
)
No file HCRpres36Updated.nav.
[1

{/var/lib/texmf/fonts/map/pdftex/updmap/pdftex.map}]
LaTeX Font Info:    Try loading font information for U+msa on input line 61.

(/usr/share/texlive/texmf-dist/tex/latex/amsfonts/umsa.fd
File: umsa.fd 2013/01/14 v3.01 AMS symbols A
)
LaTeX Font Info:    Try loading font information for U+msb on input line 61.

(/usr/share/texlive/texmf-dist/tex/latex/amsfonts/umsb.fd
File: umsb.fd 2013/01/14 v3.01 AMS symbols B
)
LaTeX Font Info:    Try loading font information for OT1+mathkerncmss on input 
line 61.

(/usr/share/texlive/texmf-dist/tex/latex/sansmathaccent/ot1mathkerncmss.fd
File: ot1mathkerncmss.fd 2013/03/27 Fontinst v1.933 font definitions for OT1/ma
thkerncmss.
)
[2

] [3

] [4

]
</SpinDr/backup/bio_data/bio.lobster/figures/LFA3438Framework2019/Brad/TaggingM
ap.pdf, id=132, 505.89pt x 505.89pt>
File: /SpinDr/backup/bio_data/bio.lobster/figures/LFA3438Framework2019/Brad/Tag
gingMap.pdf Graphic file (type pdf)
<use /SpinDr/backup/bio_data/bio.lobster/figures/LFA3438Framework2019/Brad/Tagg
ingMap.pdf>
Package pdftex.def Info: /SpinDr/backup/bio_data/bio.lobster/figures/LFA3438Fra
mework2019/Brad/TaggingMap.pdf  used on input line 110.
(pdftex.def)             Requested size: 234.79642pt x 208.38512pt.

Overfull \vbox (3.0437pt too high) detected at line 110
 []

[5

 </SpinDr/backup/bio_data/bio.lobster/figures/LFA3438Framework2019/Brad/Tagging
Map.pdf>] [6

]
</SpinDr/backup/bio_data/bio.lobster/figures/LFA3438Framework2019/Brad/MoltProb
Model.png, id=200, 578.16pt x 578.16pt>
File: /SpinDr/backup/bio_data/bio.lobster/figures/LFA3438Framework2019/Brad/Mol
tProbModel.png Graphic file (type png)
<use /SpinDr/backup/bio_data/bio.lobster/figures/LFA3438Framework2019/Brad/Molt
ProbModel.png>
Package pdftex.def Info: /SpinDr/backup/bio_data/bio.lobster/figures/LFA3438Fra
mework2019/Brad/MoltProbModel.png  used on input line 134.
(pdftex.def)             Requested size: 231.12756pt x 208.3788pt.

Overfull \vbox (3.03738pt too high) detected at line 134
 []

[7

 </SpinDr/backup/bio_data/bio.lobster/figures/LFA3438Framework2019/Brad/MoltPro
bModel.png (PNG copy)>] [8

]
</SpinDr/backup/bio_data/bio.lobster/figures/LFA3438Framework2019/Brad/MoltIncr
Model.png, id=257, 578.16pt x 578.16pt>
File: /SpinDr/backup/bio_data/bio.lobster/figures/LFA3438Framework2019/Brad/Mol
tIncrModel.png Graphic file (type png)
<use /SpinDr/backup/bio_data/bio.lobster/figures/LFA3438Framework2019/Brad/Molt
IncrModel.png>
Package pdftex.def Info: /SpinDr/backup/bio_data/bio.lobster/figures/LFA3438Fra
mework2019/Brad/MoltIncrModel.png  used on input line 159.
(pdftex.def)             Requested size: 231.12756pt x 208.3788pt.

Overfull \vbox (0.90822pt too high) detected at line 159
 []

[9

 </SpinDr/backup/bio_data/bio.lobster/figures/LFA3438Framework2019/Brad/MoltInc
rModel.png (PNG copy)>] [10

] [11

]
</SpinDr/backup/bio_data/bio.lobster/figures/LFA3438Framework2019/Brad/SoM.png,
 id=343, 578.16pt x 578.16pt>
File: /SpinDr/backup/bio_data/bio.lobster/figures/LFA3438Framework2019/Brad/SoM
.png Graphic file (type png)
<use /SpinDr/backup/bio_data/bio.lobster/figures/LFA3438Framework2019/Brad/SoM.
png>
Package pdftex.def Info: /SpinDr/backup/bio_data/bio.lobster/figures/LFA3438Fra
mework2019/Brad/SoM.png  used on input line 211.
(pdftex.def)             Requested size: 231.12756pt x 208.3788pt.

Overfull \vbox (3.03738pt too high) detected at line 211
 []

[12

 </SpinDr/backup/bio_data/bio.lobster/figures/LFA3438Framework2019/Brad/SoM.png
 (PNG copy)>] [13

] [14

] [15

]
</SpinDr/backup/bio_data/bio.lobster/figures/LFA3438Framework2019/Brad/sim/high
F/LC36malesBase.png, id=453, 794.97pt x 578.16pt>
File: /SpinDr/backup/bio_data/bio.lobster/figures/LFA3438Framework2019/Brad/sim
/highF/LC36malesBase.png Graphic file (type png)
<use /SpinDr/backup/bio_data/bio.lobster/figures/LFA3438Framework2019/Brad/sim/
highF/LC36malesBase.png>
Package pdftex.def Info: /SpinDr/backup/bio_data/bio.lobster/figures/LFA3438Fra
mework2019/Brad/sim/highF/LC36malesBase.png  used on input line 279.
(pdftex.def)             Requested size: 317.80042pt x 208.3788pt.

Overfull \vbox (3.03738pt too high) detected at line 279
 []

[16

 </SpinDr/backup/bio_data/bio.lobster/figures/LFA3438Framework2019/Brad/sim/hig
hF/LC36malesBase.png (PNG copy)>]
</SpinDr/backup/bio_data/bio.lobster/figures/LFA3438Framework2019/Brad/sim/high
F/LC36malesLS85.png, id=483, 794.97pt x 578.16pt>
File: /SpinDr/backup/bio_data/bio.lobster/figures/LFA3438Framework2019/Brad/sim
/highF/LC36malesLS85.png Graphic file (type png)
<use /SpinDr/backup/bio_data/bio.lobster/figures/LFA3438Framework2019/Brad/sim/
highF/LC36malesLS85.png>
Package pdftex.def Info: /SpinDr/backup/bio_data/bio.lobster/figures/LFA3438Fra
mework2019/Brad/sim/highF/LC36malesLS85.png  used on input line 291.
(pdftex.def)             Requested size: 317.80042pt x 208.3788pt.

Overfull \vbox (3.03738pt too high) detected at line 291
 []

[17

 </SpinDr/backup/bio_data/bio.lobster/figures/LFA3438Framework2019/Brad/sim/hig
hF/LC36malesLS85.png (PNG copy)>]
</SpinDr/backup/bio_data/bio.lobster/figures/LFA3438Framework2019/Brad/sim/high
F/LC36malesLS87.5.png, id=512, 794.97pt x 578.16pt>
File: /SpinDr/backup/bio_data/bio.lobster/figures/LFA3438Framework2019/Brad/sim
/highF/LC36malesLS87.5.png Graphic file (type png)
<use /SpinDr/backup/bio_data/bio.lobster/figures/LFA3438Framework2019/Brad/sim/
highF/LC36malesLS87.5.png>
Package pdftex.def Info: /SpinDr/backup/bio_data/bio.lobster/figures/LFA3438Fra
mework2019/Brad/sim/highF/LC36malesLS87.5.png  used on input line 302.
(pdftex.def)             Requested size: 317.80042pt x 208.3788pt.

Overfull \vbox (3.03738pt too high) detected at line 302
 []

[18

 </SpinDr/backup/bio_data/bio.lobster/figures/LFA3438Framework2019/Brad/sim/hig
hF/LC36malesLS87.5.png (PNG copy)>]
</SpinDr/backup/bio_data/bio.lobster/figures/LFA3438Framework2019/Brad/sim/high
F/LC36malesLS90.png, id=541, 794.97pt x 578.16pt>
File: /SpinDr/backup/bio_data/bio.lobster/figures/LFA3438Framework2019/Brad/sim
/highF/LC36malesLS90.png Graphic file (type png)
<use /SpinDr/backup/bio_data/bio.lobster/figures/LFA3438Framework2019/Brad/sim/
highF/LC36malesLS90.png>
Package pdftex.def Info: /SpinDr/backup/bio_data/bio.lobster/figures/LFA3438Fra
mework2019/Brad/sim/highF/LC36malesLS90.png  used on input line 313.
(pdftex.def)             Requested size: 317.80042pt x 208.3788pt.

Overfull \vbox (3.03738pt too high) detected at line 313
 []

[19

 </SpinDr/backup/bio_data/bio.lobster/figures/LFA3438Framework2019/Brad/sim/hig
hF/LC36malesLS90.png (PNG copy)>]
</SpinDr/backup/bio_data/bio.lobster/figures/LFA3438Framework2019/Brad/sim/high
F/LC36femalesBase.png, id=571, 794.97pt x 578.16pt>
File: /SpinDr/backup/bio_data/bio.lobster/figures/LFA3438Framework2019/Brad/sim
/highF/LC36femalesBase.png Graphic file (type png)
<use /SpinDr/backup/bio_data/bio.lobster/figures/LFA3438Framework2019/Brad/sim/
highF/LC36femalesBase.png>
Package pdftex.def Info: /SpinDr/backup/bio_data/bio.lobster/figures/LFA3438Fra
mework2019/Brad/sim/highF/LC36femalesBase.png  used on input line 327.
(pdftex.def)             Requested size: 317.80042pt x 208.3788pt.

Overfull \vbox (3.03738pt too high) detected at line 327
 []

[20

 </SpinDr/backup/bio_data/bio.lobster/figures/LFA3438Framework2019/Brad/sim/hig
hF/LC36femalesBase.png (PNG copy)>]
</SpinDr/backup/bio_data/bio.lobster/figures/LFA3438Framework2019/Brad/sim/high
F/LC36femalesLS85.png, id=601, 794.97pt x 578.16pt>
File: /SpinDr/backup/bio_data/bio.lobster/figures/LFA3438Framework2019/Brad/sim
/highF/LC36femalesLS85.png Graphic file (type png)
<use /SpinDr/backup/bio_data/bio.lobster/figures/LFA3438Framework2019/Brad/sim/
highF/LC36femalesLS85.png>
Package pdftex.def Info: /SpinDr/backup/bio_data/bio.lobster/figures/LFA3438Fra
mework2019/Brad/sim/highF/LC36femalesLS85.png  used on input line 339.
(pdftex.def)             Requested size: 317.80042pt x 208.3788pt.

Overfull \vbox (3.03738pt too high) detected at line 339
 []

[21

 </SpinDr/backup/bio_data/bio.lobster/figures/LFA3438Framework2019/Brad/sim/hig
hF/LC36femalesLS85.png (PNG copy)>]
</SpinDr/backup/bio_data/bio.lobster/figures/LFA3438Framework2019/Brad/sim/high
F/LC36femalesLS87.5.png, id=630, 794.97pt x 578.16pt>
File: /SpinDr/backup/bio_data/bio.lobster/figures/LFA3438Framework2019/Brad/sim
/highF/LC36femalesLS87.5.png Graphic file (type png)
<use /SpinDr/backup/bio_data/bio.lobster/figures/LFA3438Framework2019/Brad/sim/
highF/LC36femalesLS87.5.png>
Package pdftex.def Info: /SpinDr/backup/bio_data/bio.lobster/figures/LFA3438Fra
mework2019/Brad/sim/highF/LC36femalesLS87.5.png  used on input line 350.
(pdftex.def)             Requested size: 317.80042pt x 208.3788pt.

Overfull \vbox (3.03738pt too high) detected at line 350
 []

[22

 </SpinDr/backup/bio_data/bio.lobster/figures/LFA3438Framework2019/Brad/sim/hig
hF/LC36femalesLS87.5.png (PNG copy)>]
</SpinDr/backup/bio_data/bio.lobster/figures/LFA3438Framework2019/Brad/sim/high
F/LC36femalesLS90.png, id=659, 794.97pt x 578.16pt>
File: /SpinDr/backup/bio_data/bio.lobster/figures/LFA3438Framework2019/Brad/sim
/highF/LC36femalesLS90.png Graphic file (type png)
<use /SpinDr/backup/bio_data/bio.lobster/figures/LFA3438Framework2019/Brad/sim/
highF/LC36femalesLS90.png>
Package pdftex.def Info: /SpinDr/backup/bio_data/bio.lobster/figures/LFA3438Fra
mework2019/Brad/sim/highF/LC36femalesLS90.png  used on input line 361.
(pdftex.def)             Requested size: 317.80042pt x 208.3788pt.

Overfull \vbox (3.03738pt too high) detected at line 361
 []

[23

 </SpinDr/backup/bio_data/bio.lobster/figures/LFA3438Framework2019/Brad/sim/hig
hF/LC36femalesLS90.png (PNG copy)>]
</SpinDr/backup/bio_data/bio.lobster/figures/LFA3438Framework2019/Brad/sim/high
F/LC36berriedBase.png, id=689, 794.97pt x 578.16pt>
File: /SpinDr/backup/bio_data/bio.lobster/figures/LFA3438Framework2019/Brad/sim
/highF/LC36berriedBase.png Graphic file (type png)
<use /SpinDr/backup/bio_data/bio.lobster/figures/LFA3438Framework2019/Brad/sim/
highF/LC36berriedBase.png>
Package pdftex.def Info: /SpinDr/backup/bio_data/bio.lobster/figures/LFA3438Fra
mework2019/Brad/sim/highF/LC36berriedBase.png  used on input line 375.
(pdftex.def)             Requested size: 317.80042pt x 208.3788pt.

Overfull \vbox (3.03738pt too high) detected at line 375
 []

[24

 </SpinDr/backup/bio_data/bio.lobster/figures/LFA3438Framework2019/Brad/sim/hig
hF/LC36berriedBase.png (PNG copy)>]
</SpinDr/backup/bio_data/bio.lobster/figures/LFA3438Framework2019/Brad/sim/high
F/LC36berriedLS85.png, id=718, 794.97pt x 578.16pt>
File: /SpinDr/backup/bio_data/bio.lobster/figures/LFA3438Framework2019/Brad/sim
/highF/LC36berriedLS85.png Graphic file (type png)
<use /SpinDr/backup/bio_data/bio.lobster/figures/LFA3438Framework2019/Brad/sim/
highF/LC36berriedLS85.png>
Package pdftex.def Info: /SpinDr/backup/bio_data/bio.lobster/figures/LFA3438Fra
mework2019/Brad/sim/highF/LC36berriedLS85.png  used on input line 387.
(pdftex.def)             Requested size: 317.80042pt x 208.3788pt.

Overfull \vbox (3.03738pt too high) detected at line 387
 []

[25

 </SpinDr/backup/bio_data/bio.lobster/figures/LFA3438Framework2019/Brad/sim/hig
hF/LC36berriedLS85.png (PNG copy)>]
</SpinDr/backup/bio_data/bio.lobster/figures/LFA3438Framework2019/Brad/sim/high
F/LC36berriedLS87.5.png, id=748, 794.97pt x 578.16pt>
File: /SpinDr/backup/bio_data/bio.lobster/figures/LFA3438Framework2019/Brad/sim
/highF/LC36berriedLS87.5.png Graphic file (type png)
<use /SpinDr/backup/bio_data/bio.lobster/figures/LFA3438Framework2019/Brad/sim/
highF/LC36berriedLS87.5.png>
Package pdftex.def Info: /SpinDr/backup/bio_data/bio.lobster/figures/LFA3438Fra
mework2019/Brad/sim/highF/LC36berriedLS87.5.png  used on input line 398.
(pdftex.def)             Requested size: 317.80042pt x 208.3788pt.

Overfull \vbox (3.03738pt too high) detected at line 398
 []

[26

 </SpinDr/backup/bio_data/bio.lobster/figures/LFA3438Framework2019/Brad/sim/hig
hF/LC36berriedLS87.5.png (PNG copy)>]
</SpinDr/backup/bio_data/bio.lobster/figures/LFA3438Framework2019/Brad/sim/high
F/LC36berriedLS90.png, id=777, 794.97pt x 578.16pt>
File: /SpinDr/backup/bio_data/bio.lobster/figures/LFA3438Framework2019/Brad/sim
/highF/LC36berriedLS90.png Graphic file (type png)
<use /SpinDr/backup/bio_data/bio.lobster/figures/LFA3438Framework2019/Brad/sim/
highF/LC36berriedLS90.png>
Package pdftex.def Info: /SpinDr/backup/bio_data/bio.lobster/figures/LFA3438Fra
mework2019/Brad/sim/highF/LC36berriedLS90.png  used on input line 409.
(pdftex.def)             Requested size: 317.80042pt x 208.3788pt.

Overfull \vbox (3.03738pt too high) detected at line 409
 []

[27

 </SpinDr/backup/bio_data/bio.lobster/figures/LFA3438Framework2019/Brad/sim/hig
hF/LC36berriedLS90.png (PNG copy)>]
</SpinDr/backup/bio_data/bio.lobster/figures/LFA3438Framework2019/Brad/sim/lowF
/LC36malesBase.png, id=807, 794.97pt x 578.16pt>
File: /SpinDr/backup/bio_data/bio.lobster/figures/LFA3438Framework2019/Brad/sim
/lowF/LC36malesBase.png Graphic file (type png)
<use /SpinDr/backup/bio_data/bio.lobster/figures/LFA3438Framework2019/Brad/sim/
lowF/LC36malesBase.png>
Package pdftex.def Info: /SpinDr/backup/bio_data/bio.lobster/figures/LFA3438Fra
mework2019/Brad/sim/lowF/LC36malesBase.png  used on input line 422.
(pdftex.def)             Requested size: 317.80042pt x 208.3788pt.

Overfull \vbox (3.03738pt too high) detected at line 422
 []

[28

 </SpinDr/backup/bio_data/bio.lobster/figures/LFA3438Framework2019/Brad/sim/low
F/LC36malesBase.png (PNG copy)>]
</SpinDr/backup/bio_data/bio.lobster/figures/LFA3438Framework2019/Brad/sim/lowF
/LC36malesLS85.png, id=836, 794.97pt x 578.16pt>
File: /SpinDr/backup/bio_data/bio.lobster/figures/LFA3438Framework2019/Brad/sim
/lowF/LC36malesLS85.png Graphic file (type png)
<use /SpinDr/backup/bio_data/bio.lobster/figures/LFA3438Framework2019/Brad/sim/
lowF/LC36malesLS85.png>
Package pdftex.def Info: /SpinDr/backup/bio_data/bio.lobster/figures/LFA3438Fra
mework2019/Brad/sim/lowF/LC36malesLS85.png  used on input line 434.
(pdftex.def)             Requested size: 317.80042pt x 208.3788pt.

Overfull \vbox (3.03738pt too high) detected at line 434
 []

[29

 </SpinDr/backup/bio_data/bio.lobster/figures/LFA3438Framework2019/Brad/sim/low
F/LC36malesLS85.png (PNG copy)>]
</SpinDr/backup/bio_data/bio.lobster/figures/LFA3438Framework2019/Brad/sim/lowF
/LC36malesLS87.5.png, id=865, 794.97pt x 578.16pt>
File: /SpinDr/backup/bio_data/bio.lobster/figures/LFA3438Framework2019/Brad/sim
/lowF/LC36malesLS87.5.png Graphic file (type png)
<use /SpinDr/backup/bio_data/bio.lobster/figures/LFA3438Framework2019/Brad/sim/
lowF/LC36malesLS87.5.png>
Package pdftex.def Info: /SpinDr/backup/bio_data/bio.lobster/figures/LFA3438Fra
mework2019/Brad/sim/lowF/LC36malesLS87.5.png  used on input line 445.
(pdftex.def)             Requested size: 317.80042pt x 208.3788pt.

Overfull \vbox (3.03738pt too high) detected at line 445
 []

[30

 </SpinDr/backup/bio_data/bio.lobster/figures/LFA3438Framework2019/Brad/sim/low
F/LC36malesLS87.5.png (PNG copy)>]
</SpinDr/backup/bio_data/bio.lobster/figures/LFA3438Framework2019/Brad/sim/lowF
/LC36malesLS90.png, id=894, 794.97pt x 578.16pt>
File: /SpinDr/backup/bio_data/bio.lobster/figures/LFA3438Framework2019/Brad/sim
/lowF/LC36malesLS90.png Graphic file (type png)
<use /SpinDr/backup/bio_data/bio.lobster/figures/LFA3438Framework2019/Brad/sim/
lowF/LC36malesLS90.png>
Package pdftex.def Info: /SpinDr/backup/bio_data/bio.lobster/figures/LFA3438Fra
mework2019/Brad/sim/lowF/LC36malesLS90.png  used on input line 456.
(pdftex.def)             Requested size: 317.80042pt x 208.3788pt.

Overfull \vbox (3.03738pt too high) detected at line 456
 []

[31

 </SpinDr/backup/bio_data/bio.lobster/figures/LFA3438Framework2019/Brad/sim/low
F/LC36malesLS90.png (PNG copy)>]
</SpinDr/backup/bio_data/bio.lobster/figures/LFA3438Framework2019/Brad/sim/lowF
/LC36femalesBase.png, id=925, 794.97pt x 578.16pt>
File: /SpinDr/backup/bio_data/bio.lobster/figures/LFA3438Framework2019/Brad/sim
/lowF/LC36femalesBase.png Graphic file (type png)
<use /SpinDr/backup/bio_data/bio.lobster/figures/LFA3438Framework2019/Brad/sim/
lowF/LC36femalesBase.png>
Package pdftex.def Info: /SpinDr/backup/bio_data/bio.lobster/figures/LFA3438Fra
mework2019/Brad/sim/lowF/LC36femalesBase.png  used on input line 470.
(pdftex.def)             Requested size: 317.80042pt x 208.3788pt.

Overfull \vbox (3.03738pt too high) detected at line 470
 []

[32

 </SpinDr/backup/bio_data/bio.lobster/figures/LFA3438Framework2019/Brad/sim/low
F/LC36femalesBase.png (PNG copy)>]
</SpinDr/backup/bio_data/bio.lobster/figures/LFA3438Framework2019/Brad/sim/lowF
/LC36femalesLS85.png, id=954, 794.97pt x 578.16pt>
File: /SpinDr/backup/bio_data/bio.lobster/figures/LFA3438Framework2019/Brad/sim
/lowF/LC36femalesLS85.png Graphic file (type png)
<use /SpinDr/backup/bio_data/bio.lobster/figures/LFA3438Framework2019/Brad/sim/
lowF/LC36femalesLS85.png>
Package pdftex.def Info: /SpinDr/backup/bio_data/bio.lobster/figures/LFA3438Fra
mework2019/Brad/sim/lowF/LC36femalesLS85.png  used on input line 482.
(pdftex.def)             Requested size: 317.80042pt x 208.3788pt.

Overfull \vbox (3.03738pt too high) detected at line 482
 []

[33

 </SpinDr/backup/bio_data/bio.lobster/figures/LFA3438Framework2019/Brad/sim/low
F/LC36femalesLS85.png (PNG copy)>]
</SpinDr/backup/bio_data/bio.lobster/figures/LFA3438Framework2019/Brad/sim/lowF
/LC36femalesLS87.5.png, id=983, 794.97pt x 578.16pt>
File: /SpinDr/backup/bio_data/bio.lobster/figures/LFA3438Framework2019/Brad/sim
/lowF/LC36femalesLS87.5.png Graphic file (type png)
<use /SpinDr/backup/bio_data/bio.lobster/figures/LFA3438Framework2019/Brad/sim/
lowF/LC36femalesLS87.5.png>
Package pdftex.def Info: /SpinDr/backup/bio_data/bio.lobster/figures/LFA3438Fra
mework2019/Brad/sim/lowF/LC36femalesLS87.5.png  used on input line 493.
(pdftex.def)             Requested size: 317.80042pt x 208.3788pt.

Overfull \vbox (3.03738pt too high) detected at line 493
 []

[34

 </SpinDr/backup/bio_data/bio.lobster/figures/LFA3438Framework2019/Brad/sim/low
F/LC36femalesLS87.5.png (PNG copy)>]
</SpinDr/backup/bio_data/bio.lobster/figures/LFA3438Framework2019/Brad/sim/lowF
/LC36femalesLS90.png, id=1012, 794.97pt x 578.16pt>
File: /SpinDr/backup/bio_data/bio.lobster/figures/LFA3438Framework2019/Brad/sim
/lowF/LC36femalesLS90.png Graphic file (type png)
<use /SpinDr/backup/bio_data/bio.lobster/figures/LFA3438Framework2019/Brad/sim/
lowF/LC36femalesLS90.png>
Package pdftex.def Info: /SpinDr/backup/bio_data/bio.lobster/figures/LFA3438Fra
mework2019/Brad/sim/lowF/LC36femalesLS90.png  used on input line 504.
(pdftex.def)             Requested size: 317.80042pt x 208.3788pt.

Overfull \vbox (3.03738pt too high) detected at line 504
 []

[35

 </SpinDr/backup/bio_data/bio.lobster/figures/LFA3438Framework2019/Brad/sim/low
F/LC36femalesLS90.png (PNG copy)>]
</SpinDr/backup/bio_data/bio.lobster/figures/LFA3438Framework2019/Brad/sim/lowF
/LC36berriedBase.png, id=1042, 794.97pt x 578.16pt>
File: /SpinDr/backup/bio_data/bio.lobster/figures/LFA3438Framework2019/Brad/sim
/lowF/LC36berriedBase.png Graphic file (type png)
<use /SpinDr/backup/bio_data/bio.lobster/figures/LFA3438Framework2019/Brad/sim/
lowF/LC36berriedBase.png>
Package pdftex.def Info: /SpinDr/backup/bio_data/bio.lobster/figures/LFA3438Fra
mework2019/Brad/sim/lowF/LC36berriedBase.png  used on input line 518.
(pdftex.def)             Requested size: 317.80042pt x 208.3788pt.

Overfull \vbox (3.03738pt too high) detected at line 518
 []

[36

 </SpinDr/backup/bio_data/bio.lobster/figures/LFA3438Framework2019/Brad/sim/low
F/LC36berriedBase.png (PNG copy)>]
</SpinDr/backup/bio_data/bio.lobster/figures/LFA3438Framework2019/Brad/sim/lowF
/LC36berriedLS85.png, id=1071, 794.97pt x 578.16pt>
File: /SpinDr/backup/bio_data/bio.lobster/figures/LFA3438Framework2019/Brad/sim
/lowF/LC36berriedLS85.png Graphic file (type png)
<use /SpinDr/backup/bio_data/bio.lobster/figures/LFA3438Framework2019/Brad/sim/
lowF/LC36berriedLS85.png>
Package pdftex.def Info: /SpinDr/backup/bio_data/bio.lobster/figures/LFA3438Fra
mework2019/Brad/sim/lowF/LC36berriedLS85.png  used on input line 530.
(pdftex.def)             Requested size: 317.80042pt x 208.3788pt.

Overfull \vbox (3.03738pt too high) detected at line 530
 []

[37

 </SpinDr/backup/bio_data/bio.lobster/figures/LFA3438Framework2019/Brad/sim/low
F/LC36berriedLS85.png (PNG copy)>]
</SpinDr/backup/bio_data/bio.lobster/figures/LFA3438Framework2019/Brad/sim/lowF
/LC36berriedLS87.5.png, id=1101, 794.97pt x 578.16pt>
File: /SpinDr/backup/bio_data/bio.lobster/figures/LFA3438Framework2019/Brad/sim
/lowF/LC36berriedLS87.5.png Graphic file (type png)
<use /SpinDr/backup/bio_data/bio.lobster/figures/LFA3438Framework2019/Brad/sim/
lowF/LC36berriedLS87.5.png>
Package pdftex.def Info: /SpinDr/backup/bio_data/bio.lobster/figures/LFA3438Fra
mework2019/Brad/sim/lowF/LC36berriedLS87.5.png  used on input line 541.
(pdftex.def)             Requested size: 317.80042pt x 208.3788pt.

Overfull \vbox (3.03738pt too high) detected at line 541
 []

[38

 </SpinDr/backup/bio_data/bio.lobster/figures/LFA3438Framework2019/Brad/sim/low
F/LC36berriedLS87.5.png (PNG copy)>]
</SpinDr/backup/bio_data/bio.lobster/figures/LFA3438Framework2019/Brad/sim/lowF
/LC36berriedLS90.png, id=1130, 794.97pt x 578.16pt>
File: /SpinDr/backup/bio_data/bio.lobster/figures/LFA3438Framework2019/Brad/sim
/lowF/LC36berriedLS90.png Graphic file (type png)
<use /SpinDr/backup/bio_data/bio.lobster/figures/LFA3438Framework2019/Brad/sim/
lowF/LC36berriedLS90.png>
Package pdftex.def Info: /SpinDr/backup/bio_data/bio.lobster/figures/LFA3438Fra
mework2019/Brad/sim/lowF/LC36berriedLS90.png  used on input line 552.
(pdftex.def)             Requested size: 317.80042pt x 208.3788pt.

Overfull \vbox (3.03738pt too high) detected at line 552
 []

[39

 </SpinDr/backup/bio_data/bio.lobster/figures/LFA3438Framework2019/Brad/sim/low
F/LC36berriedLS90.png (PNG copy)>] [40

] [41

] [42

] [43

]
\tf@nav=\write6
\openout6 = `HCRpres36Updated.nav'.

\tf@toc=\write7
\openout7 = `HCRpres36Updated.toc'.

\tf@snm=\write8
\openout8 = `HCRpres36Updated.snm'.

Package atveryend Info: Empty hook `BeforeClearDocument' on input line 705.
Package atveryend Info: Empty hook `AfterLastShipout' on input line 705.

(./HCRpres36Updated.aux)
Package atveryend Info: Executing hook `AtVeryEndDocument' on input line 705.
Package atveryend Info: Executing hook `AtEndAfterFileList' on input line 705.


Package rerunfilecheck Warning: File `HCRpres36Updated.out' has changed.
(rerunfilecheck)                Rerun to get outlines right
(rerunfilecheck)                or use package `bookmark'.

Package rerunfilecheck Info: Checksums for `HCRpres36Updated.out':
(rerunfilecheck)             Before: <no file>
(rerunfilecheck)             After:  D41D8CD98F00B204E9800998ECF8427E;0.
 ) 
Here is how much of TeX's memory you used:
 19262 strings out of 492615
 372799 string characters out of 6131391
 446786 words of memory out of 5000000
 22613 multiletter control sequences out of 15000+600000
 12391 words of font info for 45 fonts, out of 8000000 for 9000
 1141 hyphenation exceptions out of 8191
 56i,15n,59p,783b,584s stack positions out of 5000i,500n,10000p,200000b,80000s
</usr/share/texlive/texmf-dist/fonts/type1/public/amsfonts/cm/cmmi10.pfb></us
r/share/texlive/texmf-dist/fonts/type1/public/amsfonts/cm/cmmi8.pfb></usr/share
/texlive/texmf-dist/fonts/type1/public/amsfonts/cm/cmss10.pfb></usr/share/texli
ve/texmf-dist/fonts/type1/public/amsfonts/cm/cmss12.pfb></usr/share/texlive/tex
mf-dist/fonts/type1/public/amsfonts/cm/cmss8.pfb></usr/share/texlive/texmf-dist
/fonts/type1/public/amsfonts/cm/cmssi10.pfb></usr/share/texlive/texmf-dist/font
s/type1/public/amsfonts/cm/cmssi8.pfb></usr/share/texlive/texmf-dist/fonts/type
1/public/amsfonts/cm/cmsy10.pfb></usr/share/texlive/texmf-dist/fonts/type1/publ
ic/amsfonts/cm/cmsy8.pfb></usr/share/texlive/texmf-dist/fonts/type1/public/amsf
onts/symbols/msam7.pfb>
Output written on HCRpres36Updated.pdf (43 pages, 7491988 bytes).
PDF statistics:
 1322 PDF objects out of 1440 (max. 8388607)
 1187 compressed objects within 12 object streams
 87 named destinations out of 1000 (max. 500000)
 375 words of extra memory for PDF output out of 10000 (max. 10000000)

