This is pdfTeX, Version 3.14159265-2.6-1.40.17 (TeX Live 2016/Debian) (preloaded format=pdflatex 2018.5.28)  16 JUL 2018 09:50
entering extended mode
 restricted \write18 enabled.
 %&-line parsing enabled.
**MainDocLFA27-33figures.tex
(./MainDocLFA27-33figures.tex
LaTeX2e <2017/01/01> patch level 3
Babel <3.9r> and hyphenation patterns for 83 language(s) loaded.

! LaTeX Error: Missing \begin{document}.

See the LaTeX manual or LaTeX Companion for explanation.
Type  H <return>  for immediate help.
 ...                                              
                                                  
l.1 d
     ocumentclass[11pt]{article}
? 
! Emergency stop.
 ...                                              
                                                  
l.1 d
     ocumentclass[11pt]{article}
You're in trouble here.  Try typing  <return>  to proceed.
If that doesn't work, type  X <return>  to quit.

 
Here is how much of TeX's memory you used:
 6 strings out of 493013
 327 string characters out of 6135682
 53268 words of memory out of 5000000
 3649 multiletter control sequences out of 15000+600000
 3640 words of font info for 14 fonts, out of 8000000 for 9000
 1141 hyphenation exceptions out of 8191
 5i,0n,4p,57b,14s stack positions out of 5000i,500n,10000p,200000b,80000s
!  ==> Fatal error occurred, no output PDF file produced!
